{"type":"operationStart","subtype":"profile","data":{"_id":"0iFvn5GQXd1PmXLB","timestamp":"2022-09-06T16:50:27.941Z","state":"queued","mode":"standard","creationDate":"2022-09-06T16:50:27.943Z","modificationDate":"2022-09-06T16:50:27.943Z","shortid":"mIzgYCD","$entitySet":"profiles"},"doDiffs":false,"timestamp":1662483027942,"id":"33xfx6i6ixeic2b","previousOperationId":null,"operationId":"hut0dgzz1swdn2g"}
{"type":"log","level":"info","message":"Render request 30 queued for execution and waiting for available worker","previousOperationId":"hut0dgzz1swdn2g","timestamp":1662483027942,"id":"tvuawpy3nfvzn6b"}
{"type":"operationStart","subtype":"render","name":"salarySlipTemplate","previousOperationId":"hut0dgzz1swdn2g","timestamp":1662483027952,"id":"e2g55i0x5kgw0ic","previousEventId":"33xfx6i6ixeic2b","operationId":"fuq70pcbay5qjbu"}
{"type":"log","timestamp":1662483027953,"level":"info","message":"Starting rendering request 30 (user: null)","meta":{"rootId":"154oykftw316vwh","id":"154oykftw316vwh"},"id":"9qb5gnhh99jq2o1","previousOperationId":"fuq70pcbay5qjbu"}
{"type":"log","timestamp":1662483027953,"level":"info","message":"Rendering template { name: salarySlipTemplate, recipe: chrome-pdf, engine: handlebars, preview: false }","meta":{"rootId":"154oykftw316vwh","id":"154oykftw316vwh"},"id":"vjew1503osjba2r","previousOperationId":"fuq70pcbay5qjbu"}
{"type":"log","timestamp":1662483027953,"level":"debug","message":"Inline data specified.","meta":{"rootId":"154oykftw316vwh","id":"154oykftw316vwh"},"id":"yc1m1739dgbfx08","previousOperationId":"fuq70pcbay5qjbu"}
{"type":"log","timestamp":1662483027955,"level":"debug","message":"Base url not specified, skipping its injection.","meta":{"rootId":"154oykftw316vwh","id":"154oykftw316vwh"},"id":"sqsbmdyxdmp3btz","previousOperationId":"fuq70pcbay5qjbu"}
{"type":"operationStart","subtype":"engine","name":"handlebars","timestamp":1662483027956,"id":"ve1481uedmejsjw","previousEventId":"e2g55i0x5kgw0ic","operationId":"cdsiqpd6vi3muvt","previousOperationId":"fuq70pcbay5qjbu"}
{"type":"log","timestamp":1662483027956,"level":"debug","message":"Rendering engine handlebars","meta":{"rootId":"154oykftw316vwh","id":"154oykftw316vwh"},"id":"e4l4kp486i8p91d","previousOperationId":"cdsiqpd6vi3muvt"}
{"type":"operationEnd","operationId":"cdsiqpd6vi3muvt","timestamp":1662483027971,"id":"svun1vn2k00brxt","previousEventId":"ve1481uedmejsjw","previousOperationId":"cdsiqpd6vi3muvt"}
{"type":"operationStart","subtype":"recipe","name":"chrome-pdf","timestamp":1662483027971,"id":"9m18qvqcc572ya6","previousEventId":"svun1vn2k00brxt","operationId":"312nwb5haeaht25","previousOperationId":"cdsiqpd6vi3muvt"}
{"type":"log","timestamp":1662483027971,"level":"debug","message":"Executing recipe chrome-pdf","meta":{"rootId":"154oykftw316vwh","id":"154oykftw316vwh"},"id":"ng3jx2hfq2bdifg","previousOperationId":"312nwb5haeaht25"}
{"type":"log","timestamp":1662483027973,"level":"debug","message":"Converting with chrome HeadlessChrome/98.0.4758.0 using chrome-pool strategy","meta":{"rootId":"154oykftw316vwh","id":"154oykftw316vwh"},"id":"bz7ntjia9tpx6bu","previousOperationId":"312nwb5haeaht25"}
{"type":"log","timestamp":1662483028075,"level":"debug","message":"Page request: GET (document) file:///C:/Users/aasem/AppData/Local/Temp/jsreport/autocleanup/8d442119-91d1-4c41-aa82-bb8451dabdf0-chrome-pdf.html","meta":{"rootId":"154oykftw316vwh","id":"154oykftw316vwh"},"id":"pctchv8qe1ywcrt","previousOperationId":"312nwb5haeaht25"}
{"type":"log","timestamp":1662483028087,"level":"debug","message":"Page request finished: GET (document) file:///C:/Users/aasem/AppData/Local/Temp/jsreport/autocleanup/8d442119-91d1-4c41-aa82-bb8451dabdf0-chrome-pdf.html","meta":{"rootId":"154oykftw316vwh","id":"154oykftw316vwh"},"id":"e39zhfbduwqqq8p","previousOperationId":"312nwb5haeaht25"}
{"type":"log","timestamp":1662483028118,"level":"debug","message":"Running chrome with params {\"printBackground\":true,\"timeout\":59968,\"margin\":{}}","meta":{"rootId":"154oykftw316vwh","id":"154oykftw316vwh"},"id":"jr8gbq38t94j612","previousOperationId":"312nwb5haeaht25"}
{"type":"operationEnd","operationId":"312nwb5haeaht25","timestamp":1662483028220,"id":"oumvi7b4jquf563","previousEventId":"9m18qvqcc572ya6","previousOperationId":"312nwb5haeaht25"}
{"type":"operationStart","subtype":"reports","name":"persisting report","doDiffs":false,"timestamp":1662483028220,"id":"xvu9xshea3w0ohm","previousEventId":"oumvi7b4jquf563","operationId":"whhxerej0j2zbb3","previousOperationId":"312nwb5haeaht25"}
{"type":"log","timestamp":1662483028239,"level":"debug","message":"Report stored as reports/salary/salarySlipTemplate/hkazS7DFfQYScR9D.pdf","meta":{"rootId":"154oykftw316vwh","id":"154oykftw316vwh"},"id":"z9nouuhrh0lq0x5","previousOperationId":"whhxerej0j2zbb3"}
{"type":"operationEnd","operationId":"whhxerej0j2zbb3","doDiffs":false,"timestamp":1662483028239,"id":"catxwpxnw85jonc","previousEventId":"xvu9xshea3w0ohm","previousOperationId":"whhxerej0j2zbb3"}
{"type":"log","timestamp":1662483028239,"level":"info","message":"Rendering request 30 finished in 298 ms","meta":{"rootId":"154oykftw316vwh","id":"154oykftw316vwh"},"id":"38h065tshfz0019","previousOperationId":"whhxerej0j2zbb3"}
{"type":"operationEnd","subtype":"render","operationId":"fuq70pcbay5qjbu","timestamp":1662483028239,"id":"bn2cm5udaf5jfba","previousEventId":"catxwpxnw85jonc","previousOperationId":"whhxerej0j2zbb3"}
{"type":"operationEnd","doDiffs":false,"previousEventId":"33xfx6i6ixeic2b","previousOperationId":"hut0dgzz1swdn2g","operationId":"hut0dgzz1swdn2g","timestamp":1662483028242,"id":"ee6a8rpair2ajca"}
