{"type":"operationStart","subtype":"profile","data":{"_id":"YcV5eHix8401L5Af","timestamp":"2022-09-06T23:46:55.396Z","state":"queued","mode":"standard","creationDate":"2022-09-06T23:46:55.430Z","modificationDate":"2022-09-06T23:46:55.430Z","shortid":"D9GOEs_","$entitySet":"profiles"},"doDiffs":false,"timestamp":1662508015397,"id":"nwr7tdr1kuy64ep","previousOperationId":null,"operationId":"xijarzay3fzjzpn"}
{"type":"log","level":"info","message":"Render request 2 queued for execution and waiting for available worker","previousOperationId":"xijarzay3fzjzpn","timestamp":1662508015397,"id":"eatbpc0f97h0or0"}
{"type":"operationStart","subtype":"render","name":"salarySlipTemplate","previousOperationId":"xijarzay3fzjzpn","timestamp":1662508015459,"id":"ayahfe6qpepszdk","previousEventId":"nwr7tdr1kuy64ep","operationId":"rmpz2b7i36gcsko"}
{"type":"log","timestamp":1662508015460,"level":"info","message":"Starting rendering request 2 (user: null)","meta":{"rootId":"16pu6g32cx5zzag","id":"16pu6g32cx5zzag"},"id":"myhiud6i4qgr8q6","previousOperationId":"rmpz2b7i36gcsko"}
{"type":"log","timestamp":1662508015460,"level":"info","message":"Rendering template { name: salarySlipTemplate, recipe: chrome-pdf, engine: handlebars, preview: false }","meta":{"rootId":"16pu6g32cx5zzag","id":"16pu6g32cx5zzag"},"id":"l4c111yea953hub","previousOperationId":"rmpz2b7i36gcsko"}
{"type":"log","timestamp":1662508015461,"level":"debug","message":"Inline data specified.","meta":{"rootId":"16pu6g32cx5zzag","id":"16pu6g32cx5zzag"},"id":"33pimaa6jlqlgmv","previousOperationId":"rmpz2b7i36gcsko"}
{"type":"log","timestamp":1662508015467,"level":"debug","message":"Base url not specified, skipping its injection.","meta":{"rootId":"16pu6g32cx5zzag","id":"16pu6g32cx5zzag"},"id":"vqe9facyc4cuqkv","previousOperationId":"rmpz2b7i36gcsko"}
{"type":"operationStart","subtype":"engine","name":"handlebars","timestamp":1662508015467,"id":"4bftmsom046btmi","previousEventId":"ayahfe6qpepszdk","operationId":"f5awccpksgihkay","previousOperationId":"rmpz2b7i36gcsko"}
{"type":"log","timestamp":1662508015467,"level":"debug","message":"Rendering engine handlebars","meta":{"rootId":"16pu6g32cx5zzag","id":"16pu6g32cx5zzag"},"id":"emaf3fksg1t1uew","previousOperationId":"f5awccpksgihkay"}
{"type":"operationEnd","operationId":"f5awccpksgihkay","timestamp":1662508015505,"id":"lbr1caoc6sy1bh1","previousEventId":"4bftmsom046btmi","previousOperationId":"f5awccpksgihkay"}
{"type":"operationStart","subtype":"recipe","name":"chrome-pdf","timestamp":1662508015506,"id":"68vt3mocqtu65pm","previousEventId":"lbr1caoc6sy1bh1","operationId":"pqtfyzpwt9tkdga","previousOperationId":"f5awccpksgihkay"}
{"type":"log","timestamp":1662508015506,"level":"debug","message":"Executing recipe chrome-pdf","meta":{"rootId":"16pu6g32cx5zzag","id":"16pu6g32cx5zzag"},"id":"rna5sgjubqjnl7p","previousOperationId":"pqtfyzpwt9tkdga"}
{"type":"log","timestamp":1662508015509,"level":"debug","message":"Converting with chrome HeadlessChrome/98.0.4758.0 using chrome-pool strategy","meta":{"rootId":"16pu6g32cx5zzag","id":"16pu6g32cx5zzag"},"id":"psyznsb9n8ubof2","previousOperationId":"pqtfyzpwt9tkdga"}
{"type":"log","timestamp":1662508015600,"level":"debug","message":"Page request: GET (document) file:///C:/Users/aasem/AppData/Local/Temp/jsreport/autocleanup/3d0cdbf3-4061-4370-83ef-ada1adbfc901-chrome-pdf.html","meta":{"rootId":"16pu6g32cx5zzag","id":"16pu6g32cx5zzag"},"id":"ceb0vnbcpkgnd27","previousOperationId":"pqtfyzpwt9tkdga"}
{"type":"log","timestamp":1662508015612,"level":"debug","message":"Page request finished: GET (document) file:///C:/Users/aasem/AppData/Local/Temp/jsreport/autocleanup/3d0cdbf3-4061-4370-83ef-ada1adbfc901-chrome-pdf.html","meta":{"rootId":"16pu6g32cx5zzag","id":"16pu6g32cx5zzag"},"id":"eucs18c9ep38dbx","previousOperationId":"pqtfyzpwt9tkdga"}
{"type":"log","timestamp":1662508015719,"level":"debug","message":"Running chrome with params {\"printBackground\":true,\"timeout\":59888,\"margin\":{}}","meta":{"rootId":"16pu6g32cx5zzag","id":"16pu6g32cx5zzag"},"id":"0wkgh4ggm68e833","previousOperationId":"pqtfyzpwt9tkdga"}
{"type":"operationEnd","operationId":"pqtfyzpwt9tkdga","timestamp":1662508015823,"id":"zw1uvg1hms1292q","previousEventId":"68vt3mocqtu65pm","previousOperationId":"pqtfyzpwt9tkdga"}
{"type":"operationStart","subtype":"reports","name":"persisting report","doDiffs":false,"timestamp":1662508015823,"id":"7h31cmrf0i78z9z","previousEventId":"zw1uvg1hms1292q","operationId":"rglhnrxk6tpdouf","previousOperationId":"pqtfyzpwt9tkdga"}
{"type":"log","timestamp":1662508015842,"level":"debug","message":"Report stored as reports/salary/salarySlipTemplate/XIaaE8a6yfWOmNMG.pdf","meta":{"rootId":"16pu6g32cx5zzag","id":"16pu6g32cx5zzag"},"id":"0vofsehrq9778c1","previousOperationId":"rglhnrxk6tpdouf"}
{"type":"operationEnd","operationId":"rglhnrxk6tpdouf","doDiffs":false,"timestamp":1662508015842,"id":"erf5jsd2eab4a1t","previousEventId":"7h31cmrf0i78z9z","previousOperationId":"rglhnrxk6tpdouf"}
{"type":"log","timestamp":1662508015842,"level":"info","message":"Rendering request 2 finished in 446 ms","meta":{"rootId":"16pu6g32cx5zzag","id":"16pu6g32cx5zzag"},"id":"s1ur1db0ld4ropu","previousOperationId":"rglhnrxk6tpdouf"}
{"type":"operationEnd","subtype":"render","operationId":"rmpz2b7i36gcsko","timestamp":1662508015842,"id":"ztwadwetgjk6lto","previousEventId":"erf5jsd2eab4a1t","previousOperationId":"rglhnrxk6tpdouf"}
{"type":"operationEnd","doDiffs":false,"previousEventId":"nwr7tdr1kuy64ep","previousOperationId":"xijarzay3fzjzpn","operationId":"xijarzay3fzjzpn","timestamp":1662508015845,"id":"4dbyrwt0b8dthxh"}
