{"type":"operationStart","subtype":"profile","data":{"_id":"xcvXrTnXzwfW6GlR","timestamp":"2022-09-07T00:11:39.602Z","state":"queued","mode":"standard","creationDate":"2022-09-07T00:11:39.605Z","modificationDate":"2022-09-07T00:11:39.605Z","shortid":"9EaSWq8","$entitySet":"profiles"},"doDiffs":false,"timestamp":1662509499604,"id":"jeyjovnsxqm87b9","previousOperationId":null,"operationId":"txiuuyygzu6cwfj"}
{"type":"log","level":"info","message":"Render request 12 queued for execution and waiting for available worker","previousOperationId":"txiuuyygzu6cwfj","timestamp":1662509499604,"id":"tmdum2cw4wdlyqz"}
{"type":"operationStart","subtype":"render","name":"salarySlipTemplate","previousOperationId":"txiuuyygzu6cwfj","timestamp":1662509499621,"id":"b5px5c4ornlwxiz","previousEventId":"jeyjovnsxqm87b9","operationId":"f1kjhtg7ha10xs3"}
{"type":"log","timestamp":1662509499622,"level":"info","message":"Starting rendering request 12 (user: null)","meta":{"rootId":"19r6zhmie9x7sjq","id":"19r6zhmie9x7sjq"},"id":"f6g6706g4ffsnfx","previousOperationId":"f1kjhtg7ha10xs3"}
{"type":"log","timestamp":1662509499626,"level":"info","message":"Rendering template { name: salarySlipTemplate, recipe: chrome-pdf, engine: handlebars, preview: false }","meta":{"rootId":"19r6zhmie9x7sjq","id":"19r6zhmie9x7sjq"},"id":"vmwd1xynjpcc4mz","previousOperationId":"f1kjhtg7ha10xs3"}
{"type":"log","timestamp":1662509499627,"level":"debug","message":"Inline data specified.","meta":{"rootId":"19r6zhmie9x7sjq","id":"19r6zhmie9x7sjq"},"id":"mjg45bmme4uh3y5","previousOperationId":"f1kjhtg7ha10xs3"}
{"type":"log","timestamp":1662509499630,"level":"debug","message":"Base url not specified, skipping its injection.","meta":{"rootId":"19r6zhmie9x7sjq","id":"19r6zhmie9x7sjq"},"id":"et08bo2ibdaxsx1","previousOperationId":"f1kjhtg7ha10xs3"}
{"type":"operationStart","subtype":"engine","name":"handlebars","timestamp":1662509499630,"id":"t7wt8s8ehxupd0n","previousEventId":"b5px5c4ornlwxiz","operationId":"hvp8upxm8kpojr9","previousOperationId":"f1kjhtg7ha10xs3"}
{"type":"log","timestamp":1662509499631,"level":"debug","message":"Rendering engine handlebars","meta":{"rootId":"19r6zhmie9x7sjq","id":"19r6zhmie9x7sjq"},"id":"f7r6ovw1kxvvpm5","previousOperationId":"hvp8upxm8kpojr9"}
{"type":"operationEnd","operationId":"hvp8upxm8kpojr9","timestamp":1662509499655,"id":"ctzlzawlyolj664","previousEventId":"t7wt8s8ehxupd0n","previousOperationId":"hvp8upxm8kpojr9"}
{"type":"operationStart","subtype":"recipe","name":"chrome-pdf","timestamp":1662509499655,"id":"7uo1ubxt1b1gcr9","previousEventId":"ctzlzawlyolj664","operationId":"42sjph4rsmf8rze","previousOperationId":"hvp8upxm8kpojr9"}
{"type":"log","timestamp":1662509499655,"level":"debug","message":"Executing recipe chrome-pdf","meta":{"rootId":"19r6zhmie9x7sjq","id":"19r6zhmie9x7sjq"},"id":"c3dvpretm61ja1f","previousOperationId":"42sjph4rsmf8rze"}
{"type":"log","timestamp":1662509499659,"level":"debug","message":"Converting with chrome HeadlessChrome/98.0.4758.0 using chrome-pool strategy","meta":{"rootId":"19r6zhmie9x7sjq","id":"19r6zhmie9x7sjq"},"id":"2zhym91zo1k6cq4","previousOperationId":"42sjph4rsmf8rze"}
{"type":"log","timestamp":1662509499763,"level":"debug","message":"Page request: GET (document) file:///C:/Users/aasem/AppData/Local/Temp/jsreport/autocleanup/a1245185-b41c-4f91-9973-6e14f844bed0-chrome-pdf.html","meta":{"rootId":"19r6zhmie9x7sjq","id":"19r6zhmie9x7sjq"},"id":"cuf6aginukef52a","previousOperationId":"42sjph4rsmf8rze"}
{"type":"log","timestamp":1662509499777,"level":"debug","message":"Page request finished: GET (document) file:///C:/Users/aasem/AppData/Local/Temp/jsreport/autocleanup/a1245185-b41c-4f91-9973-6e14f844bed0-chrome-pdf.html","meta":{"rootId":"19r6zhmie9x7sjq","id":"19r6zhmie9x7sjq"},"id":"adaz1mvenmbhth7","previousOperationId":"42sjph4rsmf8rze"}
{"type":"log","timestamp":1662509499801,"level":"debug","message":"Running chrome with params {\"printBackground\":true,\"timeout\":59945,\"margin\":{}}","meta":{"rootId":"19r6zhmie9x7sjq","id":"19r6zhmie9x7sjq"},"id":"rw2d5vyeua12w1s","previousOperationId":"42sjph4rsmf8rze"}
{"type":"operationEnd","operationId":"42sjph4rsmf8rze","timestamp":1662509499980,"id":"53ben2x342xedlc","previousEventId":"7uo1ubxt1b1gcr9","previousOperationId":"42sjph4rsmf8rze"}
{"type":"operationStart","subtype":"reports","name":"persisting report","doDiffs":false,"timestamp":1662509499980,"id":"ojxkhi2d6oik8wk","previousEventId":"53ben2x342xedlc","operationId":"j22jzqm62a1xeey","previousOperationId":"42sjph4rsmf8rze"}
{"type":"log","timestamp":1662509500022,"level":"debug","message":"Report stored as reports/salary/salarySlipTemplate/EulfzpgXylsUL6re.pdf","meta":{"rootId":"19r6zhmie9x7sjq","id":"19r6zhmie9x7sjq"},"id":"egf82no4vqqtk7j","previousOperationId":"j22jzqm62a1xeey"}
{"type":"operationEnd","operationId":"j22jzqm62a1xeey","doDiffs":false,"timestamp":1662509500022,"id":"icii6pdcelxnirx","previousEventId":"ojxkhi2d6oik8wk","previousOperationId":"j22jzqm62a1xeey"}
{"type":"log","timestamp":1662509500022,"level":"info","message":"Rendering request 12 finished in 420 ms","meta":{"rootId":"19r6zhmie9x7sjq","id":"19r6zhmie9x7sjq"},"id":"057ressv537swof","previousOperationId":"j22jzqm62a1xeey"}
{"type":"operationEnd","subtype":"render","operationId":"f1kjhtg7ha10xs3","timestamp":1662509500022,"id":"i81ho8ipa4k7o33","previousEventId":"icii6pdcelxnirx","previousOperationId":"j22jzqm62a1xeey"}
{"type":"operationEnd","doDiffs":false,"previousEventId":"jeyjovnsxqm87b9","previousOperationId":"txiuuyygzu6cwfj","operationId":"txiuuyygzu6cwfj","timestamp":1662509500027,"id":"pdyhg29f0lo010l"}
