{"type":"operationStart","subtype":"profile","data":{"_id":"Ap0iTiOADjDRZHOL","timestamp":"2022-09-07T14:55:58.516Z","state":"queued","mode":"standard","creationDate":"2022-09-07T14:55:58.519Z","modificationDate":"2022-09-07T14:55:58.519Z","shortid":"kwEqTTX","$entitySet":"profiles"},"doDiffs":false,"timestamp":1662562558517,"id":"280ulmro74ph7pz","previousOperationId":null,"operationId":"twxo5ad1c0hut9v"}
{"type":"log","level":"info","message":"Render request 2 queued for execution and waiting for available worker","previousOperationId":"twxo5ad1c0hut9v","timestamp":1662562558517,"id":"h4nu8d7iwy7zxjy"}
{"type":"operationStart","subtype":"render","name":"salarySlipTemplate","previousOperationId":"twxo5ad1c0hut9v","timestamp":1662562558532,"id":"2ispd1svgxabcpi","previousEventId":"280ulmro74ph7pz","operationId":"wfpu9a3v6kieizh"}
{"type":"log","timestamp":1662562558533,"level":"info","message":"Starting rendering request 2 (user: null)","meta":{"rootId":"19ykns58fua76qm","id":"19ykns58fua76qm"},"id":"evxyr2td16h9spe","previousOperationId":"wfpu9a3v6kieizh"}
{"type":"log","timestamp":1662562558533,"level":"info","message":"Rendering template { name: salarySlipTemplate, recipe: chrome-pdf, engine: handlebars, preview: false }","meta":{"rootId":"19ykns58fua76qm","id":"19ykns58fua76qm"},"id":"kptguums7fkrnaa","previousOperationId":"wfpu9a3v6kieizh"}
{"type":"log","timestamp":1662562558534,"level":"debug","message":"Inline data specified.","meta":{"rootId":"19ykns58fua76qm","id":"19ykns58fua76qm"},"id":"173z5ru6594t9uz","previousOperationId":"wfpu9a3v6kieizh"}
{"type":"log","timestamp":1662562558536,"level":"debug","message":"Base url not specified, skipping its injection.","meta":{"rootId":"19ykns58fua76qm","id":"19ykns58fua76qm"},"id":"o8ed1l79un6qorp","previousOperationId":"wfpu9a3v6kieizh"}
{"type":"operationStart","subtype":"engine","name":"handlebars","timestamp":1662562558537,"id":"ltkxd0yne0vhlhd","previousEventId":"2ispd1svgxabcpi","operationId":"2ud9mfzgecdzvc5","previousOperationId":"wfpu9a3v6kieizh"}
{"type":"log","timestamp":1662562558537,"level":"debug","message":"Rendering engine handlebars","meta":{"rootId":"19ykns58fua76qm","id":"19ykns58fua76qm"},"id":"ob1h2tyt1yjcuwp","previousOperationId":"2ud9mfzgecdzvc5"}
{"type":"operationEnd","operationId":"2ud9mfzgecdzvc5","timestamp":1662562558566,"id":"bwk4bxvoka61d5u","previousEventId":"ltkxd0yne0vhlhd","previousOperationId":"2ud9mfzgecdzvc5"}
{"type":"operationStart","subtype":"recipe","name":"chrome-pdf","timestamp":1662562558567,"id":"xz96ear250zlabs","previousEventId":"bwk4bxvoka61d5u","operationId":"p55q6irlnvbuqyx","previousOperationId":"2ud9mfzgecdzvc5"}
{"type":"log","timestamp":1662562558567,"level":"debug","message":"Executing recipe chrome-pdf","meta":{"rootId":"19ykns58fua76qm","id":"19ykns58fua76qm"},"id":"rtbp6apwyr5sv84","previousOperationId":"p55q6irlnvbuqyx"}
{"type":"log","timestamp":1662562559380,"level":"debug","message":"Converting with chrome HeadlessChrome/98.0.4758.0 using chrome-pool strategy","meta":{"rootId":"19ykns58fua76qm","id":"19ykns58fua76qm"},"id":"d6pe6lvnw0637zk","previousOperationId":"p55q6irlnvbuqyx"}
{"type":"log","timestamp":1662562560993,"level":"debug","message":"Page request: GET (document) file:///C:/Users/aasem/AppData/Local/Temp/jsreport/autocleanup/a8610dec-6da2-4658-9aa3-4265a866ba79-chrome-pdf.html","meta":{"rootId":"19ykns58fua76qm","id":"19ykns58fua76qm"},"id":"pz0zmgjm3ip4e8u","previousOperationId":"p55q6irlnvbuqyx"}
{"type":"log","timestamp":1662562561023,"level":"debug","message":"Page request finished: GET (document) file:///C:/Users/aasem/AppData/Local/Temp/jsreport/autocleanup/a8610dec-6da2-4658-9aa3-4265a866ba79-chrome-pdf.html","meta":{"rootId":"19ykns58fua76qm","id":"19ykns58fua76qm"},"id":"35nw4gh2g5etw34","previousOperationId":"p55q6irlnvbuqyx"}
{"type":"log","timestamp":1662562561164,"level":"debug","message":"Running chrome with params {\"printBackground\":true,\"timeout\":59947,\"margin\":{}}","meta":{"rootId":"19ykns58fua76qm","id":"19ykns58fua76qm"},"id":"ugtx9lu8es452bd","previousOperationId":"p55q6irlnvbuqyx"}
{"type":"operationEnd","operationId":"p55q6irlnvbuqyx","timestamp":1662562561261,"id":"07944rq1qliybye","previousEventId":"xz96ear250zlabs","previousOperationId":"p55q6irlnvbuqyx"}
{"type":"operationStart","subtype":"reports","name":"persisting report","doDiffs":false,"timestamp":1662562561261,"id":"8rtmyu2f0ds7jqy","previousEventId":"07944rq1qliybye","operationId":"z0mknuf5oib5wp6","previousOperationId":"p55q6irlnvbuqyx"}
{"type":"log","timestamp":1662562561370,"level":"debug","message":"Report stored as reports/salary/salarySlipTemplate/UMbjbroqKLYaW0fA.pdf","meta":{"rootId":"19ykns58fua76qm","id":"19ykns58fua76qm"},"id":"nzpipg0y7lh3iei","previousOperationId":"z0mknuf5oib5wp6"}
{"type":"operationEnd","operationId":"z0mknuf5oib5wp6","doDiffs":false,"timestamp":1662562561370,"id":"v4okwevirpbruvd","previousEventId":"8rtmyu2f0ds7jqy","previousOperationId":"z0mknuf5oib5wp6"}
{"type":"log","timestamp":1662562561370,"level":"info","message":"Rendering request 2 finished in 2854 ms","meta":{"rootId":"19ykns58fua76qm","id":"19ykns58fua76qm"},"id":"48s4n5b0oz1ookj","previousOperationId":"z0mknuf5oib5wp6"}
{"type":"operationEnd","subtype":"render","operationId":"wfpu9a3v6kieizh","timestamp":1662562561370,"id":"6is38223owrfrnu","previousEventId":"v4okwevirpbruvd","previousOperationId":"z0mknuf5oib5wp6"}
{"type":"operationEnd","doDiffs":false,"previousEventId":"280ulmro74ph7pz","previousOperationId":"twxo5ad1c0hut9v","operationId":"twxo5ad1c0hut9v","timestamp":1662562561374,"id":"g4xu8wil4jaztta"}
