{"type":"operationStart","subtype":"profile","data":{"_id":"VrjITJJLDZQGRDyi","timestamp":"2022-09-07T15:45:31.952Z","state":"queued","mode":"standard","creationDate":"2022-09-07T15:45:31.953Z","modificationDate":"2022-09-07T15:45:31.953Z","shortid":"a58UsoU","$entitySet":"profiles"},"doDiffs":false,"timestamp":1662565531953,"id":"vuvr1038rdvwsk0","previousOperationId":null,"operationId":"4qhp1arn9q5zohx"}
{"type":"log","level":"info","message":"Render request 20 queued for execution and waiting for available worker","previousOperationId":"4qhp1arn9q5zohx","timestamp":1662565531953,"id":"cc9znr7ag4uwy4t"}
{"type":"operationStart","subtype":"render","name":"salarySlipTemplate","previousOperationId":"4qhp1arn9q5zohx","timestamp":1662565531961,"id":"0f78v2tirnu5glz","previousEventId":"vuvr1038rdvwsk0","operationId":"mcf98lxffqwmv5w"}
{"type":"log","timestamp":1662565531961,"level":"info","message":"Starting rendering request 20 (user: null)","meta":{"rootId":"1spepscwm4k1qf8","id":"1spepscwm4k1qf8"},"id":"3ulzy4seuzp3pop","previousOperationId":"mcf98lxffqwmv5w"}
{"type":"log","timestamp":1662565531962,"level":"info","message":"Rendering template { name: salarySlipTemplate, recipe: chrome-pdf, engine: handlebars, preview: false }","meta":{"rootId":"1spepscwm4k1qf8","id":"1spepscwm4k1qf8"},"id":"03gmnyf8wzi2spc","previousOperationId":"mcf98lxffqwmv5w"}
{"type":"log","timestamp":1662565531964,"level":"debug","message":"Inline data specified.","meta":{"rootId":"1spepscwm4k1qf8","id":"1spepscwm4k1qf8"},"id":"aw42pj8piaun9vx","previousOperationId":"mcf98lxffqwmv5w"}
{"type":"log","timestamp":1662565531966,"level":"debug","message":"Base url not specified, skipping its injection.","meta":{"rootId":"1spepscwm4k1qf8","id":"1spepscwm4k1qf8"},"id":"7mug894g8iuuj8q","previousOperationId":"mcf98lxffqwmv5w"}
{"type":"operationStart","subtype":"engine","name":"handlebars","timestamp":1662565531966,"id":"l32z60p9b619lgd","previousEventId":"0f78v2tirnu5glz","operationId":"941gtgng17iyhrc","previousOperationId":"mcf98lxffqwmv5w"}
{"type":"log","timestamp":1662565531966,"level":"debug","message":"Rendering engine handlebars","meta":{"rootId":"1spepscwm4k1qf8","id":"1spepscwm4k1qf8"},"id":"v62tv2658bct4n6","previousOperationId":"941gtgng17iyhrc"}
{"type":"operationEnd","operationId":"941gtgng17iyhrc","timestamp":1662565531980,"id":"kaoq4n3vgwd3b15","previousEventId":"l32z60p9b619lgd","previousOperationId":"941gtgng17iyhrc"}
{"type":"operationStart","subtype":"recipe","name":"chrome-pdf","timestamp":1662565531980,"id":"q479tl2xhrg8pa4","previousEventId":"kaoq4n3vgwd3b15","operationId":"eg4z3d6hlaakz8a","previousOperationId":"941gtgng17iyhrc"}
{"type":"log","timestamp":1662565531981,"level":"debug","message":"Executing recipe chrome-pdf","meta":{"rootId":"1spepscwm4k1qf8","id":"1spepscwm4k1qf8"},"id":"0drbnn0wbyatr6m","previousOperationId":"eg4z3d6hlaakz8a"}
{"type":"log","timestamp":1662565531983,"level":"debug","message":"Converting with chrome HeadlessChrome/98.0.4758.0 using chrome-pool strategy","meta":{"rootId":"1spepscwm4k1qf8","id":"1spepscwm4k1qf8"},"id":"i8hqvsmflfhifu8","previousOperationId":"eg4z3d6hlaakz8a"}
{"type":"log","timestamp":1662565532074,"level":"debug","message":"Page request: GET (document) file:///C:/Users/aasem/AppData/Local/Temp/jsreport/autocleanup/8b2c5955-7f3e-482f-b3eb-b45de3214079-chrome-pdf.html","meta":{"rootId":"1spepscwm4k1qf8","id":"1spepscwm4k1qf8"},"id":"m3w6m7ddimpo0az","previousOperationId":"eg4z3d6hlaakz8a"}
{"type":"log","timestamp":1662565532082,"level":"debug","message":"Page request finished: GET (document) file:///C:/Users/aasem/AppData/Local/Temp/jsreport/autocleanup/8b2c5955-7f3e-482f-b3eb-b45de3214079-chrome-pdf.html","meta":{"rootId":"1spepscwm4k1qf8","id":"1spepscwm4k1qf8"},"id":"wtwc23fm13taig5","previousOperationId":"eg4z3d6hlaakz8a"}
{"type":"log","timestamp":1662565532108,"level":"debug","message":"Running chrome with params {\"printBackground\":true,\"timeout\":59970,\"margin\":{}}","meta":{"rootId":"1spepscwm4k1qf8","id":"1spepscwm4k1qf8"},"id":"37f5lju232m939t","previousOperationId":"eg4z3d6hlaakz8a"}
{"type":"operationEnd","operationId":"eg4z3d6hlaakz8a","timestamp":1662565532213,"id":"jx4wubwryi21f8g","previousEventId":"q479tl2xhrg8pa4","previousOperationId":"eg4z3d6hlaakz8a"}
{"type":"log","timestamp":1662565532213,"level":"debug","message":"Skipping storing report.","meta":{"rootId":"1spepscwm4k1qf8","id":"1spepscwm4k1qf8"},"id":"h3xdahocgoxyh97","previousOperationId":"eg4z3d6hlaakz8a"}
{"type":"log","timestamp":1662565532213,"level":"info","message":"Rendering request 20 finished in 261 ms","meta":{"rootId":"1spepscwm4k1qf8","id":"1spepscwm4k1qf8"},"id":"85te9njiitmtg66","previousOperationId":"eg4z3d6hlaakz8a"}
{"type":"operationEnd","subtype":"render","operationId":"mcf98lxffqwmv5w","timestamp":1662565532213,"id":"0sx1bpxzqwlrekn","previousEventId":"jx4wubwryi21f8g","previousOperationId":"eg4z3d6hlaakz8a"}
{"type":"operationEnd","doDiffs":false,"previousEventId":"vuvr1038rdvwsk0","previousOperationId":"4qhp1arn9q5zohx","operationId":"4qhp1arn9q5zohx","timestamp":1662565532216,"id":"kcnb77npr17vkza"}
