{"type":"operationStart","subtype":"profile","data":{"_id":"ZHp2zUP4F1hHLm2F","timestamp":"2022-09-06T17:56:13.754Z","state":"queued","mode":"standard","creationDate":"2022-09-06T17:56:13.755Z","modificationDate":"2022-09-06T17:56:13.755Z","shortid":"nEUa8_l","$entitySet":"profiles"},"doDiffs":false,"timestamp":1662486973755,"id":"x2cqpnhjrzh4dua","previousOperationId":null,"operationId":"z4912x19e1sqw53"}
{"type":"log","level":"info","message":"Render request 6 queued for execution and waiting for available worker","previousOperationId":"z4912x19e1sqw53","timestamp":1662486973755,"id":"d2j6oxg6ozxl1yv"}
{"type":"operationStart","subtype":"render","name":"salarySlipTemplate","previousOperationId":"z4912x19e1sqw53","timestamp":1662486973772,"id":"wq8r6f5jnep8i3m","previousEventId":"x2cqpnhjrzh4dua","operationId":"mxuj6mp8rtwq6ez"}
{"type":"log","timestamp":1662486973772,"level":"info","message":"Starting rendering request 6 (user: null)","meta":{"rootId":"24jd4jiqiotbuxq","id":"24jd4jiqiotbuxq"},"id":"pswl42nqnbflyan","previousOperationId":"mxuj6mp8rtwq6ez"}
{"type":"log","timestamp":1662486973772,"level":"info","message":"Rendering template { name: salarySlipTemplate, recipe: chrome-pdf, engine: handlebars, preview: false }","meta":{"rootId":"24jd4jiqiotbuxq","id":"24jd4jiqiotbuxq"},"id":"mcj4w2dgoknn0kg","previousOperationId":"mxuj6mp8rtwq6ez"}
{"type":"log","timestamp":1662486973773,"level":"debug","message":"Inline data specified.","meta":{"rootId":"24jd4jiqiotbuxq","id":"24jd4jiqiotbuxq"},"id":"xm2xmncfz1avv2q","previousOperationId":"mxuj6mp8rtwq6ez"}
{"type":"log","timestamp":1662486973776,"level":"debug","message":"Base url not specified, skipping its injection.","meta":{"rootId":"24jd4jiqiotbuxq","id":"24jd4jiqiotbuxq"},"id":"56tip627r2rzzh2","previousOperationId":"mxuj6mp8rtwq6ez"}
{"type":"operationStart","subtype":"engine","name":"handlebars","timestamp":1662486973777,"id":"ngjsvzztxitkwzb","previousEventId":"wq8r6f5jnep8i3m","operationId":"bsg9snf3uvq5vh9","previousOperationId":"mxuj6mp8rtwq6ez"}
{"type":"log","timestamp":1662486973777,"level":"debug","message":"Rendering engine handlebars","meta":{"rootId":"24jd4jiqiotbuxq","id":"24jd4jiqiotbuxq"},"id":"rckpy4wlg2fqsv6","previousOperationId":"bsg9snf3uvq5vh9"}
{"type":"operationEnd","operationId":"bsg9snf3uvq5vh9","timestamp":1662486973795,"id":"2a4mlpxpxpcv546","previousEventId":"ngjsvzztxitkwzb","previousOperationId":"bsg9snf3uvq5vh9"}
{"type":"operationStart","subtype":"recipe","name":"chrome-pdf","timestamp":1662486973795,"id":"1zikrwd2lkxtbxm","previousEventId":"2a4mlpxpxpcv546","operationId":"7okv5pv0hjol5xo","previousOperationId":"bsg9snf3uvq5vh9"}
{"type":"log","timestamp":1662486973795,"level":"debug","message":"Executing recipe chrome-pdf","meta":{"rootId":"24jd4jiqiotbuxq","id":"24jd4jiqiotbuxq"},"id":"giqolmykn9eeiqz","previousOperationId":"7okv5pv0hjol5xo"}
{"type":"log","timestamp":1662486973798,"level":"debug","message":"Converting with chrome HeadlessChrome/98.0.4758.0 using chrome-pool strategy","meta":{"rootId":"24jd4jiqiotbuxq","id":"24jd4jiqiotbuxq"},"id":"lyjca3docmhmzoz","previousOperationId":"7okv5pv0hjol5xo"}
{"type":"log","timestamp":1662486974353,"level":"debug","message":"Page request: GET (document) file:///C:/Users/aasem/AppData/Local/Temp/jsreport/autocleanup/d37d1735-d806-4a62-8233-6725b2912836-chrome-pdf.html","meta":{"rootId":"24jd4jiqiotbuxq","id":"24jd4jiqiotbuxq"},"id":"lty04r6tq6rj33m","previousOperationId":"7okv5pv0hjol5xo"}
{"type":"log","timestamp":1662486974363,"level":"debug","message":"Page request finished: GET (document) file:///C:/Users/aasem/AppData/Local/Temp/jsreport/autocleanup/d37d1735-d806-4a62-8233-6725b2912836-chrome-pdf.html","meta":{"rootId":"24jd4jiqiotbuxq","id":"24jd4jiqiotbuxq"},"id":"uur35eugqguhv9a","previousOperationId":"7okv5pv0hjol5xo"}
{"type":"log","timestamp":1662486974483,"level":"debug","message":"Running chrome with params {\"printBackground\":true,\"timeout\":59957,\"margin\":{}}","meta":{"rootId":"24jd4jiqiotbuxq","id":"24jd4jiqiotbuxq"},"id":"dt4o3cr760186at","previousOperationId":"7okv5pv0hjol5xo"}
{"type":"operationEnd","operationId":"7okv5pv0hjol5xo","timestamp":1662486974638,"id":"i6aco5i3257odfi","previousEventId":"1zikrwd2lkxtbxm","previousOperationId":"7okv5pv0hjol5xo"}
{"type":"operationStart","subtype":"reports","name":"persisting report","doDiffs":false,"timestamp":1662486974638,"id":"8rded6xnmyf2q7m","previousEventId":"i6aco5i3257odfi","operationId":"xqn5g0v5qzm34g4","previousOperationId":"7okv5pv0hjol5xo"}
{"type":"log","timestamp":1662486974656,"level":"debug","message":"Report stored as reports/salary/salarySlipTemplate/EJ7kGMybkhSMFUUk.pdf","meta":{"rootId":"24jd4jiqiotbuxq","id":"24jd4jiqiotbuxq"},"id":"fcsq5c6zy8bny4m","previousOperationId":"xqn5g0v5qzm34g4"}
{"type":"operationEnd","operationId":"xqn5g0v5qzm34g4","doDiffs":false,"timestamp":1662486974656,"id":"f6mqtf9568myoq2","previousEventId":"8rded6xnmyf2q7m","previousOperationId":"xqn5g0v5qzm34g4"}
{"type":"log","timestamp":1662486974656,"level":"info","message":"Rendering request 6 finished in 902 ms","meta":{"rootId":"24jd4jiqiotbuxq","id":"24jd4jiqiotbuxq"},"id":"dakmcdoyrlmcy3o","previousOperationId":"xqn5g0v5qzm34g4"}
{"type":"operationEnd","subtype":"render","operationId":"mxuj6mp8rtwq6ez","timestamp":1662486974656,"id":"adnez8c89vgoivy","previousEventId":"f6mqtf9568myoq2","previousOperationId":"xqn5g0v5qzm34g4"}
{"type":"operationEnd","doDiffs":false,"previousEventId":"x2cqpnhjrzh4dua","previousOperationId":"z4912x19e1sqw53","operationId":"z4912x19e1sqw53","timestamp":1662486974660,"id":"fgbvthqaqn0mn2h"}
