{"type":"operationStart","subtype":"profile","data":{"_id":"LZKnTsvSqmjWF33v","timestamp":"2022-09-09T22:15:38.503Z","state":"queued","mode":"standard","creationDate":"2022-09-09T22:15:38.504Z","modificationDate":"2022-09-09T22:15:38.504Z","shortid":"eD2zP2K","$entitySet":"profiles"},"doDiffs":false,"timestamp":1662761738504,"id":"qreqgcke0rowxbz","previousOperationId":null,"operationId":"ulopben0z70blad"}
{"type":"log","level":"info","message":"Render request 7 queued for execution and waiting for available worker","previousOperationId":"ulopben0z70blad","timestamp":1662761738504,"id":"eq0k83b9zk5vl0f"}
{"type":"operationStart","subtype":"render","name":"salarySlipTemplate","previousOperationId":"ulopben0z70blad","timestamp":1662761738514,"id":"vcfh0l0o2j7ke24","previousEventId":"qreqgcke0rowxbz","operationId":"mb84x7rro8zu0ll"}
{"type":"log","timestamp":1662761738514,"level":"info","message":"Starting rendering request 7 (user: null)","meta":{"rootId":"28btctlxmexdnj4","id":"28btctlxmexdnj4"},"id":"1tyloo40bsd5wg0","previousOperationId":"mb84x7rro8zu0ll"}
{"type":"log","timestamp":1662761738514,"level":"info","message":"Rendering template { name: salarySlipTemplate, recipe: chrome-pdf, engine: handlebars, preview: false }","meta":{"rootId":"28btctlxmexdnj4","id":"28btctlxmexdnj4"},"id":"gh8st2xrcgr34kc","previousOperationId":"mb84x7rro8zu0ll"}
{"type":"log","timestamp":1662761738515,"level":"debug","message":"Inline data specified.","meta":{"rootId":"28btctlxmexdnj4","id":"28btctlxmexdnj4"},"id":"z4ssjq7gykdxtqk","previousOperationId":"mb84x7rro8zu0ll"}
{"type":"log","timestamp":1662761738518,"level":"debug","message":"Base url not specified, skipping its injection.","meta":{"rootId":"28btctlxmexdnj4","id":"28btctlxmexdnj4"},"id":"vdyhlzswsu5qelu","previousOperationId":"mb84x7rro8zu0ll"}
{"type":"operationStart","subtype":"engine","name":"handlebars","timestamp":1662761738518,"id":"vy5b4585cvggeow","previousEventId":"vcfh0l0o2j7ke24","operationId":"oui0rs54rfykeyw","previousOperationId":"mb84x7rro8zu0ll"}
{"type":"log","timestamp":1662761738518,"level":"debug","message":"Rendering engine handlebars","meta":{"rootId":"28btctlxmexdnj4","id":"28btctlxmexdnj4"},"id":"t3oqoy8wim453cw","previousOperationId":"oui0rs54rfykeyw"}
{"type":"operationEnd","operationId":"oui0rs54rfykeyw","timestamp":1662761738532,"id":"ol8yukgjad8oud1","previousEventId":"vy5b4585cvggeow","previousOperationId":"oui0rs54rfykeyw"}
{"type":"operationStart","subtype":"recipe","name":"chrome-pdf","timestamp":1662761738532,"id":"dtev3qmhsoex7kn","previousEventId":"ol8yukgjad8oud1","operationId":"vtz7tgeesvn7zh2","previousOperationId":"oui0rs54rfykeyw"}
{"type":"log","timestamp":1662761738532,"level":"debug","message":"Executing recipe chrome-pdf","meta":{"rootId":"28btctlxmexdnj4","id":"28btctlxmexdnj4"},"id":"bh5ppzvuva4mpsq","previousOperationId":"vtz7tgeesvn7zh2"}
{"type":"log","timestamp":1662761738534,"level":"debug","message":"Converting with chrome HeadlessChrome/98.0.4758.0 using chrome-pool strategy","meta":{"rootId":"28btctlxmexdnj4","id":"28btctlxmexdnj4"},"id":"d05zv2kbhuoso9g","previousOperationId":"vtz7tgeesvn7zh2"}
{"type":"log","timestamp":1662761738628,"level":"debug","message":"Page request: GET (document) file:///C:/Users/aasem/AppData/Local/Temp/jsreport/autocleanup/8604c8a8-fbee-4075-834d-315ad98d65c6-chrome-pdf.html","meta":{"rootId":"28btctlxmexdnj4","id":"28btctlxmexdnj4"},"id":"50ojvszlxc1odkz","previousOperationId":"vtz7tgeesvn7zh2"}
{"type":"log","timestamp":1662761738640,"level":"debug","message":"Page request finished: GET (document) file:///C:/Users/aasem/AppData/Local/Temp/jsreport/autocleanup/8604c8a8-fbee-4075-834d-315ad98d65c6-chrome-pdf.html","meta":{"rootId":"28btctlxmexdnj4","id":"28btctlxmexdnj4"},"id":"ssqrkwg6uzgzlhq","previousOperationId":"vtz7tgeesvn7zh2"}
{"type":"log","timestamp":1662761738666,"level":"debug","message":"Running chrome with params {\"printBackground\":true,\"timeout\":59969,\"margin\":{}}","meta":{"rootId":"28btctlxmexdnj4","id":"28btctlxmexdnj4"},"id":"y2frafjqn0zlqxc","previousOperationId":"vtz7tgeesvn7zh2"}
{"type":"operationEnd","operationId":"vtz7tgeesvn7zh2","timestamp":1662761738769,"id":"ys052gwmpu1kspd","previousEventId":"dtev3qmhsoex7kn","previousOperationId":"vtz7tgeesvn7zh2"}
{"type":"log","timestamp":1662761738769,"level":"debug","message":"Skipping storing report.","meta":{"rootId":"28btctlxmexdnj4","id":"28btctlxmexdnj4"},"id":"fbzw96r8dkq81ei","previousOperationId":"vtz7tgeesvn7zh2"}
{"type":"log","timestamp":1662761738769,"level":"info","message":"Rendering request 7 finished in 266 ms","meta":{"rootId":"28btctlxmexdnj4","id":"28btctlxmexdnj4"},"id":"6gqoga6u3phdj6f","previousOperationId":"vtz7tgeesvn7zh2"}
{"type":"operationEnd","subtype":"render","operationId":"mb84x7rro8zu0ll","timestamp":1662761738769,"id":"0s5l4gonhvgpzk9","previousEventId":"ys052gwmpu1kspd","previousOperationId":"vtz7tgeesvn7zh2"}
{"type":"operationEnd","doDiffs":false,"previousEventId":"qreqgcke0rowxbz","previousOperationId":"ulopben0z70blad","operationId":"ulopben0z70blad","timestamp":1662761738774,"id":"5oyrr0zz3bh78xn"}
