{"type":"operationStart","subtype":"profile","data":{"_id":"sRLQwtMumdT2s8YX","timestamp":"2022-09-07T15:45:49.819Z","state":"queued","mode":"standard","creationDate":"2022-09-07T15:45:49.822Z","modificationDate":"2022-09-07T15:45:49.822Z","shortid":"2XZZvin","$entitySet":"profiles"},"doDiffs":false,"timestamp":1662565549820,"id":"te89j4iapcug0gf","previousOperationId":null,"operationId":"a2z1ufudl3kjixl"}
{"type":"log","level":"info","message":"Render request 21 queued for execution and waiting for available worker","previousOperationId":"a2z1ufudl3kjixl","timestamp":1662565549820,"id":"ag2xq7e5wacwrwt"}
{"type":"operationStart","subtype":"render","name":"salarySlipTemplate","previousOperationId":"a2z1ufudl3kjixl","timestamp":1662565549839,"id":"ec74q0yer43qeaz","previousEventId":"te89j4iapcug0gf","operationId":"it7s3pkqjoa8wt7"}
{"type":"log","timestamp":1662565549839,"level":"info","message":"Starting rendering request 21 (user: null)","meta":{"rootId":"2qkvywvnm2ln8nm","id":"2qkvywvnm2ln8nm"},"id":"4tba0ryf82sc57i","previousOperationId":"it7s3pkqjoa8wt7"}
{"type":"log","timestamp":1662565549839,"level":"info","message":"Rendering template { name: salarySlipTemplate, recipe: chrome-pdf, engine: handlebars, preview: false }","meta":{"rootId":"2qkvywvnm2ln8nm","id":"2qkvywvnm2ln8nm"},"id":"smmvodavjnm7xqv","previousOperationId":"it7s3pkqjoa8wt7"}
{"type":"log","timestamp":1662565549840,"level":"debug","message":"Inline data specified.","meta":{"rootId":"2qkvywvnm2ln8nm","id":"2qkvywvnm2ln8nm"},"id":"t1g63vgg35w02yg","previousOperationId":"it7s3pkqjoa8wt7"}
{"type":"log","timestamp":1662565549841,"level":"debug","message":"Base url not specified, skipping its injection.","meta":{"rootId":"2qkvywvnm2ln8nm","id":"2qkvywvnm2ln8nm"},"id":"yuxw8vrefgwqg7p","previousOperationId":"it7s3pkqjoa8wt7"}
{"type":"operationStart","subtype":"engine","name":"handlebars","timestamp":1662565549842,"id":"fkewnsij5hk33h5","previousEventId":"ec74q0yer43qeaz","operationId":"2difumllotgm26r","previousOperationId":"it7s3pkqjoa8wt7"}
{"type":"log","timestamp":1662565549842,"level":"debug","message":"Rendering engine handlebars","meta":{"rootId":"2qkvywvnm2ln8nm","id":"2qkvywvnm2ln8nm"},"id":"7557dtr3rmz2ln8","previousOperationId":"2difumllotgm26r"}
{"type":"operationEnd","operationId":"2difumllotgm26r","timestamp":1662565549857,"id":"bzyo6uadbvd6jlq","previousEventId":"fkewnsij5hk33h5","previousOperationId":"2difumllotgm26r"}
{"type":"operationStart","subtype":"recipe","name":"chrome-pdf","timestamp":1662565549857,"id":"as91c3rhzk2di5b","previousEventId":"bzyo6uadbvd6jlq","operationId":"1b63d68egopbcod","previousOperationId":"2difumllotgm26r"}
{"type":"log","timestamp":1662565549857,"level":"debug","message":"Executing recipe chrome-pdf","meta":{"rootId":"2qkvywvnm2ln8nm","id":"2qkvywvnm2ln8nm"},"id":"yqtnh2elsy2skob","previousOperationId":"1b63d68egopbcod"}
{"type":"log","timestamp":1662565549859,"level":"debug","message":"Converting with chrome HeadlessChrome/98.0.4758.0 using chrome-pool strategy","meta":{"rootId":"2qkvywvnm2ln8nm","id":"2qkvywvnm2ln8nm"},"id":"0igddeq53my56d9","previousOperationId":"1b63d68egopbcod"}
{"type":"log","timestamp":1662565549953,"level":"debug","message":"Page request: GET (document) file:///C:/Users/aasem/AppData/Local/Temp/jsreport/autocleanup/43cd66d7-f2b0-442a-af3c-1bf1de083baa-chrome-pdf.html","meta":{"rootId":"2qkvywvnm2ln8nm","id":"2qkvywvnm2ln8nm"},"id":"h58irvawgg3zqeu","previousOperationId":"1b63d68egopbcod"}
{"type":"log","timestamp":1662565549966,"level":"debug","message":"Page request finished: GET (document) file:///C:/Users/aasem/AppData/Local/Temp/jsreport/autocleanup/43cd66d7-f2b0-442a-af3c-1bf1de083baa-chrome-pdf.html","meta":{"rootId":"2qkvywvnm2ln8nm","id":"2qkvywvnm2ln8nm"},"id":"4ua78lu0x43tss6","previousOperationId":"1b63d68egopbcod"}
{"type":"log","timestamp":1662565549993,"level":"debug","message":"Running chrome with params {\"printBackground\":true,\"timeout\":59959,\"margin\":{}}","meta":{"rootId":"2qkvywvnm2ln8nm","id":"2qkvywvnm2ln8nm"},"id":"ru0uzaszoltpawz","previousOperationId":"1b63d68egopbcod"}
{"type":"operationEnd","operationId":"1b63d68egopbcod","timestamp":1662565550098,"id":"43lssd3pevy47ip","previousEventId":"as91c3rhzk2di5b","previousOperationId":"1b63d68egopbcod"}
{"type":"log","timestamp":1662565550098,"level":"debug","message":"Skipping storing report.","meta":{"rootId":"2qkvywvnm2ln8nm","id":"2qkvywvnm2ln8nm"},"id":"7t3e0149ucb4855","previousOperationId":"1b63d68egopbcod"}
{"type":"log","timestamp":1662565550098,"level":"info","message":"Rendering request 21 finished in 280 ms","meta":{"rootId":"2qkvywvnm2ln8nm","id":"2qkvywvnm2ln8nm"},"id":"3j3oslyzoccb0jx","previousOperationId":"1b63d68egopbcod"}
{"type":"operationEnd","subtype":"render","operationId":"it7s3pkqjoa8wt7","timestamp":1662565550098,"id":"7ve6uywj68b3lrl","previousEventId":"43lssd3pevy47ip","previousOperationId":"1b63d68egopbcod"}
{"type":"operationEnd","doDiffs":false,"previousEventId":"te89j4iapcug0gf","previousOperationId":"a2z1ufudl3kjixl","operationId":"a2z1ufudl3kjixl","timestamp":1662565550101,"id":"cj72aw0a7a7b91w"}
