{"type":"operationStart","subtype":"profile","data":{"_id":"0MnylSCuTmXxwMZW","timestamp":"2022-09-07T00:19:45.328Z","state":"queued","mode":"standard","creationDate":"2022-09-07T00:19:45.331Z","modificationDate":"2022-09-07T00:19:45.331Z","shortid":"VYTCj3l","$entitySet":"profiles"},"doDiffs":false,"timestamp":1662509985330,"id":"yzrobdjlzo5vx5v","previousOperationId":null,"operationId":"swetqpk223nq7aj"}
{"type":"log","level":"info","message":"Render request 26 queued for execution and waiting for available worker","previousOperationId":"swetqpk223nq7aj","timestamp":1662509985330,"id":"o7ii377x1yzj3e4"}
{"type":"operationStart","subtype":"render","name":"salarySlipTemplate","previousOperationId":"swetqpk223nq7aj","timestamp":1662509985341,"id":"t14kmheow9slhl0","previousEventId":"yzrobdjlzo5vx5v","operationId":"pb53vqslk8ie63v"}
{"type":"log","timestamp":1662509985341,"level":"info","message":"Starting rendering request 26 (user: null)","meta":{"rootId":"38y7usazok2jbta","id":"38y7usazok2jbta"},"id":"i5ctl0vbtvdvnmb","previousOperationId":"pb53vqslk8ie63v"}
{"type":"log","timestamp":1662509985342,"level":"info","message":"Rendering template { name: salarySlipTemplate, recipe: chrome-pdf, engine: handlebars, preview: false }","meta":{"rootId":"38y7usazok2jbta","id":"38y7usazok2jbta"},"id":"0gp3p2nr6u0i0w3","previousOperationId":"pb53vqslk8ie63v"}
{"type":"log","timestamp":1662509985348,"level":"debug","message":"Inline data specified.","meta":{"rootId":"38y7usazok2jbta","id":"38y7usazok2jbta"},"id":"pjr62xmpvxylw7u","previousOperationId":"pb53vqslk8ie63v"}
{"type":"log","timestamp":1662509985351,"level":"debug","message":"Base url not specified, skipping its injection.","meta":{"rootId":"38y7usazok2jbta","id":"38y7usazok2jbta"},"id":"srjeyz1tdl0r8n3","previousOperationId":"pb53vqslk8ie63v"}
{"type":"operationStart","subtype":"engine","name":"handlebars","timestamp":1662509985351,"id":"512pzkupmrp52fu","previousEventId":"t14kmheow9slhl0","operationId":"v7ly4vdv365r81o","previousOperationId":"pb53vqslk8ie63v"}
{"type":"log","timestamp":1662509985351,"level":"debug","message":"Rendering engine handlebars","meta":{"rootId":"38y7usazok2jbta","id":"38y7usazok2jbta"},"id":"p3hbfbswe2bmuzm","previousOperationId":"v7ly4vdv365r81o"}
{"type":"operationEnd","operationId":"v7ly4vdv365r81o","timestamp":1662509985375,"id":"ys3gc5uvudygqt4","previousEventId":"512pzkupmrp52fu","previousOperationId":"v7ly4vdv365r81o"}
{"type":"operationStart","subtype":"recipe","name":"chrome-pdf","timestamp":1662509985376,"id":"mz86u1xhqwq9e2o","previousEventId":"ys3gc5uvudygqt4","operationId":"1j7t1xyvawc6zuu","previousOperationId":"v7ly4vdv365r81o"}
{"type":"log","timestamp":1662509985376,"level":"debug","message":"Executing recipe chrome-pdf","meta":{"rootId":"38y7usazok2jbta","id":"38y7usazok2jbta"},"id":"5p7ooh826grox6o","previousOperationId":"1j7t1xyvawc6zuu"}
{"type":"log","timestamp":1662509985378,"level":"debug","message":"Converting with chrome HeadlessChrome/98.0.4758.0 using chrome-pool strategy","meta":{"rootId":"38y7usazok2jbta","id":"38y7usazok2jbta"},"id":"3l98io84anpw2rz","previousOperationId":"1j7t1xyvawc6zuu"}
{"type":"log","timestamp":1662509985474,"level":"debug","message":"Page request: GET (document) file:///C:/Users/aasem/AppData/Local/Temp/jsreport/autocleanup/658b8a51-fb6a-4c0c-93b2-76e5d06a09ad-chrome-pdf.html","meta":{"rootId":"38y7usazok2jbta","id":"38y7usazok2jbta"},"id":"czja7df4gzmrpue","previousOperationId":"1j7t1xyvawc6zuu"}
{"type":"log","timestamp":1662509985485,"level":"debug","message":"Page request finished: GET (document) file:///C:/Users/aasem/AppData/Local/Temp/jsreport/autocleanup/658b8a51-fb6a-4c0c-93b2-76e5d06a09ad-chrome-pdf.html","meta":{"rootId":"38y7usazok2jbta","id":"38y7usazok2jbta"},"id":"65b7w7id4zua68c","previousOperationId":"1j7t1xyvawc6zuu"}
{"type":"log","timestamp":1662509985510,"level":"debug","message":"Running chrome with params {\"printBackground\":true,\"timeout\":59950,\"margin\":{}}","meta":{"rootId":"38y7usazok2jbta","id":"38y7usazok2jbta"},"id":"wocbrg8klv4awjo","previousOperationId":"1j7t1xyvawc6zuu"}
{"type":"operationEnd","operationId":"1j7t1xyvawc6zuu","timestamp":1662509985595,"id":"0nntkuvu9su1s39","previousEventId":"mz86u1xhqwq9e2o","previousOperationId":"1j7t1xyvawc6zuu"}
{"type":"operationStart","subtype":"reports","name":"persisting report","doDiffs":false,"timestamp":1662509985595,"id":"p8uz694th1vjr7j","previousEventId":"0nntkuvu9su1s39","operationId":"u64xxmzlwj0ual2","previousOperationId":"1j7t1xyvawc6zuu"}
{"type":"log","timestamp":1662509985611,"level":"debug","message":"Report stored as reports/salary/salarySlipTemplate/2LTopg95fbz7Jg18.pdf","meta":{"rootId":"38y7usazok2jbta","id":"38y7usazok2jbta"},"id":"wuuue7hwmzy66pq","previousOperationId":"u64xxmzlwj0ual2"}
{"type":"operationEnd","operationId":"u64xxmzlwj0ual2","doDiffs":false,"timestamp":1662509985611,"id":"4js3rhv1ap7nt27","previousEventId":"p8uz694th1vjr7j","previousOperationId":"u64xxmzlwj0ual2"}
{"type":"log","timestamp":1662509985611,"level":"info","message":"Rendering request 26 finished in 283 ms","meta":{"rootId":"38y7usazok2jbta","id":"38y7usazok2jbta"},"id":"btrkj4ts7l5lith","previousOperationId":"u64xxmzlwj0ual2"}
{"type":"operationEnd","subtype":"render","operationId":"pb53vqslk8ie63v","timestamp":1662509985611,"id":"b4u1sb9d31geu7r","previousEventId":"4js3rhv1ap7nt27","previousOperationId":"u64xxmzlwj0ual2"}
{"type":"operationEnd","doDiffs":false,"previousEventId":"yzrobdjlzo5vx5v","previousOperationId":"swetqpk223nq7aj","operationId":"swetqpk223nq7aj","timestamp":1662509985613,"id":"qzcty3icc7luenb"}
