{"type":"operationStart","subtype":"profile","data":{"_id":"9QwyNBQsEsyLDOTl","timestamp":"2022-09-21T07:16:13.076Z","state":"queued","mode":"standard","creationDate":"2022-09-21T07:16:13.077Z","modificationDate":"2022-09-21T07:16:13.077Z","shortid":"u8bUP-v","$entitySet":"profiles"},"doDiffs":false,"timestamp":1663744573077,"id":"tnb0u5r2d93gcra","previousOperationId":null,"operationId":"bewlknp8p416xy3"}
{"type":"log","level":"info","message":"Render request 3 queued for execution and waiting for available worker","previousOperationId":"bewlknp8p416xy3","timestamp":1663744573077,"id":"nzqdnqyykiote7i"}
{"type":"operationStart","subtype":"render","name":"salarySlipTemplate","previousOperationId":"bewlknp8p416xy3","timestamp":1663744575288,"id":"k5x0mfv9qvfjzx3","previousEventId":"tnb0u5r2d93gcra","operationId":"7h6pur9idqcg9lh"}
{"type":"log","timestamp":1663744575288,"level":"info","message":"Starting rendering request 3 (user: null)","meta":{"rootId":"3k6c7a0kix7wcdb","id":"3k6c7a0kix7wcdb"},"id":"meahostu9tatvtk","previousOperationId":"7h6pur9idqcg9lh"}
{"type":"log","timestamp":1663744575289,"level":"info","message":"Rendering template { name: salarySlipTemplate, recipe: chrome-pdf, engine: handlebars, preview: false }","meta":{"rootId":"3k6c7a0kix7wcdb","id":"3k6c7a0kix7wcdb"},"id":"hakb4jok17kxh52","previousOperationId":"7h6pur9idqcg9lh"}
{"type":"log","timestamp":1663744575289,"level":"debug","message":"Inline data specified.","meta":{"rootId":"3k6c7a0kix7wcdb","id":"3k6c7a0kix7wcdb"},"id":"hd9z6lmkekuqu0u","previousOperationId":"7h6pur9idqcg9lh"}
{"type":"log","timestamp":1663744575295,"level":"debug","message":"Base url not specified, skipping its injection.","meta":{"rootId":"3k6c7a0kix7wcdb","id":"3k6c7a0kix7wcdb"},"id":"a37jjjf8omxp9n1","previousOperationId":"7h6pur9idqcg9lh"}
{"type":"operationStart","subtype":"engine","name":"handlebars","timestamp":1663744575295,"id":"d9ahp7lcdvcve01","previousEventId":"k5x0mfv9qvfjzx3","operationId":"wszh492sgzxiwja","previousOperationId":"7h6pur9idqcg9lh"}
{"type":"log","timestamp":1663744575295,"level":"debug","message":"Rendering engine handlebars","meta":{"rootId":"3k6c7a0kix7wcdb","id":"3k6c7a0kix7wcdb"},"id":"kb71m0ywz2hmyhj","previousOperationId":"wszh492sgzxiwja"}
{"type":"operationEnd","operationId":"wszh492sgzxiwja","timestamp":1663744575312,"id":"6hu7siqe6dl9pl2","previousEventId":"d9ahp7lcdvcve01","previousOperationId":"wszh492sgzxiwja"}
{"type":"operationStart","subtype":"recipe","name":"chrome-pdf","timestamp":1663744575312,"id":"fpgfysmus9vdpud","previousEventId":"6hu7siqe6dl9pl2","operationId":"0l8q2xqp798unou","previousOperationId":"wszh492sgzxiwja"}
{"type":"log","timestamp":1663744575312,"level":"debug","message":"Executing recipe chrome-pdf","meta":{"rootId":"3k6c7a0kix7wcdb","id":"3k6c7a0kix7wcdb"},"id":"drbve418ip91t3m","previousOperationId":"0l8q2xqp798unou"}
{"type":"log","timestamp":1663744575317,"level":"debug","message":"Converting with chrome HeadlessChrome/98.0.4758.0 using chrome-pool strategy","meta":{"rootId":"3k6c7a0kix7wcdb","id":"3k6c7a0kix7wcdb"},"id":"t88fjnmzv3ter1k","previousOperationId":"0l8q2xqp798unou"}
{"type":"log","timestamp":1663744575706,"level":"debug","message":"Page request: GET (document) file:///C:/Users/aasem/AppData/Local/Temp/jsreport/autocleanup/9fc4fb6e-276e-4779-afae-429a916e20d9-chrome-pdf.html","meta":{"rootId":"3k6c7a0kix7wcdb","id":"3k6c7a0kix7wcdb"},"id":"hdsd9575id5rkbh","previousOperationId":"0l8q2xqp798unou"}
{"type":"log","timestamp":1663744575715,"level":"debug","message":"Page request finished: GET (document) file:///C:/Users/aasem/AppData/Local/Temp/jsreport/autocleanup/9fc4fb6e-276e-4779-afae-429a916e20d9-chrome-pdf.html","meta":{"rootId":"3k6c7a0kix7wcdb","id":"3k6c7a0kix7wcdb"},"id":"7g8nxipqh8ub8k8","previousOperationId":"0l8q2xqp798unou"}
{"type":"log","timestamp":1663744575749,"level":"debug","message":"Running chrome with params {\"printBackground\":true,\"timeout\":57762,\"margin\":{}}","meta":{"rootId":"3k6c7a0kix7wcdb","id":"3k6c7a0kix7wcdb"},"id":"6rgxox81hktdkdv","previousOperationId":"0l8q2xqp798unou"}
{"type":"operationEnd","operationId":"0l8q2xqp798unou","timestamp":1663744575949,"id":"0h1czpdj55d2l9a","previousEventId":"fpgfysmus9vdpud","previousOperationId":"0l8q2xqp798unou"}
{"type":"log","timestamp":1663744575949,"level":"debug","message":"Skipping storing report.","meta":{"rootId":"3k6c7a0kix7wcdb","id":"3k6c7a0kix7wcdb"},"id":"psvxf42c4ulwvto","previousOperationId":"0l8q2xqp798unou"}
{"type":"log","timestamp":1663744575949,"level":"info","message":"Rendering request 3 finished in 2873 ms","meta":{"rootId":"3k6c7a0kix7wcdb","id":"3k6c7a0kix7wcdb"},"id":"qi21v1qizx25el8","previousOperationId":"0l8q2xqp798unou"}
{"type":"operationEnd","subtype":"render","operationId":"7h6pur9idqcg9lh","timestamp":1663744575949,"id":"976dcmmczd21g8a","previousEventId":"0h1czpdj55d2l9a","previousOperationId":"0l8q2xqp798unou"}
{"type":"operationEnd","doDiffs":false,"previousEventId":"tnb0u5r2d93gcra","previousOperationId":"bewlknp8p416xy3","operationId":"bewlknp8p416xy3","timestamp":1663744575954,"id":"iwhtpwn30lb0yb4"}
