{"type":"operationStart","subtype":"profile","data":{"_id":"aOeNrwGmB238HdbW","timestamp":"2022-09-06T16:51:11.925Z","state":"queued","mode":"standard","creationDate":"2022-09-06T16:51:11.927Z","modificationDate":"2022-09-06T16:51:11.927Z","shortid":"GiXGNJA","$entitySet":"profiles"},"doDiffs":false,"timestamp":1662483071926,"id":"haw5ggtwkjnwwea","previousOperationId":null,"operationId":"xllpiwq4lhbmuyx"}
{"type":"log","level":"info","message":"Render request 34 queued for execution and waiting for available worker","previousOperationId":"xllpiwq4lhbmuyx","timestamp":1662483071926,"id":"9vwcmv1hldtkev5"}
{"type":"operationStart","subtype":"render","name":"salarySlipTemplate","previousOperationId":"xllpiwq4lhbmuyx","timestamp":1662483071937,"id":"pwixk9v8tmnt2zm","previousEventId":"haw5ggtwkjnwwea","operationId":"bxeu66d98mxkgiy"}
{"type":"log","timestamp":1662483071938,"level":"info","message":"Starting rendering request 34 (user: null)","meta":{"rootId":"3ngwzbip20emnuv","id":"3ngwzbip20emnuv"},"id":"deksdkrn6conu1e","previousOperationId":"bxeu66d98mxkgiy"}
{"type":"log","timestamp":1662483071939,"level":"info","message":"Rendering template { name: salarySlipTemplate, recipe: chrome-pdf, engine: handlebars, preview: false }","meta":{"rootId":"3ngwzbip20emnuv","id":"3ngwzbip20emnuv"},"id":"wu3nidhli5i8tbs","previousOperationId":"bxeu66d98mxkgiy"}
{"type":"log","timestamp":1662483071940,"level":"debug","message":"Inline data specified.","meta":{"rootId":"3ngwzbip20emnuv","id":"3ngwzbip20emnuv"},"id":"qx8wvtrn4voty8o","previousOperationId":"bxeu66d98mxkgiy"}
{"type":"log","timestamp":1662483071942,"level":"debug","message":"Base url not specified, skipping its injection.","meta":{"rootId":"3ngwzbip20emnuv","id":"3ngwzbip20emnuv"},"id":"e1rpps4l390urrd","previousOperationId":"bxeu66d98mxkgiy"}
{"type":"operationStart","subtype":"engine","name":"handlebars","timestamp":1662483071943,"id":"tlfrfp2sxod4vfd","previousEventId":"pwixk9v8tmnt2zm","operationId":"1bz7bwvcapxy8gz","previousOperationId":"bxeu66d98mxkgiy"}
{"type":"log","timestamp":1662483071943,"level":"debug","message":"Rendering engine handlebars","meta":{"rootId":"3ngwzbip20emnuv","id":"3ngwzbip20emnuv"},"id":"ttzpm1cek9l4vc5","previousOperationId":"1bz7bwvcapxy8gz"}
{"type":"operationEnd","operationId":"1bz7bwvcapxy8gz","timestamp":1662483071958,"id":"4f31n0bo1kus2eh","previousEventId":"tlfrfp2sxod4vfd","previousOperationId":"1bz7bwvcapxy8gz"}
{"type":"operationStart","subtype":"recipe","name":"chrome-pdf","timestamp":1662483071958,"id":"cyircgosw20j1c4","previousEventId":"4f31n0bo1kus2eh","operationId":"9432zl9ybcthm2y","previousOperationId":"1bz7bwvcapxy8gz"}
{"type":"log","timestamp":1662483071958,"level":"debug","message":"Executing recipe chrome-pdf","meta":{"rootId":"3ngwzbip20emnuv","id":"3ngwzbip20emnuv"},"id":"ss5ej1midqn8uvj","previousOperationId":"9432zl9ybcthm2y"}
{"type":"log","timestamp":1662483071960,"level":"debug","message":"Converting with chrome HeadlessChrome/98.0.4758.0 using chrome-pool strategy","meta":{"rootId":"3ngwzbip20emnuv","id":"3ngwzbip20emnuv"},"id":"rgq1q2qog5u4k1g","previousOperationId":"9432zl9ybcthm2y"}
{"type":"log","timestamp":1662483072057,"level":"debug","message":"Page request: GET (document) file:///C:/Users/aasem/AppData/Local/Temp/jsreport/autocleanup/e2cbcb85-43c6-43a9-ae8e-f7214c5c2227-chrome-pdf.html","meta":{"rootId":"3ngwzbip20emnuv","id":"3ngwzbip20emnuv"},"id":"bdmsbwu7xfgbfgj","previousOperationId":"9432zl9ybcthm2y"}
{"type":"log","timestamp":1662483072070,"level":"debug","message":"Page request finished: GET (document) file:///C:/Users/aasem/AppData/Local/Temp/jsreport/autocleanup/e2cbcb85-43c6-43a9-ae8e-f7214c5c2227-chrome-pdf.html","meta":{"rootId":"3ngwzbip20emnuv","id":"3ngwzbip20emnuv"},"id":"acpg3w94e8eem1c","previousOperationId":"9432zl9ybcthm2y"}
{"type":"log","timestamp":1662483072100,"level":"debug","message":"Running chrome with params {\"printBackground\":true,\"timeout\":59966,\"margin\":{}}","meta":{"rootId":"3ngwzbip20emnuv","id":"3ngwzbip20emnuv"},"id":"t89dci5o9l0mexg","previousOperationId":"9432zl9ybcthm2y"}
{"type":"operationEnd","operationId":"9432zl9ybcthm2y","timestamp":1662483072208,"id":"4h0d1vgqyswtz9u","previousEventId":"cyircgosw20j1c4","previousOperationId":"9432zl9ybcthm2y"}
{"type":"operationStart","subtype":"reports","name":"persisting report","doDiffs":false,"timestamp":1662483072208,"id":"9y9iu46m6w7e1dp","previousEventId":"4h0d1vgqyswtz9u","operationId":"tn86zds5ihgv1ir","previousOperationId":"9432zl9ybcthm2y"}
{"type":"log","timestamp":1662483072234,"level":"debug","message":"Report stored as reports/salary/salarySlipTemplate/F4GSEh2cvDNygBWS.pdf","meta":{"rootId":"3ngwzbip20emnuv","id":"3ngwzbip20emnuv"},"id":"ebcncxqa2omrjb6","previousOperationId":"tn86zds5ihgv1ir"}
{"type":"operationEnd","operationId":"tn86zds5ihgv1ir","doDiffs":false,"timestamp":1662483072234,"id":"sj6lpt4fbs6bms7","previousEventId":"9y9iu46m6w7e1dp","previousOperationId":"tn86zds5ihgv1ir"}
{"type":"log","timestamp":1662483072234,"level":"info","message":"Rendering request 34 finished in 309 ms","meta":{"rootId":"3ngwzbip20emnuv","id":"3ngwzbip20emnuv"},"id":"7kfmy20h12ju34m","previousOperationId":"tn86zds5ihgv1ir"}
{"type":"operationEnd","subtype":"render","operationId":"bxeu66d98mxkgiy","timestamp":1662483072234,"id":"ds3ianb70ty0url","previousEventId":"sj6lpt4fbs6bms7","previousOperationId":"tn86zds5ihgv1ir"}
{"type":"operationEnd","doDiffs":false,"previousEventId":"haw5ggtwkjnwwea","previousOperationId":"xllpiwq4lhbmuyx","operationId":"xllpiwq4lhbmuyx","timestamp":1662483072238,"id":"o4koof2gyck27pg"}
