{"type":"operationStart","subtype":"profile","data":{"_id":"Awg295Lee8IKQc1x","timestamp":"2022-09-06T16:47:11.003Z","state":"queued","mode":"standard","creationDate":"2022-09-06T16:47:11.004Z","modificationDate":"2022-09-06T16:47:11.004Z","shortid":"axJBYdi","$entitySet":"profiles"},"doDiffs":false,"timestamp":1662482831004,"id":"oph0e1lj7306pyp","previousOperationId":null,"operationId":"zb75afk115am7hb"}
{"type":"log","level":"info","message":"Render request 21 queued for execution and waiting for available worker","previousOperationId":"zb75afk115am7hb","timestamp":1662482831004,"id":"8vuppchltgnn3zj"}
{"type":"operationStart","subtype":"render","name":"salarySlipTemplate","previousOperationId":"zb75afk115am7hb","timestamp":1662482831011,"id":"yi6vgtl2rq5vzgs","previousEventId":"oph0e1lj7306pyp","operationId":"9nzw901utka63xo"}
{"type":"log","timestamp":1662482831011,"level":"info","message":"Starting rendering request 21 (user: null)","meta":{"rootId":"40shg9wzs9cz5me","id":"40shg9wzs9cz5me"},"id":"u2mz70tpux191vx","previousOperationId":"9nzw901utka63xo"}
{"type":"log","timestamp":1662482831013,"level":"info","message":"Rendering template { name: salarySlipTemplate, recipe: chrome-pdf, engine: handlebars, preview: false }","meta":{"rootId":"40shg9wzs9cz5me","id":"40shg9wzs9cz5me"},"id":"8clo62shhe2f9sn","previousOperationId":"9nzw901utka63xo"}
{"type":"log","timestamp":1662482831015,"level":"debug","message":"Inline data specified.","meta":{"rootId":"40shg9wzs9cz5me","id":"40shg9wzs9cz5me"},"id":"zuz1otfybi5ok8l","previousOperationId":"9nzw901utka63xo"}
{"type":"log","timestamp":1662482831019,"level":"debug","message":"Base url not specified, skipping its injection.","meta":{"rootId":"40shg9wzs9cz5me","id":"40shg9wzs9cz5me"},"id":"h0hudqbu9ghymff","previousOperationId":"9nzw901utka63xo"}
{"type":"operationStart","subtype":"engine","name":"handlebars","timestamp":1662482831019,"id":"32d1w1e2m640sfq","previousEventId":"yi6vgtl2rq5vzgs","operationId":"ib8jdu7wximchik","previousOperationId":"9nzw901utka63xo"}
{"type":"log","timestamp":1662482831019,"level":"debug","message":"Rendering engine handlebars","meta":{"rootId":"40shg9wzs9cz5me","id":"40shg9wzs9cz5me"},"id":"h74fq1o2ecal896","previousOperationId":"ib8jdu7wximchik"}
{"type":"operationEnd","operationId":"ib8jdu7wximchik","timestamp":1662482831032,"id":"5b9t4g3gocuf5za","previousEventId":"32d1w1e2m640sfq","previousOperationId":"ib8jdu7wximchik"}
{"type":"operationStart","subtype":"recipe","name":"chrome-pdf","timestamp":1662482831032,"id":"icz356m189v5diz","previousEventId":"5b9t4g3gocuf5za","operationId":"j72sg2y2ubzph1t","previousOperationId":"ib8jdu7wximchik"}
{"type":"log","timestamp":1662482831032,"level":"debug","message":"Executing recipe chrome-pdf","meta":{"rootId":"40shg9wzs9cz5me","id":"40shg9wzs9cz5me"},"id":"3mgolc7gu0r1dmm","previousOperationId":"j72sg2y2ubzph1t"}
{"type":"log","timestamp":1662482831035,"level":"debug","message":"Converting with chrome HeadlessChrome/98.0.4758.0 using chrome-pool strategy","meta":{"rootId":"40shg9wzs9cz5me","id":"40shg9wzs9cz5me"},"id":"nwgzsdhnbj2omw1","previousOperationId":"j72sg2y2ubzph1t"}
{"type":"log","timestamp":1662482831129,"level":"debug","message":"Page request: GET (document) file:///C:/Users/aasem/AppData/Local/Temp/jsreport/autocleanup/63cee038-8d18-4364-9df1-357664a07410-chrome-pdf.html","meta":{"rootId":"40shg9wzs9cz5me","id":"40shg9wzs9cz5me"},"id":"wx7q5epm9jidhig","previousOperationId":"j72sg2y2ubzph1t"}
{"type":"log","timestamp":1662482831141,"level":"debug","message":"Page request finished: GET (document) file:///C:/Users/aasem/AppData/Local/Temp/jsreport/autocleanup/63cee038-8d18-4364-9df1-357664a07410-chrome-pdf.html","meta":{"rootId":"40shg9wzs9cz5me","id":"40shg9wzs9cz5me"},"id":"x7vhs14vp8s502i","previousOperationId":"j72sg2y2ubzph1t"}
{"type":"log","timestamp":1662482831169,"level":"debug","message":"Running chrome with params {\"printBackground\":true,\"timeout\":59969,\"margin\":{}}","meta":{"rootId":"40shg9wzs9cz5me","id":"40shg9wzs9cz5me"},"id":"kngg57tv46usvov","previousOperationId":"j72sg2y2ubzph1t"}
{"type":"operationEnd","operationId":"j72sg2y2ubzph1t","timestamp":1662482831270,"id":"ki7uethdt3xp6ui","previousEventId":"icz356m189v5diz","previousOperationId":"j72sg2y2ubzph1t"}
{"type":"operationStart","subtype":"reports","name":"persisting report","doDiffs":false,"timestamp":1662482831270,"id":"iwtpgeh8m7jtzuq","previousEventId":"ki7uethdt3xp6ui","operationId":"87lxndor5xtq6nn","previousOperationId":"j72sg2y2ubzph1t"}
{"type":"log","timestamp":1662482831287,"level":"debug","message":"Report stored as reports/salary/salarySlipTemplate/u2d8zAD2FnpS38Be.pdf","meta":{"rootId":"40shg9wzs9cz5me","id":"40shg9wzs9cz5me"},"id":"nq9qg9pe005ue3p","previousOperationId":"87lxndor5xtq6nn"}
{"type":"operationEnd","operationId":"87lxndor5xtq6nn","doDiffs":false,"timestamp":1662482831287,"id":"azi6b9tat4jbg35","previousEventId":"iwtpgeh8m7jtzuq","previousOperationId":"87lxndor5xtq6nn"}
{"type":"log","timestamp":1662482831287,"level":"info","message":"Rendering request 21 finished in 284 ms","meta":{"rootId":"40shg9wzs9cz5me","id":"40shg9wzs9cz5me"},"id":"vvlasio31a2bx41","previousOperationId":"87lxndor5xtq6nn"}
{"type":"operationEnd","subtype":"render","operationId":"9nzw901utka63xo","timestamp":1662482831287,"id":"rewta0hdtl4vqub","previousEventId":"azi6b9tat4jbg35","previousOperationId":"87lxndor5xtq6nn"}
{"type":"operationEnd","doDiffs":false,"previousEventId":"oph0e1lj7306pyp","previousOperationId":"zb75afk115am7hb","operationId":"zb75afk115am7hb","timestamp":1662482831290,"id":"no7kzbo35aj1rcs"}
