{"type":"operationStart","subtype":"profile","data":{"_id":"wELTXtZJuQ9YyYUB","timestamp":"2022-09-07T00:23:47.886Z","state":"queued","mode":"standard","creationDate":"2022-09-07T00:23:47.889Z","modificationDate":"2022-09-07T00:23:47.889Z","shortid":"QBVm9mV","$entitySet":"profiles"},"doDiffs":false,"timestamp":1662510227888,"id":"lglssn91p5ynz9h","previousOperationId":null,"operationId":"sbkvvzudjes7fk5"}
{"type":"log","level":"info","message":"Render request 34 queued for execution and waiting for available worker","previousOperationId":"sbkvvzudjes7fk5","timestamp":1662510227888,"id":"nw68b65oieds141"}
{"type":"operationStart","subtype":"render","name":"salarySlipTemplate","previousOperationId":"sbkvvzudjes7fk5","timestamp":1662510227901,"id":"s752e4pismh5m6g","previousEventId":"lglssn91p5ynz9h","operationId":"ww1gj521yvjvax2"}
{"type":"log","timestamp":1662510227901,"level":"info","message":"Starting rendering request 34 (user: null)","meta":{"rootId":"4fo9ni9mbkztp7q","id":"4fo9ni9mbkztp7q"},"id":"rv42r1rzhp28g5p","previousOperationId":"ww1gj521yvjvax2"}
{"type":"log","timestamp":1662510227901,"level":"info","message":"Rendering template { name: salarySlipTemplate, recipe: chrome-pdf, engine: handlebars, preview: false }","meta":{"rootId":"4fo9ni9mbkztp7q","id":"4fo9ni9mbkztp7q"},"id":"2afk89ndg89nugf","previousOperationId":"ww1gj521yvjvax2"}
{"type":"log","timestamp":1662510227904,"level":"debug","message":"Inline data specified.","meta":{"rootId":"4fo9ni9mbkztp7q","id":"4fo9ni9mbkztp7q"},"id":"fl96tijbw67ewaj","previousOperationId":"ww1gj521yvjvax2"}
{"type":"log","timestamp":1662510227906,"level":"debug","message":"Base url not specified, skipping its injection.","meta":{"rootId":"4fo9ni9mbkztp7q","id":"4fo9ni9mbkztp7q"},"id":"nk750pxsvxsmwby","previousOperationId":"ww1gj521yvjvax2"}
{"type":"operationStart","subtype":"engine","name":"handlebars","timestamp":1662510227906,"id":"slvb2jxlgjvpgh3","previousEventId":"s752e4pismh5m6g","operationId":"6ab9id1qlvpscld","previousOperationId":"ww1gj521yvjvax2"}
{"type":"log","timestamp":1662510227906,"level":"debug","message":"Rendering engine handlebars","meta":{"rootId":"4fo9ni9mbkztp7q","id":"4fo9ni9mbkztp7q"},"id":"fduac6e8dry5ti8","previousOperationId":"6ab9id1qlvpscld"}
{"type":"operationEnd","operationId":"6ab9id1qlvpscld","timestamp":1662510227929,"id":"jks6mede797uqr3","previousEventId":"slvb2jxlgjvpgh3","previousOperationId":"6ab9id1qlvpscld"}
{"type":"operationStart","subtype":"recipe","name":"chrome-pdf","timestamp":1662510227929,"id":"34iygpuq5txw3rq","previousEventId":"jks6mede797uqr3","operationId":"wtkv33478nwm5a8","previousOperationId":"6ab9id1qlvpscld"}
{"type":"log","timestamp":1662510227929,"level":"debug","message":"Executing recipe chrome-pdf","meta":{"rootId":"4fo9ni9mbkztp7q","id":"4fo9ni9mbkztp7q"},"id":"wpir8hy0s6l0z3o","previousOperationId":"wtkv33478nwm5a8"}
{"type":"log","timestamp":1662510227931,"level":"debug","message":"Converting with chrome HeadlessChrome/98.0.4758.0 using chrome-pool strategy","meta":{"rootId":"4fo9ni9mbkztp7q","id":"4fo9ni9mbkztp7q"},"id":"x61torboz5piza2","previousOperationId":"wtkv33478nwm5a8"}
{"type":"log","timestamp":1662510228028,"level":"debug","message":"Page request: GET (document) file:///C:/Users/aasem/AppData/Local/Temp/jsreport/autocleanup/8c2dcac0-de05-4ed6-b85c-4ef9b143f851-chrome-pdf.html","meta":{"rootId":"4fo9ni9mbkztp7q","id":"4fo9ni9mbkztp7q"},"id":"gyifb66wgqi6h3d","previousOperationId":"wtkv33478nwm5a8"}
{"type":"log","timestamp":1662510228039,"level":"debug","message":"Page request finished: GET (document) file:///C:/Users/aasem/AppData/Local/Temp/jsreport/autocleanup/8c2dcac0-de05-4ed6-b85c-4ef9b143f851-chrome-pdf.html","meta":{"rootId":"4fo9ni9mbkztp7q","id":"4fo9ni9mbkztp7q"},"id":"a21v9ld7mo5w4rc","previousOperationId":"wtkv33478nwm5a8"}
{"type":"log","timestamp":1662510228062,"level":"debug","message":"Running chrome with params {\"printBackground\":true,\"timeout\":59955,\"margin\":{}}","meta":{"rootId":"4fo9ni9mbkztp7q","id":"4fo9ni9mbkztp7q"},"id":"xoax2dewg6et6gu","previousOperationId":"wtkv33478nwm5a8"}
{"type":"operationEnd","operationId":"wtkv33478nwm5a8","timestamp":1662510228151,"id":"y0ogfc7dzoxdtkf","previousEventId":"34iygpuq5txw3rq","previousOperationId":"wtkv33478nwm5a8"}
{"type":"operationStart","subtype":"reports","name":"persisting report","doDiffs":false,"timestamp":1662510228152,"id":"52l7gm3mvy971li","previousEventId":"y0ogfc7dzoxdtkf","operationId":"nbc6fpacs995iol","previousOperationId":"wtkv33478nwm5a8"}
{"type":"log","timestamp":1662510228164,"level":"debug","message":"Report stored as reports/salary/salarySlipTemplate/096gZ6lphyky3cuC.pdf","meta":{"rootId":"4fo9ni9mbkztp7q","id":"4fo9ni9mbkztp7q"},"id":"s979egerms639pn","previousOperationId":"nbc6fpacs995iol"}
{"type":"operationEnd","operationId":"nbc6fpacs995iol","doDiffs":false,"timestamp":1662510228164,"id":"4pcpaney57gvu0k","previousEventId":"52l7gm3mvy971li","previousOperationId":"nbc6fpacs995iol"}
{"type":"log","timestamp":1662510228164,"level":"info","message":"Rendering request 34 finished in 279 ms","meta":{"rootId":"4fo9ni9mbkztp7q","id":"4fo9ni9mbkztp7q"},"id":"zv9urwvwrk5emb9","previousOperationId":"nbc6fpacs995iol"}
{"type":"operationEnd","subtype":"render","operationId":"ww1gj521yvjvax2","timestamp":1662510228165,"id":"n8bv7o6eekoqj7n","previousEventId":"4pcpaney57gvu0k","previousOperationId":"nbc6fpacs995iol"}
{"type":"operationEnd","doDiffs":false,"previousEventId":"lglssn91p5ynz9h","previousOperationId":"sbkvvzudjes7fk5","operationId":"sbkvvzudjes7fk5","timestamp":1662510228167,"id":"7mk8vofyth8ggyv"}
