{"type":"operationStart","subtype":"profile","data":{"_id":"SljOhVvT626ZbLwK","timestamp":"2022-09-07T00:21:40.083Z","state":"queued","mode":"standard","creationDate":"2022-09-07T00:21:40.084Z","modificationDate":"2022-09-07T00:21:40.084Z","shortid":"9SX6swc","$entitySet":"profiles"},"doDiffs":false,"timestamp":1662510100084,"id":"otq6zrga2qvpoh7","previousOperationId":null,"operationId":"s32cxlyalgkhoxw"}
{"type":"log","level":"info","message":"Render request 30 queued for execution and waiting for available worker","previousOperationId":"s32cxlyalgkhoxw","timestamp":1662510100084,"id":"0q9yrdtwkmk9fvp"}
{"type":"operationStart","subtype":"render","name":"salarySlipTemplate","previousOperationId":"s32cxlyalgkhoxw","timestamp":1662510100089,"id":"2bgkkuhqp603akv","previousEventId":"otq6zrga2qvpoh7","operationId":"p6vhaku8zy91fp1"}
{"type":"log","timestamp":1662510100089,"level":"info","message":"Starting rendering request 30 (user: null)","meta":{"rootId":"4jilya0g3z78pw5","id":"4jilya0g3z78pw5"},"id":"7uz77ilphuvih4z","previousOperationId":"p6vhaku8zy91fp1"}
{"type":"log","timestamp":1662510100089,"level":"info","message":"Rendering template { name: salarySlipTemplate, recipe: chrome-pdf, engine: handlebars, preview: false }","meta":{"rootId":"4jilya0g3z78pw5","id":"4jilya0g3z78pw5"},"id":"swwrv5hcudqfbkx","previousOperationId":"p6vhaku8zy91fp1"}
{"type":"log","timestamp":1662510100090,"level":"debug","message":"Inline data specified.","meta":{"rootId":"4jilya0g3z78pw5","id":"4jilya0g3z78pw5"},"id":"ldf9ju3u42n2flw","previousOperationId":"p6vhaku8zy91fp1"}
{"type":"log","timestamp":1662510100092,"level":"debug","message":"Base url not specified, skipping its injection.","meta":{"rootId":"4jilya0g3z78pw5","id":"4jilya0g3z78pw5"},"id":"hbicrnfnx1hpitv","previousOperationId":"p6vhaku8zy91fp1"}
{"type":"operationStart","subtype":"engine","name":"handlebars","timestamp":1662510100092,"id":"jjxjx9zcunmlcuk","previousEventId":"2bgkkuhqp603akv","operationId":"2557c997mk8wwgd","previousOperationId":"p6vhaku8zy91fp1"}
{"type":"log","timestamp":1662510100092,"level":"debug","message":"Rendering engine handlebars","meta":{"rootId":"4jilya0g3z78pw5","id":"4jilya0g3z78pw5"},"id":"dpf5ydu7j84m9uw","previousOperationId":"2557c997mk8wwgd"}
{"type":"operationEnd","operationId":"2557c997mk8wwgd","timestamp":1662510100107,"id":"2rkhjmlrhh7fmp9","previousEventId":"jjxjx9zcunmlcuk","previousOperationId":"2557c997mk8wwgd"}
{"type":"operationStart","subtype":"recipe","name":"chrome-pdf","timestamp":1662510100107,"id":"2s5dy0ufrq2d8ui","previousEventId":"2rkhjmlrhh7fmp9","operationId":"zle3mshdkkkoeqw","previousOperationId":"2557c997mk8wwgd"}
{"type":"log","timestamp":1662510100107,"level":"debug","message":"Executing recipe chrome-pdf","meta":{"rootId":"4jilya0g3z78pw5","id":"4jilya0g3z78pw5"},"id":"w0c27e1paz56al6","previousOperationId":"zle3mshdkkkoeqw"}
{"type":"log","timestamp":1662510100109,"level":"debug","message":"Converting with chrome HeadlessChrome/98.0.4758.0 using chrome-pool strategy","meta":{"rootId":"4jilya0g3z78pw5","id":"4jilya0g3z78pw5"},"id":"pzadr5sdcjdyy7u","previousOperationId":"zle3mshdkkkoeqw"}
{"type":"log","timestamp":1662510100206,"level":"debug","message":"Page request: GET (document) file:///C:/Users/aasem/AppData/Local/Temp/jsreport/autocleanup/fda2da44-ed6b-47dd-8e0d-b1f562ee23c8-chrome-pdf.html","meta":{"rootId":"4jilya0g3z78pw5","id":"4jilya0g3z78pw5"},"id":"yrgl65qcvqcd0qz","previousOperationId":"zle3mshdkkkoeqw"}
{"type":"log","timestamp":1662510100217,"level":"debug","message":"Page request finished: GET (document) file:///C:/Users/aasem/AppData/Local/Temp/jsreport/autocleanup/fda2da44-ed6b-47dd-8e0d-b1f562ee23c8-chrome-pdf.html","meta":{"rootId":"4jilya0g3z78pw5","id":"4jilya0g3z78pw5"},"id":"w8hcnr9ke0vdoou","previousOperationId":"zle3mshdkkkoeqw"}
{"type":"log","timestamp":1662510100243,"level":"debug","message":"Running chrome with params {\"printBackground\":true,\"timeout\":59975,\"margin\":{}}","meta":{"rootId":"4jilya0g3z78pw5","id":"4jilya0g3z78pw5"},"id":"g61aas2wlkzczxf","previousOperationId":"zle3mshdkkkoeqw"}
{"type":"operationEnd","operationId":"zle3mshdkkkoeqw","timestamp":1662510100346,"id":"d1ipywh2jhydtb7","previousEventId":"2s5dy0ufrq2d8ui","previousOperationId":"zle3mshdkkkoeqw"}
{"type":"operationStart","subtype":"reports","name":"persisting report","doDiffs":false,"timestamp":1662510100346,"id":"hl4qxnr3vytfwvx","previousEventId":"d1ipywh2jhydtb7","operationId":"zyy3zxvlfwhe8sd","previousOperationId":"zle3mshdkkkoeqw"}
{"type":"log","timestamp":1662510100364,"level":"debug","message":"Report stored as reports/salary/salarySlipTemplate/EZqRzkUqSqLgtcVo.pdf","meta":{"rootId":"4jilya0g3z78pw5","id":"4jilya0g3z78pw5"},"id":"lk9tdx55ehkk9hn","previousOperationId":"zyy3zxvlfwhe8sd"}
{"type":"operationEnd","operationId":"zyy3zxvlfwhe8sd","doDiffs":false,"timestamp":1662510100364,"id":"bzgihbsqn999cj9","previousEventId":"hl4qxnr3vytfwvx","previousOperationId":"zyy3zxvlfwhe8sd"}
{"type":"log","timestamp":1662510100365,"level":"info","message":"Rendering request 30 finished in 282 ms","meta":{"rootId":"4jilya0g3z78pw5","id":"4jilya0g3z78pw5"},"id":"o1na4d2zfh1npk6","previousOperationId":"zyy3zxvlfwhe8sd"}
{"type":"operationEnd","subtype":"render","operationId":"p6vhaku8zy91fp1","timestamp":1662510100365,"id":"iukc7jdf3g703tv","previousEventId":"bzgihbsqn999cj9","previousOperationId":"zyy3zxvlfwhe8sd"}
{"type":"operationEnd","doDiffs":false,"previousEventId":"otq6zrga2qvpoh7","previousOperationId":"s32cxlyalgkhoxw","operationId":"s32cxlyalgkhoxw","timestamp":1662510100368,"id":"0wa1w39ex46w2q8"}
