{"type":"operationStart","subtype":"profile","data":{"_id":"Z7j2X0UrdbworPWt","timestamp":"2022-09-06T17:56:16.557Z","state":"queued","mode":"standard","creationDate":"2022-09-06T17:56:16.559Z","modificationDate":"2022-09-06T17:56:16.559Z","shortid":"Xvzpki7","$entitySet":"profiles"},"doDiffs":false,"timestamp":1662486976558,"id":"3y0xv208hxwtxm6","previousOperationId":null,"operationId":"yzahbrjrl4qrozz"}
{"type":"log","level":"info","message":"Render request 7 queued for execution and waiting for available worker","previousOperationId":"yzahbrjrl4qrozz","timestamp":1662486976558,"id":"2g4rid9nv2p4b7z"}
{"type":"operationStart","subtype":"render","name":"salarySlipTemplate","previousOperationId":"yzahbrjrl4qrozz","timestamp":1662486976568,"id":"vyycvkuhaju761z","previousEventId":"3y0xv208hxwtxm6","operationId":"gprhd0h5uz8m6wp"}
{"type":"log","timestamp":1662486976568,"level":"info","message":"Starting rendering request 7 (user: null)","meta":{"rootId":"4nfnc41n4hhso0b","id":"4nfnc41n4hhso0b"},"id":"hvw0w0h4w09p41c","previousOperationId":"gprhd0h5uz8m6wp"}
{"type":"log","timestamp":1662486976568,"level":"info","message":"Rendering template { name: salarySlipTemplate, recipe: chrome-pdf, engine: handlebars, preview: false }","meta":{"rootId":"4nfnc41n4hhso0b","id":"4nfnc41n4hhso0b"},"id":"omg6c0qju85d1ax","previousOperationId":"gprhd0h5uz8m6wp"}
{"type":"log","timestamp":1662486976569,"level":"debug","message":"Inline data specified.","meta":{"rootId":"4nfnc41n4hhso0b","id":"4nfnc41n4hhso0b"},"id":"barvcydfp8edqsy","previousOperationId":"gprhd0h5uz8m6wp"}
{"type":"log","timestamp":1662486976571,"level":"debug","message":"Base url not specified, skipping its injection.","meta":{"rootId":"4nfnc41n4hhso0b","id":"4nfnc41n4hhso0b"},"id":"5k7id4kvpqaum3c","previousOperationId":"gprhd0h5uz8m6wp"}
{"type":"operationStart","subtype":"engine","name":"handlebars","timestamp":1662486976571,"id":"pkl4n6u1a7xphpv","previousEventId":"vyycvkuhaju761z","operationId":"o0w1280bnzf0yg1","previousOperationId":"gprhd0h5uz8m6wp"}
{"type":"log","timestamp":1662486976571,"level":"debug","message":"Rendering engine handlebars","meta":{"rootId":"4nfnc41n4hhso0b","id":"4nfnc41n4hhso0b"},"id":"xcii9enoobyqgmr","previousOperationId":"o0w1280bnzf0yg1"}
{"type":"operationEnd","operationId":"o0w1280bnzf0yg1","timestamp":1662486976589,"id":"qve7bkg3cqfw2rl","previousEventId":"pkl4n6u1a7xphpv","previousOperationId":"o0w1280bnzf0yg1"}
{"type":"operationStart","subtype":"recipe","name":"chrome-pdf","timestamp":1662486976589,"id":"n0sljgj1bxfn0mz","previousEventId":"qve7bkg3cqfw2rl","operationId":"5kla40irlnglscj","previousOperationId":"o0w1280bnzf0yg1"}
{"type":"log","timestamp":1662486976589,"level":"debug","message":"Executing recipe chrome-pdf","meta":{"rootId":"4nfnc41n4hhso0b","id":"4nfnc41n4hhso0b"},"id":"9mr0j66b0ws2iyz","previousOperationId":"5kla40irlnglscj"}
{"type":"log","timestamp":1662486976592,"level":"debug","message":"Converting with chrome HeadlessChrome/98.0.4758.0 using chrome-pool strategy","meta":{"rootId":"4nfnc41n4hhso0b","id":"4nfnc41n4hhso0b"},"id":"p5qpgalm0o32woe","previousOperationId":"5kla40irlnglscj"}
{"type":"log","timestamp":1662486976828,"level":"debug","message":"Page request: GET (document) file:///C:/Users/aasem/AppData/Local/Temp/jsreport/autocleanup/39dcbc95-057e-40c0-840a-01644aff5be7-chrome-pdf.html","meta":{"rootId":"4nfnc41n4hhso0b","id":"4nfnc41n4hhso0b"},"id":"hs2emkj0t9u3xvj","previousOperationId":"5kla40irlnglscj"}
{"type":"log","timestamp":1662486976837,"level":"debug","message":"Page request finished: GET (document) file:///C:/Users/aasem/AppData/Local/Temp/jsreport/autocleanup/39dcbc95-057e-40c0-840a-01644aff5be7-chrome-pdf.html","meta":{"rootId":"4nfnc41n4hhso0b","id":"4nfnc41n4hhso0b"},"id":"io3l3he1gbcx6y9","previousOperationId":"5kla40irlnglscj"}
{"type":"log","timestamp":1662486976864,"level":"debug","message":"Running chrome with params {\"printBackground\":true,\"timeout\":59966,\"margin\":{}}","meta":{"rootId":"4nfnc41n4hhso0b","id":"4nfnc41n4hhso0b"},"id":"5bmsyaq9nwaj51b","previousOperationId":"5kla40irlnglscj"}
{"type":"operationEnd","operationId":"5kla40irlnglscj","timestamp":1662486976964,"id":"uehpl653isaqll7","previousEventId":"n0sljgj1bxfn0mz","previousOperationId":"5kla40irlnglscj"}
{"type":"operationStart","subtype":"reports","name":"persisting report","doDiffs":false,"timestamp":1662486976964,"id":"46eqixug4tcgc4c","previousEventId":"uehpl653isaqll7","operationId":"t1ujad45knrvhce","previousOperationId":"5kla40irlnglscj"}
{"type":"log","timestamp":1662486976980,"level":"debug","message":"Report stored as reports/salary/salarySlipTemplate/J1xLN7F8HvZdA5qn.pdf","meta":{"rootId":"4nfnc41n4hhso0b","id":"4nfnc41n4hhso0b"},"id":"9aclq3oam8lbemu","previousOperationId":"t1ujad45knrvhce"}
{"type":"operationEnd","operationId":"t1ujad45knrvhce","doDiffs":false,"timestamp":1662486976980,"id":"lf0cx0fus2drwzh","previousEventId":"46eqixug4tcgc4c","previousOperationId":"t1ujad45knrvhce"}
{"type":"log","timestamp":1662486976980,"level":"info","message":"Rendering request 7 finished in 423 ms","meta":{"rootId":"4nfnc41n4hhso0b","id":"4nfnc41n4hhso0b"},"id":"prnjhegt7hjunfy","previousOperationId":"t1ujad45knrvhce"}
{"type":"operationEnd","subtype":"render","operationId":"gprhd0h5uz8m6wp","timestamp":1662486976980,"id":"f0sa0l7m63xrv4u","previousEventId":"lf0cx0fus2drwzh","previousOperationId":"t1ujad45knrvhce"}
{"type":"operationEnd","doDiffs":false,"previousEventId":"3y0xv208hxwtxm6","previousOperationId":"yzahbrjrl4qrozz","operationId":"yzahbrjrl4qrozz","timestamp":1662486976984,"id":"u0dq6sblhnlomn0"}
