{"type":"operationStart","subtype":"profile","data":{"_id":"7Wa8vBe0cyWhajGm","timestamp":"2022-09-10T21:16:47.965Z","state":"queued","mode":"standard","creationDate":"2022-09-10T21:16:47.967Z","modificationDate":"2022-09-10T21:16:47.967Z","shortid":"oyNiLQl","$entitySet":"profiles"},"doDiffs":false,"timestamp":1662844607966,"id":"5xdaaz0efem8rc4","previousOperationId":null,"operationId":"yrzei4o5bh2aabz"}
{"type":"log","level":"info","message":"Render request 4 queued for execution and waiting for available worker","previousOperationId":"yrzei4o5bh2aabz","timestamp":1662844607966,"id":"ss8mpp29jmbdvu8"}
{"type":"operationStart","subtype":"render","name":"salarySlipTemplate","previousOperationId":"yrzei4o5bh2aabz","timestamp":1662844613469,"id":"3fda9jk7jvcz4j9","previousEventId":"5xdaaz0efem8rc4","operationId":"u0k0xz0hzm2u9y6"}
{"type":"log","timestamp":1662844613469,"level":"info","message":"Starting rendering request 4 (user: null)","meta":{"rootId":"4pjhp4yqnr6mv5r","id":"4pjhp4yqnr6mv5r"},"id":"hok3h8ddwc32ejd","previousOperationId":"u0k0xz0hzm2u9y6"}
{"type":"log","timestamp":1662844613469,"level":"info","message":"Rendering template { name: salarySlipTemplate, recipe: chrome-pdf, engine: handlebars, preview: false }","meta":{"rootId":"4pjhp4yqnr6mv5r","id":"4pjhp4yqnr6mv5r"},"id":"gglgol93rihqast","previousOperationId":"u0k0xz0hzm2u9y6"}
{"type":"log","timestamp":1662844613472,"level":"debug","message":"Inline data specified.","meta":{"rootId":"4pjhp4yqnr6mv5r","id":"4pjhp4yqnr6mv5r"},"id":"i956qlds8apb7u4","previousOperationId":"u0k0xz0hzm2u9y6"}
{"type":"log","timestamp":1662844613477,"level":"debug","message":"Base url not specified, skipping its injection.","meta":{"rootId":"4pjhp4yqnr6mv5r","id":"4pjhp4yqnr6mv5r"},"id":"jjuwbx7qv3n82h3","previousOperationId":"u0k0xz0hzm2u9y6"}
{"type":"operationStart","subtype":"engine","name":"handlebars","timestamp":1662844613478,"id":"c98tyai670qkb6y","previousEventId":"3fda9jk7jvcz4j9","operationId":"hdvdy78zb7gaect","previousOperationId":"u0k0xz0hzm2u9y6"}
{"type":"log","timestamp":1662844613478,"level":"debug","message":"Rendering engine handlebars","meta":{"rootId":"4pjhp4yqnr6mv5r","id":"4pjhp4yqnr6mv5r"},"id":"9xzii4rvofsdvms","previousOperationId":"hdvdy78zb7gaect"}
{"type":"operationEnd","operationId":"hdvdy78zb7gaect","timestamp":1662844613498,"id":"95wbrezvw33j1fq","previousEventId":"c98tyai670qkb6y","previousOperationId":"hdvdy78zb7gaect"}
{"type":"operationStart","subtype":"recipe","name":"chrome-pdf","timestamp":1662844613498,"id":"ldloltngefuuipl","previousEventId":"95wbrezvw33j1fq","operationId":"ykl74ohwyyxigzg","previousOperationId":"hdvdy78zb7gaect"}
{"type":"log","timestamp":1662844613498,"level":"debug","message":"Executing recipe chrome-pdf","meta":{"rootId":"4pjhp4yqnr6mv5r","id":"4pjhp4yqnr6mv5r"},"id":"ww0pw2pukjng3vx","previousOperationId":"ykl74ohwyyxigzg"}
{"type":"log","timestamp":1662844613506,"level":"debug","message":"Converting with chrome HeadlessChrome/98.0.4758.0 using chrome-pool strategy","meta":{"rootId":"4pjhp4yqnr6mv5r","id":"4pjhp4yqnr6mv5r"},"id":"c2uzqu1g9wwwhq1","previousOperationId":"ykl74ohwyyxigzg"}
{"type":"log","timestamp":1662844613902,"level":"debug","message":"Page request: GET (document) file:///C:/Users/aasem/AppData/Local/Temp/jsreport/autocleanup/1e42b123-47a7-45ca-b061-9b38ec8ca884-chrome-pdf.html","meta":{"rootId":"4pjhp4yqnr6mv5r","id":"4pjhp4yqnr6mv5r"},"id":"u0vv1lujcqv8utn","previousOperationId":"ykl74ohwyyxigzg"}
{"type":"log","timestamp":1662844613918,"level":"debug","message":"Page request finished: GET (document) file:///C:/Users/aasem/AppData/Local/Temp/jsreport/autocleanup/1e42b123-47a7-45ca-b061-9b38ec8ca884-chrome-pdf.html","meta":{"rootId":"4pjhp4yqnr6mv5r","id":"4pjhp4yqnr6mv5r"},"id":"t498o38detksgfq","previousOperationId":"ykl74ohwyyxigzg"}
{"type":"log","timestamp":1662844613974,"level":"debug","message":"Running chrome with params {\"printBackground\":true,\"timeout\":54461,\"margin\":{}}","meta":{"rootId":"4pjhp4yqnr6mv5r","id":"4pjhp4yqnr6mv5r"},"id":"9mhgwugk6bplc76","previousOperationId":"ykl74ohwyyxigzg"}
{"type":"operationEnd","operationId":"ykl74ohwyyxigzg","timestamp":1662844614361,"id":"dh5fahs833a9aro","previousEventId":"ldloltngefuuipl","previousOperationId":"ykl74ohwyyxigzg"}
{"type":"log","timestamp":1662844614361,"level":"debug","message":"Skipping storing report.","meta":{"rootId":"4pjhp4yqnr6mv5r","id":"4pjhp4yqnr6mv5r"},"id":"rc641ckmyf6t28b","previousOperationId":"ykl74ohwyyxigzg"}
{"type":"log","timestamp":1662844614361,"level":"info","message":"Rendering request 4 finished in 6396 ms","meta":{"rootId":"4pjhp4yqnr6mv5r","id":"4pjhp4yqnr6mv5r"},"id":"q1af651d2wmzvww","previousOperationId":"ykl74ohwyyxigzg"}
{"type":"operationEnd","subtype":"render","operationId":"u0k0xz0hzm2u9y6","timestamp":1662844614361,"id":"vfxeh5bxovu1jxc","previousEventId":"dh5fahs833a9aro","previousOperationId":"ykl74ohwyyxigzg"}
{"type":"operationEnd","doDiffs":false,"previousEventId":"5xdaaz0efem8rc4","previousOperationId":"yrzei4o5bh2aabz","operationId":"yrzei4o5bh2aabz","timestamp":1662844614373,"id":"9s5x3qtj0ek2k72"}
