{"type":"operationStart","subtype":"profile","data":{"_id":"JqEEfIx1PWtsjZd1","timestamp":"2022-09-06T16:21:38.813Z","state":"queued","mode":"standard","creationDate":"2022-09-06T16:21:38.815Z","modificationDate":"2022-09-06T16:21:38.815Z","shortid":"EgCRoun","$entitySet":"profiles"},"doDiffs":false,"timestamp":1662481298814,"id":"n6hz8g4316cgv0t","previousOperationId":null,"operationId":"lcszgrajc5t6n9r"}
{"type":"log","level":"info","message":"Render request 6 queued for execution and waiting for available worker","previousOperationId":"lcszgrajc5t6n9r","timestamp":1662481298814,"id":"gsqkawe76x53kkx"}
{"type":"operationStart","subtype":"render","name":"salarySlipTemplate","previousOperationId":"lcszgrajc5t6n9r","timestamp":1662481298828,"id":"5kfxr3i2yyng2w0","previousEventId":"n6hz8g4316cgv0t","operationId":"xa7yckxkc7ui308"}
{"type":"log","timestamp":1662481298828,"level":"info","message":"Starting rendering request 6 (user: null)","meta":{"rootId":"4suwuutpkm6g9ca","id":"4suwuutpkm6g9ca"},"id":"tkw9wqeg2q2ltx9","previousOperationId":"xa7yckxkc7ui308"}
{"type":"log","timestamp":1662481298828,"level":"info","message":"Rendering template { name: salarySlipTemplate, recipe: chrome-pdf, engine: handlebars, preview: true }","meta":{"rootId":"4suwuutpkm6g9ca","id":"4suwuutpkm6g9ca"},"id":"gxblamcxv0ih2df","previousOperationId":"xa7yckxkc7ui308"}
{"type":"log","timestamp":1662481298829,"level":"debug","message":"Adding sample data _nlyMv-1U","meta":{"rootId":"4suwuutpkm6g9ca","id":"4suwuutpkm6g9ca"},"id":"7ptjdx4e0j8qwk2","previousOperationId":"xa7yckxkc7ui308"}
{"type":"log","timestamp":1662481298832,"level":"debug","message":"Base url not specified, skipping its injection.","meta":{"rootId":"4suwuutpkm6g9ca","id":"4suwuutpkm6g9ca"},"id":"uj9587q977ndyte","previousOperationId":"xa7yckxkc7ui308"}
{"type":"operationStart","subtype":"engine","name":"handlebars","timestamp":1662481298832,"id":"iglgkefuq6wcn6z","previousEventId":"5kfxr3i2yyng2w0","operationId":"p71e35mawrzko25","previousOperationId":"xa7yckxkc7ui308"}
{"type":"log","timestamp":1662481298832,"level":"debug","message":"Rendering engine handlebars","meta":{"rootId":"4suwuutpkm6g9ca","id":"4suwuutpkm6g9ca"},"id":"p1j2ft5y18kr8cb","previousOperationId":"p71e35mawrzko25"}
{"type":"operationEnd","operationId":"p71e35mawrzko25","timestamp":1662481298850,"id":"bj4a5i933d8hr3v","previousEventId":"iglgkefuq6wcn6z","previousOperationId":"p71e35mawrzko25"}
{"type":"operationStart","subtype":"recipe","name":"chrome-pdf","timestamp":1662481298850,"id":"3jvqpoqs2gmml54","previousEventId":"bj4a5i933d8hr3v","operationId":"jhk43t7si1cdy2q","previousOperationId":"p71e35mawrzko25"}
{"type":"log","timestamp":1662481298850,"level":"debug","message":"Executing recipe chrome-pdf","meta":{"rootId":"4suwuutpkm6g9ca","id":"4suwuutpkm6g9ca"},"id":"tzloz49mnw8ixe7","previousOperationId":"jhk43t7si1cdy2q"}
{"type":"log","timestamp":1662481298852,"level":"debug","message":"Converting with chrome HeadlessChrome/98.0.4758.0 using chrome-pool strategy","meta":{"rootId":"4suwuutpkm6g9ca","id":"4suwuutpkm6g9ca"},"id":"oogb9fzf6jdwas7","previousOperationId":"jhk43t7si1cdy2q"}
{"type":"log","timestamp":1662481298953,"level":"debug","message":"Page request: GET (document) file:///C:/Users/aasem/AppData/Local/Temp/jsreport/autocleanup/d8147ba1-ceda-450a-881b-287d10f2c097-chrome-pdf.html","meta":{"rootId":"4suwuutpkm6g9ca","id":"4suwuutpkm6g9ca"},"id":"phfsh91qt2w3426","previousOperationId":"jhk43t7si1cdy2q"}
{"type":"log","timestamp":1662481298962,"level":"debug","message":"Page request finished: GET (document) file:///C:/Users/aasem/AppData/Local/Temp/jsreport/autocleanup/d8147ba1-ceda-450a-881b-287d10f2c097-chrome-pdf.html","meta":{"rootId":"4suwuutpkm6g9ca","id":"4suwuutpkm6g9ca"},"id":"vtuhsmjby101k2p","previousOperationId":"jhk43t7si1cdy2q"}
{"type":"log","timestamp":1662481298974,"level":"debug","message":"Running chrome with params {\"printBackground\":true,\"timeout\":59961,\"margin\":{}}","meta":{"rootId":"4suwuutpkm6g9ca","id":"4suwuutpkm6g9ca"},"id":"8hurkb72dri36jj","previousOperationId":"jhk43t7si1cdy2q"}
{"type":"operationEnd","operationId":"jhk43t7si1cdy2q","timestamp":1662481298995,"id":"x2z0ng1yqg975ui","previousEventId":"3jvqpoqs2gmml54","previousOperationId":"jhk43t7si1cdy2q"}
{"type":"log","timestamp":1662481298995,"level":"debug","message":"Skipping storing report.","meta":{"rootId":"4suwuutpkm6g9ca","id":"4suwuutpkm6g9ca"},"id":"9lsjdm7m6iob3js","previousOperationId":"jhk43t7si1cdy2q"}
{"type":"log","timestamp":1662481298995,"level":"info","message":"Rendering request 6 finished in 182 ms","meta":{"rootId":"4suwuutpkm6g9ca","id":"4suwuutpkm6g9ca"},"id":"0er7nhatlhdjjvo","previousOperationId":"jhk43t7si1cdy2q"}
{"type":"operationEnd","subtype":"render","operationId":"xa7yckxkc7ui308","timestamp":1662481298995,"id":"wk8zkil2twqr8bn","previousEventId":"x2z0ng1yqg975ui","previousOperationId":"jhk43t7si1cdy2q"}
{"type":"operationEnd","doDiffs":false,"previousEventId":"n6hz8g4316cgv0t","previousOperationId":"lcszgrajc5t6n9r","operationId":"lcszgrajc5t6n9r","timestamp":1662481299003,"id":"nd3qyoi8f3ahqz9"}
