{"type":"operationStart","subtype":"profile","data":{"_id":"J2fQyrT8wN6w5RVj","timestamp":"2022-09-10T22:01:19.543Z","state":"queued","mode":"standard","creationDate":"2022-09-10T22:01:19.546Z","modificationDate":"2022-09-10T22:01:19.546Z","shortid":"DVz-RVD","$entitySet":"profiles"},"doDiffs":false,"timestamp":1662847279545,"id":"2mc23keqf8v2jzp","previousOperationId":null,"operationId":"gwvkr9k9tz534u4"}
{"type":"log","level":"info","message":"Render request 8 queued for execution and waiting for available worker","previousOperationId":"gwvkr9k9tz534u4","timestamp":1662847279545,"id":"upy5t8wf122jecg"}
{"type":"operationStart","subtype":"render","name":"salarySlipTemplate","previousOperationId":"gwvkr9k9tz534u4","timestamp":1662847279558,"id":"zymr1pa9emmfpin","previousEventId":"2mc23keqf8v2jzp","operationId":"r33weccq5s378vm"}
{"type":"log","timestamp":1662847279558,"level":"info","message":"Starting rendering request 8 (user: null)","meta":{"rootId":"5t0a6623xs6ceqx","id":"5t0a6623xs6ceqx"},"id":"ntiyvnh5h0qqgek","previousOperationId":"r33weccq5s378vm"}
{"type":"log","timestamp":1662847279558,"level":"info","message":"Rendering template { name: salarySlipTemplate, recipe: chrome-pdf, engine: handlebars, preview: false }","meta":{"rootId":"5t0a6623xs6ceqx","id":"5t0a6623xs6ceqx"},"id":"8u1f4v02uuggpj5","previousOperationId":"r33weccq5s378vm"}
{"type":"log","timestamp":1662847279559,"level":"debug","message":"Inline data specified.","meta":{"rootId":"5t0a6623xs6ceqx","id":"5t0a6623xs6ceqx"},"id":"dzl7n2kovdoxv0v","previousOperationId":"r33weccq5s378vm"}
{"type":"log","timestamp":1662847279564,"level":"debug","message":"Base url not specified, skipping its injection.","meta":{"rootId":"5t0a6623xs6ceqx","id":"5t0a6623xs6ceqx"},"id":"7skxykpioxk1m4l","previousOperationId":"r33weccq5s378vm"}
{"type":"operationStart","subtype":"engine","name":"handlebars","timestamp":1662847279564,"id":"vixpbliihqeq4yi","previousEventId":"zymr1pa9emmfpin","operationId":"9f7pk3dmqfvzvvg","previousOperationId":"r33weccq5s378vm"}
{"type":"log","timestamp":1662847279564,"level":"debug","message":"Rendering engine handlebars","meta":{"rootId":"5t0a6623xs6ceqx","id":"5t0a6623xs6ceqx"},"id":"3xv7quqsoswncxv","previousOperationId":"9f7pk3dmqfvzvvg"}
{"type":"operationEnd","operationId":"9f7pk3dmqfvzvvg","timestamp":1662847279576,"id":"19r1rtwspm5e6fx","previousEventId":"vixpbliihqeq4yi","previousOperationId":"9f7pk3dmqfvzvvg"}
{"type":"operationStart","subtype":"recipe","name":"chrome-pdf","timestamp":1662847279577,"id":"5pyj0fgnmrys1hj","previousEventId":"19r1rtwspm5e6fx","operationId":"mvjefwk0qgknazb","previousOperationId":"9f7pk3dmqfvzvvg"}
{"type":"log","timestamp":1662847279577,"level":"debug","message":"Executing recipe chrome-pdf","meta":{"rootId":"5t0a6623xs6ceqx","id":"5t0a6623xs6ceqx"},"id":"jt4c57j9yrowd3g","previousOperationId":"mvjefwk0qgknazb"}
{"type":"log","timestamp":1662847279580,"level":"debug","message":"Converting with chrome HeadlessChrome/98.0.4758.0 using chrome-pool strategy","meta":{"rootId":"5t0a6623xs6ceqx","id":"5t0a6623xs6ceqx"},"id":"zf7irs98cj8mg50","previousOperationId":"mvjefwk0qgknazb"}
{"type":"log","timestamp":1662847279674,"level":"debug","message":"Page request: GET (document) file:///C:/Users/aasem/AppData/Local/Temp/jsreport/autocleanup/0e6ac4f7-0be7-4a32-a7f0-fe2bf653fe27-chrome-pdf.html","meta":{"rootId":"5t0a6623xs6ceqx","id":"5t0a6623xs6ceqx"},"id":"lv3i7zr16tmbdt4","previousOperationId":"mvjefwk0qgknazb"}
{"type":"log","timestamp":1662847279682,"level":"debug","message":"Page request finished: GET (document) file:///C:/Users/aasem/AppData/Local/Temp/jsreport/autocleanup/0e6ac4f7-0be7-4a32-a7f0-fe2bf653fe27-chrome-pdf.html","meta":{"rootId":"5t0a6623xs6ceqx","id":"5t0a6623xs6ceqx"},"id":"9jhdaobexsysz57","previousOperationId":"mvjefwk0qgknazb"}
{"type":"log","timestamp":1662847279708,"level":"debug","message":"Running chrome with params {\"printBackground\":true,\"timeout\":59965,\"margin\":{}}","meta":{"rootId":"5t0a6623xs6ceqx","id":"5t0a6623xs6ceqx"},"id":"7pm2elcznx2v7im","previousOperationId":"mvjefwk0qgknazb"}
{"type":"operationEnd","operationId":"mvjefwk0qgknazb","timestamp":1662847279844,"id":"c47uc4qpx8smhvn","previousEventId":"5pyj0fgnmrys1hj","previousOperationId":"mvjefwk0qgknazb"}
{"type":"log","timestamp":1662847279844,"level":"debug","message":"Skipping storing report.","meta":{"rootId":"5t0a6623xs6ceqx","id":"5t0a6623xs6ceqx"},"id":"dk0ki3rx3hbmn81","previousOperationId":"mvjefwk0qgknazb"}
{"type":"log","timestamp":1662847279844,"level":"info","message":"Rendering request 8 finished in 301 ms","meta":{"rootId":"5t0a6623xs6ceqx","id":"5t0a6623xs6ceqx"},"id":"t5auaypichpjvds","previousOperationId":"mvjefwk0qgknazb"}
{"type":"operationEnd","subtype":"render","operationId":"r33weccq5s378vm","timestamp":1662847279844,"id":"hhbvld4wnamkff3","previousEventId":"c47uc4qpx8smhvn","previousOperationId":"mvjefwk0qgknazb"}
{"type":"operationEnd","doDiffs":false,"previousEventId":"2mc23keqf8v2jzp","previousOperationId":"gwvkr9k9tz534u4","operationId":"gwvkr9k9tz534u4","timestamp":1662847279848,"id":"3k7yjz6laxuttik"}
