{"type":"operationStart","subtype":"profile","data":{"_id":"twaTPe790NvrllSh","timestamp":"2022-09-10T21:16:48.107Z","state":"queued","mode":"standard","creationDate":"2022-09-10T21:16:48.108Z","modificationDate":"2022-09-10T21:16:48.108Z","shortid":"KJvqzb7","$entitySet":"profiles"},"doDiffs":false,"timestamp":1662844608108,"id":"hwltp27hy57re9a","previousOperationId":null,"operationId":"wclrngec3d9s7ty"}
{"type":"log","level":"info","message":"Render request 5 queued for execution and waiting for available worker","previousOperationId":"wclrngec3d9s7ty","timestamp":1662844608108,"id":"6qkq8ze0vmmcvah"}
{"type":"operationStart","subtype":"render","name":"salarySlipTemplate","previousOperationId":"wclrngec3d9s7ty","timestamp":1662844614078,"id":"r201gv7nh18xedk","previousEventId":"hwltp27hy57re9a","operationId":"a4awl3utcgeq6uy"}
{"type":"log","timestamp":1662844614078,"level":"info","message":"Starting rendering request 5 (user: null)","meta":{"rootId":"61zzlkr7w1xwbnb","id":"61zzlkr7w1xwbnb"},"id":"9ew8ectmb1e39rs","previousOperationId":"a4awl3utcgeq6uy"}
{"type":"log","timestamp":1662844614078,"level":"info","message":"Rendering template { name: salarySlipTemplate, recipe: chrome-pdf, engine: handlebars, preview: false }","meta":{"rootId":"61zzlkr7w1xwbnb","id":"61zzlkr7w1xwbnb"},"id":"7cahuamcngctsde","previousOperationId":"a4awl3utcgeq6uy"}
{"type":"log","timestamp":1662844614084,"level":"debug","message":"Inline data specified.","meta":{"rootId":"61zzlkr7w1xwbnb","id":"61zzlkr7w1xwbnb"},"id":"54j4xurcecqutzd","previousOperationId":"a4awl3utcgeq6uy"}
{"type":"log","timestamp":1662844614094,"level":"debug","message":"Base url not specified, skipping its injection.","meta":{"rootId":"61zzlkr7w1xwbnb","id":"61zzlkr7w1xwbnb"},"id":"7bd76ngja2kbrch","previousOperationId":"a4awl3utcgeq6uy"}
{"type":"operationStart","subtype":"engine","name":"handlebars","timestamp":1662844614095,"id":"z131k98ok6mfpxs","previousEventId":"r201gv7nh18xedk","operationId":"p3lma3f7sslzjl5","previousOperationId":"a4awl3utcgeq6uy"}
{"type":"log","timestamp":1662844614095,"level":"debug","message":"Rendering engine handlebars","meta":{"rootId":"61zzlkr7w1xwbnb","id":"61zzlkr7w1xwbnb"},"id":"7liq3d0d4jezuoc","previousOperationId":"p3lma3f7sslzjl5"}
{"type":"operationEnd","operationId":"p3lma3f7sslzjl5","timestamp":1662844614212,"id":"ogp416oilkw5loa","previousEventId":"z131k98ok6mfpxs","previousOperationId":"p3lma3f7sslzjl5"}
{"type":"operationStart","subtype":"recipe","name":"chrome-pdf","timestamp":1662844614214,"id":"3rmca5tbv98exnu","previousEventId":"ogp416oilkw5loa","operationId":"gd1kcbh4d817fzs","previousOperationId":"p3lma3f7sslzjl5"}
{"type":"log","timestamp":1662844614214,"level":"debug","message":"Executing recipe chrome-pdf","meta":{"rootId":"61zzlkr7w1xwbnb","id":"61zzlkr7w1xwbnb"},"id":"8a4drfjoav2xkpr","previousOperationId":"gd1kcbh4d817fzs"}
{"type":"log","timestamp":1662844614217,"level":"debug","message":"Converting with chrome HeadlessChrome/98.0.4758.0 using chrome-pool strategy","meta":{"rootId":"61zzlkr7w1xwbnb","id":"61zzlkr7w1xwbnb"},"id":"9t3muxynzyt0hb7","previousOperationId":"gd1kcbh4d817fzs"}
{"type":"log","timestamp":1662844614319,"level":"debug","message":"Page request: GET (document) file:///C:/Users/aasem/AppData/Local/Temp/jsreport/autocleanup/adb614ce-0b44-4be1-b219-04be1a155e6f-chrome-pdf.html","meta":{"rootId":"61zzlkr7w1xwbnb","id":"61zzlkr7w1xwbnb"},"id":"3yjz1venbodbf29","previousOperationId":"gd1kcbh4d817fzs"}
{"type":"log","timestamp":1662844614331,"level":"debug","message":"Page request finished: GET (document) file:///C:/Users/aasem/AppData/Local/Temp/jsreport/autocleanup/adb614ce-0b44-4be1-b219-04be1a155e6f-chrome-pdf.html","meta":{"rootId":"61zzlkr7w1xwbnb","id":"61zzlkr7w1xwbnb"},"id":"47cv28quo0q5ukg","previousOperationId":"gd1kcbh4d817fzs"}
{"type":"log","timestamp":1662844614363,"level":"debug","message":"Running chrome with params {\"printBackground\":true,\"timeout\":53889,\"margin\":{}}","meta":{"rootId":"61zzlkr7w1xwbnb","id":"61zzlkr7w1xwbnb"},"id":"i7xg934q1a90c4c","previousOperationId":"gd1kcbh4d817fzs"}
{"type":"operationEnd","operationId":"gd1kcbh4d817fzs","timestamp":1662844614658,"id":"pq1khy0rt6zwtdo","previousEventId":"3rmca5tbv98exnu","previousOperationId":"gd1kcbh4d817fzs"}
{"type":"log","timestamp":1662844614658,"level":"debug","message":"Skipping storing report.","meta":{"rootId":"61zzlkr7w1xwbnb","id":"61zzlkr7w1xwbnb"},"id":"m36p0052jicyi6j","previousOperationId":"gd1kcbh4d817fzs"}
{"type":"log","timestamp":1662844614658,"level":"info","message":"Rendering request 5 finished in 6552 ms","meta":{"rootId":"61zzlkr7w1xwbnb","id":"61zzlkr7w1xwbnb"},"id":"qlxj9t4bkh8m3w6","previousOperationId":"gd1kcbh4d817fzs"}
{"type":"operationEnd","subtype":"render","operationId":"a4awl3utcgeq6uy","timestamp":1662844614658,"id":"qu1heqq7yrbb2y4","previousEventId":"pq1khy0rt6zwtdo","previousOperationId":"gd1kcbh4d817fzs"}
{"type":"operationEnd","doDiffs":false,"previousEventId":"hwltp27hy57re9a","previousOperationId":"wclrngec3d9s7ty","operationId":"wclrngec3d9s7ty","timestamp":1662844614662,"id":"aw2l2ce448dbxhv"}
