{"type":"operationStart","subtype":"profile","data":{"_id":"3pdP6ajIgqL9s2GG","timestamp":"2022-09-07T00:11:55.678Z","state":"queued","mode":"standard","creationDate":"2022-09-07T00:11:55.681Z","modificationDate":"2022-09-07T00:11:55.681Z","shortid":"D3ZSr0W","$entitySet":"profiles"},"doDiffs":false,"timestamp":1662509515680,"id":"60od8v2ehanljqj","previousOperationId":null,"operationId":"kl7mrvmfbswa33t"}
{"type":"log","level":"info","message":"Render request 13 queued for execution and waiting for available worker","previousOperationId":"kl7mrvmfbswa33t","timestamp":1662509515680,"id":"k1njb4znh15andh"}
{"type":"operationStart","subtype":"render","name":"salarySlipTemplate","previousOperationId":"kl7mrvmfbswa33t","timestamp":1662509515693,"id":"n4lqqu6c0fqk805","previousEventId":"60od8v2ehanljqj","operationId":"m9s1yoye2d7llsg"}
{"type":"log","timestamp":1662509515693,"level":"info","message":"Starting rendering request 13 (user: null)","meta":{"rootId":"6mtsw0c6zvnlhp8","id":"6mtsw0c6zvnlhp8"},"id":"k0y8z4mwaj1txxr","previousOperationId":"m9s1yoye2d7llsg"}
{"type":"log","timestamp":1662509515694,"level":"info","message":"Rendering template { name: salarySlipTemplate, recipe: chrome-pdf, engine: handlebars, preview: false }","meta":{"rootId":"6mtsw0c6zvnlhp8","id":"6mtsw0c6zvnlhp8"},"id":"2ecj7ahhlc4ul7x","previousOperationId":"m9s1yoye2d7llsg"}
{"type":"log","timestamp":1662509515694,"level":"debug","message":"Inline data specified.","meta":{"rootId":"6mtsw0c6zvnlhp8","id":"6mtsw0c6zvnlhp8"},"id":"6qdlm157d7r6kmo","previousOperationId":"m9s1yoye2d7llsg"}
{"type":"log","timestamp":1662509515696,"level":"debug","message":"Base url not specified, skipping its injection.","meta":{"rootId":"6mtsw0c6zvnlhp8","id":"6mtsw0c6zvnlhp8"},"id":"crz758p0p0gp3rh","previousOperationId":"m9s1yoye2d7llsg"}
{"type":"operationStart","subtype":"engine","name":"handlebars","timestamp":1662509515697,"id":"7b5t1p5661ni1mt","previousEventId":"n4lqqu6c0fqk805","operationId":"4au0atbj9k7np36","previousOperationId":"m9s1yoye2d7llsg"}
{"type":"log","timestamp":1662509515697,"level":"debug","message":"Rendering engine handlebars","meta":{"rootId":"6mtsw0c6zvnlhp8","id":"6mtsw0c6zvnlhp8"},"id":"a0n4l5rgtjnange","previousOperationId":"4au0atbj9k7np36"}
{"type":"operationEnd","operationId":"4au0atbj9k7np36","timestamp":1662509515710,"id":"od86ya7h0g7sbfb","previousEventId":"7b5t1p5661ni1mt","previousOperationId":"4au0atbj9k7np36"}
{"type":"operationStart","subtype":"recipe","name":"chrome-pdf","timestamp":1662509515710,"id":"1b5dzhwgsz1nb26","previousEventId":"od86ya7h0g7sbfb","operationId":"xc74kpmsfqde7og","previousOperationId":"4au0atbj9k7np36"}
{"type":"log","timestamp":1662509515710,"level":"debug","message":"Executing recipe chrome-pdf","meta":{"rootId":"6mtsw0c6zvnlhp8","id":"6mtsw0c6zvnlhp8"},"id":"1re2ny66mzz1qcw","previousOperationId":"xc74kpmsfqde7og"}
{"type":"log","timestamp":1662509515712,"level":"debug","message":"Converting with chrome HeadlessChrome/98.0.4758.0 using chrome-pool strategy","meta":{"rootId":"6mtsw0c6zvnlhp8","id":"6mtsw0c6zvnlhp8"},"id":"uz5k4jdoovfq5bu","previousOperationId":"xc74kpmsfqde7og"}
{"type":"log","timestamp":1662509515903,"level":"debug","message":"Page request: GET (document) file:///C:/Users/aasem/AppData/Local/Temp/jsreport/autocleanup/3c5fad98-de56-448a-bd65-9162457d5674-chrome-pdf.html","meta":{"rootId":"6mtsw0c6zvnlhp8","id":"6mtsw0c6zvnlhp8"},"id":"vswx9vspaaysfrd","previousOperationId":"xc74kpmsfqde7og"}
{"type":"log","timestamp":1662509515910,"level":"debug","message":"Page request finished: GET (document) file:///C:/Users/aasem/AppData/Local/Temp/jsreport/autocleanup/3c5fad98-de56-448a-bd65-9162457d5674-chrome-pdf.html","meta":{"rootId":"6mtsw0c6zvnlhp8","id":"6mtsw0c6zvnlhp8"},"id":"x5wmqd504tardgy","previousOperationId":"xc74kpmsfqde7og"}
{"type":"log","timestamp":1662509515937,"level":"debug","message":"Running chrome with params {\"printBackground\":true,\"timeout\":59967,\"margin\":{}}","meta":{"rootId":"6mtsw0c6zvnlhp8","id":"6mtsw0c6zvnlhp8"},"id":"zw63xj9ju2vdcqc","previousOperationId":"xc74kpmsfqde7og"}
{"type":"operationEnd","operationId":"xc74kpmsfqde7og","timestamp":1662509516039,"id":"huvf35uex7bt5yv","previousEventId":"1b5dzhwgsz1nb26","previousOperationId":"xc74kpmsfqde7og"}
{"type":"operationStart","subtype":"reports","name":"persisting report","doDiffs":false,"timestamp":1662509516039,"id":"vahofhasw5w8nzo","previousEventId":"huvf35uex7bt5yv","operationId":"k6sf0lfxpmeaben","previousOperationId":"xc74kpmsfqde7og"}
{"type":"log","timestamp":1662509516056,"level":"debug","message":"Report stored as reports/salary/salarySlipTemplate/lBsJYU43VNVWYxsR.pdf","meta":{"rootId":"6mtsw0c6zvnlhp8","id":"6mtsw0c6zvnlhp8"},"id":"jgqwv69714qea41","previousOperationId":"k6sf0lfxpmeaben"}
{"type":"operationEnd","operationId":"k6sf0lfxpmeaben","doDiffs":false,"timestamp":1662509516056,"id":"f86fhlb8z46abri","previousEventId":"vahofhasw5w8nzo","previousOperationId":"k6sf0lfxpmeaben"}
{"type":"log","timestamp":1662509516056,"level":"info","message":"Rendering request 13 finished in 378 ms","meta":{"rootId":"6mtsw0c6zvnlhp8","id":"6mtsw0c6zvnlhp8"},"id":"9j94ccogxmwq0cz","previousOperationId":"k6sf0lfxpmeaben"}
{"type":"operationEnd","subtype":"render","operationId":"m9s1yoye2d7llsg","timestamp":1662509516056,"id":"kteqs3039suw3qe","previousEventId":"f86fhlb8z46abri","previousOperationId":"k6sf0lfxpmeaben"}
{"type":"operationEnd","doDiffs":false,"previousEventId":"60od8v2ehanljqj","previousOperationId":"kl7mrvmfbswa33t","operationId":"kl7mrvmfbswa33t","timestamp":1662509516061,"id":"raqlo1a5vpjr4gs"}
