{"type":"operationStart","subtype":"profile","data":{"_id":"Zyncj4fTI6RoNQVW","timestamp":"2022-09-07T15:40:16.439Z","state":"queued","mode":"standard","creationDate":"2022-09-07T15:40:16.442Z","modificationDate":"2022-09-07T15:40:16.442Z","shortid":"CYLqmml","$entitySet":"profiles"},"doDiffs":false,"timestamp":1662565216441,"id":"7sx3p2llscql1pq","previousOperationId":null,"operationId":"b78l3p2c07icdqx"}
{"type":"log","level":"info","message":"Render request 18 queued for execution and waiting for available worker","previousOperationId":"b78l3p2c07icdqx","timestamp":1662565216441,"id":"vx6hbvbtluy1qmj"}
{"type":"operationStart","subtype":"render","name":"salarySlipTemplate","previousOperationId":"b78l3p2c07icdqx","timestamp":1662565216455,"id":"lk5vwb7bk8do6m5","previousEventId":"7sx3p2llscql1pq","operationId":"8d11mtdlyogc55s"}
{"type":"log","timestamp":1662565216455,"level":"info","message":"Starting rendering request 18 (user: null)","meta":{"rootId":"7dat36v25c6lkth","id":"7dat36v25c6lkth"},"id":"1lrrpdi94t2su0g","previousOperationId":"8d11mtdlyogc55s"}
{"type":"log","timestamp":1662565216455,"level":"info","message":"Rendering template { name: salarySlipTemplate, recipe: chrome-pdf, engine: handlebars, preview: false }","meta":{"rootId":"7dat36v25c6lkth","id":"7dat36v25c6lkth"},"id":"n0lmb1xkdu1oah0","previousOperationId":"8d11mtdlyogc55s"}
{"type":"log","timestamp":1662565216456,"level":"debug","message":"Inline data specified.","meta":{"rootId":"7dat36v25c6lkth","id":"7dat36v25c6lkth"},"id":"yxgu5wn3w6w7xf2","previousOperationId":"8d11mtdlyogc55s"}
{"type":"log","timestamp":1662565216458,"level":"debug","message":"Base url not specified, skipping its injection.","meta":{"rootId":"7dat36v25c6lkth","id":"7dat36v25c6lkth"},"id":"om2dvqsw8lh46vg","previousOperationId":"8d11mtdlyogc55s"}
{"type":"operationStart","subtype":"engine","name":"handlebars","timestamp":1662565216458,"id":"7gmx6qba1wvhqmx","previousEventId":"lk5vwb7bk8do6m5","operationId":"kz8ktf1ds89f22u","previousOperationId":"8d11mtdlyogc55s"}
{"type":"log","timestamp":1662565216458,"level":"debug","message":"Rendering engine handlebars","meta":{"rootId":"7dat36v25c6lkth","id":"7dat36v25c6lkth"},"id":"15p24ozge92smj0","previousOperationId":"kz8ktf1ds89f22u"}
{"type":"operationEnd","operationId":"kz8ktf1ds89f22u","timestamp":1662565216480,"id":"ibobjw6s0jkfljm","previousEventId":"7gmx6qba1wvhqmx","previousOperationId":"kz8ktf1ds89f22u"}
{"type":"operationStart","subtype":"recipe","name":"chrome-pdf","timestamp":1662565216480,"id":"pjrr7nz6gm9l96u","previousEventId":"ibobjw6s0jkfljm","operationId":"zm4hvdp24ukr7fk","previousOperationId":"kz8ktf1ds89f22u"}
{"type":"log","timestamp":1662565216480,"level":"debug","message":"Executing recipe chrome-pdf","meta":{"rootId":"7dat36v25c6lkth","id":"7dat36v25c6lkth"},"id":"csppe03juf2fkgc","previousOperationId":"zm4hvdp24ukr7fk"}
{"type":"log","timestamp":1662565216482,"level":"debug","message":"Converting with chrome HeadlessChrome/98.0.4758.0 using chrome-pool strategy","meta":{"rootId":"7dat36v25c6lkth","id":"7dat36v25c6lkth"},"id":"ku7jt45ljoy7qww","previousOperationId":"zm4hvdp24ukr7fk"}
{"type":"log","timestamp":1662565216574,"level":"debug","message":"Page request: GET (document) file:///C:/Users/aasem/AppData/Local/Temp/jsreport/autocleanup/63b5fd1e-3953-41e0-b061-69ddedd1d0e3-chrome-pdf.html","meta":{"rootId":"7dat36v25c6lkth","id":"7dat36v25c6lkth"},"id":"bveqncuiyw5f7hb","previousOperationId":"zm4hvdp24ukr7fk"}
{"type":"log","timestamp":1662565216586,"level":"debug","message":"Page request finished: GET (document) file:///C:/Users/aasem/AppData/Local/Temp/jsreport/autocleanup/63b5fd1e-3953-41e0-b061-69ddedd1d0e3-chrome-pdf.html","meta":{"rootId":"7dat36v25c6lkth","id":"7dat36v25c6lkth"},"id":"6co28w5gm54e8a3","previousOperationId":"zm4hvdp24ukr7fk"}
{"type":"log","timestamp":1662565216612,"level":"debug","message":"Running chrome with params {\"printBackground\":true,\"timeout\":59958,\"margin\":{}}","meta":{"rootId":"7dat36v25c6lkth","id":"7dat36v25c6lkth"},"id":"pmvgayote917npw","previousOperationId":"zm4hvdp24ukr7fk"}
{"type":"operationEnd","operationId":"zm4hvdp24ukr7fk","timestamp":1662565216739,"id":"dyuavs9g7cnqhmr","previousEventId":"pjrr7nz6gm9l96u","previousOperationId":"zm4hvdp24ukr7fk"}
{"type":"log","timestamp":1662565216739,"level":"debug","message":"Skipping storing report.","meta":{"rootId":"7dat36v25c6lkth","id":"7dat36v25c6lkth"},"id":"cc377ifdt8oxzn2","previousOperationId":"zm4hvdp24ukr7fk"}
{"type":"log","timestamp":1662565216739,"level":"info","message":"Rendering request 18 finished in 300 ms","meta":{"rootId":"7dat36v25c6lkth","id":"7dat36v25c6lkth"},"id":"q2xrw75s747zivo","previousOperationId":"zm4hvdp24ukr7fk"}
{"type":"operationEnd","subtype":"render","operationId":"8d11mtdlyogc55s","timestamp":1662565216739,"id":"sf0r36yqrzc5i2k","previousEventId":"dyuavs9g7cnqhmr","previousOperationId":"zm4hvdp24ukr7fk"}
{"type":"operationEnd","doDiffs":false,"previousEventId":"7sx3p2llscql1pq","previousOperationId":"b78l3p2c07icdqx","operationId":"b78l3p2c07icdqx","timestamp":1662565216741,"id":"iwjjswjgdxx7403"}
