{"type":"operationStart","subtype":"profile","data":{"_id":"yruHSbb0NpjWBXAP","timestamp":"2022-09-06T16:51:01.294Z","state":"queued","mode":"standard","creationDate":"2022-09-06T16:51:01.296Z","modificationDate":"2022-09-06T16:51:01.296Z","shortid":"tjXpxfZ","$entitySet":"profiles"},"doDiffs":false,"timestamp":1662483061295,"id":"7nlbj8syyvrd667","previousOperationId":null,"operationId":"pxrab4zauomayoz"}
{"type":"log","level":"info","message":"Render request 33 queued for execution and waiting for available worker","previousOperationId":"pxrab4zauomayoz","timestamp":1662483061295,"id":"qo4hluodo475scm"}
{"type":"operationStart","subtype":"render","name":"salarySlipTemplate","previousOperationId":"pxrab4zauomayoz","timestamp":1662483061304,"id":"sc2mafomyn978xe","previousEventId":"7nlbj8syyvrd667","operationId":"iz1nrvyjv9d9b9a"}
{"type":"log","timestamp":1662483061304,"level":"info","message":"Starting rendering request 33 (user: null)","meta":{"rootId":"7l8v5y5do930s2d","id":"7l8v5y5do930s2d"},"id":"imw0iabvfkj6nli","previousOperationId":"iz1nrvyjv9d9b9a"}
{"type":"log","timestamp":1662483061304,"level":"info","message":"Rendering template { name: salarySlipTemplate, recipe: chrome-pdf, engine: handlebars, preview: false }","meta":{"rootId":"7l8v5y5do930s2d","id":"7l8v5y5do930s2d"},"id":"p9qw946rhtsbahe","previousOperationId":"iz1nrvyjv9d9b9a"}
{"type":"log","timestamp":1662483061305,"level":"debug","message":"Inline data specified.","meta":{"rootId":"7l8v5y5do930s2d","id":"7l8v5y5do930s2d"},"id":"x32l6fiamfjk6rw","previousOperationId":"iz1nrvyjv9d9b9a"}
{"type":"log","timestamp":1662483061307,"level":"debug","message":"Base url not specified, skipping its injection.","meta":{"rootId":"7l8v5y5do930s2d","id":"7l8v5y5do930s2d"},"id":"3cd1vw5zd0tkp8f","previousOperationId":"iz1nrvyjv9d9b9a"}
{"type":"operationStart","subtype":"engine","name":"handlebars","timestamp":1662483061307,"id":"1y9us9sc843mfz0","previousEventId":"sc2mafomyn978xe","operationId":"s1r67f0qqolwt2x","previousOperationId":"iz1nrvyjv9d9b9a"}
{"type":"log","timestamp":1662483061307,"level":"debug","message":"Rendering engine handlebars","meta":{"rootId":"7l8v5y5do930s2d","id":"7l8v5y5do930s2d"},"id":"05fu7yc3qwsek38","previousOperationId":"s1r67f0qqolwt2x"}
{"type":"operationEnd","operationId":"s1r67f0qqolwt2x","timestamp":1662483061322,"id":"u2dlia2vtm5uqmo","previousEventId":"1y9us9sc843mfz0","previousOperationId":"s1r67f0qqolwt2x"}
{"type":"operationStart","subtype":"recipe","name":"chrome-pdf","timestamp":1662483061322,"id":"wswqqwqwtf6xim6","previousEventId":"u2dlia2vtm5uqmo","operationId":"6lzsd6mrw2m8n9y","previousOperationId":"s1r67f0qqolwt2x"}
{"type":"log","timestamp":1662483061322,"level":"debug","message":"Executing recipe chrome-pdf","meta":{"rootId":"7l8v5y5do930s2d","id":"7l8v5y5do930s2d"},"id":"12thps6u36mncn4","previousOperationId":"6lzsd6mrw2m8n9y"}
{"type":"log","timestamp":1662483061324,"level":"debug","message":"Converting with chrome HeadlessChrome/98.0.4758.0 using chrome-pool strategy","meta":{"rootId":"7l8v5y5do930s2d","id":"7l8v5y5do930s2d"},"id":"78azfoncieun8q5","previousOperationId":"6lzsd6mrw2m8n9y"}
{"type":"log","timestamp":1662483061416,"level":"debug","message":"Page request: GET (document) file:///C:/Users/aasem/AppData/Local/Temp/jsreport/autocleanup/44edd7e3-8d54-4cdf-b434-72f828109580-chrome-pdf.html","meta":{"rootId":"7l8v5y5do930s2d","id":"7l8v5y5do930s2d"},"id":"24p2d6y2yzkqrxo","previousOperationId":"6lzsd6mrw2m8n9y"}
{"type":"log","timestamp":1662483061428,"level":"debug","message":"Page request finished: GET (document) file:///C:/Users/aasem/AppData/Local/Temp/jsreport/autocleanup/44edd7e3-8d54-4cdf-b434-72f828109580-chrome-pdf.html","meta":{"rootId":"7l8v5y5do930s2d","id":"7l8v5y5do930s2d"},"id":"x6odbhpdrcwspxk","previousOperationId":"6lzsd6mrw2m8n9y"}
{"type":"log","timestamp":1662483061457,"level":"debug","message":"Running chrome with params {\"printBackground\":true,\"timeout\":59971,\"margin\":{}}","meta":{"rootId":"7l8v5y5do930s2d","id":"7l8v5y5do930s2d"},"id":"01z1y2td0n5j3w7","previousOperationId":"6lzsd6mrw2m8n9y"}
{"type":"operationEnd","operationId":"6lzsd6mrw2m8n9y","timestamp":1662483061594,"id":"i38h64tz4mrtsgd","previousEventId":"wswqqwqwtf6xim6","previousOperationId":"6lzsd6mrw2m8n9y"}
{"type":"operationStart","subtype":"reports","name":"persisting report","doDiffs":false,"timestamp":1662483061594,"id":"owu73mpijc2t3m4","previousEventId":"i38h64tz4mrtsgd","operationId":"b2dyzbncf0da1vu","previousOperationId":"6lzsd6mrw2m8n9y"}
{"type":"log","timestamp":1662483061616,"level":"debug","message":"Report stored as reports/salary/salarySlipTemplate/SEh9X8moor0tbCAN.pdf","meta":{"rootId":"7l8v5y5do930s2d","id":"7l8v5y5do930s2d"},"id":"ce5fa68flrkre7k","previousOperationId":"b2dyzbncf0da1vu"}
{"type":"operationEnd","operationId":"b2dyzbncf0da1vu","doDiffs":false,"timestamp":1662483061616,"id":"8q0ntx2n5stat2g","previousEventId":"owu73mpijc2t3m4","previousOperationId":"b2dyzbncf0da1vu"}
{"type":"log","timestamp":1662483061616,"level":"info","message":"Rendering request 33 finished in 322 ms","meta":{"rootId":"7l8v5y5do930s2d","id":"7l8v5y5do930s2d"},"id":"usp4c7dfqo33x97","previousOperationId":"b2dyzbncf0da1vu"}
{"type":"operationEnd","subtype":"render","operationId":"iz1nrvyjv9d9b9a","timestamp":1662483061616,"id":"076cz49fri9eplg","previousEventId":"8q0ntx2n5stat2g","previousOperationId":"b2dyzbncf0da1vu"}
{"type":"operationEnd","doDiffs":false,"previousEventId":"7nlbj8syyvrd667","previousOperationId":"pxrab4zauomayoz","operationId":"pxrab4zauomayoz","timestamp":1662483061619,"id":"7j12ibb4outetph"}
