{"type":"operationStart","subtype":"profile","data":{"_id":"slBewTrYRP7btw4t","timestamp":"2022-09-07T00:20:04.910Z","state":"queued","mode":"standard","creationDate":"2022-09-07T00:20:04.913Z","modificationDate":"2022-09-07T00:20:04.913Z","shortid":"sHE0Pz6","$entitySet":"profiles"},"doDiffs":false,"timestamp":1662510004912,"id":"oxnpndo2fi1uskx","previousOperationId":null,"operationId":"wmbef86b1mstufz"}
{"type":"log","level":"info","message":"Render request 27 queued for execution and waiting for available worker","previousOperationId":"wmbef86b1mstufz","timestamp":1662510004912,"id":"g5ogado71y5jxmq"}
{"type":"operationStart","subtype":"render","name":"salarySlipTemplate","previousOperationId":"wmbef86b1mstufz","timestamp":1662510004923,"id":"m71ci1ugl55jcsi","previousEventId":"oxnpndo2fi1uskx","operationId":"pvx9hkk4enphjbz"}
{"type":"log","timestamp":1662510004925,"level":"info","message":"Starting rendering request 27 (user: null)","meta":{"rootId":"88v2ddu2f3tutir","id":"88v2ddu2f3tutir"},"id":"h5k3cohy97vowpj","previousOperationId":"pvx9hkk4enphjbz"}
{"type":"log","timestamp":1662510004926,"level":"info","message":"Rendering template { name: salarySlipTemplate, recipe: chrome-pdf, engine: handlebars, preview: false }","meta":{"rootId":"88v2ddu2f3tutir","id":"88v2ddu2f3tutir"},"id":"m514xc83a46jtxf","previousOperationId":"pvx9hkk4enphjbz"}
{"type":"log","timestamp":1662510004927,"level":"debug","message":"Inline data specified.","meta":{"rootId":"88v2ddu2f3tutir","id":"88v2ddu2f3tutir"},"id":"8gfdibqel1d1jxh","previousOperationId":"pvx9hkk4enphjbz"}
{"type":"log","timestamp":1662510004930,"level":"debug","message":"Base url not specified, skipping its injection.","meta":{"rootId":"88v2ddu2f3tutir","id":"88v2ddu2f3tutir"},"id":"l9nathlrb01jl8m","previousOperationId":"pvx9hkk4enphjbz"}
{"type":"operationStart","subtype":"engine","name":"handlebars","timestamp":1662510004930,"id":"aw5ky2wsko7la59","previousEventId":"m71ci1ugl55jcsi","operationId":"myf82zuzrjv5k6s","previousOperationId":"pvx9hkk4enphjbz"}
{"type":"log","timestamp":1662510004930,"level":"debug","message":"Rendering engine handlebars","meta":{"rootId":"88v2ddu2f3tutir","id":"88v2ddu2f3tutir"},"id":"l6lpa3rlu0pj6vo","previousOperationId":"myf82zuzrjv5k6s"}
{"type":"operationEnd","operationId":"myf82zuzrjv5k6s","timestamp":1662510004946,"id":"wzidm5bomlqmzrd","previousEventId":"aw5ky2wsko7la59","previousOperationId":"myf82zuzrjv5k6s"}
{"type":"operationStart","subtype":"recipe","name":"chrome-pdf","timestamp":1662510004946,"id":"qpmhwk8xxdmdos1","previousEventId":"wzidm5bomlqmzrd","operationId":"t7wdhdzxg53zank","previousOperationId":"myf82zuzrjv5k6s"}
{"type":"log","timestamp":1662510004946,"level":"debug","message":"Executing recipe chrome-pdf","meta":{"rootId":"88v2ddu2f3tutir","id":"88v2ddu2f3tutir"},"id":"vqeokuqkndq7vln","previousOperationId":"t7wdhdzxg53zank"}
{"type":"log","timestamp":1662510004948,"level":"debug","message":"Converting with chrome HeadlessChrome/98.0.4758.0 using chrome-pool strategy","meta":{"rootId":"88v2ddu2f3tutir","id":"88v2ddu2f3tutir"},"id":"44971bn77jmuo4j","previousOperationId":"t7wdhdzxg53zank"}
{"type":"log","timestamp":1662510005043,"level":"debug","message":"Page request: GET (document) file:///C:/Users/aasem/AppData/Local/Temp/jsreport/autocleanup/bbdc6bf3-2b6f-4ef5-b89b-8cd14216ca52-chrome-pdf.html","meta":{"rootId":"88v2ddu2f3tutir","id":"88v2ddu2f3tutir"},"id":"crb0uav1a34uohb","previousOperationId":"t7wdhdzxg53zank"}
{"type":"log","timestamp":1662510005055,"level":"debug","message":"Page request finished: GET (document) file:///C:/Users/aasem/AppData/Local/Temp/jsreport/autocleanup/bbdc6bf3-2b6f-4ef5-b89b-8cd14216ca52-chrome-pdf.html","meta":{"rootId":"88v2ddu2f3tutir","id":"88v2ddu2f3tutir"},"id":"g2w9t30yq4nsn4u","previousOperationId":"t7wdhdzxg53zank"}
{"type":"log","timestamp":1662510005082,"level":"debug","message":"Running chrome with params {\"printBackground\":true,\"timeout\":59962,\"margin\":{}}","meta":{"rootId":"88v2ddu2f3tutir","id":"88v2ddu2f3tutir"},"id":"esugdu0nmjwn1lk","previousOperationId":"t7wdhdzxg53zank"}
{"type":"operationEnd","operationId":"t7wdhdzxg53zank","timestamp":1662510005164,"id":"7acbicdtbwvs5a6","previousEventId":"qpmhwk8xxdmdos1","previousOperationId":"t7wdhdzxg53zank"}
{"type":"operationStart","subtype":"reports","name":"persisting report","doDiffs":false,"timestamp":1662510005164,"id":"tphdkydga5m4bay","previousEventId":"7acbicdtbwvs5a6","operationId":"12pcaecpfkej6x8","previousOperationId":"t7wdhdzxg53zank"}
{"type":"log","timestamp":1662510005182,"level":"debug","message":"Report stored as reports/salary/salarySlipTemplate/3f30TRSLxkqzheie.pdf","meta":{"rootId":"88v2ddu2f3tutir","id":"88v2ddu2f3tutir"},"id":"x45wznzaqjscdfq","previousOperationId":"12pcaecpfkej6x8"}
{"type":"operationEnd","operationId":"12pcaecpfkej6x8","doDiffs":false,"timestamp":1662510005182,"id":"sbp7jnjzls8rokg","previousEventId":"tphdkydga5m4bay","previousOperationId":"12pcaecpfkej6x8"}
{"type":"log","timestamp":1662510005182,"level":"info","message":"Rendering request 27 finished in 272 ms","meta":{"rootId":"88v2ddu2f3tutir","id":"88v2ddu2f3tutir"},"id":"q5ssxqz62ixm2r2","previousOperationId":"12pcaecpfkej6x8"}
{"type":"operationEnd","subtype":"render","operationId":"pvx9hkk4enphjbz","timestamp":1662510005182,"id":"q5r6mokud7vosja","previousEventId":"sbp7jnjzls8rokg","previousOperationId":"12pcaecpfkej6x8"}
{"type":"operationEnd","doDiffs":false,"previousEventId":"oxnpndo2fi1uskx","previousOperationId":"wmbef86b1mstufz","operationId":"wmbef86b1mstufz","timestamp":1662510005186,"id":"61x9gbihjg2tuoz"}
