{"type":"operationStart","subtype":"profile","data":{"_id":"Vi0WGXy7wSNlhGhd","timestamp":"2022-09-06T18:00:49.733Z","state":"queued","mode":"standard","creationDate":"2022-09-06T18:00:49.735Z","modificationDate":"2022-09-06T18:00:49.735Z","shortid":"uZ1mPQe","$entitySet":"profiles"},"doDiffs":false,"timestamp":1662487249734,"id":"uhe697vay8igi5s","previousOperationId":null,"operationId":"s6gcelakl4xkupy"}
{"type":"log","level":"info","message":"Render request 9 queued for execution and waiting for available worker","previousOperationId":"s6gcelakl4xkupy","timestamp":1662487249735,"id":"yyfjij8894uqhf0"}
{"type":"operationStart","subtype":"render","name":"salarySlipTemplate","previousOperationId":"s6gcelakl4xkupy","timestamp":1662487249745,"id":"9lk9owrxfprbli1","previousEventId":"uhe697vay8igi5s","operationId":"4kptegv7u1tk7bp"}
{"type":"log","timestamp":1662487249745,"level":"info","message":"Starting rendering request 9 (user: null)","meta":{"rootId":"8fm0o49r2vfxca9","id":"8fm0o49r2vfxca9"},"id":"58d7d8pde5rmxx6","previousOperationId":"4kptegv7u1tk7bp"}
{"type":"log","timestamp":1662487249745,"level":"info","message":"Rendering template { name: salarySlipTemplate, recipe: chrome-pdf, engine: handlebars, preview: false }","meta":{"rootId":"8fm0o49r2vfxca9","id":"8fm0o49r2vfxca9"},"id":"78ceytbvvyfugl4","previousOperationId":"4kptegv7u1tk7bp"}
{"type":"log","timestamp":1662487249746,"level":"debug","message":"Inline data specified.","meta":{"rootId":"8fm0o49r2vfxca9","id":"8fm0o49r2vfxca9"},"id":"g7w5f919v2qi95z","previousOperationId":"4kptegv7u1tk7bp"}
{"type":"log","timestamp":1662487249749,"level":"debug","message":"Base url not specified, skipping its injection.","meta":{"rootId":"8fm0o49r2vfxca9","id":"8fm0o49r2vfxca9"},"id":"yvvai9p0iwjtz8q","previousOperationId":"4kptegv7u1tk7bp"}
{"type":"operationStart","subtype":"engine","name":"handlebars","timestamp":1662487249749,"id":"2lq3li08s66jz2p","previousEventId":"9lk9owrxfprbli1","operationId":"ondxgcvqj3bhqos","previousOperationId":"4kptegv7u1tk7bp"}
{"type":"log","timestamp":1662487249749,"level":"debug","message":"Rendering engine handlebars","meta":{"rootId":"8fm0o49r2vfxca9","id":"8fm0o49r2vfxca9"},"id":"xqwj77g5j9pso5f","previousOperationId":"ondxgcvqj3bhqos"}
{"type":"operationEnd","operationId":"ondxgcvqj3bhqos","timestamp":1662487249765,"id":"fmqqqmz3lipl5w7","previousEventId":"2lq3li08s66jz2p","previousOperationId":"ondxgcvqj3bhqos"}
{"type":"operationStart","subtype":"recipe","name":"chrome-pdf","timestamp":1662487249766,"id":"lglzqp3u7pet6ck","previousEventId":"fmqqqmz3lipl5w7","operationId":"883hr5ogtahlqpi","previousOperationId":"ondxgcvqj3bhqos"}
{"type":"log","timestamp":1662487249766,"level":"debug","message":"Executing recipe chrome-pdf","meta":{"rootId":"8fm0o49r2vfxca9","id":"8fm0o49r2vfxca9"},"id":"ciitufgge90imjz","previousOperationId":"883hr5ogtahlqpi"}
{"type":"log","timestamp":1662487249769,"level":"debug","message":"Converting with chrome HeadlessChrome/98.0.4758.0 using chrome-pool strategy","meta":{"rootId":"8fm0o49r2vfxca9","id":"8fm0o49r2vfxca9"},"id":"al94ei6qnodjfuw","previousOperationId":"883hr5ogtahlqpi"}
{"type":"log","timestamp":1662487249863,"level":"debug","message":"Page request: GET (document) file:///C:/Users/aasem/AppData/Local/Temp/jsreport/autocleanup/4437441d-0806-4974-86e3-971280de90fd-chrome-pdf.html","meta":{"rootId":"8fm0o49r2vfxca9","id":"8fm0o49r2vfxca9"},"id":"j57gweicpwc46oq","previousOperationId":"883hr5ogtahlqpi"}
{"type":"log","timestamp":1662487249896,"level":"debug","message":"Page request finished: GET (document) file:///C:/Users/aasem/AppData/Local/Temp/jsreport/autocleanup/4437441d-0806-4974-86e3-971280de90fd-chrome-pdf.html","meta":{"rootId":"8fm0o49r2vfxca9","id":"8fm0o49r2vfxca9"},"id":"8xiem3k6rjte4jq","previousOperationId":"883hr5ogtahlqpi"}
{"type":"log","timestamp":1662487249926,"level":"debug","message":"Running chrome with params {\"printBackground\":true,\"timeout\":59965,\"margin\":{}}","meta":{"rootId":"8fm0o49r2vfxca9","id":"8fm0o49r2vfxca9"},"id":"pj3xklgygjhqlcj","previousOperationId":"883hr5ogtahlqpi"}
{"type":"operationEnd","operationId":"883hr5ogtahlqpi","timestamp":1662487250040,"id":"2cgba6rjguhhhi9","previousEventId":"lglzqp3u7pet6ck","previousOperationId":"883hr5ogtahlqpi"}
{"type":"operationStart","subtype":"reports","name":"persisting report","doDiffs":false,"timestamp":1662487250040,"id":"5t20ihw515qy6in","previousEventId":"2cgba6rjguhhhi9","operationId":"804iqkp3llaalw0","previousOperationId":"883hr5ogtahlqpi"}
{"type":"log","timestamp":1662487250063,"level":"debug","message":"Report stored as reports/salary/salarySlipTemplate/OvzF49OsfSl8xiIP.pdf","meta":{"rootId":"8fm0o49r2vfxca9","id":"8fm0o49r2vfxca9"},"id":"unytr2eww5e75zj","previousOperationId":"804iqkp3llaalw0"}
{"type":"operationEnd","operationId":"804iqkp3llaalw0","doDiffs":false,"timestamp":1662487250063,"id":"ogu7s0mmy2xpn3y","previousEventId":"5t20ihw515qy6in","previousOperationId":"804iqkp3llaalw0"}
{"type":"log","timestamp":1662487250063,"level":"info","message":"Rendering request 9 finished in 330 ms","meta":{"rootId":"8fm0o49r2vfxca9","id":"8fm0o49r2vfxca9"},"id":"q9tnea8zpgr84xx","previousOperationId":"804iqkp3llaalw0"}
{"type":"operationEnd","subtype":"render","operationId":"4kptegv7u1tk7bp","timestamp":1662487250063,"id":"vuhjsn5uml21doh","previousEventId":"ogu7s0mmy2xpn3y","previousOperationId":"804iqkp3llaalw0"}
{"type":"operationEnd","doDiffs":false,"previousEventId":"uhe697vay8igi5s","previousOperationId":"s6gcelakl4xkupy","operationId":"s6gcelakl4xkupy","timestamp":1662487250066,"id":"vi81tu8vq077frj"}
