{"type":"operationStart","subtype":"profile","data":{"_id":"MfkUf3bTgQNqEeGF","timestamp":"2022-09-06T16:45:50.856Z","state":"queued","mode":"standard","creationDate":"2022-09-06T16:45:50.857Z","modificationDate":"2022-09-06T16:45:50.857Z","shortid":"qPa01Us","$entitySet":"profiles"},"doDiffs":false,"timestamp":1662482750857,"id":"1k1mzjq32dsvm0v","previousOperationId":null,"operationId":"aq6oft2kvh2zx8t"}
{"type":"log","level":"info","message":"Render request 19 queued for execution and waiting for available worker","previousOperationId":"aq6oft2kvh2zx8t","timestamp":1662482750857,"id":"ejqwvpycavqt9ct"}
{"type":"operationStart","subtype":"render","name":"salarySlipTemplate","previousOperationId":"aq6oft2kvh2zx8t","timestamp":1662482750867,"id":"8djbg1f9w0y5o7w","previousEventId":"1k1mzjq32dsvm0v","operationId":"z35evyp2avtezvs"}
{"type":"log","timestamp":1662482750867,"level":"info","message":"Starting rendering request 19 (user: null)","meta":{"rootId":"8u7pgwdrjiepj72","id":"8u7pgwdrjiepj72"},"id":"nr52njsyh01zusv","previousOperationId":"z35evyp2avtezvs"}
{"type":"log","timestamp":1662482750867,"level":"info","message":"Rendering template { name: salarySlipTemplate, recipe: chrome-pdf, engine: handlebars, preview: false }","meta":{"rootId":"8u7pgwdrjiepj72","id":"8u7pgwdrjiepj72"},"id":"t0ty2bx6rgm4ocb","previousOperationId":"z35evyp2avtezvs"}
{"type":"log","timestamp":1662482750868,"level":"debug","message":"Inline data specified.","meta":{"rootId":"8u7pgwdrjiepj72","id":"8u7pgwdrjiepj72"},"id":"dpblym3xb02g6wv","previousOperationId":"z35evyp2avtezvs"}
{"type":"log","timestamp":1662482750870,"level":"debug","message":"Base url not specified, skipping its injection.","meta":{"rootId":"8u7pgwdrjiepj72","id":"8u7pgwdrjiepj72"},"id":"tfmqcf515ajn3an","previousOperationId":"z35evyp2avtezvs"}
{"type":"operationStart","subtype":"engine","name":"handlebars","timestamp":1662482750870,"id":"9i184mcv574pqmv","previousEventId":"8djbg1f9w0y5o7w","operationId":"zm6enkt2sf1sd5c","previousOperationId":"z35evyp2avtezvs"}
{"type":"log","timestamp":1662482750870,"level":"debug","message":"Rendering engine handlebars","meta":{"rootId":"8u7pgwdrjiepj72","id":"8u7pgwdrjiepj72"},"id":"l7ewlbk7ite6tox","previousOperationId":"zm6enkt2sf1sd5c"}
{"type":"operationEnd","operationId":"zm6enkt2sf1sd5c","timestamp":1662482750886,"id":"up8cnfveutbaq6i","previousEventId":"9i184mcv574pqmv","previousOperationId":"zm6enkt2sf1sd5c"}
{"type":"operationStart","subtype":"recipe","name":"chrome-pdf","timestamp":1662482750886,"id":"oa3dz19b3bbneqx","previousEventId":"up8cnfveutbaq6i","operationId":"i27bu7enohfq0lr","previousOperationId":"zm6enkt2sf1sd5c"}
{"type":"log","timestamp":1662482750886,"level":"debug","message":"Executing recipe chrome-pdf","meta":{"rootId":"8u7pgwdrjiepj72","id":"8u7pgwdrjiepj72"},"id":"z55ih3lxg90krkh","previousOperationId":"i27bu7enohfq0lr"}
{"type":"log","timestamp":1662482750888,"level":"debug","message":"Converting with chrome HeadlessChrome/98.0.4758.0 using chrome-pool strategy","meta":{"rootId":"8u7pgwdrjiepj72","id":"8u7pgwdrjiepj72"},"id":"4d2x9oyrri19x32","previousOperationId":"i27bu7enohfq0lr"}
{"type":"log","timestamp":1662482750989,"level":"debug","message":"Page request: GET (document) file:///C:/Users/aasem/AppData/Local/Temp/jsreport/autocleanup/6d66f4b4-6a99-4b4d-8782-2d2faf723115-chrome-pdf.html","meta":{"rootId":"8u7pgwdrjiepj72","id":"8u7pgwdrjiepj72"},"id":"q2dwonlpqq9z5yt","previousOperationId":"i27bu7enohfq0lr"}
{"type":"log","timestamp":1662482751004,"level":"debug","message":"Page request finished: GET (document) file:///C:/Users/aasem/AppData/Local/Temp/jsreport/autocleanup/6d66f4b4-6a99-4b4d-8782-2d2faf723115-chrome-pdf.html","meta":{"rootId":"8u7pgwdrjiepj72","id":"8u7pgwdrjiepj72"},"id":"1scj4581f6nxexl","previousOperationId":"i27bu7enohfq0lr"}
{"type":"log","timestamp":1662482751037,"level":"debug","message":"Running chrome with params {\"printBackground\":true,\"timeout\":59969,\"margin\":{}}","meta":{"rootId":"8u7pgwdrjiepj72","id":"8u7pgwdrjiepj72"},"id":"l5ftkfj0k7234dv","previousOperationId":"i27bu7enohfq0lr"}
{"type":"operationEnd","operationId":"i27bu7enohfq0lr","timestamp":1662482751223,"id":"5j50ifyzr4wgnvz","previousEventId":"oa3dz19b3bbneqx","previousOperationId":"i27bu7enohfq0lr"}
{"type":"operationStart","subtype":"reports","name":"persisting report","doDiffs":false,"timestamp":1662482751223,"id":"jmhptze2zi65b2x","previousEventId":"5j50ifyzr4wgnvz","operationId":"mabb21qa0nihnbr","previousOperationId":"i27bu7enohfq0lr"}
{"type":"log","timestamp":1662482751242,"level":"debug","message":"Report stored as reports/salary/salarySlipTemplate/iAtm5WkGk1mBKFXl.pdf","meta":{"rootId":"8u7pgwdrjiepj72","id":"8u7pgwdrjiepj72"},"id":"k6nkrqzwxedthqg","previousOperationId":"mabb21qa0nihnbr"}
{"type":"operationEnd","operationId":"mabb21qa0nihnbr","doDiffs":false,"timestamp":1662482751242,"id":"schwnt0ztn7j8iu","previousEventId":"jmhptze2zi65b2x","previousOperationId":"mabb21qa0nihnbr"}
{"type":"log","timestamp":1662482751242,"level":"info","message":"Rendering request 19 finished in 386 ms","meta":{"rootId":"8u7pgwdrjiepj72","id":"8u7pgwdrjiepj72"},"id":"r0cvy5kforwrnir","previousOperationId":"mabb21qa0nihnbr"}
{"type":"operationEnd","subtype":"render","operationId":"z35evyp2avtezvs","timestamp":1662482751242,"id":"s3ftr90815krgut","previousEventId":"schwnt0ztn7j8iu","previousOperationId":"mabb21qa0nihnbr"}
{"type":"operationEnd","doDiffs":false,"previousEventId":"1k1mzjq32dsvm0v","previousOperationId":"aq6oft2kvh2zx8t","operationId":"aq6oft2kvh2zx8t","timestamp":1662482751245,"id":"wgo6nl8i3g4tbfc"}
