{"type":"operationStart","subtype":"profile","data":{"_id":"fQq4SghMbEsMMebj","timestamp":"2022-09-07T00:31:54.193Z","state":"queued","mode":"standard","creationDate":"2022-09-07T00:31:54.194Z","modificationDate":"2022-09-07T00:31:54.194Z","shortid":"bJXBH7z","$entitySet":"profiles"},"doDiffs":false,"timestamp":1662510714194,"id":"oqehfqeyygxgn53","previousOperationId":null,"operationId":"mo1f5afme7ryqnk"}
{"type":"log","level":"info","message":"Render request 37 queued for execution and waiting for available worker","previousOperationId":"mo1f5afme7ryqnk","timestamp":1662510714194,"id":"w6j210jepneae3z"}
{"type":"operationStart","subtype":"render","name":"salarySlipTemplate","previousOperationId":"mo1f5afme7ryqnk","timestamp":1662510714202,"id":"4yhx4r6ghgk5dmc","previousEventId":"oqehfqeyygxgn53","operationId":"m5l2lx3cj916mmd"}
{"type":"log","timestamp":1662510714202,"level":"info","message":"Starting rendering request 37 (user: null)","meta":{"rootId":"8v9q3uhljj3cvyg","id":"8v9q3uhljj3cvyg"},"id":"e07yb3k6c8ukfiz","previousOperationId":"m5l2lx3cj916mmd"}
{"type":"log","timestamp":1662510714202,"level":"info","message":"Rendering template { name: salarySlipTemplate, recipe: chrome-pdf, engine: handlebars, preview: false }","meta":{"rootId":"8v9q3uhljj3cvyg","id":"8v9q3uhljj3cvyg"},"id":"kbzl6eudxiop5cn","previousOperationId":"m5l2lx3cj916mmd"}
{"type":"log","timestamp":1662510714203,"level":"debug","message":"Inline data specified.","meta":{"rootId":"8v9q3uhljj3cvyg","id":"8v9q3uhljj3cvyg"},"id":"ebent8w3hh9536q","previousOperationId":"m5l2lx3cj916mmd"}
{"type":"log","timestamp":1662510714207,"level":"debug","message":"Base url not specified, skipping its injection.","meta":{"rootId":"8v9q3uhljj3cvyg","id":"8v9q3uhljj3cvyg"},"id":"n7sayhqp2yhmrp2","previousOperationId":"m5l2lx3cj916mmd"}
{"type":"operationStart","subtype":"engine","name":"handlebars","timestamp":1662510714207,"id":"lhjza1tav5g94xl","previousEventId":"4yhx4r6ghgk5dmc","operationId":"fccesnyjhrgnzi9","previousOperationId":"m5l2lx3cj916mmd"}
{"type":"log","timestamp":1662510714207,"level":"debug","message":"Rendering engine handlebars","meta":{"rootId":"8v9q3uhljj3cvyg","id":"8v9q3uhljj3cvyg"},"id":"7yruancc6ejdmr1","previousOperationId":"fccesnyjhrgnzi9"}
{"type":"operationEnd","operationId":"fccesnyjhrgnzi9","timestamp":1662510714221,"id":"3nhxvvuabqdmx4s","previousEventId":"lhjza1tav5g94xl","previousOperationId":"fccesnyjhrgnzi9"}
{"type":"operationStart","subtype":"recipe","name":"chrome-pdf","timestamp":1662510714221,"id":"a8xwgikhrvbu5bn","previousEventId":"3nhxvvuabqdmx4s","operationId":"v6jzev0ne1xmmha","previousOperationId":"fccesnyjhrgnzi9"}
{"type":"log","timestamp":1662510714221,"level":"debug","message":"Executing recipe chrome-pdf","meta":{"rootId":"8v9q3uhljj3cvyg","id":"8v9q3uhljj3cvyg"},"id":"gculorx6l6pcny4","previousOperationId":"v6jzev0ne1xmmha"}
{"type":"log","timestamp":1662510714224,"level":"debug","message":"Converting with chrome HeadlessChrome/98.0.4758.0 using chrome-pool strategy","meta":{"rootId":"8v9q3uhljj3cvyg","id":"8v9q3uhljj3cvyg"},"id":"2uxoqqjy8rcre10","previousOperationId":"v6jzev0ne1xmmha"}
{"type":"log","timestamp":1662510714323,"level":"debug","message":"Page request: GET (document) file:///C:/Users/aasem/AppData/Local/Temp/jsreport/autocleanup/22697cc8-9ac6-427e-8a3d-6d625e1eabb3-chrome-pdf.html","meta":{"rootId":"8v9q3uhljj3cvyg","id":"8v9q3uhljj3cvyg"},"id":"9en263x94fcwo4c","previousOperationId":"v6jzev0ne1xmmha"}
{"type":"log","timestamp":1662510714334,"level":"debug","message":"Page request finished: GET (document) file:///C:/Users/aasem/AppData/Local/Temp/jsreport/autocleanup/22697cc8-9ac6-427e-8a3d-6d625e1eabb3-chrome-pdf.html","meta":{"rootId":"8v9q3uhljj3cvyg","id":"8v9q3uhljj3cvyg"},"id":"8fpgogczs75sp32","previousOperationId":"v6jzev0ne1xmmha"}
{"type":"log","timestamp":1662510714361,"level":"debug","message":"Running chrome with params {\"printBackground\":true,\"timeout\":59970,\"margin\":{}}","meta":{"rootId":"8v9q3uhljj3cvyg","id":"8v9q3uhljj3cvyg"},"id":"dx4avnjeqaqarz4","previousOperationId":"v6jzev0ne1xmmha"}
{"type":"operationEnd","operationId":"v6jzev0ne1xmmha","timestamp":1662510714448,"id":"1hozy6a1xz295bq","previousEventId":"a8xwgikhrvbu5bn","previousOperationId":"v6jzev0ne1xmmha"}
{"type":"operationStart","subtype":"reports","name":"persisting report","doDiffs":false,"timestamp":1662510714448,"id":"2f601zzdmnpmfpg","previousEventId":"1hozy6a1xz295bq","operationId":"5l3lxs3o0ww1osr","previousOperationId":"v6jzev0ne1xmmha"}
{"type":"log","timestamp":1662510714467,"level":"debug","message":"Report stored as reports/salary/salarySlipTemplate/76FkIrxudOwHtaJB.pdf","meta":{"rootId":"8v9q3uhljj3cvyg","id":"8v9q3uhljj3cvyg"},"id":"kehiombz7pmql94","previousOperationId":"5l3lxs3o0ww1osr"}
{"type":"operationEnd","operationId":"5l3lxs3o0ww1osr","doDiffs":false,"timestamp":1662510714467,"id":"2sn20f7e2p4ydzz","previousEventId":"2f601zzdmnpmfpg","previousOperationId":"5l3lxs3o0ww1osr"}
{"type":"log","timestamp":1662510714467,"level":"info","message":"Rendering request 37 finished in 274 ms","meta":{"rootId":"8v9q3uhljj3cvyg","id":"8v9q3uhljj3cvyg"},"id":"3jbnuggalwg7o7o","previousOperationId":"5l3lxs3o0ww1osr"}
{"type":"operationEnd","subtype":"render","operationId":"m5l2lx3cj916mmd","timestamp":1662510714467,"id":"27iprqbm9672v7c","previousEventId":"2sn20f7e2p4ydzz","previousOperationId":"5l3lxs3o0ww1osr"}
{"type":"operationEnd","doDiffs":false,"previousEventId":"oqehfqeyygxgn53","previousOperationId":"mo1f5afme7ryqnk","operationId":"mo1f5afme7ryqnk","timestamp":1662510714470,"id":"nzph02b7gv2xk93"}
