{"type":"operationStart","subtype":"profile","data":{"_id":"jyu3eK27qqZ9q0Qz","timestamp":"2022-09-07T00:11:36.816Z","state":"queued","mode":"standard","creationDate":"2022-09-07T00:11:36.821Z","modificationDate":"2022-09-07T00:11:36.821Z","shortid":"wAi2fuG","$entitySet":"profiles"},"doDiffs":false,"timestamp":1662509496820,"id":"2dku0nyhl5x0qn2","previousOperationId":null,"operationId":"18desc8s5karb40"}
{"type":"log","level":"info","message":"Render request 10 queued for execution and waiting for available worker","previousOperationId":"18desc8s5karb40","timestamp":1662509496820,"id":"3ci5hdxmf8qonki"}
{"type":"operationStart","subtype":"render","name":"salarySlipTemplate","previousOperationId":"18desc8s5karb40","timestamp":1662509496837,"id":"2r2qkiy67n8d7as","previousEventId":"2dku0nyhl5x0qn2","operationId":"m32f7k29xpp7tkq"}
{"type":"log","timestamp":1662509496837,"level":"info","message":"Starting rendering request 10 (user: null)","meta":{"rootId":"9p2wfm9fc9d1kai","id":"9p2wfm9fc9d1kai"},"id":"hzosxzik6cifg9y","previousOperationId":"m32f7k29xpp7tkq"}
{"type":"log","timestamp":1662509496837,"level":"info","message":"Rendering template { name: salarySlipTemplate, recipe: chrome-pdf, engine: handlebars, preview: false }","meta":{"rootId":"9p2wfm9fc9d1kai","id":"9p2wfm9fc9d1kai"},"id":"ehdnhst81pt6lef","previousOperationId":"m32f7k29xpp7tkq"}
{"type":"log","timestamp":1662509496844,"level":"debug","message":"Inline data specified.","meta":{"rootId":"9p2wfm9fc9d1kai","id":"9p2wfm9fc9d1kai"},"id":"w6mdud53kazpcp3","previousOperationId":"m32f7k29xpp7tkq"}
{"type":"log","timestamp":1662509496855,"level":"debug","message":"Base url not specified, skipping its injection.","meta":{"rootId":"9p2wfm9fc9d1kai","id":"9p2wfm9fc9d1kai"},"id":"j64v215yd30g9yu","previousOperationId":"m32f7k29xpp7tkq"}
{"type":"operationStart","subtype":"engine","name":"handlebars","timestamp":1662509496856,"id":"bjsvw1nmp03irxs","previousEventId":"2r2qkiy67n8d7as","operationId":"1eyu9nj11m6cus7","previousOperationId":"m32f7k29xpp7tkq"}
{"type":"log","timestamp":1662509496856,"level":"debug","message":"Rendering engine handlebars","meta":{"rootId":"9p2wfm9fc9d1kai","id":"9p2wfm9fc9d1kai"},"id":"2tpl6z1qjrk4n75","previousOperationId":"1eyu9nj11m6cus7"}
{"type":"operationEnd","operationId":"1eyu9nj11m6cus7","timestamp":1662509496889,"id":"4lv33aj4gzj3zju","previousEventId":"bjsvw1nmp03irxs","previousOperationId":"1eyu9nj11m6cus7"}
{"type":"operationStart","subtype":"recipe","name":"chrome-pdf","timestamp":1662509496889,"id":"vf6hc748iqttqr8","previousEventId":"4lv33aj4gzj3zju","operationId":"m9twght0yr32bav","previousOperationId":"1eyu9nj11m6cus7"}
{"type":"log","timestamp":1662509496889,"level":"debug","message":"Executing recipe chrome-pdf","meta":{"rootId":"9p2wfm9fc9d1kai","id":"9p2wfm9fc9d1kai"},"id":"aa1wn3hmgwqs6y3","previousOperationId":"m9twght0yr32bav"}
{"type":"log","timestamp":1662509496892,"level":"debug","message":"Converting with chrome HeadlessChrome/98.0.4758.0 using chrome-pool strategy","meta":{"rootId":"9p2wfm9fc9d1kai","id":"9p2wfm9fc9d1kai"},"id":"8k40ads9fqdsgks","previousOperationId":"m9twght0yr32bav"}
{"type":"log","timestamp":1662509497320,"level":"debug","message":"Page request: GET (document) file:///C:/Users/aasem/AppData/Local/Temp/jsreport/autocleanup/624d195f-eced-4d7e-b6d7-a5ab9d8c16d5-chrome-pdf.html","meta":{"rootId":"9p2wfm9fc9d1kai","id":"9p2wfm9fc9d1kai"},"id":"jxcfyehii7yarft","previousOperationId":"m9twght0yr32bav"}
{"type":"log","timestamp":1662509497328,"level":"debug","message":"Page request finished: GET (document) file:///C:/Users/aasem/AppData/Local/Temp/jsreport/autocleanup/624d195f-eced-4d7e-b6d7-a5ab9d8c16d5-chrome-pdf.html","meta":{"rootId":"9p2wfm9fc9d1kai","id":"9p2wfm9fc9d1kai"},"id":"f46z7ju8f73qf3h","previousOperationId":"m9twght0yr32bav"}
{"type":"log","timestamp":1662509497355,"level":"debug","message":"Running chrome with params {\"printBackground\":true,\"timeout\":59925,\"margin\":{}}","meta":{"rootId":"9p2wfm9fc9d1kai","id":"9p2wfm9fc9d1kai"},"id":"qez7iracgv60osp","previousOperationId":"m9twght0yr32bav"}
{"type":"operationEnd","operationId":"m9twght0yr32bav","timestamp":1662509497593,"id":"i9hzpc7zjkyk9n3","previousEventId":"vf6hc748iqttqr8","previousOperationId":"m9twght0yr32bav"}
{"type":"operationStart","subtype":"reports","name":"persisting report","doDiffs":false,"timestamp":1662509497593,"id":"wc6wnzhgwjncll7","previousEventId":"i9hzpc7zjkyk9n3","operationId":"3qpbubv0wrhdzom","previousOperationId":"m9twght0yr32bav"}
{"type":"log","timestamp":1662509497641,"level":"debug","message":"Report stored as reports/salary/salarySlipTemplate/PjTQpL3yINdCLdh1.pdf","meta":{"rootId":"9p2wfm9fc9d1kai","id":"9p2wfm9fc9d1kai"},"id":"gqpexhpj8qgpcl6","previousOperationId":"3qpbubv0wrhdzom"}
{"type":"operationEnd","operationId":"3qpbubv0wrhdzom","doDiffs":false,"timestamp":1662509497641,"id":"7ne4rkhqe2d4dyf","previousEventId":"wc6wnzhgwjncll7","previousOperationId":"3qpbubv0wrhdzom"}
{"type":"log","timestamp":1662509497641,"level":"info","message":"Rendering request 10 finished in 825 ms","meta":{"rootId":"9p2wfm9fc9d1kai","id":"9p2wfm9fc9d1kai"},"id":"jfl2tlia6ojm7xu","previousOperationId":"3qpbubv0wrhdzom"}
{"type":"operationEnd","subtype":"render","operationId":"m32f7k29xpp7tkq","timestamp":1662509497641,"id":"imfyafy0vlalfs8","previousEventId":"7ne4rkhqe2d4dyf","previousOperationId":"3qpbubv0wrhdzom"}
{"type":"operationEnd","doDiffs":false,"previousEventId":"2dku0nyhl5x0qn2","previousOperationId":"18desc8s5karb40","operationId":"18desc8s5karb40","timestamp":1662509497644,"id":"nm92ct5odie5c2r"}
