{"type":"operationStart","subtype":"profile","data":{"_id":"l9EKU0NhP3UJI8P9","timestamp":"2022-09-11T15:51:44.297Z","state":"queued","mode":"standard","creationDate":"2022-09-11T15:51:44.298Z","modificationDate":"2022-09-11T15:51:44.299Z","shortid":"LA2oOUV","$entitySet":"profiles"},"doDiffs":false,"timestamp":1662911504298,"id":"hmf4cccqx2b0krf","previousOperationId":null,"operationId":"voour7sn43wguo9"}
{"type":"log","level":"info","message":"Render request 11 queued for execution and waiting for available worker","previousOperationId":"voour7sn43wguo9","timestamp":1662911504298,"id":"bq1ctb484fdu72u"}
{"type":"operationStart","subtype":"render","name":"salarySlipTemplate","previousOperationId":"voour7sn43wguo9","timestamp":1662911504310,"id":"axo5fq5rc5q1127","previousEventId":"hmf4cccqx2b0krf","operationId":"gc19ickkfurjom5"}
{"type":"log","timestamp":1662911504312,"level":"info","message":"Starting rendering request 11 (user: null)","meta":{"rootId":"9rx465dgb3gr8nv","id":"9rx465dgb3gr8nv"},"id":"2qscx9mh6mydi63","previousOperationId":"gc19ickkfurjom5"}
{"type":"log","timestamp":1662911504312,"level":"info","message":"Rendering template { name: salarySlipTemplate, recipe: chrome-pdf, engine: handlebars, preview: false }","meta":{"rootId":"9rx465dgb3gr8nv","id":"9rx465dgb3gr8nv"},"id":"9mxr1f3watpkx5d","previousOperationId":"gc19ickkfurjom5"}
{"type":"log","timestamp":1662911504313,"level":"debug","message":"Inline data specified.","meta":{"rootId":"9rx465dgb3gr8nv","id":"9rx465dgb3gr8nv"},"id":"pvdgx6qi5ym1hd5","previousOperationId":"gc19ickkfurjom5"}
{"type":"log","timestamp":1662911504314,"level":"debug","message":"Base url not specified, skipping its injection.","meta":{"rootId":"9rx465dgb3gr8nv","id":"9rx465dgb3gr8nv"},"id":"02zfavwogdt0cna","previousOperationId":"gc19ickkfurjom5"}
{"type":"operationStart","subtype":"engine","name":"handlebars","timestamp":1662911504315,"id":"uth4w75fjlyekvn","previousEventId":"axo5fq5rc5q1127","operationId":"i77r8749muib9v5","previousOperationId":"gc19ickkfurjom5"}
{"type":"log","timestamp":1662911504315,"level":"debug","message":"Rendering engine handlebars","meta":{"rootId":"9rx465dgb3gr8nv","id":"9rx465dgb3gr8nv"},"id":"5ajwhovcmua79uc","previousOperationId":"i77r8749muib9v5"}
{"type":"operationEnd","operationId":"i77r8749muib9v5","timestamp":1662911504329,"id":"mcjbiy7mitx7vyn","previousEventId":"uth4w75fjlyekvn","previousOperationId":"i77r8749muib9v5"}
{"type":"operationStart","subtype":"recipe","name":"chrome-pdf","timestamp":1662911504329,"id":"9mrsdbbkc8a58eb","previousEventId":"mcjbiy7mitx7vyn","operationId":"sflug88ps2b7ira","previousOperationId":"i77r8749muib9v5"}
{"type":"log","timestamp":1662911504329,"level":"debug","message":"Executing recipe chrome-pdf","meta":{"rootId":"9rx465dgb3gr8nv","id":"9rx465dgb3gr8nv"},"id":"1u4wy2k8r18vxpz","previousOperationId":"sflug88ps2b7ira"}
{"type":"log","timestamp":1662911504331,"level":"debug","message":"Converting with chrome HeadlessChrome/98.0.4758.0 using chrome-pool strategy","meta":{"rootId":"9rx465dgb3gr8nv","id":"9rx465dgb3gr8nv"},"id":"bb53heouj8wtpql","previousOperationId":"sflug88ps2b7ira"}
{"type":"log","timestamp":1662911504421,"level":"debug","message":"Page request: GET (document) file:///C:/Users/aasem/AppData/Local/Temp/jsreport/autocleanup/097ce549-047c-41ae-aa7f-614f410c56aa-chrome-pdf.html","meta":{"rootId":"9rx465dgb3gr8nv","id":"9rx465dgb3gr8nv"},"id":"yovo8xcu2z43gyy","previousOperationId":"sflug88ps2b7ira"}
{"type":"log","timestamp":1662911504429,"level":"debug","message":"Page request finished: GET (document) file:///C:/Users/aasem/AppData/Local/Temp/jsreport/autocleanup/097ce549-047c-41ae-aa7f-614f410c56aa-chrome-pdf.html","meta":{"rootId":"9rx465dgb3gr8nv","id":"9rx465dgb3gr8nv"},"id":"aok0besi9ptorkl","previousOperationId":"sflug88ps2b7ira"}
{"type":"log","timestamp":1662911504456,"level":"debug","message":"Running chrome with params {\"printBackground\":true,\"timeout\":59967,\"margin\":{}}","meta":{"rootId":"9rx465dgb3gr8nv","id":"9rx465dgb3gr8nv"},"id":"ohhgbwgwufuw5jf","previousOperationId":"sflug88ps2b7ira"}
{"type":"operationEnd","operationId":"sflug88ps2b7ira","timestamp":1662911504560,"id":"6462joj5p6o254a","previousEventId":"9mrsdbbkc8a58eb","previousOperationId":"sflug88ps2b7ira"}
{"type":"log","timestamp":1662911504560,"level":"debug","message":"Skipping storing report.","meta":{"rootId":"9rx465dgb3gr8nv","id":"9rx465dgb3gr8nv"},"id":"ct0cjll26hztybl","previousOperationId":"sflug88ps2b7ira"}
{"type":"log","timestamp":1662911504560,"level":"info","message":"Rendering request 11 finished in 263 ms","meta":{"rootId":"9rx465dgb3gr8nv","id":"9rx465dgb3gr8nv"},"id":"5k0rohkxktzjvip","previousOperationId":"sflug88ps2b7ira"}
{"type":"operationEnd","subtype":"render","operationId":"gc19ickkfurjom5","timestamp":1662911504560,"id":"hiphml0c5mgce96","previousEventId":"6462joj5p6o254a","previousOperationId":"sflug88ps2b7ira"}
{"type":"operationEnd","doDiffs":false,"previousEventId":"hmf4cccqx2b0krf","previousOperationId":"voour7sn43wguo9","operationId":"voour7sn43wguo9","timestamp":1662911504563,"id":"36hugreivwzc4va"}
