{"type":"operationStart","subtype":"profile","data":{"_id":"LD2yPoSk3CdhYn8r","timestamp":"2022-09-07T15:17:28.664Z","state":"queued","mode":"standard","creationDate":"2022-09-07T15:17:28.665Z","modificationDate":"2022-09-07T15:17:28.665Z","shortid":"FM_HouT","$entitySet":"profiles"},"doDiffs":false,"timestamp":1662563848665,"id":"yaw64doncp6dkkw","previousOperationId":null,"operationId":"9e9l6oqcpz9up0v"}
{"type":"log","level":"info","message":"Render request 8 queued for execution and waiting for available worker","previousOperationId":"9e9l6oqcpz9up0v","timestamp":1662563848665,"id":"exx0nbesmo9ehnv"}
{"type":"operationStart","subtype":"render","name":"salarySlipTemplate","previousOperationId":"9e9l6oqcpz9up0v","timestamp":1662563848672,"id":"ylzwwxlehcqojxw","previousEventId":"yaw64doncp6dkkw","operationId":"xpkcyiat4evvu35"}
{"type":"log","timestamp":1662563848672,"level":"info","message":"Starting rendering request 8 (user: null)","meta":{"rootId":"9ucixgx0i0dbgiz","id":"9ucixgx0i0dbgiz"},"id":"wd2ijbm5t1oxa4s","previousOperationId":"xpkcyiat4evvu35"}
{"type":"log","timestamp":1662563848673,"level":"info","message":"Rendering template { name: salarySlipTemplate, recipe: chrome-pdf, engine: handlebars, preview: false }","meta":{"rootId":"9ucixgx0i0dbgiz","id":"9ucixgx0i0dbgiz"},"id":"zosdr4svtc69g0f","previousOperationId":"xpkcyiat4evvu35"}
{"type":"log","timestamp":1662563848673,"level":"debug","message":"Inline data specified.","meta":{"rootId":"9ucixgx0i0dbgiz","id":"9ucixgx0i0dbgiz"},"id":"i0slhkqxcci3upp","previousOperationId":"xpkcyiat4evvu35"}
{"type":"log","timestamp":1662563848676,"level":"debug","message":"Base url not specified, skipping its injection.","meta":{"rootId":"9ucixgx0i0dbgiz","id":"9ucixgx0i0dbgiz"},"id":"wirbgd8mfcpzba8","previousOperationId":"xpkcyiat4evvu35"}
{"type":"operationStart","subtype":"engine","name":"handlebars","timestamp":1662563848676,"id":"ytr6rjw5upua1nd","previousEventId":"ylzwwxlehcqojxw","operationId":"vvttf6ksd772ki8","previousOperationId":"xpkcyiat4evvu35"}
{"type":"log","timestamp":1662563848676,"level":"debug","message":"Rendering engine handlebars","meta":{"rootId":"9ucixgx0i0dbgiz","id":"9ucixgx0i0dbgiz"},"id":"h1z2bkr8vrd6w9o","previousOperationId":"vvttf6ksd772ki8"}
{"type":"operationEnd","operationId":"vvttf6ksd772ki8","timestamp":1662563848695,"id":"ezqltc85in5cyue","previousEventId":"ytr6rjw5upua1nd","previousOperationId":"vvttf6ksd772ki8"}
{"type":"operationStart","subtype":"recipe","name":"chrome-pdf","timestamp":1662563848695,"id":"927amczwnnhmz21","previousEventId":"ezqltc85in5cyue","operationId":"c6qxssk1od8a84i","previousOperationId":"vvttf6ksd772ki8"}
{"type":"log","timestamp":1662563848695,"level":"debug","message":"Executing recipe chrome-pdf","meta":{"rootId":"9ucixgx0i0dbgiz","id":"9ucixgx0i0dbgiz"},"id":"zkxwu6zlf89by17","previousOperationId":"c6qxssk1od8a84i"}
{"type":"log","timestamp":1662563848697,"level":"debug","message":"Converting with chrome HeadlessChrome/98.0.4758.0 using chrome-pool strategy","meta":{"rootId":"9ucixgx0i0dbgiz","id":"9ucixgx0i0dbgiz"},"id":"rq9hyw0zg6u5f9i","previousOperationId":"c6qxssk1od8a84i"}
{"type":"log","timestamp":1662563848837,"level":"debug","message":"Page request: GET (document) file:///C:/Users/aasem/AppData/Local/Temp/jsreport/autocleanup/0773024b-9e68-4246-8157-7f52fc98644e-chrome-pdf.html","meta":{"rootId":"9ucixgx0i0dbgiz","id":"9ucixgx0i0dbgiz"},"id":"mxhlgdig7jba816","previousOperationId":"c6qxssk1od8a84i"}
{"type":"log","timestamp":1662563848846,"level":"debug","message":"Page request finished: GET (document) file:///C:/Users/aasem/AppData/Local/Temp/jsreport/autocleanup/0773024b-9e68-4246-8157-7f52fc98644e-chrome-pdf.html","meta":{"rootId":"9ucixgx0i0dbgiz","id":"9ucixgx0i0dbgiz"},"id":"6jdlta0mvlbo35d","previousOperationId":"c6qxssk1od8a84i"}
{"type":"log","timestamp":1662563848870,"level":"debug","message":"Running chrome with params {\"printBackground\":true,\"timeout\":59967,\"margin\":{}}","meta":{"rootId":"9ucixgx0i0dbgiz","id":"9ucixgx0i0dbgiz"},"id":"n1g4zunlo9ilv7f","previousOperationId":"c6qxssk1od8a84i"}
{"type":"operationEnd","operationId":"c6qxssk1od8a84i","timestamp":1662563848965,"id":"9ylcak9u79058sc","previousEventId":"927amczwnnhmz21","previousOperationId":"c6qxssk1od8a84i"}
{"type":"log","timestamp":1662563848965,"level":"debug","message":"Skipping storing report.","meta":{"rootId":"9ucixgx0i0dbgiz","id":"9ucixgx0i0dbgiz"},"id":"j2w38piae99zmzt","previousOperationId":"c6qxssk1od8a84i"}
{"type":"log","timestamp":1662563848965,"level":"info","message":"Rendering request 8 finished in 302 ms","meta":{"rootId":"9ucixgx0i0dbgiz","id":"9ucixgx0i0dbgiz"},"id":"fra7nt5hypi6gdn","previousOperationId":"c6qxssk1od8a84i"}
{"type":"operationEnd","subtype":"render","operationId":"xpkcyiat4evvu35","timestamp":1662563848965,"id":"mkw8x9d5trd24ff","previousEventId":"9ylcak9u79058sc","previousOperationId":"c6qxssk1od8a84i"}
{"type":"operationEnd","doDiffs":false,"previousEventId":"yaw64doncp6dkkw","previousOperationId":"9e9l6oqcpz9up0v","operationId":"9e9l6oqcpz9up0v","timestamp":1662563848968,"id":"ny2b33ad3mw6okd"}
