{"type":"operationStart","subtype":"profile","data":{"_id":"dc4CeUsAYl7ROeJo","timestamp":"2022-09-07T00:16:32.420Z","state":"queued","mode":"standard","creationDate":"2022-09-07T00:16:32.421Z","modificationDate":"2022-09-07T00:16:32.421Z","shortid":"ZOIuXYm","$entitySet":"profiles"},"doDiffs":false,"timestamp":1662509792420,"id":"453er22okq42ymz","previousOperationId":null,"operationId":"s3gfaactjpopst1"}
{"type":"log","level":"info","message":"Render request 21 queued for execution and waiting for available worker","previousOperationId":"s3gfaactjpopst1","timestamp":1662509792420,"id":"rldl9h5gg2g6hou"}
{"type":"operationStart","subtype":"render","name":"salarySlipTemplate","previousOperationId":"s3gfaactjpopst1","timestamp":1662509792432,"id":"9s5opqg4snz3s8d","previousEventId":"453er22okq42ymz","operationId":"sz2kwppo6infjo3"}
{"type":"log","timestamp":1662509792432,"level":"info","message":"Starting rendering request 21 (user: null)","meta":{"rootId":"9xwntc7ic76ytp8","id":"9xwntc7ic76ytp8"},"id":"ocawq936f7srswj","previousOperationId":"sz2kwppo6infjo3"}
{"type":"log","timestamp":1662509792432,"level":"info","message":"Rendering template { name: salarySlipTemplate, recipe: chrome-pdf, engine: handlebars, preview: false }","meta":{"rootId":"9xwntc7ic76ytp8","id":"9xwntc7ic76ytp8"},"id":"s2900m5ulo1di0t","previousOperationId":"sz2kwppo6infjo3"}
{"type":"log","timestamp":1662509792433,"level":"debug","message":"Inline data specified.","meta":{"rootId":"9xwntc7ic76ytp8","id":"9xwntc7ic76ytp8"},"id":"fnsbg1kzet53ivc","previousOperationId":"sz2kwppo6infjo3"}
{"type":"log","timestamp":1662509792435,"level":"debug","message":"Base url not specified, skipping its injection.","meta":{"rootId":"9xwntc7ic76ytp8","id":"9xwntc7ic76ytp8"},"id":"9jx6nc14gjso0y8","previousOperationId":"sz2kwppo6infjo3"}
{"type":"operationStart","subtype":"engine","name":"handlebars","timestamp":1662509792436,"id":"8218p4rrgz9fveo","previousEventId":"9s5opqg4snz3s8d","operationId":"u06ajh7tjutjeqv","previousOperationId":"sz2kwppo6infjo3"}
{"type":"log","timestamp":1662509792436,"level":"debug","message":"Rendering engine handlebars","meta":{"rootId":"9xwntc7ic76ytp8","id":"9xwntc7ic76ytp8"},"id":"zm69gkdwnpej8kn","previousOperationId":"u06ajh7tjutjeqv"}
{"type":"operationEnd","operationId":"u06ajh7tjutjeqv","timestamp":1662509792451,"id":"2iaz6kusqqso90w","previousEventId":"8218p4rrgz9fveo","previousOperationId":"u06ajh7tjutjeqv"}
{"type":"operationStart","subtype":"recipe","name":"chrome-pdf","timestamp":1662509792451,"id":"pbkk4ez9688zka0","previousEventId":"2iaz6kusqqso90w","operationId":"r2ph9ddtpeilr2q","previousOperationId":"u06ajh7tjutjeqv"}
{"type":"log","timestamp":1662509792451,"level":"debug","message":"Executing recipe chrome-pdf","meta":{"rootId":"9xwntc7ic76ytp8","id":"9xwntc7ic76ytp8"},"id":"v12inp1paj6clba","previousOperationId":"r2ph9ddtpeilr2q"}
{"type":"log","timestamp":1662509792453,"level":"debug","message":"Converting with chrome HeadlessChrome/98.0.4758.0 using chrome-pool strategy","meta":{"rootId":"9xwntc7ic76ytp8","id":"9xwntc7ic76ytp8"},"id":"ycw2ve2ubn17xbo","previousOperationId":"r2ph9ddtpeilr2q"}
{"type":"log","timestamp":1662509792552,"level":"debug","message":"Page request: GET (document) file:///C:/Users/aasem/AppData/Local/Temp/jsreport/autocleanup/c9f21fc7-cc6a-407f-9e8c-6445fbef24b5-chrome-pdf.html","meta":{"rootId":"9xwntc7ic76ytp8","id":"9xwntc7ic76ytp8"},"id":"wymbs27ij0naeml","previousOperationId":"r2ph9ddtpeilr2q"}
{"type":"log","timestamp":1662509792561,"level":"debug","message":"Page request finished: GET (document) file:///C:/Users/aasem/AppData/Local/Temp/jsreport/autocleanup/c9f21fc7-cc6a-407f-9e8c-6445fbef24b5-chrome-pdf.html","meta":{"rootId":"9xwntc7ic76ytp8","id":"9xwntc7ic76ytp8"},"id":"479iewhyk64kppj","previousOperationId":"r2ph9ddtpeilr2q"}
{"type":"log","timestamp":1662509792587,"level":"debug","message":"Running chrome with params {\"printBackground\":true,\"timeout\":59967,\"margin\":{}}","meta":{"rootId":"9xwntc7ic76ytp8","id":"9xwntc7ic76ytp8"},"id":"8noe1ws1aku6s5i","previousOperationId":"r2ph9ddtpeilr2q"}
{"type":"operationEnd","operationId":"r2ph9ddtpeilr2q","timestamp":1662509792683,"id":"cjkkif8h6fajl4b","previousEventId":"pbkk4ez9688zka0","previousOperationId":"r2ph9ddtpeilr2q"}
{"type":"operationStart","subtype":"reports","name":"persisting report","doDiffs":false,"timestamp":1662509792684,"id":"znh0jcn5giwfxby","previousEventId":"cjkkif8h6fajl4b","operationId":"l71uq43gule0hli","previousOperationId":"r2ph9ddtpeilr2q"}
{"type":"log","timestamp":1662509792701,"level":"debug","message":"Report stored as reports/salary/salarySlipTemplate/aRcuK9e6yisaZTsb.pdf","meta":{"rootId":"9xwntc7ic76ytp8","id":"9xwntc7ic76ytp8"},"id":"xs38iybdhkjb6nf","previousOperationId":"l71uq43gule0hli"}
{"type":"operationEnd","operationId":"l71uq43gule0hli","doDiffs":false,"timestamp":1662509792701,"id":"8ezdcysqw2kx34j","previousEventId":"znh0jcn5giwfxby","previousOperationId":"l71uq43gule0hli"}
{"type":"log","timestamp":1662509792701,"level":"info","message":"Rendering request 21 finished in 282 ms","meta":{"rootId":"9xwntc7ic76ytp8","id":"9xwntc7ic76ytp8"},"id":"quc6on8vlnigypc","previousOperationId":"l71uq43gule0hli"}
{"type":"operationEnd","subtype":"render","operationId":"sz2kwppo6infjo3","timestamp":1662509792701,"id":"mpqyn6unx53d51c","previousEventId":"8ezdcysqw2kx34j","previousOperationId":"l71uq43gule0hli"}
{"type":"operationEnd","doDiffs":false,"previousEventId":"453er22okq42ymz","previousOperationId":"s3gfaactjpopst1","operationId":"s3gfaactjpopst1","timestamp":1662509792705,"id":"5rmbf9byxhct5mg"}
