{"type":"operationStart","subtype":"profile","data":{"_id":"YHfRwQEEEmLdiOja","timestamp":"2022-09-07T00:18:36.023Z","state":"queued","mode":"standard","creationDate":"2022-09-07T00:18:36.024Z","modificationDate":"2022-09-07T00:18:36.024Z","shortid":"PyHdTLV","$entitySet":"profiles"},"doDiffs":false,"timestamp":1662509916024,"id":"uil9dwogvq2o0f4","previousOperationId":null,"operationId":"joc61wbp1kjin1y"}
{"type":"log","level":"info","message":"Render request 23 queued for execution and waiting for available worker","previousOperationId":"joc61wbp1kjin1y","timestamp":1662509916024,"id":"q4my24cikrw9wpi"}
{"type":"operationStart","subtype":"render","name":"salarySlipTemplate","previousOperationId":"joc61wbp1kjin1y","timestamp":1662509916033,"id":"hnacsu5jw8hqohz","previousEventId":"uil9dwogvq2o0f4","operationId":"22ahpc800ndhnt8"}
{"type":"log","timestamp":1662509916033,"level":"info","message":"Starting rendering request 23 (user: null)","meta":{"rootId":"aaj0e0f9v4adgnb","id":"aaj0e0f9v4adgnb"},"id":"v9sira56wejeuqh","previousOperationId":"22ahpc800ndhnt8"}
{"type":"log","timestamp":1662509916034,"level":"info","message":"Rendering template { name: salarySlipTemplate, recipe: chrome-pdf, engine: handlebars, preview: false }","meta":{"rootId":"aaj0e0f9v4adgnb","id":"aaj0e0f9v4adgnb"},"id":"jugvnzs6xpvnwmg","previousOperationId":"22ahpc800ndhnt8"}
{"type":"log","timestamp":1662509916034,"level":"debug","message":"Inline data specified.","meta":{"rootId":"aaj0e0f9v4adgnb","id":"aaj0e0f9v4adgnb"},"id":"xvxq6lszs2joavl","previousOperationId":"22ahpc800ndhnt8"}
{"type":"log","timestamp":1662509916037,"level":"debug","message":"Base url not specified, skipping its injection.","meta":{"rootId":"aaj0e0f9v4adgnb","id":"aaj0e0f9v4adgnb"},"id":"eqajj55dq7ke531","previousOperationId":"22ahpc800ndhnt8"}
{"type":"operationStart","subtype":"engine","name":"handlebars","timestamp":1662509916037,"id":"i3fsi7ghpvw4gj8","previousEventId":"hnacsu5jw8hqohz","operationId":"ndt0vuwxdhuzckc","previousOperationId":"22ahpc800ndhnt8"}
{"type":"log","timestamp":1662509916037,"level":"debug","message":"Rendering engine handlebars","meta":{"rootId":"aaj0e0f9v4adgnb","id":"aaj0e0f9v4adgnb"},"id":"9x30ip9bv12qj11","previousOperationId":"ndt0vuwxdhuzckc"}
{"type":"operationEnd","operationId":"ndt0vuwxdhuzckc","timestamp":1662509916054,"id":"6l3p3hssd1ozw6e","previousEventId":"i3fsi7ghpvw4gj8","previousOperationId":"ndt0vuwxdhuzckc"}
{"type":"operationStart","subtype":"recipe","name":"chrome-pdf","timestamp":1662509916054,"id":"anvemqonotrfmcu","previousEventId":"6l3p3hssd1ozw6e","operationId":"3pac9igwawn4idy","previousOperationId":"ndt0vuwxdhuzckc"}
{"type":"log","timestamp":1662509916054,"level":"debug","message":"Executing recipe chrome-pdf","meta":{"rootId":"aaj0e0f9v4adgnb","id":"aaj0e0f9v4adgnb"},"id":"a6cqsztx1gcue6m","previousOperationId":"3pac9igwawn4idy"}
{"type":"log","timestamp":1662509916056,"level":"debug","message":"Converting with chrome HeadlessChrome/98.0.4758.0 using chrome-pool strategy","meta":{"rootId":"aaj0e0f9v4adgnb","id":"aaj0e0f9v4adgnb"},"id":"xr21mc32a7751zu","previousOperationId":"3pac9igwawn4idy"}
{"type":"log","timestamp":1662509916153,"level":"debug","message":"Page request: GET (document) file:///C:/Users/aasem/AppData/Local/Temp/jsreport/autocleanup/e8dd0cac-6019-4bdc-835f-3cb40bac4faf-chrome-pdf.html","meta":{"rootId":"aaj0e0f9v4adgnb","id":"aaj0e0f9v4adgnb"},"id":"ieg03wb1ju9r356","previousOperationId":"3pac9igwawn4idy"}
{"type":"log","timestamp":1662509916165,"level":"debug","message":"Page request finished: GET (document) file:///C:/Users/aasem/AppData/Local/Temp/jsreport/autocleanup/e8dd0cac-6019-4bdc-835f-3cb40bac4faf-chrome-pdf.html","meta":{"rootId":"aaj0e0f9v4adgnb","id":"aaj0e0f9v4adgnb"},"id":"76m4q3sqh4jpxe4","previousOperationId":"3pac9igwawn4idy"}
{"type":"log","timestamp":1662509916190,"level":"debug","message":"Running chrome with params {\"printBackground\":true,\"timeout\":59968,\"margin\":{}}","meta":{"rootId":"aaj0e0f9v4adgnb","id":"aaj0e0f9v4adgnb"},"id":"gj0fzz6wy2yxcgt","previousOperationId":"3pac9igwawn4idy"}
{"type":"operationEnd","operationId":"3pac9igwawn4idy","timestamp":1662509916285,"id":"cgg3ientla7da9c","previousEventId":"anvemqonotrfmcu","previousOperationId":"3pac9igwawn4idy"}
{"type":"operationStart","subtype":"reports","name":"persisting report","doDiffs":false,"timestamp":1662509916285,"id":"690c88ppao3lier","previousEventId":"cgg3ientla7da9c","operationId":"i0ib6buq2srclur","previousOperationId":"3pac9igwawn4idy"}
{"type":"log","timestamp":1662509916302,"level":"debug","message":"Report stored as reports/salary/salarySlipTemplate/GkD7JzzgDMNHJJCW.pdf","meta":{"rootId":"aaj0e0f9v4adgnb","id":"aaj0e0f9v4adgnb"},"id":"hvx0yc1x23qftcm","previousOperationId":"i0ib6buq2srclur"}
{"type":"operationEnd","operationId":"i0ib6buq2srclur","doDiffs":false,"timestamp":1662509916302,"id":"2t3tv0tlvxehotk","previousEventId":"690c88ppao3lier","previousOperationId":"i0ib6buq2srclur"}
{"type":"log","timestamp":1662509916302,"level":"info","message":"Rendering request 23 finished in 279 ms","meta":{"rootId":"aaj0e0f9v4adgnb","id":"aaj0e0f9v4adgnb"},"id":"oq5lb7bfcwnjw8b","previousOperationId":"i0ib6buq2srclur"}
{"type":"operationEnd","subtype":"render","operationId":"22ahpc800ndhnt8","timestamp":1662509916302,"id":"o0f855msicuaep0","previousEventId":"2t3tv0tlvxehotk","previousOperationId":"i0ib6buq2srclur"}
{"type":"operationEnd","doDiffs":false,"previousEventId":"uil9dwogvq2o0f4","previousOperationId":"joc61wbp1kjin1y","operationId":"joc61wbp1kjin1y","timestamp":1662509916306,"id":"dg5wec56cq85113"}
