{"type":"operationStart","subtype":"profile","data":{"_id":"ZzZJFfPrxO3JPkdS","timestamp":"2022-09-06T17:38:12.543Z","state":"queued","mode":"standard","creationDate":"2022-09-06T17:38:12.544Z","modificationDate":"2022-09-06T17:38:12.544Z","shortid":"Rsnhf4P","$entitySet":"profiles"},"doDiffs":false,"timestamp":1662485892544,"id":"4404vevqe9hk826","previousOperationId":null,"operationId":"0mhev5fpta5o71b"}
{"type":"log","level":"info","message":"Render request 2 queued for execution and waiting for available worker","previousOperationId":"0mhev5fpta5o71b","timestamp":1662485892544,"id":"kdvlvzbf9mgzdwm"}
{"type":"operationStart","subtype":"render","name":"salarySlipTemplate","previousOperationId":"0mhev5fpta5o71b","timestamp":1662485892551,"id":"4jvnks64du4d6yf","previousEventId":"4404vevqe9hk826","operationId":"o2968m8yjbejfjx"}
{"type":"log","timestamp":1662485892551,"level":"info","message":"Starting rendering request 2 (user: null)","meta":{"rootId":"acp9v9fc6ipupgt","id":"acp9v9fc6ipupgt"},"id":"cx61vq1dka9r3xz","previousOperationId":"o2968m8yjbejfjx"}
{"type":"log","timestamp":1662485892552,"level":"info","message":"Rendering template { name: salarySlipTemplate, recipe: chrome-pdf, engine: handlebars, preview: false }","meta":{"rootId":"acp9v9fc6ipupgt","id":"acp9v9fc6ipupgt"},"id":"lvg4y3x2gttslo1","previousOperationId":"o2968m8yjbejfjx"}
{"type":"log","timestamp":1662485892553,"level":"debug","message":"Inline data specified.","meta":{"rootId":"acp9v9fc6ipupgt","id":"acp9v9fc6ipupgt"},"id":"rs7f8ep81h56pak","previousOperationId":"o2968m8yjbejfjx"}
{"type":"log","timestamp":1662485892558,"level":"debug","message":"Base url not specified, skipping its injection.","meta":{"rootId":"acp9v9fc6ipupgt","id":"acp9v9fc6ipupgt"},"id":"jnh50kpfie4uz9m","previousOperationId":"o2968m8yjbejfjx"}
{"type":"operationStart","subtype":"engine","name":"handlebars","timestamp":1662485892558,"id":"aahljpul9llz661","previousEventId":"4jvnks64du4d6yf","operationId":"zqkec6bnuz1e0kj","previousOperationId":"o2968m8yjbejfjx"}
{"type":"log","timestamp":1662485892558,"level":"debug","message":"Rendering engine handlebars","meta":{"rootId":"acp9v9fc6ipupgt","id":"acp9v9fc6ipupgt"},"id":"zizbju7u45s1x19","previousOperationId":"zqkec6bnuz1e0kj"}
{"type":"operationEnd","operationId":"zqkec6bnuz1e0kj","timestamp":1662485892586,"id":"xh8trlht0iowhhu","previousEventId":"aahljpul9llz661","previousOperationId":"zqkec6bnuz1e0kj"}
{"type":"operationStart","subtype":"recipe","name":"chrome-pdf","timestamp":1662485892587,"id":"xbabft9u3qfzph6","previousEventId":"xh8trlht0iowhhu","operationId":"783cztmzrhov8mt","previousOperationId":"zqkec6bnuz1e0kj"}
{"type":"log","timestamp":1662485892587,"level":"debug","message":"Executing recipe chrome-pdf","meta":{"rootId":"acp9v9fc6ipupgt","id":"acp9v9fc6ipupgt"},"id":"1nu9fce0fem5163","previousOperationId":"783cztmzrhov8mt"}
{"type":"log","timestamp":1662485892591,"level":"debug","message":"Converting with chrome HeadlessChrome/98.0.4758.0 using chrome-pool strategy","meta":{"rootId":"acp9v9fc6ipupgt","id":"acp9v9fc6ipupgt"},"id":"rrwmwwbd8zs330q","previousOperationId":"783cztmzrhov8mt"}
{"type":"log","timestamp":1662485892759,"level":"debug","message":"Page request: GET (document) file:///C:/Users/aasem/AppData/Local/Temp/jsreport/autocleanup/e2d1b34d-0117-459b-9c0f-273bba8bdd74-chrome-pdf.html","meta":{"rootId":"acp9v9fc6ipupgt","id":"acp9v9fc6ipupgt"},"id":"ujehgdlvsmat35i","previousOperationId":"783cztmzrhov8mt"}
{"type":"log","timestamp":1662485892772,"level":"debug","message":"Page request finished: GET (document) file:///C:/Users/aasem/AppData/Local/Temp/jsreport/autocleanup/e2d1b34d-0117-459b-9c0f-273bba8bdd74-chrome-pdf.html","meta":{"rootId":"acp9v9fc6ipupgt","id":"acp9v9fc6ipupgt"},"id":"hwk4xco4nf2ibti","previousOperationId":"783cztmzrhov8mt"}
{"type":"log","timestamp":1662485892801,"level":"debug","message":"Running chrome with params {\"printBackground\":true,\"timeout\":59952,\"margin\":{}}","meta":{"rootId":"acp9v9fc6ipupgt","id":"acp9v9fc6ipupgt"},"id":"i4n9w3e5ttcjh5k","previousOperationId":"783cztmzrhov8mt"}
{"type":"operationEnd","operationId":"783cztmzrhov8mt","timestamp":1662485892900,"id":"2whd70dh7j01ckf","previousEventId":"xbabft9u3qfzph6","previousOperationId":"783cztmzrhov8mt"}
{"type":"operationStart","subtype":"reports","name":"persisting report","doDiffs":false,"timestamp":1662485892901,"id":"gnfxau3zgef1nzu","previousEventId":"2whd70dh7j01ckf","operationId":"4bn1vus3vy3l1ct","previousOperationId":"783cztmzrhov8mt"}
{"type":"log","timestamp":1662485892915,"level":"debug","message":"Report stored as reports/salary/salarySlipTemplate/ydTCD5gOIgaxHyuZ.pdf","meta":{"rootId":"acp9v9fc6ipupgt","id":"acp9v9fc6ipupgt"},"id":"xxmkoaerfws9yqw","previousOperationId":"4bn1vus3vy3l1ct"}
{"type":"operationEnd","operationId":"4bn1vus3vy3l1ct","doDiffs":false,"timestamp":1662485892915,"id":"qylm9rftojmlehi","previousEventId":"gnfxau3zgef1nzu","previousOperationId":"4bn1vus3vy3l1ct"}
{"type":"log","timestamp":1662485892915,"level":"info","message":"Rendering request 2 finished in 373 ms","meta":{"rootId":"acp9v9fc6ipupgt","id":"acp9v9fc6ipupgt"},"id":"teyjw9tcezmbg9t","previousOperationId":"4bn1vus3vy3l1ct"}
{"type":"operationEnd","subtype":"render","operationId":"o2968m8yjbejfjx","timestamp":1662485892915,"id":"69edqulwmkejckw","previousEventId":"qylm9rftojmlehi","previousOperationId":"4bn1vus3vy3l1ct"}
{"type":"operationEnd","doDiffs":false,"previousEventId":"4404vevqe9hk826","previousOperationId":"0mhev5fpta5o71b","operationId":"0mhev5fpta5o71b","timestamp":1662485892918,"id":"quflmiy4i28b2r0"}
