{"type":"operationStart","subtype":"profile","data":{"_id":"67ZJL6CJSDFcieZn","timestamp":"2022-09-06T16:45:27.014Z","state":"queued","mode":"standard","creationDate":"2022-09-06T16:45:27.015Z","modificationDate":"2022-09-06T16:45:27.015Z","shortid":"8_Im69F","$entitySet":"profiles"},"doDiffs":false,"timestamp":1662482727015,"id":"njhhpwyditvg79c","previousOperationId":null,"operationId":"x9c9u1awh3drual"}
{"type":"log","level":"info","message":"Render request 17 queued for execution and waiting for available worker","previousOperationId":"x9c9u1awh3drual","timestamp":1662482727015,"id":"ggizcrif1x1mxlz"}
{"type":"operationStart","subtype":"render","name":"salarySlipTemplate","previousOperationId":"x9c9u1awh3drual","timestamp":1662482727026,"id":"4ltknbxssqzr7ku","previousEventId":"njhhpwyditvg79c","operationId":"jtywwkwev09lbim"}
{"type":"log","timestamp":1662482727026,"level":"info","message":"Starting rendering request 17 (user: null)","meta":{"rootId":"aiffthudxfjt4c6","id":"aiffthudxfjt4c6"},"id":"q77fbmffbdpen47","previousOperationId":"jtywwkwev09lbim"}
{"type":"log","timestamp":1662482727026,"level":"info","message":"Rendering template { name: salarySlipTemplate, recipe: chrome-pdf, engine: handlebars, preview: false }","meta":{"rootId":"aiffthudxfjt4c6","id":"aiffthudxfjt4c6"},"id":"hjcc3h22wt0e8o1","previousOperationId":"jtywwkwev09lbim"}
{"type":"log","timestamp":1662482727028,"level":"debug","message":"Inline data specified.","meta":{"rootId":"aiffthudxfjt4c6","id":"aiffthudxfjt4c6"},"id":"srngwotn4hwp4jd","previousOperationId":"jtywwkwev09lbim"}
{"type":"log","timestamp":1662482727030,"level":"debug","message":"Base url not specified, skipping its injection.","meta":{"rootId":"aiffthudxfjt4c6","id":"aiffthudxfjt4c6"},"id":"9qljlektis1js23","previousOperationId":"jtywwkwev09lbim"}
{"type":"operationStart","subtype":"engine","name":"handlebars","timestamp":1662482727031,"id":"r6nkwki7cqp548p","previousEventId":"4ltknbxssqzr7ku","operationId":"u3ra4g5ogmy6rpq","previousOperationId":"jtywwkwev09lbim"}
{"type":"log","timestamp":1662482727031,"level":"debug","message":"Rendering engine handlebars","meta":{"rootId":"aiffthudxfjt4c6","id":"aiffthudxfjt4c6"},"id":"et8hp6n5gyiqd4f","previousOperationId":"u3ra4g5ogmy6rpq"}
{"type":"operationEnd","operationId":"u3ra4g5ogmy6rpq","timestamp":1662482727048,"id":"rvjn4zurg7te709","previousEventId":"r6nkwki7cqp548p","previousOperationId":"u3ra4g5ogmy6rpq"}
{"type":"operationStart","subtype":"recipe","name":"chrome-pdf","timestamp":1662482727049,"id":"pk8wcfuw7hucuh0","previousEventId":"rvjn4zurg7te709","operationId":"3lqpvniuy5c8lu9","previousOperationId":"u3ra4g5ogmy6rpq"}
{"type":"log","timestamp":1662482727049,"level":"debug","message":"Executing recipe chrome-pdf","meta":{"rootId":"aiffthudxfjt4c6","id":"aiffthudxfjt4c6"},"id":"z4n05qblmoy1z52","previousOperationId":"3lqpvniuy5c8lu9"}
{"type":"log","timestamp":1662482727051,"level":"debug","message":"Converting with chrome HeadlessChrome/98.0.4758.0 using chrome-pool strategy","meta":{"rootId":"aiffthudxfjt4c6","id":"aiffthudxfjt4c6"},"id":"fxmo8uwz1jzw2m7","previousOperationId":"3lqpvniuy5c8lu9"}
{"type":"log","timestamp":1662482727151,"level":"debug","message":"Page request: GET (document) file:///C:/Users/aasem/AppData/Local/Temp/jsreport/autocleanup/e88ba4c9-adaa-4a39-96fd-25f30e40c316-chrome-pdf.html","meta":{"rootId":"aiffthudxfjt4c6","id":"aiffthudxfjt4c6"},"id":"d3jxs9tq2n1j0z2","previousOperationId":"3lqpvniuy5c8lu9"}
{"type":"log","timestamp":1662482727164,"level":"debug","message":"Page request finished: GET (document) file:///C:/Users/aasem/AppData/Local/Temp/jsreport/autocleanup/e88ba4c9-adaa-4a39-96fd-25f30e40c316-chrome-pdf.html","meta":{"rootId":"aiffthudxfjt4c6","id":"aiffthudxfjt4c6"},"id":"c6wnaquqbq54h7a","previousOperationId":"3lqpvniuy5c8lu9"}
{"type":"log","timestamp":1662482727263,"level":"debug","message":"Running chrome with params {\"printBackground\":true,\"timeout\":59963,\"margin\":{}}","meta":{"rootId":"aiffthudxfjt4c6","id":"aiffthudxfjt4c6"},"id":"7jjzawskjkvy20o","previousOperationId":"3lqpvniuy5c8lu9"}
{"type":"operationEnd","operationId":"3lqpvniuy5c8lu9","timestamp":1662482727365,"id":"cb3u7jgx2kr0nxq","previousEventId":"pk8wcfuw7hucuh0","previousOperationId":"3lqpvniuy5c8lu9"}
{"type":"operationStart","subtype":"reports","name":"persisting report","doDiffs":false,"timestamp":1662482727365,"id":"frjkr07tpjwh7te","previousEventId":"cb3u7jgx2kr0nxq","operationId":"mvbzehmdpg93xby","previousOperationId":"3lqpvniuy5c8lu9"}
{"type":"log","timestamp":1662482727389,"level":"debug","message":"Report stored as reports/salary/salarySlipTemplate/p8FLPoX9f8k8IWZ4.pdf","meta":{"rootId":"aiffthudxfjt4c6","id":"aiffthudxfjt4c6"},"id":"a881nrczkgj3oy0","previousOperationId":"mvbzehmdpg93xby"}
{"type":"operationEnd","operationId":"mvbzehmdpg93xby","doDiffs":false,"timestamp":1662482727389,"id":"e0i2jxm2n8b7659","previousEventId":"frjkr07tpjwh7te","previousOperationId":"mvbzehmdpg93xby"}
{"type":"log","timestamp":1662482727389,"level":"info","message":"Rendering request 17 finished in 376 ms","meta":{"rootId":"aiffthudxfjt4c6","id":"aiffthudxfjt4c6"},"id":"4w1dafi3bb9fj86","previousOperationId":"mvbzehmdpg93xby"}
{"type":"operationEnd","subtype":"render","operationId":"jtywwkwev09lbim","timestamp":1662482727389,"id":"tvdy6jh9g9p4dka","previousEventId":"e0i2jxm2n8b7659","previousOperationId":"mvbzehmdpg93xby"}
{"type":"operationEnd","doDiffs":false,"previousEventId":"njhhpwyditvg79c","previousOperationId":"x9c9u1awh3drual","operationId":"x9c9u1awh3drual","timestamp":1662482727396,"id":"jraohvc15hccj86"}
