{"type":"operationStart","subtype":"profile","data":{"_id":"tYyR6Peg4eeHxnCG","timestamp":"2022-09-07T00:16:04.037Z","state":"queued","mode":"standard","creationDate":"2022-09-07T00:16:04.039Z","modificationDate":"2022-09-07T00:16:04.039Z","shortid":"DrklcvF","$entitySet":"profiles"},"doDiffs":false,"timestamp":1662509764038,"id":"nn1v5lscbluaebv","previousOperationId":null,"operationId":"l71bz5v9ic69nlw"}
{"type":"log","level":"info","message":"Render request 20 queued for execution and waiting for available worker","previousOperationId":"l71bz5v9ic69nlw","timestamp":1662509764038,"id":"34y359o896v04bo"}
{"type":"operationStart","subtype":"render","name":"salarySlipTemplate","previousOperationId":"l71bz5v9ic69nlw","timestamp":1662509764051,"id":"otk0iw2htg8xnjv","previousEventId":"nn1v5lscbluaebv","operationId":"588v2ddef4028ih"}
{"type":"log","timestamp":1662509764052,"level":"info","message":"Starting rendering request 20 (user: null)","meta":{"rootId":"aslb893c9z0b19q","id":"aslb893c9z0b19q"},"id":"su74v83xpvsb9ux","previousOperationId":"588v2ddef4028ih"}
{"type":"log","timestamp":1662509764052,"level":"info","message":"Rendering template { name: salarySlipTemplate, recipe: chrome-pdf, engine: handlebars, preview: false }","meta":{"rootId":"aslb893c9z0b19q","id":"aslb893c9z0b19q"},"id":"ggyv7hsnbl6yh82","previousOperationId":"588v2ddef4028ih"}
{"type":"log","timestamp":1662509764052,"level":"debug","message":"Inline data specified.","meta":{"rootId":"aslb893c9z0b19q","id":"aslb893c9z0b19q"},"id":"bz7vqchdugyb45p","previousOperationId":"588v2ddef4028ih"}
{"type":"log","timestamp":1662509764055,"level":"debug","message":"Base url not specified, skipping its injection.","meta":{"rootId":"aslb893c9z0b19q","id":"aslb893c9z0b19q"},"id":"9vcj6ydq13kh4o6","previousOperationId":"588v2ddef4028ih"}
{"type":"operationStart","subtype":"engine","name":"handlebars","timestamp":1662509764055,"id":"j3lcbopei7m59u3","previousEventId":"otk0iw2htg8xnjv","operationId":"15iqjy05pr52zsu","previousOperationId":"588v2ddef4028ih"}
{"type":"log","timestamp":1662509764055,"level":"debug","message":"Rendering engine handlebars","meta":{"rootId":"aslb893c9z0b19q","id":"aslb893c9z0b19q"},"id":"cb6sb3vflvbfvwz","previousOperationId":"15iqjy05pr52zsu"}
{"type":"operationEnd","operationId":"15iqjy05pr52zsu","timestamp":1662509764072,"id":"jo22oyliy90rujs","previousEventId":"j3lcbopei7m59u3","previousOperationId":"15iqjy05pr52zsu"}
{"type":"operationStart","subtype":"recipe","name":"chrome-pdf","timestamp":1662509764072,"id":"qryts37lk6saykp","previousEventId":"jo22oyliy90rujs","operationId":"ylk2k0l153pmvbp","previousOperationId":"15iqjy05pr52zsu"}
{"type":"log","timestamp":1662509764072,"level":"debug","message":"Executing recipe chrome-pdf","meta":{"rootId":"aslb893c9z0b19q","id":"aslb893c9z0b19q"},"id":"terl8ir6hrdaq0h","previousOperationId":"ylk2k0l153pmvbp"}
{"type":"log","timestamp":1662509764074,"level":"debug","message":"Converting with chrome HeadlessChrome/98.0.4758.0 using chrome-pool strategy","meta":{"rootId":"aslb893c9z0b19q","id":"aslb893c9z0b19q"},"id":"1hdk91gikxz42pf","previousOperationId":"ylk2k0l153pmvbp"}
{"type":"log","timestamp":1662509764173,"level":"debug","message":"Page request: GET (document) file:///C:/Users/aasem/AppData/Local/Temp/jsreport/autocleanup/9767b244-7fc4-4ed6-ad44-015dc470ad74-chrome-pdf.html","meta":{"rootId":"aslb893c9z0b19q","id":"aslb893c9z0b19q"},"id":"tmj5mdf8hr3n84l","previousOperationId":"ylk2k0l153pmvbp"}
{"type":"log","timestamp":1662509764181,"level":"debug","message":"Page request finished: GET (document) file:///C:/Users/aasem/AppData/Local/Temp/jsreport/autocleanup/9767b244-7fc4-4ed6-ad44-015dc470ad74-chrome-pdf.html","meta":{"rootId":"aslb893c9z0b19q","id":"aslb893c9z0b19q"},"id":"e40hxwn0eqnw8y8","previousOperationId":"ylk2k0l153pmvbp"}
{"type":"log","timestamp":1662509764208,"level":"debug","message":"Running chrome with params {\"printBackground\":true,\"timeout\":59964,\"margin\":{}}","meta":{"rootId":"aslb893c9z0b19q","id":"aslb893c9z0b19q"},"id":"j1a7a9obu35faj7","previousOperationId":"ylk2k0l153pmvbp"}
{"type":"operationEnd","operationId":"ylk2k0l153pmvbp","timestamp":1662509764304,"id":"k3o1m5sx1fhwhhq","previousEventId":"qryts37lk6saykp","previousOperationId":"ylk2k0l153pmvbp"}
{"type":"operationStart","subtype":"reports","name":"persisting report","doDiffs":false,"timestamp":1662509764304,"id":"hqe56ea0ujfxvm3","previousEventId":"k3o1m5sx1fhwhhq","operationId":"vdtwqi9cavhwz20","previousOperationId":"ylk2k0l153pmvbp"}
{"type":"log","timestamp":1662509764320,"level":"debug","message":"Report stored as reports/salary/salarySlipTemplate/dJFHCte81ccFjzMu.pdf","meta":{"rootId":"aslb893c9z0b19q","id":"aslb893c9z0b19q"},"id":"vxm9tmqbyifwa97","previousOperationId":"vdtwqi9cavhwz20"}
{"type":"operationEnd","operationId":"vdtwqi9cavhwz20","doDiffs":false,"timestamp":1662509764320,"id":"mov769sd0g6xkgq","previousEventId":"hqe56ea0ujfxvm3","previousOperationId":"vdtwqi9cavhwz20"}
{"type":"log","timestamp":1662509764320,"level":"info","message":"Rendering request 20 finished in 283 ms","meta":{"rootId":"aslb893c9z0b19q","id":"aslb893c9z0b19q"},"id":"ntlklk02ish4ijo","previousOperationId":"vdtwqi9cavhwz20"}
{"type":"operationEnd","subtype":"render","operationId":"588v2ddef4028ih","timestamp":1662509764320,"id":"airgr6le539bgt8","previousEventId":"mov769sd0g6xkgq","previousOperationId":"vdtwqi9cavhwz20"}
{"type":"operationEnd","doDiffs":false,"previousEventId":"nn1v5lscbluaebv","previousOperationId":"l71bz5v9ic69nlw","operationId":"l71bz5v9ic69nlw","timestamp":1662509764323,"id":"pdvxur3snglbtmp"}
