{"type":"operationStart","subtype":"profile","data":{"_id":"iMNlLt40yPpEhj9U","timestamp":"2022-09-06T17:21:36.064Z","state":"queued","mode":"standard","creationDate":"2022-09-06T17:21:36.068Z","modificationDate":"2022-09-06T17:21:36.068Z","shortid":"XGeoZJI","$entitySet":"profiles"},"doDiffs":false,"timestamp":1662484896066,"id":"b53v0mungh7p7aa","previousOperationId":null,"operationId":"wvlfl7cgdbh6879"}
{"type":"log","level":"info","message":"Render request 1 queued for execution and waiting for available worker","previousOperationId":"wvlfl7cgdbh6879","timestamp":1662484896066,"id":"fyxeqaw5nvg86s8"}
{"type":"operationStart","subtype":"render","name":"salarySlipTemplate","previousOperationId":"wvlfl7cgdbh6879","timestamp":1662484896091,"id":"hq0t8xz5f3acybt","previousEventId":"b53v0mungh7p7aa","operationId":"nyfdfqpn80idqt1"}
{"type":"log","timestamp":1662484896092,"level":"info","message":"Starting rendering request 1 (user: null)","meta":{"rootId":"atf5rtbocdla4qf","id":"atf5rtbocdla4qf"},"id":"bx5ddmlckrdzmsb","previousOperationId":"nyfdfqpn80idqt1"}
{"type":"log","timestamp":1662484896094,"level":"info","message":"Rendering template { name: salarySlipTemplate, recipe: chrome-pdf, engine: handlebars, preview: false }","meta":{"rootId":"atf5rtbocdla4qf","id":"atf5rtbocdla4qf"},"id":"qzaec0s85gtrkf3","previousOperationId":"nyfdfqpn80idqt1"}
{"type":"log","timestamp":1662484896096,"level":"debug","message":"Inline data specified.","meta":{"rootId":"atf5rtbocdla4qf","id":"atf5rtbocdla4qf"},"id":"d2tsrghitu1mloz","previousOperationId":"nyfdfqpn80idqt1"}
{"type":"log","timestamp":1662484896103,"level":"debug","message":"Base url not specified, skipping its injection.","meta":{"rootId":"atf5rtbocdla4qf","id":"atf5rtbocdla4qf"},"id":"gn7hqz93fwsppb4","previousOperationId":"nyfdfqpn80idqt1"}
{"type":"operationStart","subtype":"engine","name":"handlebars","timestamp":1662484896106,"id":"b3xt9o92n6zbfsm","previousEventId":"hq0t8xz5f3acybt","operationId":"7ybxb8r8el8zqmf","previousOperationId":"nyfdfqpn80idqt1"}
{"type":"log","timestamp":1662484896106,"level":"debug","message":"Rendering engine handlebars","meta":{"rootId":"atf5rtbocdla4qf","id":"atf5rtbocdla4qf"},"id":"m1h85z3lmn4mm8d","previousOperationId":"7ybxb8r8el8zqmf"}
{"type":"operationEnd","operationId":"7ybxb8r8el8zqmf","timestamp":1662484896784,"id":"4rzbdbf0ygs6t3i","previousEventId":"b3xt9o92n6zbfsm","previousOperationId":"7ybxb8r8el8zqmf"}
{"type":"operationStart","subtype":"recipe","name":"chrome-pdf","timestamp":1662484896785,"id":"5p9re8scu97cfuf","previousEventId":"4rzbdbf0ygs6t3i","operationId":"ci9ntzzw9jcurpz","previousOperationId":"7ybxb8r8el8zqmf"}
{"type":"log","timestamp":1662484896785,"level":"debug","message":"Executing recipe chrome-pdf","meta":{"rootId":"atf5rtbocdla4qf","id":"atf5rtbocdla4qf"},"id":"hcrmb30zuno45l9","previousOperationId":"ci9ntzzw9jcurpz"}
{"type":"log","timestamp":1662484899177,"level":"debug","message":"Converting with chrome HeadlessChrome/98.0.4758.0 using chrome-pool strategy","meta":{"rootId":"atf5rtbocdla4qf","id":"atf5rtbocdla4qf"},"id":"74yrwnt0qktvcl6","previousOperationId":"ci9ntzzw9jcurpz"}
{"type":"log","timestamp":1662484900478,"level":"debug","message":"Page request: GET (document) file:///C:/Users/aasem/AppData/Local/Temp/jsreport/autocleanup/52ed17c5-dabf-4fdd-918e-95a98e4572a6-chrome-pdf.html","meta":{"rootId":"atf5rtbocdla4qf","id":"atf5rtbocdla4qf"},"id":"3f3tlurllcmaoqw","previousOperationId":"ci9ntzzw9jcurpz"}
{"type":"log","timestamp":1662484900514,"level":"debug","message":"Page request finished: GET (document) file:///C:/Users/aasem/AppData/Local/Temp/jsreport/autocleanup/52ed17c5-dabf-4fdd-918e-95a98e4572a6-chrome-pdf.html","meta":{"rootId":"atf5rtbocdla4qf","id":"atf5rtbocdla4qf"},"id":"1roeb4msmsvql5y","previousOperationId":"ci9ntzzw9jcurpz"}
{"type":"log","timestamp":1662484900555,"level":"debug","message":"Running chrome with params {\"printBackground\":true,\"timeout\":59152,\"margin\":{}}","meta":{"rootId":"atf5rtbocdla4qf","id":"atf5rtbocdla4qf"},"id":"wpwhkwfl4j9jru6","previousOperationId":"ci9ntzzw9jcurpz"}
{"type":"operationEnd","operationId":"ci9ntzzw9jcurpz","timestamp":1662484900864,"id":"y4f9xglqiwydqg5","previousEventId":"5p9re8scu97cfuf","previousOperationId":"ci9ntzzw9jcurpz"}
{"type":"operationStart","subtype":"reports","name":"persisting report","doDiffs":false,"timestamp":1662484900866,"id":"zihoncmbdn5k4hz","previousEventId":"y4f9xglqiwydqg5","operationId":"5cjx320s048ycq7","previousOperationId":"ci9ntzzw9jcurpz"}
{"type":"log","timestamp":1662484900926,"level":"debug","message":"Report stored as reports/salary/salarySlipTemplate/fQR683eNXfGRdLnj.pdf","meta":{"rootId":"atf5rtbocdla4qf","id":"atf5rtbocdla4qf"},"id":"e9utplgaokinvs8","previousOperationId":"5cjx320s048ycq7"}
{"type":"operationEnd","operationId":"5cjx320s048ycq7","doDiffs":false,"timestamp":1662484900927,"id":"upchk3hvmyam4ld","previousEventId":"zihoncmbdn5k4hz","previousOperationId":"5cjx320s048ycq7"}
{"type":"log","timestamp":1662484900927,"level":"info","message":"Rendering request 1 finished in 4864 ms","meta":{"rootId":"atf5rtbocdla4qf","id":"atf5rtbocdla4qf"},"id":"rfummytgvzaqfty","previousOperationId":"5cjx320s048ycq7"}
{"type":"operationEnd","subtype":"render","operationId":"nyfdfqpn80idqt1","timestamp":1662484900927,"id":"sdacntk70xsv4wb","previousEventId":"upchk3hvmyam4ld","previousOperationId":"5cjx320s048ycq7"}
{"type":"operationEnd","doDiffs":false,"previousEventId":"b53v0mungh7p7aa","previousOperationId":"wvlfl7cgdbh6879","operationId":"wvlfl7cgdbh6879","timestamp":1662484900930,"id":"g782w7txwsoam6c"}
