{"type":"operationStart","subtype":"profile","data":{"_id":"b1yUSJlfMZIKALKP","timestamp":"2022-09-09T22:15:56.249Z","state":"queued","mode":"standard","creationDate":"2022-09-09T22:15:56.251Z","modificationDate":"2022-09-09T22:15:56.251Z","shortid":"cgxazuB","$entitySet":"profiles"},"doDiffs":false,"timestamp":1662761756250,"id":"p9fn8b7oiaoutac","previousOperationId":null,"operationId":"l27msxhr0l1wjvd"}
{"type":"log","level":"info","message":"Render request 8 queued for execution and waiting for available worker","previousOperationId":"l27msxhr0l1wjvd","timestamp":1662761756250,"id":"647wz6an7twp6ds"}
{"type":"operationStart","subtype":"render","name":"salarySlipTemplate","previousOperationId":"l27msxhr0l1wjvd","timestamp":1662761756273,"id":"89lgi689ft0obkp","previousEventId":"p9fn8b7oiaoutac","operationId":"nhpsz1m6rcmpfzp"}
{"type":"log","timestamp":1662761756273,"level":"info","message":"Starting rendering request 8 (user: null)","meta":{"rootId":"b1k00cnp7sxh77s","id":"b1k00cnp7sxh77s"},"id":"7exggxep7l8h0mf","previousOperationId":"nhpsz1m6rcmpfzp"}
{"type":"log","timestamp":1662761756274,"level":"info","message":"Rendering template { name: salarySlipTemplate, recipe: chrome-pdf, engine: handlebars, preview: false }","meta":{"rootId":"b1k00cnp7sxh77s","id":"b1k00cnp7sxh77s"},"id":"3krigekcehfktqq","previousOperationId":"nhpsz1m6rcmpfzp"}
{"type":"log","timestamp":1662761756277,"level":"debug","message":"Inline data specified.","meta":{"rootId":"b1k00cnp7sxh77s","id":"b1k00cnp7sxh77s"},"id":"ukrt9im274z7cqa","previousOperationId":"nhpsz1m6rcmpfzp"}
{"type":"log","timestamp":1662761756279,"level":"debug","message":"Base url not specified, skipping its injection.","meta":{"rootId":"b1k00cnp7sxh77s","id":"b1k00cnp7sxh77s"},"id":"d5tkqffc89d9l9v","previousOperationId":"nhpsz1m6rcmpfzp"}
{"type":"operationStart","subtype":"engine","name":"handlebars","timestamp":1662761756279,"id":"b4qaqqv6js7dhkl","previousEventId":"89lgi689ft0obkp","operationId":"oqe61ibo0qw8m02","previousOperationId":"nhpsz1m6rcmpfzp"}
{"type":"log","timestamp":1662761756279,"level":"debug","message":"Rendering engine handlebars","meta":{"rootId":"b1k00cnp7sxh77s","id":"b1k00cnp7sxh77s"},"id":"h3ri69m7dvne6af","previousOperationId":"oqe61ibo0qw8m02"}
{"type":"operationEnd","operationId":"oqe61ibo0qw8m02","timestamp":1662761756295,"id":"mwk8r0m98f1zyj3","previousEventId":"b4qaqqv6js7dhkl","previousOperationId":"oqe61ibo0qw8m02"}
{"type":"operationStart","subtype":"recipe","name":"chrome-pdf","timestamp":1662761756295,"id":"g2mgrkludkquyy2","previousEventId":"mwk8r0m98f1zyj3","operationId":"359abp2pz265xs8","previousOperationId":"oqe61ibo0qw8m02"}
{"type":"log","timestamp":1662761756295,"level":"debug","message":"Executing recipe chrome-pdf","meta":{"rootId":"b1k00cnp7sxh77s","id":"b1k00cnp7sxh77s"},"id":"ct0blr1uascrbyu","previousOperationId":"359abp2pz265xs8"}
{"type":"log","timestamp":1662761756297,"level":"debug","message":"Converting with chrome HeadlessChrome/98.0.4758.0 using chrome-pool strategy","meta":{"rootId":"b1k00cnp7sxh77s","id":"b1k00cnp7sxh77s"},"id":"sc0epzhnmgcv855","previousOperationId":"359abp2pz265xs8"}
{"type":"log","timestamp":1662761756391,"level":"debug","message":"Page request: GET (document) file:///C:/Users/aasem/AppData/Local/Temp/jsreport/autocleanup/5168648d-a060-4b7b-a61f-176a289ad1e9-chrome-pdf.html","meta":{"rootId":"b1k00cnp7sxh77s","id":"b1k00cnp7sxh77s"},"id":"7oyx69mcm80aki6","previousOperationId":"359abp2pz265xs8"}
{"type":"log","timestamp":1662761756402,"level":"debug","message":"Page request finished: GET (document) file:///C:/Users/aasem/AppData/Local/Temp/jsreport/autocleanup/5168648d-a060-4b7b-a61f-176a289ad1e9-chrome-pdf.html","meta":{"rootId":"b1k00cnp7sxh77s","id":"b1k00cnp7sxh77s"},"id":"w2t7mievmw4ddit","previousOperationId":"359abp2pz265xs8"}
{"type":"log","timestamp":1662761756430,"level":"debug","message":"Running chrome with params {\"printBackground\":true,\"timeout\":59951,\"margin\":{}}","meta":{"rootId":"b1k00cnp7sxh77s","id":"b1k00cnp7sxh77s"},"id":"rx3jpwaae1j2gmr","previousOperationId":"359abp2pz265xs8"}
{"type":"operationEnd","operationId":"359abp2pz265xs8","timestamp":1662761756534,"id":"qg87eym4g2wyhmq","previousEventId":"g2mgrkludkquyy2","previousOperationId":"359abp2pz265xs8"}
{"type":"log","timestamp":1662761756534,"level":"debug","message":"Skipping storing report.","meta":{"rootId":"b1k00cnp7sxh77s","id":"b1k00cnp7sxh77s"},"id":"9orbpav57rwm6xt","previousOperationId":"359abp2pz265xs8"}
{"type":"log","timestamp":1662761756534,"level":"info","message":"Rendering request 8 finished in 286 ms","meta":{"rootId":"b1k00cnp7sxh77s","id":"b1k00cnp7sxh77s"},"id":"x51tqe6j5tactpk","previousOperationId":"359abp2pz265xs8"}
{"type":"operationEnd","subtype":"render","operationId":"nhpsz1m6rcmpfzp","timestamp":1662761756534,"id":"cf2t3wrlqtcligh","previousEventId":"qg87eym4g2wyhmq","previousOperationId":"359abp2pz265xs8"}
{"type":"operationEnd","doDiffs":false,"previousEventId":"p9fn8b7oiaoutac","previousOperationId":"l27msxhr0l1wjvd","operationId":"l27msxhr0l1wjvd","timestamp":1662761756536,"id":"7hoypoxy0tsucrb"}
