{"type":"operationStart","subtype":"profile","data":{"_id":"ySos3qKkQ6Jvv6yv","timestamp":"2022-09-06T16:30:48.080Z","state":"queued","mode":"standard","creationDate":"2022-09-06T16:30:48.081Z","modificationDate":"2022-09-06T16:30:48.081Z","shortid":"JnEaXvE","$entitySet":"profiles"},"doDiffs":false,"timestamp":1662481848081,"id":"66u433c5h54dhul","previousOperationId":null,"operationId":"9tkx4jzrl8g99g7"}
{"type":"log","level":"info","message":"Render request 15 queued for execution and waiting for available worker","previousOperationId":"9tkx4jzrl8g99g7","timestamp":1662481848081,"id":"tr4ij5f2rgndhup"}
{"type":"operationStart","subtype":"render","name":"salarySlipTemplate","previousOperationId":"9tkx4jzrl8g99g7","timestamp":1662481848087,"id":"25c9m7wqpwyw17n","previousEventId":"66u433c5h54dhul","operationId":"ztu2d2aptkrjf0e"}
{"type":"log","timestamp":1662481848087,"level":"info","message":"Starting rendering request 15 (user: null)","meta":{"rootId":"b4wkrw075ohqy8l","id":"b4wkrw075ohqy8l"},"id":"kmgyu7jmpt0x084","previousOperationId":"ztu2d2aptkrjf0e"}
{"type":"log","timestamp":1662481848088,"level":"info","message":"Rendering template { name: salarySlipTemplate, recipe: chrome-pdf, engine: handlebars, preview: false }","meta":{"rootId":"b4wkrw075ohqy8l","id":"b4wkrw075ohqy8l"},"id":"7j1k49azb7nnhod","previousOperationId":"ztu2d2aptkrjf0e"}
{"type":"log","timestamp":1662481848088,"level":"debug","message":"Inline data specified.","meta":{"rootId":"b4wkrw075ohqy8l","id":"b4wkrw075ohqy8l"},"id":"1tlbccmj750xx02","previousOperationId":"ztu2d2aptkrjf0e"}
{"type":"log","timestamp":1662481848092,"level":"debug","message":"Base url not specified, skipping its injection.","meta":{"rootId":"b4wkrw075ohqy8l","id":"b4wkrw075ohqy8l"},"id":"86bvlcc6jvn049p","previousOperationId":"ztu2d2aptkrjf0e"}
{"type":"operationStart","subtype":"engine","name":"handlebars","timestamp":1662481848092,"id":"ce54bb26bbz3abn","previousEventId":"25c9m7wqpwyw17n","operationId":"qc13dnm066yju8i","previousOperationId":"ztu2d2aptkrjf0e"}
{"type":"log","timestamp":1662481848092,"level":"debug","message":"Rendering engine handlebars","meta":{"rootId":"b4wkrw075ohqy8l","id":"b4wkrw075ohqy8l"},"id":"ubcxr3m1du5vvyy","previousOperationId":"qc13dnm066yju8i"}
{"type":"operationEnd","operationId":"qc13dnm066yju8i","timestamp":1662481848102,"id":"brgoj1b1v7itiwr","previousEventId":"ce54bb26bbz3abn","previousOperationId":"qc13dnm066yju8i"}
{"type":"operationStart","subtype":"recipe","name":"chrome-pdf","timestamp":1662481848103,"id":"ci2r8t5f5zblu21","previousEventId":"brgoj1b1v7itiwr","operationId":"fns2kfn2kggr50d","previousOperationId":"qc13dnm066yju8i"}
{"type":"log","timestamp":1662481848103,"level":"debug","message":"Executing recipe chrome-pdf","meta":{"rootId":"b4wkrw075ohqy8l","id":"b4wkrw075ohqy8l"},"id":"qsidl90l92jm5es","previousOperationId":"fns2kfn2kggr50d"}
{"type":"log","timestamp":1662481848105,"level":"debug","message":"Converting with chrome HeadlessChrome/98.0.4758.0 using chrome-pool strategy","meta":{"rootId":"b4wkrw075ohqy8l","id":"b4wkrw075ohqy8l"},"id":"lwifjh41um8i56r","previousOperationId":"fns2kfn2kggr50d"}
{"type":"log","timestamp":1662481848202,"level":"debug","message":"Page request: GET (document) file:///C:/Users/aasem/AppData/Local/Temp/jsreport/autocleanup/7f5836d0-5664-433d-8190-33ce551d5fd3-chrome-pdf.html","meta":{"rootId":"b4wkrw075ohqy8l","id":"b4wkrw075ohqy8l"},"id":"9nrvfyq20uhhq5e","previousOperationId":"fns2kfn2kggr50d"}
{"type":"log","timestamp":1662481848216,"level":"debug","message":"Page request finished: GET (document) file:///C:/Users/aasem/AppData/Local/Temp/jsreport/autocleanup/7f5836d0-5664-433d-8190-33ce551d5fd3-chrome-pdf.html","meta":{"rootId":"b4wkrw075ohqy8l","id":"b4wkrw075ohqy8l"},"id":"isnms6pq6lalkju","previousOperationId":"fns2kfn2kggr50d"}
{"type":"log","timestamp":1662481848243,"level":"debug","message":"Running chrome with params {\"printBackground\":true,\"timeout\":59975,\"margin\":{}}","meta":{"rootId":"b4wkrw075ohqy8l","id":"b4wkrw075ohqy8l"},"id":"yojyn8xaz1zcwx8","previousOperationId":"fns2kfn2kggr50d"}
{"type":"operationEnd","operationId":"fns2kfn2kggr50d","timestamp":1662481848418,"id":"kr10oagrvtilgxm","previousEventId":"ci2r8t5f5zblu21","previousOperationId":"fns2kfn2kggr50d"}
{"type":"operationStart","subtype":"reports","name":"persisting report","doDiffs":false,"timestamp":1662481848418,"id":"ph8shecs487dm57","previousEventId":"kr10oagrvtilgxm","operationId":"1o33ths6gkvayei","previousOperationId":"fns2kfn2kggr50d"}
{"type":"log","timestamp":1662481848439,"level":"debug","message":"Report stored as reports/salary/salarySlipTemplate/uLNEWp57zrpbAFlQ.pdf","meta":{"rootId":"b4wkrw075ohqy8l","id":"b4wkrw075ohqy8l"},"id":"q2m025f2nh3s8mg","previousOperationId":"1o33ths6gkvayei"}
{"type":"operationEnd","operationId":"1o33ths6gkvayei","doDiffs":false,"timestamp":1662481848439,"id":"pmo6ouh4nvijsbn","previousEventId":"ph8shecs487dm57","previousOperationId":"1o33ths6gkvayei"}
{"type":"log","timestamp":1662481848439,"level":"info","message":"Rendering request 15 finished in 359 ms","meta":{"rootId":"b4wkrw075ohqy8l","id":"b4wkrw075ohqy8l"},"id":"lwhr37nitwwyn5b","previousOperationId":"1o33ths6gkvayei"}
{"type":"operationEnd","subtype":"render","operationId":"ztu2d2aptkrjf0e","timestamp":1662481848439,"id":"qkqw1lrhy1tgy50","previousEventId":"pmo6ouh4nvijsbn","previousOperationId":"1o33ths6gkvayei"}
{"type":"operationEnd","doDiffs":false,"previousEventId":"66u433c5h54dhul","previousOperationId":"9tkx4jzrl8g99g7","operationId":"9tkx4jzrl8g99g7","timestamp":1662481848442,"id":"gistezqzo81dnfz"}
