{"type":"operationStart","subtype":"profile","data":{"_id":"cTzolv6NqzAGyUbY","timestamp":"2022-09-06T18:01:28.956Z","state":"queued","mode":"standard","creationDate":"2022-09-06T18:01:28.958Z","modificationDate":"2022-09-06T18:01:28.958Z","shortid":"ycNofqt","$entitySet":"profiles"},"doDiffs":false,"timestamp":1662487288957,"id":"u67homokjsxd0ws","previousOperationId":null,"operationId":"qgc98ilo96d4nk7"}
{"type":"log","level":"info","message":"Render request 10 queued for execution and waiting for available worker","previousOperationId":"qgc98ilo96d4nk7","timestamp":1662487288957,"id":"gi0vtglkvb856b1"}
{"type":"operationStart","subtype":"render","name":"salarySlipTemplate","previousOperationId":"qgc98ilo96d4nk7","timestamp":1662487288970,"id":"r81z68oeaebtw8p","previousEventId":"u67homokjsxd0ws","operationId":"8prq3iuix0h71pt"}
{"type":"log","timestamp":1662487288970,"level":"info","message":"Starting rendering request 10 (user: null)","meta":{"rootId":"beamcdv2xp96h39","id":"beamcdv2xp96h39"},"id":"g8y5ulb2tpzq0g4","previousOperationId":"8prq3iuix0h71pt"}
{"type":"log","timestamp":1662487288971,"level":"info","message":"Rendering template { name: salarySlipTemplate, recipe: chrome-pdf, engine: handlebars, preview: false }","meta":{"rootId":"beamcdv2xp96h39","id":"beamcdv2xp96h39"},"id":"pyl2lmcwun6v08o","previousOperationId":"8prq3iuix0h71pt"}
{"type":"log","timestamp":1662487288972,"level":"debug","message":"Inline data specified.","meta":{"rootId":"beamcdv2xp96h39","id":"beamcdv2xp96h39"},"id":"nsiw9w71gg83f3w","previousOperationId":"8prq3iuix0h71pt"}
{"type":"log","timestamp":1662487288973,"level":"debug","message":"Base url not specified, skipping its injection.","meta":{"rootId":"beamcdv2xp96h39","id":"beamcdv2xp96h39"},"id":"g7k32f0tjuih2uv","previousOperationId":"8prq3iuix0h71pt"}
{"type":"operationStart","subtype":"engine","name":"handlebars","timestamp":1662487288974,"id":"v0rjmz1qgx4p91n","previousEventId":"r81z68oeaebtw8p","operationId":"45qzt1vkxzmucxh","previousOperationId":"8prq3iuix0h71pt"}
{"type":"log","timestamp":1662487288974,"level":"debug","message":"Rendering engine handlebars","meta":{"rootId":"beamcdv2xp96h39","id":"beamcdv2xp96h39"},"id":"2p7j90vh0lolu5v","previousOperationId":"45qzt1vkxzmucxh"}
{"type":"operationEnd","operationId":"45qzt1vkxzmucxh","timestamp":1662487288990,"id":"8umjf1j053ualup","previousEventId":"v0rjmz1qgx4p91n","previousOperationId":"45qzt1vkxzmucxh"}
{"type":"operationStart","subtype":"recipe","name":"chrome-pdf","timestamp":1662487288990,"id":"eqyuitm5vdqszkw","previousEventId":"8umjf1j053ualup","operationId":"48ecdbu4kzg98pm","previousOperationId":"45qzt1vkxzmucxh"}
{"type":"log","timestamp":1662487288990,"level":"debug","message":"Executing recipe chrome-pdf","meta":{"rootId":"beamcdv2xp96h39","id":"beamcdv2xp96h39"},"id":"p9j0ndqwoan9fad","previousOperationId":"48ecdbu4kzg98pm"}
{"type":"log","timestamp":1662487288992,"level":"debug","message":"Converting with chrome HeadlessChrome/98.0.4758.0 using chrome-pool strategy","meta":{"rootId":"beamcdv2xp96h39","id":"beamcdv2xp96h39"},"id":"5pr1ppghpj6coyt","previousOperationId":"48ecdbu4kzg98pm"}
{"type":"log","timestamp":1662487289195,"level":"debug","message":"Page request: GET (document) file:///C:/Users/aasem/AppData/Local/Temp/jsreport/autocleanup/c89448b1-a59a-469d-a470-fb77adf6ab88-chrome-pdf.html","meta":{"rootId":"beamcdv2xp96h39","id":"beamcdv2xp96h39"},"id":"9gwx8lcxbfwrhbl","previousOperationId":"48ecdbu4kzg98pm"}
{"type":"log","timestamp":1662487289206,"level":"debug","message":"Page request finished: GET (document) file:///C:/Users/aasem/AppData/Local/Temp/jsreport/autocleanup/c89448b1-a59a-469d-a470-fb77adf6ab88-chrome-pdf.html","meta":{"rootId":"beamcdv2xp96h39","id":"beamcdv2xp96h39"},"id":"n570l761don3tj8","previousOperationId":"48ecdbu4kzg98pm"}
{"type":"log","timestamp":1662487289233,"level":"debug","message":"Running chrome with params {\"printBackground\":true,\"timeout\":59964,\"margin\":{}}","meta":{"rootId":"beamcdv2xp96h39","id":"beamcdv2xp96h39"},"id":"5cfc79te4pfly9r","previousOperationId":"48ecdbu4kzg98pm"}
{"type":"operationEnd","operationId":"48ecdbu4kzg98pm","timestamp":1662487289364,"id":"c8h4yk6skc1kalj","previousEventId":"eqyuitm5vdqszkw","previousOperationId":"48ecdbu4kzg98pm"}
{"type":"operationStart","subtype":"reports","name":"persisting report","doDiffs":false,"timestamp":1662487289364,"id":"jk13ee35s3c29lu","previousEventId":"c8h4yk6skc1kalj","operationId":"gqqfzuxj5f6rfh2","previousOperationId":"48ecdbu4kzg98pm"}
{"type":"log","timestamp":1662487289380,"level":"debug","message":"Report stored as reports/salary/salarySlipTemplate/wphibXuZk7klOhyQ.pdf","meta":{"rootId":"beamcdv2xp96h39","id":"beamcdv2xp96h39"},"id":"hw826n26fxh15cy","previousOperationId":"gqqfzuxj5f6rfh2"}
{"type":"operationEnd","operationId":"gqqfzuxj5f6rfh2","doDiffs":false,"timestamp":1662487289380,"id":"7j5w2zxy0w6cr53","previousEventId":"jk13ee35s3c29lu","previousOperationId":"gqqfzuxj5f6rfh2"}
{"type":"log","timestamp":1662487289381,"level":"info","message":"Rendering request 10 finished in 425 ms","meta":{"rootId":"beamcdv2xp96h39","id":"beamcdv2xp96h39"},"id":"z51bsoburecjaxp","previousOperationId":"gqqfzuxj5f6rfh2"}
{"type":"operationEnd","subtype":"render","operationId":"8prq3iuix0h71pt","timestamp":1662487289381,"id":"3sejirv3dj2v7fv","previousEventId":"7j5w2zxy0w6cr53","previousOperationId":"gqqfzuxj5f6rfh2"}
{"type":"operationEnd","doDiffs":false,"previousEventId":"u67homokjsxd0ws","previousOperationId":"qgc98ilo96d4nk7","operationId":"qgc98ilo96d4nk7","timestamp":1662487289384,"id":"1hlk44gtjnvzmk1"}
