{"type":"operationStart","subtype":"profile","data":{"_id":"cb1FAzmK4BTya7Wu","timestamp":"2022-09-09T22:15:03.410Z","state":"queued","mode":"standard","creationDate":"2022-09-09T22:15:03.411Z","modificationDate":"2022-09-09T22:15:03.411Z","shortid":"tkxUXke","$entitySet":"profiles"},"doDiffs":false,"timestamp":1662761703410,"id":"4j6bduw4qm413k3","previousOperationId":null,"operationId":"5l4x7nqy0c80fb2"}
{"type":"log","level":"info","message":"Render request 6 queued for execution and waiting for available worker","previousOperationId":"5l4x7nqy0c80fb2","timestamp":1662761703411,"id":"brkumkvux6nrzft"}
{"type":"operationStart","subtype":"render","name":"salarySlipTemplate","previousOperationId":"5l4x7nqy0c80fb2","timestamp":1662761703422,"id":"4i8dy640j6ailsh","previousEventId":"4j6bduw4qm413k3","operationId":"gp9u3oakgysxep5"}
{"type":"log","timestamp":1662761703423,"level":"info","message":"Starting rendering request 6 (user: null)","meta":{"rootId":"bthby35pipagvpb","id":"bthby35pipagvpb"},"id":"4dpwzjjl76k5s7d","previousOperationId":"gp9u3oakgysxep5"}
{"type":"log","timestamp":1662761703423,"level":"info","message":"Rendering template { name: salarySlipTemplate, recipe: chrome-pdf, engine: handlebars, preview: false }","meta":{"rootId":"bthby35pipagvpb","id":"bthby35pipagvpb"},"id":"bfey3wynklio8t1","previousOperationId":"gp9u3oakgysxep5"}
{"type":"log","timestamp":1662761703424,"level":"debug","message":"Inline data specified.","meta":{"rootId":"bthby35pipagvpb","id":"bthby35pipagvpb"},"id":"vvp84b55zomcufo","previousOperationId":"gp9u3oakgysxep5"}
{"type":"log","timestamp":1662761703427,"level":"debug","message":"Base url not specified, skipping its injection.","meta":{"rootId":"bthby35pipagvpb","id":"bthby35pipagvpb"},"id":"9kjp1837lrmbxp9","previousOperationId":"gp9u3oakgysxep5"}
{"type":"operationStart","subtype":"engine","name":"handlebars","timestamp":1662761703428,"id":"kg7lpjidn8srgl7","previousEventId":"4i8dy640j6ailsh","operationId":"gqjn7h82030ht36","previousOperationId":"gp9u3oakgysxep5"}
{"type":"log","timestamp":1662761703428,"level":"debug","message":"Rendering engine handlebars","meta":{"rootId":"bthby35pipagvpb","id":"bthby35pipagvpb"},"id":"pc7cw6r0w0yjtuk","previousOperationId":"gqjn7h82030ht36"}
{"type":"operationEnd","operationId":"gqjn7h82030ht36","timestamp":1662761703450,"id":"idma7my2qjnz38r","previousEventId":"kg7lpjidn8srgl7","previousOperationId":"gqjn7h82030ht36"}
{"type":"operationStart","subtype":"recipe","name":"chrome-pdf","timestamp":1662761703450,"id":"unex2lgci0gaqhs","previousEventId":"idma7my2qjnz38r","operationId":"gyu03aakwa2ph3v","previousOperationId":"gqjn7h82030ht36"}
{"type":"log","timestamp":1662761703450,"level":"debug","message":"Executing recipe chrome-pdf","meta":{"rootId":"bthby35pipagvpb","id":"bthby35pipagvpb"},"id":"fqm715gtc7x163l","previousOperationId":"gyu03aakwa2ph3v"}
{"type":"log","timestamp":1662761703454,"level":"debug","message":"Converting with chrome HeadlessChrome/98.0.4758.0 using chrome-pool strategy","meta":{"rootId":"bthby35pipagvpb","id":"bthby35pipagvpb"},"id":"1mtxikndkuz9f9q","previousOperationId":"gyu03aakwa2ph3v"}
{"type":"log","timestamp":1662761703550,"level":"debug","message":"Page request: GET (document) file:///C:/Users/aasem/AppData/Local/Temp/jsreport/autocleanup/175224c0-5723-4d43-96f4-afdd9c32d501-chrome-pdf.html","meta":{"rootId":"bthby35pipagvpb","id":"bthby35pipagvpb"},"id":"ywu06h7vtl8d4oi","previousOperationId":"gyu03aakwa2ph3v"}
{"type":"log","timestamp":1662761703559,"level":"debug","message":"Page request finished: GET (document) file:///C:/Users/aasem/AppData/Local/Temp/jsreport/autocleanup/175224c0-5723-4d43-96f4-afdd9c32d501-chrome-pdf.html","meta":{"rootId":"bthby35pipagvpb","id":"bthby35pipagvpb"},"id":"sh39gxprn4zyt9m","previousOperationId":"gyu03aakwa2ph3v"}
{"type":"log","timestamp":1662761703585,"level":"debug","message":"Running chrome with params {\"printBackground\":true,\"timeout\":59955,\"margin\":{}}","meta":{"rootId":"bthby35pipagvpb","id":"bthby35pipagvpb"},"id":"z47smef2helnghc","previousOperationId":"gyu03aakwa2ph3v"}
{"type":"operationEnd","operationId":"gyu03aakwa2ph3v","timestamp":1662761703688,"id":"yyzmcg1krlbulzf","previousEventId":"unex2lgci0gaqhs","previousOperationId":"gyu03aakwa2ph3v"}
{"type":"log","timestamp":1662761703688,"level":"debug","message":"Skipping storing report.","meta":{"rootId":"bthby35pipagvpb","id":"bthby35pipagvpb"},"id":"8y3zcj2w27o7azk","previousOperationId":"gyu03aakwa2ph3v"}
{"type":"log","timestamp":1662761703688,"level":"info","message":"Rendering request 6 finished in 279 ms","meta":{"rootId":"bthby35pipagvpb","id":"bthby35pipagvpb"},"id":"hofzwbsotjhzd18","previousOperationId":"gyu03aakwa2ph3v"}
{"type":"operationEnd","subtype":"render","operationId":"gp9u3oakgysxep5","timestamp":1662761703688,"id":"xi9vgb02e33jv35","previousEventId":"yyzmcg1krlbulzf","previousOperationId":"gyu03aakwa2ph3v"}
{"type":"operationEnd","doDiffs":false,"previousEventId":"4j6bduw4qm413k3","previousOperationId":"5l4x7nqy0c80fb2","operationId":"5l4x7nqy0c80fb2","timestamp":1662761703691,"id":"yulnun1vkth68t2"}
