{"type":"operationStart","subtype":"profile","data":{"_id":"NqQ8zFS01OYTPmv6","timestamp":"2022-09-07T00:21:08.597Z","state":"queued","mode":"standard","creationDate":"2022-09-07T00:21:08.599Z","modificationDate":"2022-09-07T00:21:08.599Z","shortid":"mlnh_GU","$entitySet":"profiles"},"doDiffs":false,"timestamp":1662510068598,"id":"osd9g9ph9x21z3i","previousOperationId":null,"operationId":"zb305a5zwtbfpwe"}
{"type":"log","level":"info","message":"Render request 29 queued for execution and waiting for available worker","previousOperationId":"zb305a5zwtbfpwe","timestamp":1662510068598,"id":"al57v26log2qnzd"}
{"type":"operationStart","subtype":"render","name":"salarySlipTemplate","previousOperationId":"zb305a5zwtbfpwe","timestamp":1662510068608,"id":"soop0436vxxh6da","previousEventId":"osd9g9ph9x21z3i","operationId":"ab1y8snxscz405q"}
{"type":"log","timestamp":1662510068608,"level":"info","message":"Starting rendering request 29 (user: null)","meta":{"rootId":"c03q00mb4v8g44g","id":"c03q00mb4v8g44g"},"id":"ibgxx1841ikm6ab","previousOperationId":"ab1y8snxscz405q"}
{"type":"log","timestamp":1662510068608,"level":"info","message":"Rendering template { name: salarySlipTemplate, recipe: chrome-pdf, engine: handlebars, preview: false }","meta":{"rootId":"c03q00mb4v8g44g","id":"c03q00mb4v8g44g"},"id":"hldr9r55qda3np6","previousOperationId":"ab1y8snxscz405q"}
{"type":"log","timestamp":1662510068610,"level":"debug","message":"Inline data specified.","meta":{"rootId":"c03q00mb4v8g44g","id":"c03q00mb4v8g44g"},"id":"1ok5bltl0bvobds","previousOperationId":"ab1y8snxscz405q"}
{"type":"log","timestamp":1662510068614,"level":"debug","message":"Base url not specified, skipping its injection.","meta":{"rootId":"c03q00mb4v8g44g","id":"c03q00mb4v8g44g"},"id":"96oaqpra9aakjxp","previousOperationId":"ab1y8snxscz405q"}
{"type":"operationStart","subtype":"engine","name":"handlebars","timestamp":1662510068614,"id":"hu1qfv1tfbs40lw","previousEventId":"soop0436vxxh6da","operationId":"e52euyw8859pl3e","previousOperationId":"ab1y8snxscz405q"}
{"type":"log","timestamp":1662510068614,"level":"debug","message":"Rendering engine handlebars","meta":{"rootId":"c03q00mb4v8g44g","id":"c03q00mb4v8g44g"},"id":"ydortq1q2z2tlxn","previousOperationId":"e52euyw8859pl3e"}
{"type":"operationEnd","operationId":"e52euyw8859pl3e","timestamp":1662510068628,"id":"31z0sps8ewcsapv","previousEventId":"hu1qfv1tfbs40lw","previousOperationId":"e52euyw8859pl3e"}
{"type":"operationStart","subtype":"recipe","name":"chrome-pdf","timestamp":1662510068628,"id":"6mseoff9ldkgl22","previousEventId":"31z0sps8ewcsapv","operationId":"fdygxkoym2m07qp","previousOperationId":"e52euyw8859pl3e"}
{"type":"log","timestamp":1662510068628,"level":"debug","message":"Executing recipe chrome-pdf","meta":{"rootId":"c03q00mb4v8g44g","id":"c03q00mb4v8g44g"},"id":"kz5hikjfofcpaua","previousOperationId":"fdygxkoym2m07qp"}
{"type":"log","timestamp":1662510068630,"level":"debug","message":"Converting with chrome HeadlessChrome/98.0.4758.0 using chrome-pool strategy","meta":{"rootId":"c03q00mb4v8g44g","id":"c03q00mb4v8g44g"},"id":"hnfg0lt08hy1kpr","previousOperationId":"fdygxkoym2m07qp"}
{"type":"log","timestamp":1662510068729,"level":"debug","message":"Page request: GET (document) file:///C:/Users/aasem/AppData/Local/Temp/jsreport/autocleanup/3cf009b8-7eec-47ca-9fc1-9931b1135d70-chrome-pdf.html","meta":{"rootId":"c03q00mb4v8g44g","id":"c03q00mb4v8g44g"},"id":"jyme4327kk5g7td","previousOperationId":"fdygxkoym2m07qp"}
{"type":"log","timestamp":1662510068742,"level":"debug","message":"Page request finished: GET (document) file:///C:/Users/aasem/AppData/Local/Temp/jsreport/autocleanup/3cf009b8-7eec-47ca-9fc1-9931b1135d70-chrome-pdf.html","meta":{"rootId":"c03q00mb4v8g44g","id":"c03q00mb4v8g44g"},"id":"l2et71tv2b2nede","previousOperationId":"fdygxkoym2m07qp"}
{"type":"log","timestamp":1662510068768,"level":"debug","message":"Running chrome with params {\"printBackground\":true,\"timeout\":59968,\"margin\":{}}","meta":{"rootId":"c03q00mb4v8g44g","id":"c03q00mb4v8g44g"},"id":"7hybv0nn5xyq18t","previousOperationId":"fdygxkoym2m07qp"}
{"type":"operationEnd","operationId":"fdygxkoym2m07qp","timestamp":1662510068863,"id":"p0cmmtymhy5kvox","previousEventId":"6mseoff9ldkgl22","previousOperationId":"fdygxkoym2m07qp"}
{"type":"operationStart","subtype":"reports","name":"persisting report","doDiffs":false,"timestamp":1662510068863,"id":"3n21pxuov7mzgyg","previousEventId":"p0cmmtymhy5kvox","operationId":"sp9aiz9tk4v7nkr","previousOperationId":"fdygxkoym2m07qp"}
{"type":"log","timestamp":1662510068881,"level":"debug","message":"Report stored as reports/salary/salarySlipTemplate/BVNi7MsXGdia4fif.pdf","meta":{"rootId":"c03q00mb4v8g44g","id":"c03q00mb4v8g44g"},"id":"p9x4yp9bl2rxa9i","previousOperationId":"sp9aiz9tk4v7nkr"}
{"type":"operationEnd","operationId":"sp9aiz9tk4v7nkr","doDiffs":false,"timestamp":1662510068881,"id":"scjl55gj1ipitns","previousEventId":"3n21pxuov7mzgyg","previousOperationId":"sp9aiz9tk4v7nkr"}
{"type":"log","timestamp":1662510068881,"level":"info","message":"Rendering request 29 finished in 284 ms","meta":{"rootId":"c03q00mb4v8g44g","id":"c03q00mb4v8g44g"},"id":"5rxyi5zfiek7wkr","previousOperationId":"sp9aiz9tk4v7nkr"}
{"type":"operationEnd","subtype":"render","operationId":"ab1y8snxscz405q","timestamp":1662510068881,"id":"hyom0uznv8zv8hh","previousEventId":"scjl55gj1ipitns","previousOperationId":"sp9aiz9tk4v7nkr"}
{"type":"operationEnd","doDiffs":false,"previousEventId":"osd9g9ph9x21z3i","previousOperationId":"zb305a5zwtbfpwe","operationId":"zb305a5zwtbfpwe","timestamp":1662510068886,"id":"e6in3ive53p2gle"}
