{"type":"operationStart","subtype":"profile","data":{"_id":"PJ7tilejnmjzoQQE","timestamp":"2022-09-07T15:35:57.841Z","state":"queued","mode":"standard","creationDate":"2022-09-07T15:35:57.844Z","modificationDate":"2022-09-07T15:35:57.844Z","shortid":"TCVDi7m","$entitySet":"profiles"},"doDiffs":false,"timestamp":1662564957843,"id":"cgfbzdm2t56be8j","previousOperationId":null,"operationId":"8ddjhur7ku0h9sq"}
{"type":"log","level":"info","message":"Render request 12 queued for execution and waiting for available worker","previousOperationId":"8ddjhur7ku0h9sq","timestamp":1662564957843,"id":"nlmxbes6lalknhw"}
{"type":"operationStart","subtype":"render","name":"salarySlipTemplate","previousOperationId":"8ddjhur7ku0h9sq","timestamp":1662564957854,"id":"wckqi09rs4x0i95","previousEventId":"cgfbzdm2t56be8j","operationId":"beas13xr7aroql3"}
{"type":"log","timestamp":1662564957854,"level":"info","message":"Starting rendering request 12 (user: null)","meta":{"rootId":"cfy6ew1li7divf3","id":"cfy6ew1li7divf3"},"id":"ua7uaifds1haaea","previousOperationId":"beas13xr7aroql3"}
{"type":"log","timestamp":1662564957854,"level":"info","message":"Rendering template { name: salarySlipTemplate, recipe: chrome-pdf, engine: handlebars, preview: false }","meta":{"rootId":"cfy6ew1li7divf3","id":"cfy6ew1li7divf3"},"id":"9rewgqjwq409imo","previousOperationId":"beas13xr7aroql3"}
{"type":"log","timestamp":1662564957857,"level":"debug","message":"Inline data specified.","meta":{"rootId":"cfy6ew1li7divf3","id":"cfy6ew1li7divf3"},"id":"xe4ai8i9fmg0bys","previousOperationId":"beas13xr7aroql3"}
{"type":"log","timestamp":1662564957858,"level":"debug","message":"Base url not specified, skipping its injection.","meta":{"rootId":"cfy6ew1li7divf3","id":"cfy6ew1li7divf3"},"id":"ez95gxwj3cdqifi","previousOperationId":"beas13xr7aroql3"}
{"type":"operationStart","subtype":"engine","name":"handlebars","timestamp":1662564957859,"id":"mfa01pgg0mlo5kk","previousEventId":"wckqi09rs4x0i95","operationId":"rl4patjkie9yqb7","previousOperationId":"beas13xr7aroql3"}
{"type":"log","timestamp":1662564957859,"level":"debug","message":"Rendering engine handlebars","meta":{"rootId":"cfy6ew1li7divf3","id":"cfy6ew1li7divf3"},"id":"8ourbovgekuxyty","previousOperationId":"rl4patjkie9yqb7"}
{"type":"operationEnd","operationId":"rl4patjkie9yqb7","timestamp":1662564957872,"id":"dyrmebmwby6jkm4","previousEventId":"mfa01pgg0mlo5kk","previousOperationId":"rl4patjkie9yqb7"}
{"type":"operationStart","subtype":"recipe","name":"chrome-pdf","timestamp":1662564957872,"id":"zfkqyv1irzpefps","previousEventId":"dyrmebmwby6jkm4","operationId":"4qk9hz8372o1cyv","previousOperationId":"rl4patjkie9yqb7"}
{"type":"log","timestamp":1662564957872,"level":"debug","message":"Executing recipe chrome-pdf","meta":{"rootId":"cfy6ew1li7divf3","id":"cfy6ew1li7divf3"},"id":"p7d7bqhjvo2x34j","previousOperationId":"4qk9hz8372o1cyv"}
{"type":"log","timestamp":1662564957874,"level":"debug","message":"Converting with chrome HeadlessChrome/98.0.4758.0 using chrome-pool strategy","meta":{"rootId":"cfy6ew1li7divf3","id":"cfy6ew1li7divf3"},"id":"ql4zvi7zptpujbt","previousOperationId":"4qk9hz8372o1cyv"}
{"type":"log","timestamp":1662564957970,"level":"debug","message":"Page request: GET (document) file:///C:/Users/aasem/AppData/Local/Temp/jsreport/autocleanup/d36a7c26-5313-438f-a2ef-d884f42d8f7d-chrome-pdf.html","meta":{"rootId":"cfy6ew1li7divf3","id":"cfy6ew1li7divf3"},"id":"ysohasmq59fckf6","previousOperationId":"4qk9hz8372o1cyv"}
{"type":"log","timestamp":1662564957982,"level":"debug","message":"Page request finished: GET (document) file:///C:/Users/aasem/AppData/Local/Temp/jsreport/autocleanup/d36a7c26-5313-438f-a2ef-d884f42d8f7d-chrome-pdf.html","meta":{"rootId":"cfy6ew1li7divf3","id":"cfy6ew1li7divf3"},"id":"jee5uz177h93py6","previousOperationId":"4qk9hz8372o1cyv"}
{"type":"log","timestamp":1662564958009,"level":"debug","message":"Running chrome with params {\"printBackground\":true,\"timeout\":59967,\"margin\":{}}","meta":{"rootId":"cfy6ew1li7divf3","id":"cfy6ew1li7divf3"},"id":"dqjqc8j1t3osbju","previousOperationId":"4qk9hz8372o1cyv"}
{"type":"operationEnd","operationId":"4qk9hz8372o1cyv","timestamp":1662564958113,"id":"dqbnpga5itlf1x5","previousEventId":"zfkqyv1irzpefps","previousOperationId":"4qk9hz8372o1cyv"}
{"type":"log","timestamp":1662564958113,"level":"debug","message":"Skipping storing report.","meta":{"rootId":"cfy6ew1li7divf3","id":"cfy6ew1li7divf3"},"id":"ebiambgrbacb301","previousOperationId":"4qk9hz8372o1cyv"}
{"type":"log","timestamp":1662564958113,"level":"info","message":"Rendering request 12 finished in 272 ms","meta":{"rootId":"cfy6ew1li7divf3","id":"cfy6ew1li7divf3"},"id":"ulq0qsgdux22y3q","previousOperationId":"4qk9hz8372o1cyv"}
{"type":"operationEnd","subtype":"render","operationId":"beas13xr7aroql3","timestamp":1662564958113,"id":"oqfhr7hkdjd82wf","previousEventId":"dqbnpga5itlf1x5","previousOperationId":"4qk9hz8372o1cyv"}
{"type":"operationEnd","doDiffs":false,"previousEventId":"cgfbzdm2t56be8j","previousOperationId":"8ddjhur7ku0h9sq","operationId":"8ddjhur7ku0h9sq","timestamp":1662564958115,"id":"l1gl9zqpy95ci1h"}
