{"type":"operationStart","subtype":"profile","data":{"_id":"cjze15cNKxuZiuTi","timestamp":"2022-09-06T17:38:18.423Z","state":"queued","mode":"standard","creationDate":"2022-09-06T17:38:18.426Z","modificationDate":"2022-09-06T17:38:18.426Z","shortid":"6DZOTqh","$entitySet":"profiles"},"doDiffs":false,"timestamp":1662485898424,"id":"cgky2gx8ru8ecfx","previousOperationId":null,"operationId":"df75z85w45ulkrq"}
{"type":"log","level":"info","message":"Render request 3 queued for execution and waiting for available worker","previousOperationId":"df75z85w45ulkrq","timestamp":1662485898424,"id":"rgqe9kksztxkhut"}
{"type":"operationStart","subtype":"render","name":"salarySlipTemplate","previousOperationId":"df75z85w45ulkrq","timestamp":1662485898438,"id":"hk8ivgseppt1sa7","previousEventId":"cgky2gx8ru8ecfx","operationId":"0astron5n3icl63"}
{"type":"log","timestamp":1662485898438,"level":"info","message":"Starting rendering request 3 (user: null)","meta":{"rootId":"cig76r9dy1e8rqi","id":"cig76r9dy1e8rqi"},"id":"e9douvvsjp9uooo","previousOperationId":"0astron5n3icl63"}
{"type":"log","timestamp":1662485898438,"level":"info","message":"Rendering template { name: salarySlipTemplate, recipe: chrome-pdf, engine: handlebars, preview: true }","meta":{"rootId":"cig76r9dy1e8rqi","id":"cig76r9dy1e8rqi"},"id":"w8s9nhx2kvghdnd","previousOperationId":"0astron5n3icl63"}
{"type":"log","timestamp":1662485898439,"level":"debug","message":"Inline data specified.","meta":{"rootId":"cig76r9dy1e8rqi","id":"cig76r9dy1e8rqi"},"id":"ye0rq6t8s0aw8sk","previousOperationId":"0astron5n3icl63"}
{"type":"log","timestamp":1662485898442,"level":"debug","message":"Base url not specified, skipping its injection.","meta":{"rootId":"cig76r9dy1e8rqi","id":"cig76r9dy1e8rqi"},"id":"l509u1h6qjg2hac","previousOperationId":"0astron5n3icl63"}
{"type":"operationStart","subtype":"engine","name":"handlebars","timestamp":1662485898443,"id":"46656pfvdwl8ksm","previousEventId":"hk8ivgseppt1sa7","operationId":"s8ciendlxtyqy83","previousOperationId":"0astron5n3icl63"}
{"type":"log","timestamp":1662485898443,"level":"debug","message":"Rendering engine handlebars","meta":{"rootId":"cig76r9dy1e8rqi","id":"cig76r9dy1e8rqi"},"id":"9dz4e5ptr18wkyg","previousOperationId":"s8ciendlxtyqy83"}
{"type":"operationEnd","operationId":"s8ciendlxtyqy83","timestamp":1662485898459,"id":"agythklemwhqof9","previousEventId":"46656pfvdwl8ksm","previousOperationId":"s8ciendlxtyqy83"}
{"type":"operationStart","subtype":"recipe","name":"chrome-pdf","timestamp":1662485898460,"id":"jcgsmreffptiwqr","previousEventId":"agythklemwhqof9","operationId":"0iuhyrqexkaruhn","previousOperationId":"s8ciendlxtyqy83"}
{"type":"log","timestamp":1662485898460,"level":"debug","message":"Executing recipe chrome-pdf","meta":{"rootId":"cig76r9dy1e8rqi","id":"cig76r9dy1e8rqi"},"id":"yehqwqjzhewloou","previousOperationId":"0iuhyrqexkaruhn"}
{"type":"log","timestamp":1662485898464,"level":"debug","message":"Converting with chrome HeadlessChrome/98.0.4758.0 using chrome-pool strategy","meta":{"rootId":"cig76r9dy1e8rqi","id":"cig76r9dy1e8rqi"},"id":"o4nn5h6fn9svycc","previousOperationId":"0iuhyrqexkaruhn"}
{"type":"log","timestamp":1662485898585,"level":"debug","message":"Page request: GET (document) file:///C:/Users/aasem/AppData/Local/Temp/jsreport/autocleanup/33a8955a-f35f-4dd6-bb88-704ae6985179-chrome-pdf.html","meta":{"rootId":"cig76r9dy1e8rqi","id":"cig76r9dy1e8rqi"},"id":"w0tua8hdzxgh2oj","previousOperationId":"0iuhyrqexkaruhn"}
{"type":"log","timestamp":1662485898597,"level":"debug","message":"Page request finished: GET (document) file:///C:/Users/aasem/AppData/Local/Temp/jsreport/autocleanup/33a8955a-f35f-4dd6-bb88-704ae6985179-chrome-pdf.html","meta":{"rootId":"cig76r9dy1e8rqi","id":"cig76r9dy1e8rqi"},"id":"2tcjoxmv4xfgwpt","previousOperationId":"0iuhyrqexkaruhn"}
{"type":"log","timestamp":1662485898628,"level":"debug","message":"Running chrome with params {\"printBackground\":true,\"timeout\":59961,\"margin\":{}}","meta":{"rootId":"cig76r9dy1e8rqi","id":"cig76r9dy1e8rqi"},"id":"110j7go7ygd095b","previousOperationId":"0iuhyrqexkaruhn"}
{"type":"operationEnd","operationId":"0iuhyrqexkaruhn","timestamp":1662485898729,"id":"ofpyjdwtxp3qhhz","previousEventId":"jcgsmreffptiwqr","previousOperationId":"0iuhyrqexkaruhn"}
{"type":"log","timestamp":1662485898729,"level":"debug","message":"Skipping storing report.","meta":{"rootId":"cig76r9dy1e8rqi","id":"cig76r9dy1e8rqi"},"id":"q2xq17a8y1al0p0","previousOperationId":"0iuhyrqexkaruhn"}
{"type":"log","timestamp":1662485898729,"level":"info","message":"Rendering request 3 finished in 306 ms","meta":{"rootId":"cig76r9dy1e8rqi","id":"cig76r9dy1e8rqi"},"id":"gdblj62e23xzszb","previousOperationId":"0iuhyrqexkaruhn"}
{"type":"operationEnd","subtype":"render","operationId":"0astron5n3icl63","timestamp":1662485898729,"id":"4l2607xnikpn2zw","previousEventId":"ofpyjdwtxp3qhhz","previousOperationId":"0iuhyrqexkaruhn"}
{"type":"operationEnd","doDiffs":false,"previousEventId":"cgky2gx8ru8ecfx","previousOperationId":"df75z85w45ulkrq","operationId":"df75z85w45ulkrq","timestamp":1662485898735,"id":"90oxrwr53sv0l6z"}
