{"type":"operationStart","subtype":"profile","data":{"_id":"2YiQDUUmPNSbxUpY","timestamp":"2022-09-11T15:56:24.975Z","state":"queued","mode":"standard","creationDate":"2022-09-11T15:56:24.976Z","modificationDate":"2022-09-11T15:56:24.976Z","shortid":"EZ0KrNr","$entitySet":"profiles"},"doDiffs":false,"timestamp":1662911784976,"id":"gtplzoqzx5ejfy0","previousOperationId":null,"operationId":"dyejlj9kma9og6r"}
{"type":"log","level":"info","message":"Render request 13 queued for execution and waiting for available worker","previousOperationId":"dyejlj9kma9og6r","timestamp":1662911784976,"id":"jcplalogk3qhs52"}
{"type":"operationStart","subtype":"render","name":"salarySlipTemplate","previousOperationId":"dyejlj9kma9og6r","timestamp":1662911784986,"id":"n81a7hrgvza4vi9","previousEventId":"gtplzoqzx5ejfy0","operationId":"05ufxyick2yj2va"}
{"type":"log","timestamp":1662911784986,"level":"info","message":"Starting rendering request 13 (user: null)","meta":{"rootId":"cm3ld4d7p5jv9d9","id":"cm3ld4d7p5jv9d9"},"id":"8pdqvgsjcurzjel","previousOperationId":"05ufxyick2yj2va"}
{"type":"log","timestamp":1662911784986,"level":"info","message":"Rendering template { name: salarySlipTemplate, recipe: chrome-pdf, engine: handlebars, preview: false }","meta":{"rootId":"cm3ld4d7p5jv9d9","id":"cm3ld4d7p5jv9d9"},"id":"znyco1r3pwzaezu","previousOperationId":"05ufxyick2yj2va"}
{"type":"log","timestamp":1662911784987,"level":"debug","message":"Inline data specified.","meta":{"rootId":"cm3ld4d7p5jv9d9","id":"cm3ld4d7p5jv9d9"},"id":"potcpb1n4z4vwv8","previousOperationId":"05ufxyick2yj2va"}
{"type":"log","timestamp":1662911784990,"level":"debug","message":"Base url not specified, skipping its injection.","meta":{"rootId":"cm3ld4d7p5jv9d9","id":"cm3ld4d7p5jv9d9"},"id":"38dic1r2cttgubr","previousOperationId":"05ufxyick2yj2va"}
{"type":"operationStart","subtype":"engine","name":"handlebars","timestamp":1662911784990,"id":"e9nzhhp84eqbiw3","previousEventId":"n81a7hrgvza4vi9","operationId":"xtqi4emi113s0cz","previousOperationId":"05ufxyick2yj2va"}
{"type":"log","timestamp":1662911784990,"level":"debug","message":"Rendering engine handlebars","meta":{"rootId":"cm3ld4d7p5jv9d9","id":"cm3ld4d7p5jv9d9"},"id":"xxetj2p8s8179ze","previousOperationId":"xtqi4emi113s0cz"}
{"type":"operationEnd","operationId":"xtqi4emi113s0cz","timestamp":1662911785006,"id":"s5sl7t50l9vp9p4","previousEventId":"e9nzhhp84eqbiw3","previousOperationId":"xtqi4emi113s0cz"}
{"type":"operationStart","subtype":"recipe","name":"chrome-pdf","timestamp":1662911785006,"id":"gxo7ysvc4ubg2ex","previousEventId":"s5sl7t50l9vp9p4","operationId":"sy2ubziblyel4wt","previousOperationId":"xtqi4emi113s0cz"}
{"type":"log","timestamp":1662911785006,"level":"debug","message":"Executing recipe chrome-pdf","meta":{"rootId":"cm3ld4d7p5jv9d9","id":"cm3ld4d7p5jv9d9"},"id":"rvioom01l7101q0","previousOperationId":"sy2ubziblyel4wt"}
{"type":"log","timestamp":1662911785008,"level":"debug","message":"Converting with chrome HeadlessChrome/98.0.4758.0 using chrome-pool strategy","meta":{"rootId":"cm3ld4d7p5jv9d9","id":"cm3ld4d7p5jv9d9"},"id":"wgucp5hn31vbkk5","previousOperationId":"sy2ubziblyel4wt"}
{"type":"log","timestamp":1662911785104,"level":"debug","message":"Page request: GET (document) file:///C:/Users/aasem/AppData/Local/Temp/jsreport/autocleanup/736bd200-1a96-4050-a31d-1a494c42f168-chrome-pdf.html","meta":{"rootId":"cm3ld4d7p5jv9d9","id":"cm3ld4d7p5jv9d9"},"id":"sehrkmjk906l3ve","previousOperationId":"sy2ubziblyel4wt"}
{"type":"log","timestamp":1662911785112,"level":"debug","message":"Page request finished: GET (document) file:///C:/Users/aasem/AppData/Local/Temp/jsreport/autocleanup/736bd200-1a96-4050-a31d-1a494c42f168-chrome-pdf.html","meta":{"rootId":"cm3ld4d7p5jv9d9","id":"cm3ld4d7p5jv9d9"},"id":"em1d0u4u3jha5sv","previousOperationId":"sy2ubziblyel4wt"}
{"type":"log","timestamp":1662911785141,"level":"debug","message":"Running chrome with params {\"printBackground\":true,\"timeout\":59967,\"margin\":{}}","meta":{"rootId":"cm3ld4d7p5jv9d9","id":"cm3ld4d7p5jv9d9"},"id":"nklduxutij47acb","previousOperationId":"sy2ubziblyel4wt"}
{"type":"operationEnd","operationId":"sy2ubziblyel4wt","timestamp":1662911785270,"id":"3ubyo7ccx5urxdg","previousEventId":"gxo7ysvc4ubg2ex","previousOperationId":"sy2ubziblyel4wt"}
{"type":"log","timestamp":1662911785270,"level":"debug","message":"Skipping storing report.","meta":{"rootId":"cm3ld4d7p5jv9d9","id":"cm3ld4d7p5jv9d9"},"id":"xlj8tbqs4ew3ox7","previousOperationId":"sy2ubziblyel4wt"}
{"type":"log","timestamp":1662911785270,"level":"info","message":"Rendering request 13 finished in 296 ms","meta":{"rootId":"cm3ld4d7p5jv9d9","id":"cm3ld4d7p5jv9d9"},"id":"r0sgpow9u1o8ij3","previousOperationId":"sy2ubziblyel4wt"}
{"type":"operationEnd","subtype":"render","operationId":"05ufxyick2yj2va","timestamp":1662911785270,"id":"yeorl81jkiebzgd","previousEventId":"3ubyo7ccx5urxdg","previousOperationId":"sy2ubziblyel4wt"}
{"type":"operationEnd","doDiffs":false,"previousEventId":"gtplzoqzx5ejfy0","previousOperationId":"dyejlj9kma9og6r","operationId":"dyejlj9kma9og6r","timestamp":1662911785273,"id":"5hg0bgnz7b8etkm"}
