{"type":"operationStart","subtype":"profile","data":{"_id":"BVZkQdZ04YPhMg1n","timestamp":"2022-09-21T07:16:10.150Z","state":"queued","mode":"standard","creationDate":"2022-09-21T07:16:10.152Z","modificationDate":"2022-09-21T07:16:10.152Z","shortid":"TnPEYFt","$entitySet":"profiles"},"doDiffs":false,"timestamp":1663744570151,"id":"h6sillefnatvh5u","previousOperationId":null,"operationId":"kev16xszh5nwlev"}
{"type":"log","level":"info","message":"Render request 2 queued for execution and waiting for available worker","previousOperationId":"kev16xszh5nwlev","timestamp":1663744570151,"id":"ympqq87n29ggj4r"}
{"type":"operationStart","subtype":"render","name":"salarySlipTemplate","previousOperationId":"kev16xszh5nwlev","timestamp":1663744570162,"id":"e6vmfs9pt19nbk3","previousEventId":"h6sillefnatvh5u","operationId":"wgdt6n5wghgjhr4"}
{"type":"log","timestamp":1663744570163,"level":"info","message":"Starting rendering request 2 (user: null)","meta":{"rootId":"cx5kw5minmfszjz","id":"cx5kw5minmfszjz"},"id":"brl6e08wm3mw3ki","previousOperationId":"wgdt6n5wghgjhr4"}
{"type":"log","timestamp":1663744570164,"level":"info","message":"Rendering template { name: salarySlipTemplate, recipe: chrome-pdf, engine: handlebars, preview: false }","meta":{"rootId":"cx5kw5minmfszjz","id":"cx5kw5minmfszjz"},"id":"6mpaw7d550n1hq4","previousOperationId":"wgdt6n5wghgjhr4"}
{"type":"log","timestamp":1663744570168,"level":"debug","message":"Inline data specified.","meta":{"rootId":"cx5kw5minmfszjz","id":"cx5kw5minmfszjz"},"id":"jcu8ipqqpvwz4e5","previousOperationId":"wgdt6n5wghgjhr4"}
{"type":"log","timestamp":1663744570171,"level":"debug","message":"Base url not specified, skipping its injection.","meta":{"rootId":"cx5kw5minmfszjz","id":"cx5kw5minmfszjz"},"id":"753ot7zhqao82ah","previousOperationId":"wgdt6n5wghgjhr4"}
{"type":"operationStart","subtype":"engine","name":"handlebars","timestamp":1663744570175,"id":"wnmou45vd9z0ybh","previousEventId":"e6vmfs9pt19nbk3","operationId":"uif1etfxaymyzw6","previousOperationId":"wgdt6n5wghgjhr4"}
{"type":"log","timestamp":1663744570175,"level":"debug","message":"Rendering engine handlebars","meta":{"rootId":"cx5kw5minmfszjz","id":"cx5kw5minmfszjz"},"id":"we3vkrb1pquho9r","previousOperationId":"uif1etfxaymyzw6"}
{"type":"operationEnd","operationId":"uif1etfxaymyzw6","timestamp":1663744570822,"id":"32gc6a4u7mlx18g","previousEventId":"wnmou45vd9z0ybh","previousOperationId":"uif1etfxaymyzw6"}
{"type":"operationStart","subtype":"recipe","name":"chrome-pdf","timestamp":1663744570823,"id":"qbs0yo9emjo9hz2","previousEventId":"32gc6a4u7mlx18g","operationId":"m486bos7n3bhr1z","previousOperationId":"uif1etfxaymyzw6"}
{"type":"log","timestamp":1663744570823,"level":"debug","message":"Executing recipe chrome-pdf","meta":{"rootId":"cx5kw5minmfszjz","id":"cx5kw5minmfszjz"},"id":"nup8zjj2s7h38ql","previousOperationId":"m486bos7n3bhr1z"}
{"type":"log","timestamp":1663744571145,"level":"debug","message":"Converting with chrome HeadlessChrome/98.0.4758.0 using chrome-pool strategy","meta":{"rootId":"cx5kw5minmfszjz","id":"cx5kw5minmfszjz"},"id":"niqa80vcd6re4g2","previousOperationId":"m486bos7n3bhr1z"}
{"type":"log","timestamp":1663744574648,"level":"debug","message":"Page request: GET (document) file:///C:/Users/aasem/AppData/Local/Temp/jsreport/autocleanup/bd232323-fb2e-4a56-b608-d9c90a136329-chrome-pdf.html","meta":{"rootId":"cx5kw5minmfszjz","id":"cx5kw5minmfszjz"},"id":"eo0g7forp5y4f9x","previousOperationId":"m486bos7n3bhr1z"}
{"type":"log","timestamp":1663744574665,"level":"debug","message":"Page request finished: GET (document) file:///C:/Users/aasem/AppData/Local/Temp/jsreport/autocleanup/bd232323-fb2e-4a56-b608-d9c90a136329-chrome-pdf.html","meta":{"rootId":"cx5kw5minmfszjz","id":"cx5kw5minmfszjz"},"id":"9w4szxnb00fsv07","previousOperationId":"m486bos7n3bhr1z"}
{"type":"log","timestamp":1663744574984,"level":"debug","message":"Running chrome with params {\"printBackground\":true,\"timeout\":59211,\"margin\":{}}","meta":{"rootId":"cx5kw5minmfszjz","id":"cx5kw5minmfszjz"},"id":"lxtf4mhjb0a0je7","previousOperationId":"m486bos7n3bhr1z"}
{"type":"operationEnd","operationId":"m486bos7n3bhr1z","timestamp":1663744575230,"id":"nifb0ocde6fyvhi","previousEventId":"qbs0yo9emjo9hz2","previousOperationId":"m486bos7n3bhr1z"}
{"type":"log","timestamp":1663744575233,"level":"debug","message":"Skipping storing report.","meta":{"rootId":"cx5kw5minmfszjz","id":"cx5kw5minmfszjz"},"id":"qlfut0v3rg5p173","previousOperationId":"m486bos7n3bhr1z"}
{"type":"log","timestamp":1663744575248,"level":"info","message":"Rendering request 2 finished in 5098 ms","meta":{"rootId":"cx5kw5minmfszjz","id":"cx5kw5minmfszjz"},"id":"e6lvrvwx4pq4k0z","previousOperationId":"m486bos7n3bhr1z"}
{"type":"operationEnd","subtype":"render","operationId":"wgdt6n5wghgjhr4","timestamp":1663744575248,"id":"su2a1n2m46s1tla","previousEventId":"nifb0ocde6fyvhi","previousOperationId":"m486bos7n3bhr1z"}
{"type":"operationEnd","doDiffs":false,"previousEventId":"h6sillefnatvh5u","previousOperationId":"kev16xszh5nwlev","operationId":"kev16xszh5nwlev","timestamp":1663744575254,"id":"48c2rfcja94z3zw"}
