{"type":"operationStart","subtype":"profile","data":{"_id":"6ZfeK5lTM3mNIAKt","timestamp":"2022-09-06T16:24:35.932Z","state":"queued","mode":"standard","creationDate":"2022-09-06T16:24:35.934Z","modificationDate":"2022-09-06T16:24:35.934Z","shortid":"u6RJtTy","$entitySet":"profiles"},"doDiffs":false,"timestamp":1662481475933,"id":"w2dxfqcgyn57whe","previousOperationId":null,"operationId":"m9kxwrgeqw8han6"}
{"type":"log","level":"info","message":"Render request 11 queued for execution and waiting for available worker","previousOperationId":"m9kxwrgeqw8han6","timestamp":1662481475933,"id":"pf2e17qvafw98fk"}
{"type":"operationStart","subtype":"render","name":"salarySlipTemplate","previousOperationId":"m9kxwrgeqw8han6","timestamp":1662481475943,"id":"39beihtate05xwp","previousEventId":"w2dxfqcgyn57whe","operationId":"itj2bxhe0eyiadl"}
{"type":"log","timestamp":1662481475943,"level":"info","message":"Starting rendering request 11 (user: null)","meta":{"rootId":"cyoin98gyrvnhru","id":"cyoin98gyrvnhru"},"id":"ikpgrjneu2a8h3g","previousOperationId":"itj2bxhe0eyiadl"}
{"type":"log","timestamp":1662481475943,"level":"info","message":"Rendering template { name: salarySlipTemplate, recipe: chrome-pdf, engine: handlebars, preview: false }","meta":{"rootId":"cyoin98gyrvnhru","id":"cyoin98gyrvnhru"},"id":"0xh1fj2h2onvnkh","previousOperationId":"itj2bxhe0eyiadl"}
{"type":"log","timestamp":1662481475944,"level":"debug","message":"Inline data specified.","meta":{"rootId":"cyoin98gyrvnhru","id":"cyoin98gyrvnhru"},"id":"augfl72b4prr8cz","previousOperationId":"itj2bxhe0eyiadl"}
{"type":"log","timestamp":1662481475947,"level":"debug","message":"Base url not specified, skipping its injection.","meta":{"rootId":"cyoin98gyrvnhru","id":"cyoin98gyrvnhru"},"id":"rk9189pl0m8td4o","previousOperationId":"itj2bxhe0eyiadl"}
{"type":"operationStart","subtype":"engine","name":"handlebars","timestamp":1662481475948,"id":"96bm6coqdh0p37c","previousEventId":"39beihtate05xwp","operationId":"813dkjnwygnnk11","previousOperationId":"itj2bxhe0eyiadl"}
{"type":"log","timestamp":1662481475948,"level":"debug","message":"Rendering engine handlebars","meta":{"rootId":"cyoin98gyrvnhru","id":"cyoin98gyrvnhru"},"id":"5u0r1ejiohdstq4","previousOperationId":"813dkjnwygnnk11"}
{"type":"operationEnd","operationId":"813dkjnwygnnk11","timestamp":1662481475959,"id":"pxu6g1kflzy3929","previousEventId":"96bm6coqdh0p37c","previousOperationId":"813dkjnwygnnk11"}
{"type":"operationStart","subtype":"recipe","name":"chrome-pdf","timestamp":1662481475959,"id":"ofjktopjeca43ho","previousEventId":"pxu6g1kflzy3929","operationId":"q4olg8kk4d39m35","previousOperationId":"813dkjnwygnnk11"}
{"type":"log","timestamp":1662481475959,"level":"debug","message":"Executing recipe chrome-pdf","meta":{"rootId":"cyoin98gyrvnhru","id":"cyoin98gyrvnhru"},"id":"dg3y114ridkg0aa","previousOperationId":"q4olg8kk4d39m35"}
{"type":"log","timestamp":1662481475962,"level":"debug","message":"Converting with chrome HeadlessChrome/98.0.4758.0 using chrome-pool strategy","meta":{"rootId":"cyoin98gyrvnhru","id":"cyoin98gyrvnhru"},"id":"xbouuljolilock4","previousOperationId":"q4olg8kk4d39m35"}
{"type":"log","timestamp":1662481476058,"level":"debug","message":"Page request: GET (document) file:///C:/Users/aasem/AppData/Local/Temp/jsreport/autocleanup/291deb6d-3e59-4b21-9ecb-ae7f2399fe9d-chrome-pdf.html","meta":{"rootId":"cyoin98gyrvnhru","id":"cyoin98gyrvnhru"},"id":"ogyfay2bv5r5kbi","previousOperationId":"q4olg8kk4d39m35"}
{"type":"log","timestamp":1662481476067,"level":"debug","message":"Page request finished: GET (document) file:///C:/Users/aasem/AppData/Local/Temp/jsreport/autocleanup/291deb6d-3e59-4b21-9ecb-ae7f2399fe9d-chrome-pdf.html","meta":{"rootId":"cyoin98gyrvnhru","id":"cyoin98gyrvnhru"},"id":"kpmztgebkdult2m","previousOperationId":"q4olg8kk4d39m35"}
{"type":"log","timestamp":1662481476080,"level":"debug","message":"Running chrome with params {\"printBackground\":true,\"timeout\":59971,\"margin\":{}}","meta":{"rootId":"cyoin98gyrvnhru","id":"cyoin98gyrvnhru"},"id":"etohcb41izkdac8","previousOperationId":"q4olg8kk4d39m35"}
{"type":"operationEnd","operationId":"q4olg8kk4d39m35","timestamp":1662481476107,"id":"moy1lijefm1zrkz","previousEventId":"ofjktopjeca43ho","previousOperationId":"q4olg8kk4d39m35"}
{"type":"operationStart","subtype":"reports","name":"persisting report","doDiffs":false,"timestamp":1662481476107,"id":"j1puilwbbf9lvj4","previousEventId":"moy1lijefm1zrkz","operationId":"pqeimo4v8it42d1","previousOperationId":"q4olg8kk4d39m35"}
{"type":"log","timestamp":1662481476122,"level":"debug","message":"Report stored as reports/salary/salarySlipTemplate/tShzEqgZN3tXVoYp.pdf","meta":{"rootId":"cyoin98gyrvnhru","id":"cyoin98gyrvnhru"},"id":"033l08zs2yxg9gn","previousOperationId":"pqeimo4v8it42d1"}
{"type":"operationEnd","operationId":"pqeimo4v8it42d1","doDiffs":false,"timestamp":1662481476122,"id":"kqubitzfi1waejk","previousEventId":"j1puilwbbf9lvj4","previousOperationId":"pqeimo4v8it42d1"}
{"type":"log","timestamp":1662481476123,"level":"info","message":"Rendering request 11 finished in 191 ms","meta":{"rootId":"cyoin98gyrvnhru","id":"cyoin98gyrvnhru"},"id":"hxa3fkioop8ixle","previousOperationId":"pqeimo4v8it42d1"}
{"type":"operationEnd","subtype":"render","operationId":"itj2bxhe0eyiadl","timestamp":1662481476123,"id":"k4515y94i2xcg7t","previousEventId":"kqubitzfi1waejk","previousOperationId":"pqeimo4v8it42d1"}
{"type":"operationEnd","doDiffs":false,"previousEventId":"w2dxfqcgyn57whe","previousOperationId":"m9kxwrgeqw8han6","operationId":"m9kxwrgeqw8han6","timestamp":1662481476125,"id":"0a642jm3vbd8jas"}
