{"type":"operationStart","subtype":"profile","data":{"_id":"XLyXRXYI4wSaaJ4L","timestamp":"2022-09-11T15:22:45.335Z","state":"queued","mode":"standard","creationDate":"2022-09-11T15:22:45.337Z","modificationDate":"2022-09-11T15:22:45.337Z","shortid":"vGcB5US","$entitySet":"profiles"},"doDiffs":false,"timestamp":1662909765336,"id":"kb26ndd763kjhph","previousOperationId":null,"operationId":"zfp41kfz5m2tj0l"}
{"type":"log","level":"info","message":"Render request 3 queued for execution and waiting for available worker","previousOperationId":"zfp41kfz5m2tj0l","timestamp":1662909765336,"id":"wzimt0tlwjafdoc"}
{"type":"operationStart","subtype":"render","name":"salarySlipTemplate","previousOperationId":"zfp41kfz5m2tj0l","timestamp":1662909765351,"id":"xz5m5owf65ygqbp","previousEventId":"kb26ndd763kjhph","operationId":"ta6p8ss0b5yt53g"}
{"type":"log","timestamp":1662909765351,"level":"info","message":"Starting rendering request 3 (user: null)","meta":{"rootId":"d487tsivtat3hfu","id":"d487tsivtat3hfu"},"id":"cudhf83a3jqxhly","previousOperationId":"ta6p8ss0b5yt53g"}
{"type":"log","timestamp":1662909765351,"level":"info","message":"Rendering template { name: salarySlipTemplate, recipe: chrome-pdf, engine: handlebars, preview: false }","meta":{"rootId":"d487tsivtat3hfu","id":"d487tsivtat3hfu"},"id":"i53t8pas4gfavoo","previousOperationId":"ta6p8ss0b5yt53g"}
{"type":"log","timestamp":1662909765352,"level":"debug","message":"Inline data specified.","meta":{"rootId":"d487tsivtat3hfu","id":"d487tsivtat3hfu"},"id":"8hg0s5wjeq7vn6j","previousOperationId":"ta6p8ss0b5yt53g"}
{"type":"log","timestamp":1662909765354,"level":"debug","message":"Base url not specified, skipping its injection.","meta":{"rootId":"d487tsivtat3hfu","id":"d487tsivtat3hfu"},"id":"u43mqnuzhuoaa9f","previousOperationId":"ta6p8ss0b5yt53g"}
{"type":"operationStart","subtype":"engine","name":"handlebars","timestamp":1662909765354,"id":"pef1lez4xvdiq0m","previousEventId":"xz5m5owf65ygqbp","operationId":"oozti0priaf6nc0","previousOperationId":"ta6p8ss0b5yt53g"}
{"type":"log","timestamp":1662909765354,"level":"debug","message":"Rendering engine handlebars","meta":{"rootId":"d487tsivtat3hfu","id":"d487tsivtat3hfu"},"id":"lg7ltmr4ld0xgjx","previousOperationId":"oozti0priaf6nc0"}
{"type":"operationEnd","operationId":"oozti0priaf6nc0","timestamp":1662909765370,"id":"jjuj0y6zv06glp0","previousEventId":"pef1lez4xvdiq0m","previousOperationId":"oozti0priaf6nc0"}
{"type":"operationStart","subtype":"recipe","name":"chrome-pdf","timestamp":1662909765370,"id":"aw1jm5z0b13kies","previousEventId":"jjuj0y6zv06glp0","operationId":"605t13a34cvexrq","previousOperationId":"oozti0priaf6nc0"}
{"type":"log","timestamp":1662909765370,"level":"debug","message":"Executing recipe chrome-pdf","meta":{"rootId":"d487tsivtat3hfu","id":"d487tsivtat3hfu"},"id":"rb7yj5119wr5o69","previousOperationId":"605t13a34cvexrq"}
{"type":"log","timestamp":1662909765373,"level":"debug","message":"Converting with chrome HeadlessChrome/98.0.4758.0 using chrome-pool strategy","meta":{"rootId":"d487tsivtat3hfu","id":"d487tsivtat3hfu"},"id":"4b5bmeet4igyvtb","previousOperationId":"605t13a34cvexrq"}
{"type":"log","timestamp":1662909765466,"level":"debug","message":"Page request: GET (document) file:///C:/Users/aasem/AppData/Local/Temp/jsreport/autocleanup/1528ea96-eebf-44d8-89d6-ee013375f9fa-chrome-pdf.html","meta":{"rootId":"d487tsivtat3hfu","id":"d487tsivtat3hfu"},"id":"wp4csgyilet2jwk","previousOperationId":"605t13a34cvexrq"}
{"type":"log","timestamp":1662909765478,"level":"debug","message":"Page request finished: GET (document) file:///C:/Users/aasem/AppData/Local/Temp/jsreport/autocleanup/1528ea96-eebf-44d8-89d6-ee013375f9fa-chrome-pdf.html","meta":{"rootId":"d487tsivtat3hfu","id":"d487tsivtat3hfu"},"id":"kuld2a5qramcmbo","previousOperationId":"605t13a34cvexrq"}
{"type":"log","timestamp":1662909765506,"level":"debug","message":"Running chrome with params {\"printBackground\":true,\"timeout\":59961,\"margin\":{}}","meta":{"rootId":"d487tsivtat3hfu","id":"d487tsivtat3hfu"},"id":"p2c4o2fdgnvbcv7","previousOperationId":"605t13a34cvexrq"}
{"type":"operationEnd","operationId":"605t13a34cvexrq","timestamp":1662909765609,"id":"858indfu5i0y2yq","previousEventId":"aw1jm5z0b13kies","previousOperationId":"605t13a34cvexrq"}
{"type":"log","timestamp":1662909765609,"level":"debug","message":"Skipping storing report.","meta":{"rootId":"d487tsivtat3hfu","id":"d487tsivtat3hfu"},"id":"v6f3nbl6iewfhhy","previousOperationId":"605t13a34cvexrq"}
{"type":"log","timestamp":1662909765609,"level":"info","message":"Rendering request 3 finished in 275 ms","meta":{"rootId":"d487tsivtat3hfu","id":"d487tsivtat3hfu"},"id":"9lqoww8xtxnd8to","previousOperationId":"605t13a34cvexrq"}
{"type":"operationEnd","subtype":"render","operationId":"ta6p8ss0b5yt53g","timestamp":1662909765610,"id":"rsgo8uxiiwmu4ww","previousEventId":"858indfu5i0y2yq","previousOperationId":"605t13a34cvexrq"}
{"type":"operationEnd","doDiffs":false,"previousEventId":"kb26ndd763kjhph","previousOperationId":"zfp41kfz5m2tj0l","operationId":"zfp41kfz5m2tj0l","timestamp":1662909765611,"id":"6wzq5hecjwohm6g"}
