{"type":"operationStart","subtype":"profile","data":{"_id":"XqQHqLPe8Fee9Oz3","timestamp":"2022-09-11T15:57:51.867Z","state":"queued","mode":"standard","creationDate":"2022-09-11T15:57:51.870Z","modificationDate":"2022-09-11T15:57:51.870Z","shortid":"j7Rqx_N","$entitySet":"profiles"},"doDiffs":false,"timestamp":1662911871868,"id":"znqmwhc0hikgx0c","previousOperationId":null,"operationId":"zl3knxcd1504i2c"}
{"type":"log","level":"info","message":"Render request 14 queued for execution and waiting for available worker","previousOperationId":"zl3knxcd1504i2c","timestamp":1662911871868,"id":"bafqm8se1lhmjfk"}
{"type":"operationStart","subtype":"render","name":"salarySlipTemplate","previousOperationId":"zl3knxcd1504i2c","timestamp":1662911871884,"id":"po39jdvc5ypf979","previousEventId":"znqmwhc0hikgx0c","operationId":"2hkd4i29e15hk3j"}
{"type":"log","timestamp":1662911871885,"level":"info","message":"Starting rendering request 14 (user: null)","meta":{"rootId":"da9n8kvfcn381np","id":"da9n8kvfcn381np"},"id":"dlgopaeekfnbuji","previousOperationId":"2hkd4i29e15hk3j"}
{"type":"log","timestamp":1662911871885,"level":"info","message":"Rendering template { name: salarySlipTemplate, recipe: chrome-pdf, engine: handlebars, preview: false }","meta":{"rootId":"da9n8kvfcn381np","id":"da9n8kvfcn381np"},"id":"3zk8rpzngse99ob","previousOperationId":"2hkd4i29e15hk3j"}
{"type":"log","timestamp":1662911871887,"level":"debug","message":"Inline data specified.","meta":{"rootId":"da9n8kvfcn381np","id":"da9n8kvfcn381np"},"id":"ijw9n4ajv5pjqv2","previousOperationId":"2hkd4i29e15hk3j"}
{"type":"log","timestamp":1662911871890,"level":"debug","message":"Base url not specified, skipping its injection.","meta":{"rootId":"da9n8kvfcn381np","id":"da9n8kvfcn381np"},"id":"2cmuhief38plr30","previousOperationId":"2hkd4i29e15hk3j"}
{"type":"operationStart","subtype":"engine","name":"handlebars","timestamp":1662911871890,"id":"sgljposa4osm8zy","previousEventId":"po39jdvc5ypf979","operationId":"c2tp62rab4xcz36","previousOperationId":"2hkd4i29e15hk3j"}
{"type":"log","timestamp":1662911871890,"level":"debug","message":"Rendering engine handlebars","meta":{"rootId":"da9n8kvfcn381np","id":"da9n8kvfcn381np"},"id":"ot8qzz41t74lwnc","previousOperationId":"c2tp62rab4xcz36"}
{"type":"operationEnd","operationId":"c2tp62rab4xcz36","timestamp":1662911871910,"id":"8g0d70kef52ijly","previousEventId":"sgljposa4osm8zy","previousOperationId":"c2tp62rab4xcz36"}
{"type":"operationStart","subtype":"recipe","name":"chrome-pdf","timestamp":1662911871910,"id":"gggich9e60uj3em","previousEventId":"8g0d70kef52ijly","operationId":"3ngt54g52lcrh57","previousOperationId":"c2tp62rab4xcz36"}
{"type":"log","timestamp":1662911871910,"level":"debug","message":"Executing recipe chrome-pdf","meta":{"rootId":"da9n8kvfcn381np","id":"da9n8kvfcn381np"},"id":"w77d4yes0s0zv0a","previousOperationId":"3ngt54g52lcrh57"}
{"type":"log","timestamp":1662911871912,"level":"debug","message":"Converting with chrome HeadlessChrome/98.0.4758.0 using chrome-pool strategy","meta":{"rootId":"da9n8kvfcn381np","id":"da9n8kvfcn381np"},"id":"bywi3tl9c5zakc0","previousOperationId":"3ngt54g52lcrh57"}
{"type":"log","timestamp":1662911872002,"level":"debug","message":"Page request: GET (document) file:///C:/Users/aasem/AppData/Local/Temp/jsreport/autocleanup/c7c0b179-798f-4ee1-b146-37de27983517-chrome-pdf.html","meta":{"rootId":"da9n8kvfcn381np","id":"da9n8kvfcn381np"},"id":"dfpz549t9avus1s","previousOperationId":"3ngt54g52lcrh57"}
{"type":"log","timestamp":1662911872016,"level":"debug","message":"Page request finished: GET (document) file:///C:/Users/aasem/AppData/Local/Temp/jsreport/autocleanup/c7c0b179-798f-4ee1-b146-37de27983517-chrome-pdf.html","meta":{"rootId":"da9n8kvfcn381np","id":"da9n8kvfcn381np"},"id":"67kq119xa1b37qj","previousOperationId":"3ngt54g52lcrh57"}
{"type":"log","timestamp":1662911872043,"level":"debug","message":"Running chrome with params {\"printBackground\":true,\"timeout\":59955,\"margin\":{}}","meta":{"rootId":"da9n8kvfcn381np","id":"da9n8kvfcn381np"},"id":"xjtf8s0x5803nel","previousOperationId":"3ngt54g52lcrh57"}
{"type":"operationEnd","operationId":"3ngt54g52lcrh57","timestamp":1662911872155,"id":"ciebjx01wf2ofgg","previousEventId":"gggich9e60uj3em","previousOperationId":"3ngt54g52lcrh57"}
{"type":"log","timestamp":1662911872155,"level":"debug","message":"Skipping storing report.","meta":{"rootId":"da9n8kvfcn381np","id":"da9n8kvfcn381np"},"id":"54bdsd0kibuenwa","previousOperationId":"3ngt54g52lcrh57"}
{"type":"log","timestamp":1662911872155,"level":"info","message":"Rendering request 14 finished in 289 ms","meta":{"rootId":"da9n8kvfcn381np","id":"da9n8kvfcn381np"},"id":"yykda3ln9wpnig5","previousOperationId":"3ngt54g52lcrh57"}
{"type":"operationEnd","subtype":"render","operationId":"2hkd4i29e15hk3j","timestamp":1662911872155,"id":"gwndicwygep281s","previousEventId":"ciebjx01wf2ofgg","previousOperationId":"3ngt54g52lcrh57"}
{"type":"operationEnd","doDiffs":false,"previousEventId":"znqmwhc0hikgx0c","previousOperationId":"zl3knxcd1504i2c","operationId":"zl3knxcd1504i2c","timestamp":1662911872157,"id":"jj0i9dm11dw1pp4"}
