{"type":"operationStart","subtype":"profile","data":{"_id":"vCmkEickD80qIDIh","timestamp":"2022-09-07T00:14:04.451Z","state":"queued","mode":"standard","creationDate":"2022-09-07T00:14:04.454Z","modificationDate":"2022-09-07T00:14:04.454Z","shortid":"FxhRqve","$entitySet":"profiles"},"doDiffs":false,"timestamp":1662509644453,"id":"bxtxhemax4l88de","previousOperationId":null,"operationId":"yv5nt2qy9rf99hu"}
{"type":"log","level":"info","message":"Render request 16 queued for execution and waiting for available worker","previousOperationId":"yv5nt2qy9rf99hu","timestamp":1662509644453,"id":"hncks20lbnyynt0"}
{"type":"operationStart","subtype":"render","name":"salarySlipTemplate","previousOperationId":"yv5nt2qy9rf99hu","timestamp":1662509644470,"id":"1isee5o16k4btq7","previousEventId":"bxtxhemax4l88de","operationId":"qtruuf9io5d4wzy"}
{"type":"log","timestamp":1662509644470,"level":"info","message":"Starting rendering request 16 (user: null)","meta":{"rootId":"ddc5zlk0b05vuwf","id":"ddc5zlk0b05vuwf"},"id":"9z691wqxz6ykzke","previousOperationId":"qtruuf9io5d4wzy"}
{"type":"log","timestamp":1662509644472,"level":"info","message":"Rendering template { name: salarySlipTemplate, recipe: chrome-pdf, engine: handlebars, preview: false }","meta":{"rootId":"ddc5zlk0b05vuwf","id":"ddc5zlk0b05vuwf"},"id":"xx9llon5xl6g4nm","previousOperationId":"qtruuf9io5d4wzy"}
{"type":"log","timestamp":1662509644472,"level":"debug","message":"Inline data specified.","meta":{"rootId":"ddc5zlk0b05vuwf","id":"ddc5zlk0b05vuwf"},"id":"i2ljjazuyo7ovd3","previousOperationId":"qtruuf9io5d4wzy"}
{"type":"log","timestamp":1662509644475,"level":"debug","message":"Base url not specified, skipping its injection.","meta":{"rootId":"ddc5zlk0b05vuwf","id":"ddc5zlk0b05vuwf"},"id":"lrk85c7hgrvqumi","previousOperationId":"qtruuf9io5d4wzy"}
{"type":"operationStart","subtype":"engine","name":"handlebars","timestamp":1662509644475,"id":"8c9m6hwvtslgktt","previousEventId":"1isee5o16k4btq7","operationId":"usj8v3054152ok2","previousOperationId":"qtruuf9io5d4wzy"}
{"type":"log","timestamp":1662509644475,"level":"debug","message":"Rendering engine handlebars","meta":{"rootId":"ddc5zlk0b05vuwf","id":"ddc5zlk0b05vuwf"},"id":"06605wosnu5wzyl","previousOperationId":"usj8v3054152ok2"}
{"type":"operationEnd","operationId":"usj8v3054152ok2","timestamp":1662509644490,"id":"ma0nphu312kmg5w","previousEventId":"8c9m6hwvtslgktt","previousOperationId":"usj8v3054152ok2"}
{"type":"operationStart","subtype":"recipe","name":"chrome-pdf","timestamp":1662509644490,"id":"zhy453ao0sj5gix","previousEventId":"ma0nphu312kmg5w","operationId":"yyvevwpgdfu1i00","previousOperationId":"usj8v3054152ok2"}
{"type":"log","timestamp":1662509644490,"level":"debug","message":"Executing recipe chrome-pdf","meta":{"rootId":"ddc5zlk0b05vuwf","id":"ddc5zlk0b05vuwf"},"id":"jed20fyakb3jga1","previousOperationId":"yyvevwpgdfu1i00"}
{"type":"log","timestamp":1662509644492,"level":"debug","message":"Converting with chrome HeadlessChrome/98.0.4758.0 using chrome-pool strategy","meta":{"rootId":"ddc5zlk0b05vuwf","id":"ddc5zlk0b05vuwf"},"id":"yzhp6vlusi4dgph","previousOperationId":"yyvevwpgdfu1i00"}
{"type":"log","timestamp":1662509644585,"level":"debug","message":"Page request: GET (document) file:///C:/Users/aasem/AppData/Local/Temp/jsreport/autocleanup/11d424b0-266f-4c38-a08f-07328cd0499c-chrome-pdf.html","meta":{"rootId":"ddc5zlk0b05vuwf","id":"ddc5zlk0b05vuwf"},"id":"4z1weukn6960wdz","previousOperationId":"yyvevwpgdfu1i00"}
{"type":"log","timestamp":1662509644593,"level":"debug","message":"Page request finished: GET (document) file:///C:/Users/aasem/AppData/Local/Temp/jsreport/autocleanup/11d424b0-266f-4c38-a08f-07328cd0499c-chrome-pdf.html","meta":{"rootId":"ddc5zlk0b05vuwf","id":"ddc5zlk0b05vuwf"},"id":"knsc20w0ci672gy","previousOperationId":"yyvevwpgdfu1i00"}
{"type":"log","timestamp":1662509644621,"level":"debug","message":"Running chrome with params {\"printBackground\":true,\"timeout\":59957,\"margin\":{}}","meta":{"rootId":"ddc5zlk0b05vuwf","id":"ddc5zlk0b05vuwf"},"id":"ltntoi985qtwnnc","previousOperationId":"yyvevwpgdfu1i00"}
{"type":"operationEnd","operationId":"yyvevwpgdfu1i00","timestamp":1662509644725,"id":"n3o0ut8l8i14nrw","previousEventId":"zhy453ao0sj5gix","previousOperationId":"yyvevwpgdfu1i00"}
{"type":"operationStart","subtype":"reports","name":"persisting report","doDiffs":false,"timestamp":1662509644725,"id":"e8f0tgqk09krapw","previousEventId":"n3o0ut8l8i14nrw","operationId":"sbh30kvn1445zqx","previousOperationId":"yyvevwpgdfu1i00"}
{"type":"log","timestamp":1662509644742,"level":"debug","message":"Report stored as reports/salary/salarySlipTemplate/C5q2LCrJZK8NSvfF.pdf","meta":{"rootId":"ddc5zlk0b05vuwf","id":"ddc5zlk0b05vuwf"},"id":"q1rtfy6zjoupoj5","previousOperationId":"sbh30kvn1445zqx"}
{"type":"operationEnd","operationId":"sbh30kvn1445zqx","doDiffs":false,"timestamp":1662509644742,"id":"jt0uwsgr9h1yayu","previousEventId":"e8f0tgqk09krapw","previousOperationId":"sbh30kvn1445zqx"}
{"type":"log","timestamp":1662509644743,"level":"info","message":"Rendering request 16 finished in 293 ms","meta":{"rootId":"ddc5zlk0b05vuwf","id":"ddc5zlk0b05vuwf"},"id":"rpemqyiewi97ljx","previousOperationId":"sbh30kvn1445zqx"}
{"type":"operationEnd","subtype":"render","operationId":"qtruuf9io5d4wzy","timestamp":1662509644743,"id":"ztfhybi9nb1hjp8","previousEventId":"jt0uwsgr9h1yayu","previousOperationId":"sbh30kvn1445zqx"}
{"type":"operationEnd","doDiffs":false,"previousEventId":"bxtxhemax4l88de","previousOperationId":"yv5nt2qy9rf99hu","operationId":"yv5nt2qy9rf99hu","timestamp":1662509644745,"id":"lr57s5qwjdtcocy"}
