{"type":"operationStart","subtype":"profile","data":{"_id":"RC5ezOwkpxRSnJPw","timestamp":"2022-09-07T14:57:31.872Z","state":"queued","mode":"standard","creationDate":"2022-09-07T14:57:31.874Z","modificationDate":"2022-09-07T14:57:31.874Z","shortid":"x9pPJzl","$entitySet":"profiles"},"doDiffs":false,"timestamp":1662562651873,"id":"dy6lf4t2heiim4o","previousOperationId":null,"operationId":"pszejs1jedcglwa"}
{"type":"log","level":"info","message":"Render request 4 queued for execution and waiting for available worker","previousOperationId":"pszejs1jedcglwa","timestamp":1662562651873,"id":"mrtul1j8w7rrob9"}
{"type":"operationStart","subtype":"render","name":"salarySlipTemplate","previousOperationId":"pszejs1jedcglwa","timestamp":1662562651883,"id":"zai61c0l0zn1wr8","previousEventId":"dy6lf4t2heiim4o","operationId":"ucmguvcpqj63o3m"}
{"type":"log","timestamp":1662562651883,"level":"info","message":"Starting rendering request 4 (user: null)","meta":{"rootId":"ellh3ow7le0jlgz","id":"ellh3ow7le0jlgz"},"id":"ueagrhj7ekvj11m","previousOperationId":"ucmguvcpqj63o3m"}
{"type":"log","timestamp":1662562651883,"level":"info","message":"Rendering template { name: salarySlipTemplate, recipe: chrome-pdf, engine: handlebars, preview: false }","meta":{"rootId":"ellh3ow7le0jlgz","id":"ellh3ow7le0jlgz"},"id":"cidxz9eexs6z4aa","previousOperationId":"ucmguvcpqj63o3m"}
{"type":"log","timestamp":1662562651884,"level":"debug","message":"Inline data specified.","meta":{"rootId":"ellh3ow7le0jlgz","id":"ellh3ow7le0jlgz"},"id":"7gu4u6e01fy4kl7","previousOperationId":"ucmguvcpqj63o3m"}
{"type":"log","timestamp":1662562651886,"level":"debug","message":"Base url not specified, skipping its injection.","meta":{"rootId":"ellh3ow7le0jlgz","id":"ellh3ow7le0jlgz"},"id":"kn2jwbl070okxsv","previousOperationId":"ucmguvcpqj63o3m"}
{"type":"operationStart","subtype":"engine","name":"handlebars","timestamp":1662562651886,"id":"pgfjetw8qotkft7","previousEventId":"zai61c0l0zn1wr8","operationId":"xsftlpn6v3g2az6","previousOperationId":"ucmguvcpqj63o3m"}
{"type":"log","timestamp":1662562651886,"level":"debug","message":"Rendering engine handlebars","meta":{"rootId":"ellh3ow7le0jlgz","id":"ellh3ow7le0jlgz"},"id":"kxu2khwdfzkh9bm","previousOperationId":"xsftlpn6v3g2az6"}
{"type":"operationEnd","operationId":"xsftlpn6v3g2az6","timestamp":1662562651900,"id":"jmui2fb0zil0y3m","previousEventId":"pgfjetw8qotkft7","previousOperationId":"xsftlpn6v3g2az6"}
{"type":"operationStart","subtype":"recipe","name":"chrome-pdf","timestamp":1662562651901,"id":"r1h59xjio4rgfpu","previousEventId":"jmui2fb0zil0y3m","operationId":"manndlx2q8n9k03","previousOperationId":"xsftlpn6v3g2az6"}
{"type":"log","timestamp":1662562651901,"level":"debug","message":"Executing recipe chrome-pdf","meta":{"rootId":"ellh3ow7le0jlgz","id":"ellh3ow7le0jlgz"},"id":"jxd9hlovieuohnd","previousOperationId":"manndlx2q8n9k03"}
{"type":"log","timestamp":1662562651904,"level":"debug","message":"Converting with chrome HeadlessChrome/98.0.4758.0 using chrome-pool strategy","meta":{"rootId":"ellh3ow7le0jlgz","id":"ellh3ow7le0jlgz"},"id":"4yowi55oqhhg16e","previousOperationId":"manndlx2q8n9k03"}
{"type":"log","timestamp":1662562652000,"level":"debug","message":"Page request: GET (document) file:///C:/Users/aasem/AppData/Local/Temp/jsreport/autocleanup/e8dc3ae0-d43f-4604-b033-abbf8ea2e9cd-chrome-pdf.html","meta":{"rootId":"ellh3ow7le0jlgz","id":"ellh3ow7le0jlgz"},"id":"fs95gf2aj66hq2r","previousOperationId":"manndlx2q8n9k03"}
{"type":"log","timestamp":1662562652008,"level":"debug","message":"Page request finished: GET (document) file:///C:/Users/aasem/AppData/Local/Temp/jsreport/autocleanup/e8dc3ae0-d43f-4604-b033-abbf8ea2e9cd-chrome-pdf.html","meta":{"rootId":"ellh3ow7le0jlgz","id":"ellh3ow7le0jlgz"},"id":"5lszp4o5qnlq7rb","previousOperationId":"manndlx2q8n9k03"}
{"type":"log","timestamp":1662562652031,"level":"debug","message":"Running chrome with params {\"printBackground\":true,\"timeout\":59970,\"margin\":{}}","meta":{"rootId":"ellh3ow7le0jlgz","id":"ellh3ow7le0jlgz"},"id":"7iw5esqfxos1zjm","previousOperationId":"manndlx2q8n9k03"}
{"type":"operationEnd","operationId":"manndlx2q8n9k03","timestamp":1662562652144,"id":"dcc7l8mqyjsquh5","previousEventId":"r1h59xjio4rgfpu","previousOperationId":"manndlx2q8n9k03"}
{"type":"operationStart","subtype":"reports","name":"persisting report","doDiffs":false,"timestamp":1662562652144,"id":"ggfdoo0x28uibhh","previousEventId":"dcc7l8mqyjsquh5","operationId":"bynu1798jqgpc5j","previousOperationId":"manndlx2q8n9k03"}
{"type":"log","timestamp":1662562652166,"level":"debug","message":"Report stored as reports/salary/salarySlipTemplate/oD9giYA5zXfosAu1.pdf","meta":{"rootId":"ellh3ow7le0jlgz","id":"ellh3ow7le0jlgz"},"id":"ozafpeqvre2muvb","previousOperationId":"bynu1798jqgpc5j"}
{"type":"operationEnd","operationId":"bynu1798jqgpc5j","doDiffs":false,"timestamp":1662562652166,"id":"powiw9n3ak0abgj","previousEventId":"ggfdoo0x28uibhh","previousOperationId":"bynu1798jqgpc5j"}
{"type":"log","timestamp":1662562652166,"level":"info","message":"Rendering request 4 finished in 294 ms","meta":{"rootId":"ellh3ow7le0jlgz","id":"ellh3ow7le0jlgz"},"id":"u9ft9znb6nmf1mx","previousOperationId":"bynu1798jqgpc5j"}
{"type":"operationEnd","subtype":"render","operationId":"ucmguvcpqj63o3m","timestamp":1662562652166,"id":"wv7jfcz7my1d1b4","previousEventId":"powiw9n3ak0abgj","previousOperationId":"bynu1798jqgpc5j"}
{"type":"operationEnd","doDiffs":false,"previousEventId":"dy6lf4t2heiim4o","previousOperationId":"pszejs1jedcglwa","operationId":"pszejs1jedcglwa","timestamp":1662562652218,"id":"6v4nefkb40lybfz"}
