{"type":"operationStart","subtype":"profile","data":{"_id":"xPAHcOEGbjogGLZj","timestamp":"2022-09-06T16:45:46.807Z","state":"queued","mode":"standard","creationDate":"2022-09-06T16:45:46.808Z","modificationDate":"2022-09-06T16:45:46.808Z","shortid":"sdQKsip","$entitySet":"profiles"},"doDiffs":false,"timestamp":1662482746808,"id":"u7xgv9lb2rd1lky","previousOperationId":null,"operationId":"j1r1fwk95m09k5i"}
{"type":"log","level":"info","message":"Render request 18 queued for execution and waiting for available worker","previousOperationId":"j1r1fwk95m09k5i","timestamp":1662482746808,"id":"x103csn7g08lkwr"}
{"type":"operationStart","subtype":"render","name":"salarySlipTemplate","previousOperationId":"j1r1fwk95m09k5i","timestamp":1662482746818,"id":"xqknjanr87xwbgg","previousEventId":"u7xgv9lb2rd1lky","operationId":"b4eye0toz9g8jmg"}
{"type":"log","timestamp":1662482746818,"level":"info","message":"Starting rendering request 18 (user: null)","meta":{"rootId":"f57yjuhgp70uu2r","id":"f57yjuhgp70uu2r"},"id":"vz7axr8xfy1wkqv","previousOperationId":"b4eye0toz9g8jmg"}
{"type":"log","timestamp":1662482746818,"level":"info","message":"Rendering template { name: salarySlipTemplate, recipe: chrome-pdf, engine: handlebars, preview: false }","meta":{"rootId":"f57yjuhgp70uu2r","id":"f57yjuhgp70uu2r"},"id":"ahlepdluyq0axrh","previousOperationId":"b4eye0toz9g8jmg"}
{"type":"log","timestamp":1662482746820,"level":"debug","message":"Inline data specified.","meta":{"rootId":"f57yjuhgp70uu2r","id":"f57yjuhgp70uu2r"},"id":"pn59p6746tfyk8g","previousOperationId":"b4eye0toz9g8jmg"}
{"type":"log","timestamp":1662482746824,"level":"debug","message":"Base url not specified, skipping its injection.","meta":{"rootId":"f57yjuhgp70uu2r","id":"f57yjuhgp70uu2r"},"id":"0wjun7a4r9o6553","previousOperationId":"b4eye0toz9g8jmg"}
{"type":"operationStart","subtype":"engine","name":"handlebars","timestamp":1662482746824,"id":"gm7zw7hg57ij13r","previousEventId":"xqknjanr87xwbgg","operationId":"xi7mlfmk4dzrc18","previousOperationId":"b4eye0toz9g8jmg"}
{"type":"log","timestamp":1662482746824,"level":"debug","message":"Rendering engine handlebars","meta":{"rootId":"f57yjuhgp70uu2r","id":"f57yjuhgp70uu2r"},"id":"04xom49rnpp8nrh","previousOperationId":"xi7mlfmk4dzrc18"}
{"type":"operationEnd","operationId":"xi7mlfmk4dzrc18","timestamp":1662482746837,"id":"r54bvxx26zierf2","previousEventId":"gm7zw7hg57ij13r","previousOperationId":"xi7mlfmk4dzrc18"}
{"type":"operationStart","subtype":"recipe","name":"chrome-pdf","timestamp":1662482746837,"id":"rliox68k2x0hcb2","previousEventId":"r54bvxx26zierf2","operationId":"8hu6ucjafclmy6q","previousOperationId":"xi7mlfmk4dzrc18"}
{"type":"log","timestamp":1662482746837,"level":"debug","message":"Executing recipe chrome-pdf","meta":{"rootId":"f57yjuhgp70uu2r","id":"f57yjuhgp70uu2r"},"id":"r5tf571thf2xi5s","previousOperationId":"8hu6ucjafclmy6q"}
{"type":"log","timestamp":1662482746839,"level":"debug","message":"Converting with chrome HeadlessChrome/98.0.4758.0 using chrome-pool strategy","meta":{"rootId":"f57yjuhgp70uu2r","id":"f57yjuhgp70uu2r"},"id":"k7mi0h8dkqicgc1","previousOperationId":"8hu6ucjafclmy6q"}
{"type":"log","timestamp":1662482747102,"level":"debug","message":"Page request: GET (document) file:///C:/Users/aasem/AppData/Local/Temp/jsreport/autocleanup/02a66cf5-1950-4372-95d4-fba4ce380e86-chrome-pdf.html","meta":{"rootId":"f57yjuhgp70uu2r","id":"f57yjuhgp70uu2r"},"id":"grndqrlqzttybj0","previousOperationId":"8hu6ucjafclmy6q"}
{"type":"log","timestamp":1662482747109,"level":"debug","message":"Page request finished: GET (document) file:///C:/Users/aasem/AppData/Local/Temp/jsreport/autocleanup/02a66cf5-1950-4372-95d4-fba4ce380e86-chrome-pdf.html","meta":{"rootId":"f57yjuhgp70uu2r","id":"f57yjuhgp70uu2r"},"id":"bfz690tqgledsw8","previousOperationId":"8hu6ucjafclmy6q"}
{"type":"log","timestamp":1662482747143,"level":"debug","message":"Running chrome with params {\"printBackground\":true,\"timeout\":59969,\"margin\":{}}","meta":{"rootId":"f57yjuhgp70uu2r","id":"f57yjuhgp70uu2r"},"id":"folkpzjh83m0tcs","previousOperationId":"8hu6ucjafclmy6q"}
{"type":"operationEnd","operationId":"8hu6ucjafclmy6q","timestamp":1662482747249,"id":"6kdxut4ng1e82x2","previousEventId":"rliox68k2x0hcb2","previousOperationId":"8hu6ucjafclmy6q"}
{"type":"operationStart","subtype":"reports","name":"persisting report","doDiffs":false,"timestamp":1662482747249,"id":"gu28kl8ogv9bwp8","previousEventId":"6kdxut4ng1e82x2","operationId":"at33apxoldl2k1l","previousOperationId":"8hu6ucjafclmy6q"}
{"type":"log","timestamp":1662482747265,"level":"debug","message":"Report stored as reports/salary/salarySlipTemplate/9vhCuOszBlrDCJw1.pdf","meta":{"rootId":"f57yjuhgp70uu2r","id":"f57yjuhgp70uu2r"},"id":"o4s3r01y4e2pik7","previousOperationId":"at33apxoldl2k1l"}
{"type":"operationEnd","operationId":"at33apxoldl2k1l","doDiffs":false,"timestamp":1662482747265,"id":"461hndvcdfedbgj","previousEventId":"gu28kl8ogv9bwp8","previousOperationId":"at33apxoldl2k1l"}
{"type":"log","timestamp":1662482747265,"level":"info","message":"Rendering request 18 finished in 458 ms","meta":{"rootId":"f57yjuhgp70uu2r","id":"f57yjuhgp70uu2r"},"id":"y4faxfl5s4ckscx","previousOperationId":"at33apxoldl2k1l"}
{"type":"operationEnd","subtype":"render","operationId":"b4eye0toz9g8jmg","timestamp":1662482747265,"id":"fw4elvpuk7zp71t","previousEventId":"461hndvcdfedbgj","previousOperationId":"at33apxoldl2k1l"}
{"type":"operationEnd","doDiffs":false,"previousEventId":"u7xgv9lb2rd1lky","previousOperationId":"j1r1fwk95m09k5i","operationId":"j1r1fwk95m09k5i","timestamp":1662482747271,"id":"tibjopl2j4s6o7p"}
