{"type":"operationStart","subtype":"profile","data":{"_id":"s3HWg6NWapo9hCzL","timestamp":"2022-09-07T15:44:06.969Z","state":"queued","mode":"standard","creationDate":"2022-09-07T15:44:06.971Z","modificationDate":"2022-09-07T15:44:06.971Z","shortid":"qiIYbQ9","$entitySet":"profiles"},"doDiffs":false,"timestamp":1662565446970,"id":"s4n6v0rozqzyd25","previousOperationId":null,"operationId":"ss3u5ghrzljcq7f"}
{"type":"log","level":"info","message":"Render request 19 queued for execution and waiting for available worker","previousOperationId":"ss3u5ghrzljcq7f","timestamp":1662565446970,"id":"u76lfab7xbh9v5k"}
{"type":"operationStart","subtype":"render","name":"salarySlipTemplate","previousOperationId":"ss3u5ghrzljcq7f","timestamp":1662565446980,"id":"uk94vqe31ugkwxy","previousEventId":"s4n6v0rozqzyd25","operationId":"hnfyemj0zhfplpk"}
{"type":"log","timestamp":1662565446980,"level":"info","message":"Starting rendering request 19 (user: null)","meta":{"rootId":"fj7iotuz3kitpra","id":"fj7iotuz3kitpra"},"id":"6dc6b1g8ykm5mdp","previousOperationId":"hnfyemj0zhfplpk"}
{"type":"log","timestamp":1662565446980,"level":"info","message":"Rendering template { name: salarySlipTemplate, recipe: chrome-pdf, engine: handlebars, preview: false }","meta":{"rootId":"fj7iotuz3kitpra","id":"fj7iotuz3kitpra"},"id":"3mfnc7miw9c11iq","previousOperationId":"hnfyemj0zhfplpk"}
{"type":"log","timestamp":1662565446981,"level":"debug","message":"Inline data specified.","meta":{"rootId":"fj7iotuz3kitpra","id":"fj7iotuz3kitpra"},"id":"u6a9mir6j8xl2lx","previousOperationId":"hnfyemj0zhfplpk"}
{"type":"log","timestamp":1662565446983,"level":"debug","message":"Base url not specified, skipping its injection.","meta":{"rootId":"fj7iotuz3kitpra","id":"fj7iotuz3kitpra"},"id":"mlyzm0d9ig2fw36","previousOperationId":"hnfyemj0zhfplpk"}
{"type":"operationStart","subtype":"engine","name":"handlebars","timestamp":1662565446984,"id":"a8gx0jgvwudv9or","previousEventId":"uk94vqe31ugkwxy","operationId":"x60wihlu4if614a","previousOperationId":"hnfyemj0zhfplpk"}
{"type":"log","timestamp":1662565446984,"level":"debug","message":"Rendering engine handlebars","meta":{"rootId":"fj7iotuz3kitpra","id":"fj7iotuz3kitpra"},"id":"3xs6dgngbqls5z6","previousOperationId":"x60wihlu4if614a"}
{"type":"operationEnd","operationId":"x60wihlu4if614a","timestamp":1662565447005,"id":"b501ld92bvw9cwh","previousEventId":"a8gx0jgvwudv9or","previousOperationId":"x60wihlu4if614a"}
{"type":"operationStart","subtype":"recipe","name":"chrome-pdf","timestamp":1662565447006,"id":"pqt5y5ipi2jyde3","previousEventId":"b501ld92bvw9cwh","operationId":"td52xfbj2p5sw6q","previousOperationId":"x60wihlu4if614a"}
{"type":"log","timestamp":1662565447006,"level":"debug","message":"Executing recipe chrome-pdf","meta":{"rootId":"fj7iotuz3kitpra","id":"fj7iotuz3kitpra"},"id":"dd8rkcm285wwl9j","previousOperationId":"td52xfbj2p5sw6q"}
{"type":"log","timestamp":1662565447008,"level":"debug","message":"Converting with chrome HeadlessChrome/98.0.4758.0 using chrome-pool strategy","meta":{"rootId":"fj7iotuz3kitpra","id":"fj7iotuz3kitpra"},"id":"281ikgjynqzovyb","previousOperationId":"td52xfbj2p5sw6q"}
{"type":"log","timestamp":1662565447101,"level":"debug","message":"Page request: GET (document) file:///C:/Users/aasem/AppData/Local/Temp/jsreport/autocleanup/e234bc20-daf4-4e6a-8291-fbf73739876e-chrome-pdf.html","meta":{"rootId":"fj7iotuz3kitpra","id":"fj7iotuz3kitpra"},"id":"3gdlj88bvjcvj0x","previousOperationId":"td52xfbj2p5sw6q"}
{"type":"log","timestamp":1662565447113,"level":"debug","message":"Page request finished: GET (document) file:///C:/Users/aasem/AppData/Local/Temp/jsreport/autocleanup/e234bc20-daf4-4e6a-8291-fbf73739876e-chrome-pdf.html","meta":{"rootId":"fj7iotuz3kitpra","id":"fj7iotuz3kitpra"},"id":"5g6tlb8utamoh4k","previousOperationId":"td52xfbj2p5sw6q"}
{"type":"log","timestamp":1662565447140,"level":"debug","message":"Running chrome with params {\"printBackground\":true,\"timeout\":59962,\"margin\":{}}","meta":{"rootId":"fj7iotuz3kitpra","id":"fj7iotuz3kitpra"},"id":"31tuk3p2xmtemvn","previousOperationId":"td52xfbj2p5sw6q"}
{"type":"operationEnd","operationId":"td52xfbj2p5sw6q","timestamp":1662565447258,"id":"gybycdp0sdoweau","previousEventId":"pqt5y5ipi2jyde3","previousOperationId":"td52xfbj2p5sw6q"}
{"type":"log","timestamp":1662565447258,"level":"debug","message":"Skipping storing report.","meta":{"rootId":"fj7iotuz3kitpra","id":"fj7iotuz3kitpra"},"id":"a1f10pvjopzbn4r","previousOperationId":"td52xfbj2p5sw6q"}
{"type":"log","timestamp":1662565447258,"level":"info","message":"Rendering request 19 finished in 289 ms","meta":{"rootId":"fj7iotuz3kitpra","id":"fj7iotuz3kitpra"},"id":"8y191maxuejld5z","previousOperationId":"td52xfbj2p5sw6q"}
{"type":"operationEnd","subtype":"render","operationId":"hnfyemj0zhfplpk","timestamp":1662565447258,"id":"6lzib8ogpcrvwo4","previousEventId":"gybycdp0sdoweau","previousOperationId":"td52xfbj2p5sw6q"}
{"type":"operationEnd","doDiffs":false,"previousEventId":"s4n6v0rozqzyd25","previousOperationId":"ss3u5ghrzljcq7f","operationId":"ss3u5ghrzljcq7f","timestamp":1662565447261,"id":"a9tk8chrvuafg6t"}
