{"type":"operationStart","subtype":"profile","data":{"_id":"JZ7NzJjTmSsygMwQ","timestamp":"2022-09-07T00:08:21.968Z","state":"queued","mode":"standard","creationDate":"2022-09-07T00:08:21.972Z","modificationDate":"2022-09-07T00:08:21.972Z","shortid":"pmtYtAA","$entitySet":"profiles"},"doDiffs":false,"timestamp":1662509301970,"id":"xlfau690n8ezdlk","previousOperationId":null,"operationId":"41uhjlj0mrvobfd"}
{"type":"log","level":"info","message":"Render request 9 queued for execution and waiting for available worker","previousOperationId":"41uhjlj0mrvobfd","timestamp":1662509301970,"id":"1ter2icynz55838"}
{"type":"operationStart","subtype":"render","name":"salarySlipTemplate","previousOperationId":"41uhjlj0mrvobfd","timestamp":1662509301992,"id":"xa4bs61qyxuxltm","previousEventId":"xlfau690n8ezdlk","operationId":"phha4dh56tjs338"}
{"type":"log","timestamp":1662509301992,"level":"info","message":"Starting rendering request 9 (user: null)","meta":{"rootId":"fk6drp7clx1zs7s","id":"fk6drp7clx1zs7s"},"id":"dtc5sz81cs2de1k","previousOperationId":"phha4dh56tjs338"}
{"type":"log","timestamp":1662509301992,"level":"info","message":"Rendering template { name: salarySlipTemplate, recipe: chrome-pdf, engine: handlebars, preview: false }","meta":{"rootId":"fk6drp7clx1zs7s","id":"fk6drp7clx1zs7s"},"id":"qydcvp4oc6qor6v","previousOperationId":"phha4dh56tjs338"}
{"type":"log","timestamp":1662509301993,"level":"debug","message":"Inline data specified.","meta":{"rootId":"fk6drp7clx1zs7s","id":"fk6drp7clx1zs7s"},"id":"4vicoghud445gdo","previousOperationId":"phha4dh56tjs338"}
{"type":"log","timestamp":1662509301995,"level":"debug","message":"Base url not specified, skipping its injection.","meta":{"rootId":"fk6drp7clx1zs7s","id":"fk6drp7clx1zs7s"},"id":"n9d1d6vuotnuobe","previousOperationId":"phha4dh56tjs338"}
{"type":"operationStart","subtype":"engine","name":"handlebars","timestamp":1662509301995,"id":"rjpfgutqwyulrb9","previousEventId":"xa4bs61qyxuxltm","operationId":"m3k4brq9h9mo4in","previousOperationId":"phha4dh56tjs338"}
{"type":"log","timestamp":1662509301995,"level":"debug","message":"Rendering engine handlebars","meta":{"rootId":"fk6drp7clx1zs7s","id":"fk6drp7clx1zs7s"},"id":"1i3fkgjadjw6hfu","previousOperationId":"m3k4brq9h9mo4in"}
{"type":"operationEnd","operationId":"m3k4brq9h9mo4in","timestamp":1662509302010,"id":"ge76j3hipffs8ia","previousEventId":"rjpfgutqwyulrb9","previousOperationId":"m3k4brq9h9mo4in"}
{"type":"operationStart","subtype":"recipe","name":"chrome-pdf","timestamp":1662509302010,"id":"1y2xas936eqhqf1","previousEventId":"ge76j3hipffs8ia","operationId":"6t1b2qwc5mxx35v","previousOperationId":"m3k4brq9h9mo4in"}
{"type":"log","timestamp":1662509302010,"level":"debug","message":"Executing recipe chrome-pdf","meta":{"rootId":"fk6drp7clx1zs7s","id":"fk6drp7clx1zs7s"},"id":"xlop3tccl3xf6j3","previousOperationId":"6t1b2qwc5mxx35v"}
{"type":"log","timestamp":1662509302013,"level":"debug","message":"Converting with chrome HeadlessChrome/98.0.4758.0 using chrome-pool strategy","meta":{"rootId":"fk6drp7clx1zs7s","id":"fk6drp7clx1zs7s"},"id":"vke2f7ml2itchau","previousOperationId":"6t1b2qwc5mxx35v"}
{"type":"log","timestamp":1662509302110,"level":"debug","message":"Page request: GET (document) file:///C:/Users/aasem/AppData/Local/Temp/jsreport/autocleanup/d07b957c-1381-4f4c-b714-cb4e0d891cb8-chrome-pdf.html","meta":{"rootId":"fk6drp7clx1zs7s","id":"fk6drp7clx1zs7s"},"id":"w2ey9cqhudclzwx","previousOperationId":"6t1b2qwc5mxx35v"}
{"type":"log","timestamp":1662509302118,"level":"debug","message":"Page request finished: GET (document) file:///C:/Users/aasem/AppData/Local/Temp/jsreport/autocleanup/d07b957c-1381-4f4c-b714-cb4e0d891cb8-chrome-pdf.html","meta":{"rootId":"fk6drp7clx1zs7s","id":"fk6drp7clx1zs7s"},"id":"i5j5fs5k40jn1m6","previousOperationId":"6t1b2qwc5mxx35v"}
{"type":"log","timestamp":1662509302145,"level":"debug","message":"Running chrome with params {\"printBackground\":true,\"timeout\":59955,\"margin\":{}}","meta":{"rootId":"fk6drp7clx1zs7s","id":"fk6drp7clx1zs7s"},"id":"5kq7sqpfinkvy9s","previousOperationId":"6t1b2qwc5mxx35v"}
{"type":"operationEnd","operationId":"6t1b2qwc5mxx35v","timestamp":1662509302273,"id":"wsf3t548ldx8bwi","previousEventId":"1y2xas936eqhqf1","previousOperationId":"6t1b2qwc5mxx35v"}
{"type":"operationStart","subtype":"reports","name":"persisting report","doDiffs":false,"timestamp":1662509302273,"id":"ww3krxyh9u2510x","previousEventId":"wsf3t548ldx8bwi","operationId":"otzy2nyhkxaxwb7","previousOperationId":"6t1b2qwc5mxx35v"}
{"type":"log","timestamp":1662509302289,"level":"debug","message":"Report stored as reports/salary/salarySlipTemplate/pFOqVIVUmmaKl5db.pdf","meta":{"rootId":"fk6drp7clx1zs7s","id":"fk6drp7clx1zs7s"},"id":"zdnuv6xtj1jtqwo","previousOperationId":"otzy2nyhkxaxwb7"}
{"type":"operationEnd","operationId":"otzy2nyhkxaxwb7","doDiffs":false,"timestamp":1662509302289,"id":"wgb30rv34vikd1m","previousEventId":"ww3krxyh9u2510x","previousOperationId":"otzy2nyhkxaxwb7"}
{"type":"log","timestamp":1662509302289,"level":"info","message":"Rendering request 9 finished in 322 ms","meta":{"rootId":"fk6drp7clx1zs7s","id":"fk6drp7clx1zs7s"},"id":"jgemybh5irlpnq0","previousOperationId":"otzy2nyhkxaxwb7"}
{"type":"operationEnd","subtype":"render","operationId":"phha4dh56tjs338","timestamp":1662509302289,"id":"g6grv58c1ahsieh","previousEventId":"wgb30rv34vikd1m","previousOperationId":"otzy2nyhkxaxwb7"}
{"type":"operationEnd","doDiffs":false,"previousEventId":"xlfau690n8ezdlk","previousOperationId":"41uhjlj0mrvobfd","operationId":"41uhjlj0mrvobfd","timestamp":1662509302292,"id":"phad8seh6663os1"}
