{"type":"operationStart","subtype":"profile","data":{"_id":"wY1CnGYZwQRPxSx6","timestamp":"2022-09-07T15:36:53.063Z","state":"queued","mode":"standard","creationDate":"2022-09-07T15:36:53.065Z","modificationDate":"2022-09-07T15:36:53.065Z","shortid":"mFB84ND","$entitySet":"profiles"},"doDiffs":false,"timestamp":1662565013064,"id":"67goqmd46d4yb97","previousOperationId":null,"operationId":"sr4wy9dz32m6a0u"}
{"type":"log","level":"info","message":"Render request 13 queued for execution and waiting for available worker","previousOperationId":"sr4wy9dz32m6a0u","timestamp":1662565013064,"id":"fjvvj9b5849m19y"}
{"type":"operationStart","subtype":"render","name":"salarySlipTemplate","previousOperationId":"sr4wy9dz32m6a0u","timestamp":1662565013072,"id":"3fyw0rz2tn3ttmy","previousEventId":"67goqmd46d4yb97","operationId":"1n8ju86dzep6jlu"}
{"type":"log","timestamp":1662565013073,"level":"info","message":"Starting rendering request 13 (user: null)","meta":{"rootId":"frzvksjx3k5mgf3","id":"frzvksjx3k5mgf3"},"id":"z7gcwglmsw9gzps","previousOperationId":"1n8ju86dzep6jlu"}
{"type":"log","timestamp":1662565013073,"level":"info","message":"Rendering template { name: salarySlipTemplate, recipe: chrome-pdf, engine: handlebars, preview: false }","meta":{"rootId":"frzvksjx3k5mgf3","id":"frzvksjx3k5mgf3"},"id":"17ikpavg260tddp","previousOperationId":"1n8ju86dzep6jlu"}
{"type":"log","timestamp":1662565013076,"level":"debug","message":"Inline data specified.","meta":{"rootId":"frzvksjx3k5mgf3","id":"frzvksjx3k5mgf3"},"id":"ht3cv37a0s5k57w","previousOperationId":"1n8ju86dzep6jlu"}
{"type":"log","timestamp":1662565013078,"level":"debug","message":"Base url not specified, skipping its injection.","meta":{"rootId":"frzvksjx3k5mgf3","id":"frzvksjx3k5mgf3"},"id":"oe9jddq7064f1pi","previousOperationId":"1n8ju86dzep6jlu"}
{"type":"operationStart","subtype":"engine","name":"handlebars","timestamp":1662565013078,"id":"g9df1wh3he7tv2y","previousEventId":"3fyw0rz2tn3ttmy","operationId":"aaod2s96nvhqszf","previousOperationId":"1n8ju86dzep6jlu"}
{"type":"log","timestamp":1662565013078,"level":"debug","message":"Rendering engine handlebars","meta":{"rootId":"frzvksjx3k5mgf3","id":"frzvksjx3k5mgf3"},"id":"9daftufbhbakhj4","previousOperationId":"aaod2s96nvhqszf"}
{"type":"operationEnd","operationId":"aaod2s96nvhqszf","timestamp":1662565013093,"id":"tt5u0c4pvqx2goq","previousEventId":"g9df1wh3he7tv2y","previousOperationId":"aaod2s96nvhqszf"}
{"type":"operationStart","subtype":"recipe","name":"chrome-pdf","timestamp":1662565013093,"id":"81c0eh4i3xsrb4g","previousEventId":"tt5u0c4pvqx2goq","operationId":"qrxofoe6mea5331","previousOperationId":"aaod2s96nvhqszf"}
{"type":"log","timestamp":1662565013093,"level":"debug","message":"Executing recipe chrome-pdf","meta":{"rootId":"frzvksjx3k5mgf3","id":"frzvksjx3k5mgf3"},"id":"zkma3ughemsry4v","previousOperationId":"qrxofoe6mea5331"}
{"type":"log","timestamp":1662565013096,"level":"debug","message":"Converting with chrome HeadlessChrome/98.0.4758.0 using chrome-pool strategy","meta":{"rootId":"frzvksjx3k5mgf3","id":"frzvksjx3k5mgf3"},"id":"vl3ku1mt0ncodgw","previousOperationId":"qrxofoe6mea5331"}
{"type":"log","timestamp":1662565013190,"level":"debug","message":"Page request: GET (document) file:///C:/Users/aasem/AppData/Local/Temp/jsreport/autocleanup/d08c6a94-e151-439b-9bc2-a5e5b5a2dc41-chrome-pdf.html","meta":{"rootId":"frzvksjx3k5mgf3","id":"frzvksjx3k5mgf3"},"id":"3uxc7hbsam21vwn","previousOperationId":"qrxofoe6mea5331"}
{"type":"log","timestamp":1662565013202,"level":"debug","message":"Page request finished: GET (document) file:///C:/Users/aasem/AppData/Local/Temp/jsreport/autocleanup/d08c6a94-e151-439b-9bc2-a5e5b5a2dc41-chrome-pdf.html","meta":{"rootId":"frzvksjx3k5mgf3","id":"frzvksjx3k5mgf3"},"id":"dtzarrj7okt2b7m","previousOperationId":"qrxofoe6mea5331"}
{"type":"log","timestamp":1662565013230,"level":"debug","message":"Running chrome with params {\"printBackground\":true,\"timeout\":59968,\"margin\":{}}","meta":{"rootId":"frzvksjx3k5mgf3","id":"frzvksjx3k5mgf3"},"id":"o7p86dcml72ospo","previousOperationId":"qrxofoe6mea5331"}
{"type":"operationEnd","operationId":"qrxofoe6mea5331","timestamp":1662565013333,"id":"ldqov5vx28thjv7","previousEventId":"81c0eh4i3xsrb4g","previousOperationId":"qrxofoe6mea5331"}
{"type":"log","timestamp":1662565013333,"level":"debug","message":"Skipping storing report.","meta":{"rootId":"frzvksjx3k5mgf3","id":"frzvksjx3k5mgf3"},"id":"882bsliyd9rxhwg","previousOperationId":"qrxofoe6mea5331"}
{"type":"log","timestamp":1662565013333,"level":"info","message":"Rendering request 13 finished in 270 ms","meta":{"rootId":"frzvksjx3k5mgf3","id":"frzvksjx3k5mgf3"},"id":"fluncqv7eaazgui","previousOperationId":"qrxofoe6mea5331"}
{"type":"operationEnd","subtype":"render","operationId":"1n8ju86dzep6jlu","timestamp":1662565013333,"id":"3m82ax5zye4osfj","previousEventId":"ldqov5vx28thjv7","previousOperationId":"qrxofoe6mea5331"}
{"type":"operationEnd","doDiffs":false,"previousEventId":"67goqmd46d4yb97","previousOperationId":"sr4wy9dz32m6a0u","operationId":"sr4wy9dz32m6a0u","timestamp":1662565013336,"id":"kb4zxpp40nyyqia"}
