{"type":"operationStart","subtype":"profile","data":{"_id":"G4lGx3l3CUi8FuZQ","timestamp":"2022-09-06T16:48:55.639Z","state":"queued","mode":"standard","creationDate":"2022-09-06T16:48:55.640Z","modificationDate":"2022-09-06T16:48:55.640Z","shortid":"el7wQt8","$entitySet":"profiles"},"doDiffs":false,"timestamp":1662482935640,"id":"q8nxgunpzhwm32z","previousOperationId":null,"operationId":"tsshuavzqne5crh"}
{"type":"log","level":"info","message":"Render request 25 queued for execution and waiting for available worker","previousOperationId":"tsshuavzqne5crh","timestamp":1662482935640,"id":"g3rjn50anuzjkuk"}
{"type":"operationStart","subtype":"render","name":"salarySlipTemplate","previousOperationId":"tsshuavzqne5crh","timestamp":1662482935649,"id":"gnnlycc7mspl9xj","previousEventId":"q8nxgunpzhwm32z","operationId":"lu6f8jcrblmsa2j"}
{"type":"log","timestamp":1662482935649,"level":"info","message":"Starting rendering request 25 (user: null)","meta":{"rootId":"g23zqe2dm2eexs7","id":"g23zqe2dm2eexs7"},"id":"34if6vwthk8y001","previousOperationId":"lu6f8jcrblmsa2j"}
{"type":"log","timestamp":1662482935649,"level":"info","message":"Rendering template { name: salarySlipTemplate, recipe: chrome-pdf, engine: handlebars, preview: false }","meta":{"rootId":"g23zqe2dm2eexs7","id":"g23zqe2dm2eexs7"},"id":"v6ytlx1qoayvuw1","previousOperationId":"lu6f8jcrblmsa2j"}
{"type":"log","timestamp":1662482935650,"level":"debug","message":"Inline data specified.","meta":{"rootId":"g23zqe2dm2eexs7","id":"g23zqe2dm2eexs7"},"id":"qsm4vko99ao3lkc","previousOperationId":"lu6f8jcrblmsa2j"}
{"type":"log","timestamp":1662482935652,"level":"debug","message":"Base url not specified, skipping its injection.","meta":{"rootId":"g23zqe2dm2eexs7","id":"g23zqe2dm2eexs7"},"id":"wj4fwrhpv7n2jz9","previousOperationId":"lu6f8jcrblmsa2j"}
{"type":"operationStart","subtype":"engine","name":"handlebars","timestamp":1662482935652,"id":"45nubatfzvy9b9f","previousEventId":"gnnlycc7mspl9xj","operationId":"gbz9rdqnern33ab","previousOperationId":"lu6f8jcrblmsa2j"}
{"type":"log","timestamp":1662482935652,"level":"debug","message":"Rendering engine handlebars","meta":{"rootId":"g23zqe2dm2eexs7","id":"g23zqe2dm2eexs7"},"id":"pv8o49frhb6utby","previousOperationId":"gbz9rdqnern33ab"}
{"type":"operationEnd","operationId":"gbz9rdqnern33ab","timestamp":1662482935668,"id":"m78mjd11ddqpqeo","previousEventId":"45nubatfzvy9b9f","previousOperationId":"gbz9rdqnern33ab"}
{"type":"operationStart","subtype":"recipe","name":"chrome-pdf","timestamp":1662482935668,"id":"jcdfnpgwlx22ioq","previousEventId":"m78mjd11ddqpqeo","operationId":"r46edl1j5pogwe2","previousOperationId":"gbz9rdqnern33ab"}
{"type":"log","timestamp":1662482935668,"level":"debug","message":"Executing recipe chrome-pdf","meta":{"rootId":"g23zqe2dm2eexs7","id":"g23zqe2dm2eexs7"},"id":"eel5m3vdwu7624z","previousOperationId":"r46edl1j5pogwe2"}
{"type":"log","timestamp":1662482935670,"level":"debug","message":"Converting with chrome HeadlessChrome/98.0.4758.0 using chrome-pool strategy","meta":{"rootId":"g23zqe2dm2eexs7","id":"g23zqe2dm2eexs7"},"id":"phqvy3xteifv9x8","previousOperationId":"r46edl1j5pogwe2"}
{"type":"log","timestamp":1662482935765,"level":"debug","message":"Page request: GET (document) file:///C:/Users/aasem/AppData/Local/Temp/jsreport/autocleanup/3be7b3f0-d5d6-47ce-b3de-5e49bd6a718a-chrome-pdf.html","meta":{"rootId":"g23zqe2dm2eexs7","id":"g23zqe2dm2eexs7"},"id":"kaqhzrwrja3glbb","previousOperationId":"r46edl1j5pogwe2"}
{"type":"log","timestamp":1662482935777,"level":"debug","message":"Page request finished: GET (document) file:///C:/Users/aasem/AppData/Local/Temp/jsreport/autocleanup/3be7b3f0-d5d6-47ce-b3de-5e49bd6a718a-chrome-pdf.html","meta":{"rootId":"g23zqe2dm2eexs7","id":"g23zqe2dm2eexs7"},"id":"kljqzjmocbwiu06","previousOperationId":"r46edl1j5pogwe2"}
{"type":"log","timestamp":1662482935808,"level":"debug","message":"Running chrome with params {\"printBackground\":true,\"timeout\":59970,\"margin\":{}}","meta":{"rootId":"g23zqe2dm2eexs7","id":"g23zqe2dm2eexs7"},"id":"2lej9gyxivsiq7i","previousOperationId":"r46edl1j5pogwe2"}
{"type":"operationEnd","operationId":"r46edl1j5pogwe2","timestamp":1662482935920,"id":"t6l1woejcwuo91a","previousEventId":"jcdfnpgwlx22ioq","previousOperationId":"r46edl1j5pogwe2"}
{"type":"operationStart","subtype":"reports","name":"persisting report","doDiffs":false,"timestamp":1662482935921,"id":"cmwjv58lthzxykn","previousEventId":"t6l1woejcwuo91a","operationId":"r24pa3b8yg0mwcx","previousOperationId":"r46edl1j5pogwe2"}
{"type":"log","timestamp":1662482935942,"level":"debug","message":"Report stored as reports/salary/salarySlipTemplate/hgQpY4ZLN5lagO2O.pdf","meta":{"rootId":"g23zqe2dm2eexs7","id":"g23zqe2dm2eexs7"},"id":"3xzwbqltyd4dipi","previousOperationId":"r24pa3b8yg0mwcx"}
{"type":"operationEnd","operationId":"r24pa3b8yg0mwcx","doDiffs":false,"timestamp":1662482935943,"id":"o4zng96kila8oup","previousEventId":"cmwjv58lthzxykn","previousOperationId":"r24pa3b8yg0mwcx"}
{"type":"log","timestamp":1662482935943,"level":"info","message":"Rendering request 25 finished in 304 ms","meta":{"rootId":"g23zqe2dm2eexs7","id":"g23zqe2dm2eexs7"},"id":"6mginmn016njdep","previousOperationId":"r24pa3b8yg0mwcx"}
{"type":"operationEnd","subtype":"render","operationId":"lu6f8jcrblmsa2j","timestamp":1662482935943,"id":"js5ki6v312atc6e","previousEventId":"o4zng96kila8oup","previousOperationId":"r24pa3b8yg0mwcx"}
{"type":"operationEnd","doDiffs":false,"previousEventId":"q8nxgunpzhwm32z","previousOperationId":"tsshuavzqne5crh","operationId":"tsshuavzqne5crh","timestamp":1662482935946,"id":"wi7vtqzy515b1pl"}
