{"type":"operationStart","subtype":"profile","data":{"_id":"txAIFOfjgFxNT9vO","timestamp":"2022-09-07T00:18:46.994Z","state":"queued","mode":"standard","creationDate":"2022-09-07T00:18:46.995Z","modificationDate":"2022-09-07T00:18:46.995Z","shortid":"rcry_A0","$entitySet":"profiles"},"doDiffs":false,"timestamp":1662509926994,"id":"gkbttaweiws4ckd","previousOperationId":null,"operationId":"iig5tb6jzbrhghy"}
{"type":"log","level":"info","message":"Render request 24 queued for execution and waiting for available worker","previousOperationId":"iig5tb6jzbrhghy","timestamp":1662509926995,"id":"g64nkhkjjvgi87g"}
{"type":"operationStart","subtype":"render","name":"salarySlipTemplate","previousOperationId":"iig5tb6jzbrhghy","timestamp":1662509927003,"id":"4dfozwt34jv70i5","previousEventId":"gkbttaweiws4ckd","operationId":"9546s8r17ig73he"}
{"type":"log","timestamp":1662509927004,"level":"info","message":"Starting rendering request 24 (user: null)","meta":{"rootId":"g2bezq8sjrcwtv2","id":"g2bezq8sjrcwtv2"},"id":"o7ssmaljcuzbhfl","previousOperationId":"9546s8r17ig73he"}
{"type":"log","timestamp":1662509927005,"level":"info","message":"Rendering template { name: salarySlipTemplate, recipe: chrome-pdf, engine: handlebars, preview: false }","meta":{"rootId":"g2bezq8sjrcwtv2","id":"g2bezq8sjrcwtv2"},"id":"3yi51l0240qtjdi","previousOperationId":"9546s8r17ig73he"}
{"type":"log","timestamp":1662509927006,"level":"debug","message":"Inline data specified.","meta":{"rootId":"g2bezq8sjrcwtv2","id":"g2bezq8sjrcwtv2"},"id":"1bssq5r09yx2sw2","previousOperationId":"9546s8r17ig73he"}
{"type":"log","timestamp":1662509927012,"level":"debug","message":"Base url not specified, skipping its injection.","meta":{"rootId":"g2bezq8sjrcwtv2","id":"g2bezq8sjrcwtv2"},"id":"u6ktl4ff7ah3kgj","previousOperationId":"9546s8r17ig73he"}
{"type":"operationStart","subtype":"engine","name":"handlebars","timestamp":1662509927012,"id":"usctogrkeib6m6p","previousEventId":"4dfozwt34jv70i5","operationId":"5u53w6m4k789qml","previousOperationId":"9546s8r17ig73he"}
{"type":"log","timestamp":1662509927012,"level":"debug","message":"Rendering engine handlebars","meta":{"rootId":"g2bezq8sjrcwtv2","id":"g2bezq8sjrcwtv2"},"id":"80ygx9n3itjstbo","previousOperationId":"5u53w6m4k789qml"}
{"type":"operationEnd","operationId":"5u53w6m4k789qml","timestamp":1662509927027,"id":"uzz97svrkzxy6x7","previousEventId":"usctogrkeib6m6p","previousOperationId":"5u53w6m4k789qml"}
{"type":"operationStart","subtype":"recipe","name":"chrome-pdf","timestamp":1662509927027,"id":"qw74p0ieeqmiz80","previousEventId":"uzz97svrkzxy6x7","operationId":"5bwupjn834x2t4z","previousOperationId":"5u53w6m4k789qml"}
{"type":"log","timestamp":1662509927027,"level":"debug","message":"Executing recipe chrome-pdf","meta":{"rootId":"g2bezq8sjrcwtv2","id":"g2bezq8sjrcwtv2"},"id":"2k4blsde89rnsbs","previousOperationId":"5bwupjn834x2t4z"}
{"type":"log","timestamp":1662509927029,"level":"debug","message":"Converting with chrome HeadlessChrome/98.0.4758.0 using chrome-pool strategy","meta":{"rootId":"g2bezq8sjrcwtv2","id":"g2bezq8sjrcwtv2"},"id":"sygkhptyrsgsaod","previousOperationId":"5bwupjn834x2t4z"}
{"type":"log","timestamp":1662509927124,"level":"debug","message":"Page request: GET (document) file:///C:/Users/aasem/AppData/Local/Temp/jsreport/autocleanup/339a94c7-4329-40b1-ba3f-15dc963e44f1-chrome-pdf.html","meta":{"rootId":"g2bezq8sjrcwtv2","id":"g2bezq8sjrcwtv2"},"id":"ummv5csj8amwf8o","previousOperationId":"5bwupjn834x2t4z"}
{"type":"log","timestamp":1662509927132,"level":"debug","message":"Page request finished: GET (document) file:///C:/Users/aasem/AppData/Local/Temp/jsreport/autocleanup/339a94c7-4329-40b1-ba3f-15dc963e44f1-chrome-pdf.html","meta":{"rootId":"g2bezq8sjrcwtv2","id":"g2bezq8sjrcwtv2"},"id":"1i0gufdw6srcuva","previousOperationId":"5bwupjn834x2t4z"}
{"type":"log","timestamp":1662509927159,"level":"debug","message":"Running chrome with params {\"printBackground\":true,\"timeout\":59965,\"margin\":{}}","meta":{"rootId":"g2bezq8sjrcwtv2","id":"g2bezq8sjrcwtv2"},"id":"dpv4suvidlftw8m","previousOperationId":"5bwupjn834x2t4z"}
{"type":"operationEnd","operationId":"5bwupjn834x2t4z","timestamp":1662509927255,"id":"0gzqrayzskc6a3r","previousEventId":"qw74p0ieeqmiz80","previousOperationId":"5bwupjn834x2t4z"}
{"type":"operationStart","subtype":"reports","name":"persisting report","doDiffs":false,"timestamp":1662509927255,"id":"0gztf6pd4cm1ki9","previousEventId":"0gzqrayzskc6a3r","operationId":"lk5g4pz65lyyoo5","previousOperationId":"5bwupjn834x2t4z"}
{"type":"log","timestamp":1662509927278,"level":"debug","message":"Report stored as reports/salary/salarySlipTemplate/17uSgAKq8oTsUcCx.pdf","meta":{"rootId":"g2bezq8sjrcwtv2","id":"g2bezq8sjrcwtv2"},"id":"9the3wyh6sg1x8j","previousOperationId":"lk5g4pz65lyyoo5"}
{"type":"operationEnd","operationId":"lk5g4pz65lyyoo5","doDiffs":false,"timestamp":1662509927279,"id":"qe3ea9tvy3rxv09","previousEventId":"0gztf6pd4cm1ki9","previousOperationId":"lk5g4pz65lyyoo5"}
{"type":"log","timestamp":1662509927279,"level":"info","message":"Rendering request 24 finished in 285 ms","meta":{"rootId":"g2bezq8sjrcwtv2","id":"g2bezq8sjrcwtv2"},"id":"o6xaxzybsfo3vhc","previousOperationId":"lk5g4pz65lyyoo5"}
{"type":"operationEnd","subtype":"render","operationId":"9546s8r17ig73he","timestamp":1662509927279,"id":"fgdj2cadtljylpv","previousEventId":"qe3ea9tvy3rxv09","previousOperationId":"lk5g4pz65lyyoo5"}
{"type":"operationEnd","doDiffs":false,"previousEventId":"gkbttaweiws4ckd","previousOperationId":"iig5tb6jzbrhghy","operationId":"iig5tb6jzbrhghy","timestamp":1662509927284,"id":"p09mv3e3eqfy7x3"}
