{"type":"operationStart","subtype":"profile","data":{"_id":"yqIDZujgKYWbMze3","timestamp":"2022-09-07T00:11:37.846Z","state":"queued","mode":"standard","creationDate":"2022-09-07T00:11:37.849Z","modificationDate":"2022-09-07T00:11:37.849Z","shortid":"WAj-ijV","$entitySet":"profiles"},"doDiffs":false,"timestamp":1662509497847,"id":"7qc5h78h3amae49","previousOperationId":null,"operationId":"p1wr1hu1m6ww2ds"}
{"type":"log","level":"info","message":"Render request 11 queued for execution and waiting for available worker","previousOperationId":"p1wr1hu1m6ww2ds","timestamp":1662509497847,"id":"aghajvbt76hv5m7"}
{"type":"operationStart","subtype":"render","name":"salarySlipTemplate","previousOperationId":"p1wr1hu1m6ww2ds","timestamp":1662509497868,"id":"kk35xxi3rh1hbsj","previousEventId":"7qc5h78h3amae49","operationId":"yl9u98i4oxxodl2"}
{"type":"log","timestamp":1662509497868,"level":"info","message":"Starting rendering request 11 (user: null)","meta":{"rootId":"grkwsu4qsb8mg19","id":"grkwsu4qsb8mg19"},"id":"aj77hdh9oq1bs30","previousOperationId":"yl9u98i4oxxodl2"}
{"type":"log","timestamp":1662509497869,"level":"info","message":"Rendering template { name: salarySlipTemplate, recipe: chrome-pdf, engine: handlebars, preview: false }","meta":{"rootId":"grkwsu4qsb8mg19","id":"grkwsu4qsb8mg19"},"id":"0x4lkffs3o94jk6","previousOperationId":"yl9u98i4oxxodl2"}
{"type":"log","timestamp":1662509497869,"level":"debug","message":"Inline data specified.","meta":{"rootId":"grkwsu4qsb8mg19","id":"grkwsu4qsb8mg19"},"id":"hm9idxgm0mshqjj","previousOperationId":"yl9u98i4oxxodl2"}
{"type":"log","timestamp":1662509497873,"level":"debug","message":"Base url not specified, skipping its injection.","meta":{"rootId":"grkwsu4qsb8mg19","id":"grkwsu4qsb8mg19"},"id":"qj58rt19yozlyf4","previousOperationId":"yl9u98i4oxxodl2"}
{"type":"operationStart","subtype":"engine","name":"handlebars","timestamp":1662509497873,"id":"ou26fc4q2zpzo4i","previousEventId":"kk35xxi3rh1hbsj","operationId":"2f0r3ucyy8z865d","previousOperationId":"yl9u98i4oxxodl2"}
{"type":"log","timestamp":1662509497873,"level":"debug","message":"Rendering engine handlebars","meta":{"rootId":"grkwsu4qsb8mg19","id":"grkwsu4qsb8mg19"},"id":"806cg6mh9wk1zg8","previousOperationId":"2f0r3ucyy8z865d"}
{"type":"operationEnd","operationId":"2f0r3ucyy8z865d","timestamp":1662509497893,"id":"tspv9rsq1n6fcl3","previousEventId":"ou26fc4q2zpzo4i","previousOperationId":"2f0r3ucyy8z865d"}
{"type":"operationStart","subtype":"recipe","name":"chrome-pdf","timestamp":1662509497894,"id":"c9qk5f97uso4gf0","previousEventId":"tspv9rsq1n6fcl3","operationId":"jtcitmcglpkg5ud","previousOperationId":"2f0r3ucyy8z865d"}
{"type":"log","timestamp":1662509497894,"level":"debug","message":"Executing recipe chrome-pdf","meta":{"rootId":"grkwsu4qsb8mg19","id":"grkwsu4qsb8mg19"},"id":"u0fitq7b909sn2k","previousOperationId":"jtcitmcglpkg5ud"}
{"type":"log","timestamp":1662509497899,"level":"debug","message":"Converting with chrome HeadlessChrome/98.0.4758.0 using chrome-pool strategy","meta":{"rootId":"grkwsu4qsb8mg19","id":"grkwsu4qsb8mg19"},"id":"dzqrlsh7wwqhxh8","previousOperationId":"jtcitmcglpkg5ud"}
{"type":"log","timestamp":1662509498014,"level":"debug","message":"Page request: GET (document) file:///C:/Users/aasem/AppData/Local/Temp/jsreport/autocleanup/98766086-789d-4cad-a815-302b3cb4cdcf-chrome-pdf.html","meta":{"rootId":"grkwsu4qsb8mg19","id":"grkwsu4qsb8mg19"},"id":"zsjk01r41u5awi9","previousOperationId":"jtcitmcglpkg5ud"}
{"type":"log","timestamp":1662509498028,"level":"debug","message":"Page request finished: GET (document) file:///C:/Users/aasem/AppData/Local/Temp/jsreport/autocleanup/98766086-789d-4cad-a815-302b3cb4cdcf-chrome-pdf.html","meta":{"rootId":"grkwsu4qsb8mg19","id":"grkwsu4qsb8mg19"},"id":"u4xltlpks6yqdqk","previousOperationId":"jtcitmcglpkg5ud"}
{"type":"log","timestamp":1662509498053,"level":"debug","message":"Running chrome with params {\"printBackground\":true,\"timeout\":59949,\"margin\":{}}","meta":{"rootId":"grkwsu4qsb8mg19","id":"grkwsu4qsb8mg19"},"id":"9sal3i3728te3zp","previousOperationId":"jtcitmcglpkg5ud"}
{"type":"operationEnd","operationId":"jtcitmcglpkg5ud","timestamp":1662509499386,"id":"01thbatp5vwrw1h","previousEventId":"c9qk5f97uso4gf0","previousOperationId":"jtcitmcglpkg5ud"}
{"type":"operationStart","subtype":"reports","name":"persisting report","doDiffs":false,"timestamp":1662509499386,"id":"bq7t7mfmn3zkkvz","previousEventId":"01thbatp5vwrw1h","operationId":"36ant83lpn7foj6","previousOperationId":"jtcitmcglpkg5ud"}
{"type":"log","timestamp":1662509499407,"level":"debug","message":"Report stored as reports/salary/salarySlipTemplate/aH0lwUBZqnua8NEq.pdf","meta":{"rootId":"grkwsu4qsb8mg19","id":"grkwsu4qsb8mg19"},"id":"l5mcwu7ntmkckyt","previousOperationId":"36ant83lpn7foj6"}
{"type":"operationEnd","operationId":"36ant83lpn7foj6","doDiffs":false,"timestamp":1662509499407,"id":"ncy7eq5u8zi0wun","previousEventId":"bq7t7mfmn3zkkvz","previousOperationId":"36ant83lpn7foj6"}
{"type":"log","timestamp":1662509499407,"level":"info","message":"Rendering request 11 finished in 1561 ms","meta":{"rootId":"grkwsu4qsb8mg19","id":"grkwsu4qsb8mg19"},"id":"lcm3zcr6g1opykm","previousOperationId":"36ant83lpn7foj6"}
{"type":"operationEnd","subtype":"render","operationId":"yl9u98i4oxxodl2","timestamp":1662509499407,"id":"qc4ge07f42nvo3o","previousEventId":"ncy7eq5u8zi0wun","previousOperationId":"36ant83lpn7foj6"}
{"type":"operationEnd","doDiffs":false,"previousEventId":"7qc5h78h3amae49","previousOperationId":"p1wr1hu1m6ww2ds","operationId":"p1wr1hu1m6ww2ds","timestamp":1662509499411,"id":"f7v9be7tbuy0rfo"}
