{"type":"operationStart","subtype":"profile","data":{"_id":"YTVV3sUUMed3PLKy","timestamp":"2022-09-07T00:21:40.565Z","state":"queued","mode":"standard","creationDate":"2022-09-07T00:21:40.567Z","modificationDate":"2022-09-07T00:21:40.567Z","shortid":"Ha6EInC","$entitySet":"profiles"},"doDiffs":false,"timestamp":1662510100567,"id":"bluha8bto484fem","previousOperationId":null,"operationId":"lvty398hxepjjjt"}
{"type":"log","level":"info","message":"Render request 31 queued for execution and waiting for available worker","previousOperationId":"lvty398hxepjjjt","timestamp":1662510100567,"id":"jbub6jvaw1l4xyq"}
{"type":"operationStart","subtype":"render","name":"salarySlipTemplate","previousOperationId":"lvty398hxepjjjt","timestamp":1662510100578,"id":"5o9y6e7rga99ji2","previousEventId":"bluha8bto484fem","operationId":"4z7wb34x4oic9r3"}
{"type":"log","timestamp":1662510100578,"level":"info","message":"Starting rendering request 31 (user: null)","meta":{"rootId":"gw32yc0f10obenq","id":"gw32yc0f10obenq"},"id":"g7x8yjafkr7hil7","previousOperationId":"4z7wb34x4oic9r3"}
{"type":"log","timestamp":1662510100578,"level":"info","message":"Rendering template { name: salarySlipTemplate, recipe: chrome-pdf, engine: handlebars, preview: false }","meta":{"rootId":"gw32yc0f10obenq","id":"gw32yc0f10obenq"},"id":"v7vxenextkljrph","previousOperationId":"4z7wb34x4oic9r3"}
{"type":"log","timestamp":1662510100579,"level":"debug","message":"Inline data specified.","meta":{"rootId":"gw32yc0f10obenq","id":"gw32yc0f10obenq"},"id":"crykn9zg51qds9x","previousOperationId":"4z7wb34x4oic9r3"}
{"type":"log","timestamp":1662510100580,"level":"debug","message":"Base url not specified, skipping its injection.","meta":{"rootId":"gw32yc0f10obenq","id":"gw32yc0f10obenq"},"id":"u7acjtyqpt3t8p2","previousOperationId":"4z7wb34x4oic9r3"}
{"type":"operationStart","subtype":"engine","name":"handlebars","timestamp":1662510100581,"id":"eh2i92l8anx6tgf","previousEventId":"5o9y6e7rga99ji2","operationId":"1r6qov9p3umbuvn","previousOperationId":"4z7wb34x4oic9r3"}
{"type":"log","timestamp":1662510100581,"level":"debug","message":"Rendering engine handlebars","meta":{"rootId":"gw32yc0f10obenq","id":"gw32yc0f10obenq"},"id":"lyt8ngdlw2nvlrw","previousOperationId":"1r6qov9p3umbuvn"}
{"type":"operationEnd","operationId":"1r6qov9p3umbuvn","timestamp":1662510100597,"id":"kfpn13ggq1n8j8e","previousEventId":"eh2i92l8anx6tgf","previousOperationId":"1r6qov9p3umbuvn"}
{"type":"operationStart","subtype":"recipe","name":"chrome-pdf","timestamp":1662510100598,"id":"qduix1n3osfkry3","previousEventId":"kfpn13ggq1n8j8e","operationId":"muhpm4odqwd14wp","previousOperationId":"1r6qov9p3umbuvn"}
{"type":"log","timestamp":1662510100598,"level":"debug","message":"Executing recipe chrome-pdf","meta":{"rootId":"gw32yc0f10obenq","id":"gw32yc0f10obenq"},"id":"9a3mci54kebrnr2","previousOperationId":"muhpm4odqwd14wp"}
{"type":"log","timestamp":1662510100601,"level":"debug","message":"Converting with chrome HeadlessChrome/98.0.4758.0 using chrome-pool strategy","meta":{"rootId":"gw32yc0f10obenq","id":"gw32yc0f10obenq"},"id":"xz8h43os6c4mjyq","previousOperationId":"muhpm4odqwd14wp"}
{"type":"log","timestamp":1662510100697,"level":"debug","message":"Page request: GET (document) file:///C:/Users/aasem/AppData/Local/Temp/jsreport/autocleanup/60084e67-1467-44e1-aa79-ed90b22e094f-chrome-pdf.html","meta":{"rootId":"gw32yc0f10obenq","id":"gw32yc0f10obenq"},"id":"m29epp2gvgl5yj4","previousOperationId":"muhpm4odqwd14wp"}
{"type":"log","timestamp":1662510100704,"level":"debug","message":"Page request finished: GET (document) file:///C:/Users/aasem/AppData/Local/Temp/jsreport/autocleanup/60084e67-1467-44e1-aa79-ed90b22e094f-chrome-pdf.html","meta":{"rootId":"gw32yc0f10obenq","id":"gw32yc0f10obenq"},"id":"qovpgopu24arhy6","previousOperationId":"muhpm4odqwd14wp"}
{"type":"log","timestamp":1662510100728,"level":"debug","message":"Running chrome with params {\"printBackground\":true,\"timeout\":59965,\"margin\":{}}","meta":{"rootId":"gw32yc0f10obenq","id":"gw32yc0f10obenq"},"id":"x9u0l6525lsnaxg","previousOperationId":"muhpm4odqwd14wp"}
{"type":"operationEnd","operationId":"muhpm4odqwd14wp","timestamp":1662510100814,"id":"xydcdru4013neh4","previousEventId":"qduix1n3osfkry3","previousOperationId":"muhpm4odqwd14wp"}
{"type":"operationStart","subtype":"reports","name":"persisting report","doDiffs":false,"timestamp":1662510100815,"id":"3s2zd0npl6rgvzw","previousEventId":"xydcdru4013neh4","operationId":"j5vd9i2jcjihcip","previousOperationId":"muhpm4odqwd14wp"}
{"type":"log","timestamp":1662510100829,"level":"debug","message":"Report stored as reports/salary/salarySlipTemplate/Q0wB2iki8Q14mckI.pdf","meta":{"rootId":"gw32yc0f10obenq","id":"gw32yc0f10obenq"},"id":"bagi95enplokkok","previousOperationId":"j5vd9i2jcjihcip"}
{"type":"operationEnd","operationId":"j5vd9i2jcjihcip","doDiffs":false,"timestamp":1662510100829,"id":"1emios6zefmq0w0","previousEventId":"3s2zd0npl6rgvzw","previousOperationId":"j5vd9i2jcjihcip"}
{"type":"log","timestamp":1662510100829,"level":"info","message":"Rendering request 31 finished in 264 ms","meta":{"rootId":"gw32yc0f10obenq","id":"gw32yc0f10obenq"},"id":"v7gpvjx0d39v60t","previousOperationId":"j5vd9i2jcjihcip"}
{"type":"operationEnd","subtype":"render","operationId":"4z7wb34x4oic9r3","timestamp":1662510100829,"id":"qanq41mewhax58n","previousEventId":"1emios6zefmq0w0","previousOperationId":"j5vd9i2jcjihcip"}
{"type":"operationEnd","doDiffs":false,"previousEventId":"bluha8bto484fem","previousOperationId":"lvty398hxepjjjt","operationId":"lvty398hxepjjjt","timestamp":1662510100832,"id":"ew825wkiob028r6"}
