{"type":"operationStart","subtype":"profile","data":{"_id":"P28Lui2NNsZh9sem","timestamp":"2022-09-07T00:15:56.934Z","state":"queued","mode":"standard","creationDate":"2022-09-07T00:15:56.936Z","modificationDate":"2022-09-07T00:15:56.936Z","shortid":"wJW-0RY","$entitySet":"profiles"},"doDiffs":false,"timestamp":1662509756935,"id":"blsbxvr6aga7g2u","previousOperationId":null,"operationId":"76nk9rncj5z4ojy"}
{"type":"log","level":"info","message":"Render request 18 queued for execution and waiting for available worker","previousOperationId":"76nk9rncj5z4ojy","timestamp":1662509756935,"id":"jca32e1ru8dadmq"}
{"type":"operationStart","subtype":"render","name":"salarySlipTemplate","previousOperationId":"76nk9rncj5z4ojy","timestamp":1662509756947,"id":"3amsykq9ooiit5x","previousEventId":"blsbxvr6aga7g2u","operationId":"zc52ro63rrd3k1q"}
{"type":"log","timestamp":1662509756947,"level":"info","message":"Starting rendering request 18 (user: null)","meta":{"rootId":"h24yg52tw67tvor","id":"h24yg52tw67tvor"},"id":"yex69f0iwamqass","previousOperationId":"zc52ro63rrd3k1q"}
{"type":"log","timestamp":1662509756947,"level":"info","message":"Rendering template { name: salarySlipTemplate, recipe: chrome-pdf, engine: handlebars, preview: false }","meta":{"rootId":"h24yg52tw67tvor","id":"h24yg52tw67tvor"},"id":"yd59nwbgcrfg4w6","previousOperationId":"zc52ro63rrd3k1q"}
{"type":"log","timestamp":1662509756948,"level":"debug","message":"Inline data specified.","meta":{"rootId":"h24yg52tw67tvor","id":"h24yg52tw67tvor"},"id":"3x5nbe5jk30qt9x","previousOperationId":"zc52ro63rrd3k1q"}
{"type":"log","timestamp":1662509756951,"level":"debug","message":"Base url not specified, skipping its injection.","meta":{"rootId":"h24yg52tw67tvor","id":"h24yg52tw67tvor"},"id":"iuxjn9x7h84frec","previousOperationId":"zc52ro63rrd3k1q"}
{"type":"operationStart","subtype":"engine","name":"handlebars","timestamp":1662509756952,"id":"bin1a0ojnmfwrjw","previousEventId":"3amsykq9ooiit5x","operationId":"gm9mokkecbgx4vv","previousOperationId":"zc52ro63rrd3k1q"}
{"type":"log","timestamp":1662509756952,"level":"debug","message":"Rendering engine handlebars","meta":{"rootId":"h24yg52tw67tvor","id":"h24yg52tw67tvor"},"id":"ipdsa51wsgibyhh","previousOperationId":"gm9mokkecbgx4vv"}
{"type":"operationEnd","operationId":"gm9mokkecbgx4vv","timestamp":1662509756967,"id":"3eczwaf853i8goq","previousEventId":"bin1a0ojnmfwrjw","previousOperationId":"gm9mokkecbgx4vv"}
{"type":"operationStart","subtype":"recipe","name":"chrome-pdf","timestamp":1662509756967,"id":"crq6yq7ovc885bl","previousEventId":"3eczwaf853i8goq","operationId":"gvnnl3z3gxpzkzo","previousOperationId":"gm9mokkecbgx4vv"}
{"type":"log","timestamp":1662509756967,"level":"debug","message":"Executing recipe chrome-pdf","meta":{"rootId":"h24yg52tw67tvor","id":"h24yg52tw67tvor"},"id":"4h7ar54st26r4su","previousOperationId":"gvnnl3z3gxpzkzo"}
{"type":"log","timestamp":1662509756970,"level":"debug","message":"Converting with chrome HeadlessChrome/98.0.4758.0 using chrome-pool strategy","meta":{"rootId":"h24yg52tw67tvor","id":"h24yg52tw67tvor"},"id":"7xew4q6i2aqcacq","previousOperationId":"gvnnl3z3gxpzkzo"}
{"type":"log","timestamp":1662509757064,"level":"debug","message":"Page request: GET (document) file:///C:/Users/aasem/AppData/Local/Temp/jsreport/autocleanup/9112e31d-f3de-4f91-93da-945b59e17917-chrome-pdf.html","meta":{"rootId":"h24yg52tw67tvor","id":"h24yg52tw67tvor"},"id":"skeep646wuoi7vw","previousOperationId":"gvnnl3z3gxpzkzo"}
{"type":"log","timestamp":1662509757077,"level":"debug","message":"Page request finished: GET (document) file:///C:/Users/aasem/AppData/Local/Temp/jsreport/autocleanup/9112e31d-f3de-4f91-93da-945b59e17917-chrome-pdf.html","meta":{"rootId":"h24yg52tw67tvor","id":"h24yg52tw67tvor"},"id":"5pqt0bycuqpcisw","previousOperationId":"gvnnl3z3gxpzkzo"}
{"type":"log","timestamp":1662509757102,"level":"debug","message":"Running chrome with params {\"printBackground\":true,\"timeout\":59962,\"margin\":{}}","meta":{"rootId":"h24yg52tw67tvor","id":"h24yg52tw67tvor"},"id":"tw17pugpj6bk5l3","previousOperationId":"gvnnl3z3gxpzkzo"}
{"type":"operationEnd","operationId":"gvnnl3z3gxpzkzo","timestamp":1662509757209,"id":"megi8h4d2a5ogso","previousEventId":"crq6yq7ovc885bl","previousOperationId":"gvnnl3z3gxpzkzo"}
{"type":"operationStart","subtype":"reports","name":"persisting report","doDiffs":false,"timestamp":1662509757209,"id":"z720b05sz59h1i8","previousEventId":"megi8h4d2a5ogso","operationId":"gccfmjhepp39j8p","previousOperationId":"gvnnl3z3gxpzkzo"}
{"type":"log","timestamp":1662509757227,"level":"debug","message":"Report stored as reports/salary/salarySlipTemplate/jYNILrJu9K0cJJCa.pdf","meta":{"rootId":"h24yg52tw67tvor","id":"h24yg52tw67tvor"},"id":"swh79wyn5cwap3m","previousOperationId":"gccfmjhepp39j8p"}
{"type":"operationEnd","operationId":"gccfmjhepp39j8p","doDiffs":false,"timestamp":1662509757227,"id":"v2obhpyzsqg1zam","previousEventId":"z720b05sz59h1i8","previousOperationId":"gccfmjhepp39j8p"}
{"type":"log","timestamp":1662509757227,"level":"info","message":"Rendering request 18 finished in 296 ms","meta":{"rootId":"h24yg52tw67tvor","id":"h24yg52tw67tvor"},"id":"lfzqybgw3vdn7wi","previousOperationId":"gccfmjhepp39j8p"}
{"type":"operationEnd","subtype":"render","operationId":"zc52ro63rrd3k1q","timestamp":1662509757227,"id":"2noc6zsoiss9ahe","previousEventId":"v2obhpyzsqg1zam","previousOperationId":"gccfmjhepp39j8p"}
{"type":"operationEnd","doDiffs":false,"previousEventId":"blsbxvr6aga7g2u","previousOperationId":"76nk9rncj5z4ojy","operationId":"76nk9rncj5z4ojy","timestamp":1662509757232,"id":"8omd19gol4m46lj"}
