{"type":"operationStart","subtype":"profile","data":{"_id":"Em9EeHfoUcn9Cbkj","timestamp":"2022-09-10T21:16:38.159Z","state":"queued","mode":"standard","creationDate":"2022-09-10T21:16:38.162Z","modificationDate":"2022-09-10T21:16:38.162Z","shortid":"iNVn8or","$entitySet":"profiles"},"doDiffs":false,"timestamp":1662844598160,"id":"ncekrgf1t6h0i0a","previousOperationId":null,"operationId":"kubtooq22e1nd69"}
{"type":"log","level":"info","message":"Render request 1 queued for execution and waiting for available worker","previousOperationId":"kubtooq22e1nd69","timestamp":1662844598160,"id":"6c4xpunmc35me9z"}
{"type":"operationStart","subtype":"render","name":"salarySlipTemplate","previousOperationId":"kubtooq22e1nd69","timestamp":1662844598192,"id":"ciwo31wdn2cpx17","previousEventId":"ncekrgf1t6h0i0a","operationId":"tz8asliupp8iymw"}
{"type":"log","timestamp":1662844598193,"level":"info","message":"Starting rendering request 1 (user: null)","meta":{"rootId":"h3p5mzjbxcaf1gg","id":"h3p5mzjbxcaf1gg"},"id":"ir768avdsc1x8yl","previousOperationId":"tz8asliupp8iymw"}
{"type":"log","timestamp":1662844598195,"level":"info","message":"Rendering template { name: salarySlipTemplate, recipe: chrome-pdf, engine: handlebars, preview: false }","meta":{"rootId":"h3p5mzjbxcaf1gg","id":"h3p5mzjbxcaf1gg"},"id":"hsqcavbbt8oclx8","previousOperationId":"tz8asliupp8iymw"}
{"type":"log","timestamp":1662844598197,"level":"debug","message":"Inline data specified.","meta":{"rootId":"h3p5mzjbxcaf1gg","id":"h3p5mzjbxcaf1gg"},"id":"elommcoe6k0kjvd","previousOperationId":"tz8asliupp8iymw"}
{"type":"log","timestamp":1662844598202,"level":"debug","message":"Base url not specified, skipping its injection.","meta":{"rootId":"h3p5mzjbxcaf1gg","id":"h3p5mzjbxcaf1gg"},"id":"4jjpdi9o6bfm7jy","previousOperationId":"tz8asliupp8iymw"}
{"type":"operationStart","subtype":"engine","name":"handlebars","timestamp":1662844598204,"id":"jloejed8puli72j","previousEventId":"ciwo31wdn2cpx17","operationId":"ireao3mevs3lp4f","previousOperationId":"tz8asliupp8iymw"}
{"type":"log","timestamp":1662844598204,"level":"debug","message":"Rendering engine handlebars","meta":{"rootId":"h3p5mzjbxcaf1gg","id":"h3p5mzjbxcaf1gg"},"id":"1qj62s4zqm25f0l","previousOperationId":"ireao3mevs3lp4f"}
{"type":"operationEnd","operationId":"ireao3mevs3lp4f","timestamp":1662844604570,"id":"ytzy0wglk261ndo","previousEventId":"jloejed8puli72j","previousOperationId":"ireao3mevs3lp4f"}
{"type":"operationStart","subtype":"recipe","name":"chrome-pdf","timestamp":1662844604571,"id":"ay3vh22vfssbs5b","previousEventId":"ytzy0wglk261ndo","operationId":"8wqyy4isxs2vji2","previousOperationId":"ireao3mevs3lp4f"}
{"type":"log","timestamp":1662844604571,"level":"debug","message":"Executing recipe chrome-pdf","meta":{"rootId":"h3p5mzjbxcaf1gg","id":"h3p5mzjbxcaf1gg"},"id":"4z3df6hmyt95t28","previousOperationId":"8wqyy4isxs2vji2"}
{"type":"log","timestamp":1662844612146,"level":"debug","message":"Converting with chrome HeadlessChrome/98.0.4758.0 using chrome-pool strategy","meta":{"rootId":"h3p5mzjbxcaf1gg","id":"h3p5mzjbxcaf1gg"},"id":"m50u0k91y1en941","previousOperationId":"8wqyy4isxs2vji2"}
{"type":"log","timestamp":1662844613111,"level":"debug","message":"Page request: GET (document) file:///C:/Users/aasem/AppData/Local/Temp/jsreport/autocleanup/d25c4f34-9b93-4dbd-aa55-b05f88389577-chrome-pdf.html","meta":{"rootId":"h3p5mzjbxcaf1gg","id":"h3p5mzjbxcaf1gg"},"id":"z2lqmwlwzn95hwb","previousOperationId":"8wqyy4isxs2vji2"}
{"type":"log","timestamp":1662844613167,"level":"debug","message":"Page request finished: GET (document) file:///C:/Users/aasem/AppData/Local/Temp/jsreport/autocleanup/d25c4f34-9b93-4dbd-aa55-b05f88389577-chrome-pdf.html","meta":{"rootId":"h3p5mzjbxcaf1gg","id":"h3p5mzjbxcaf1gg"},"id":"53mj8d2is8xi1rz","previousOperationId":"8wqyy4isxs2vji2"}
{"type":"log","timestamp":1662844613312,"level":"debug","message":"Running chrome with params {\"printBackground\":true,\"timeout\":53392,\"margin\":{}}","meta":{"rootId":"h3p5mzjbxcaf1gg","id":"h3p5mzjbxcaf1gg"},"id":"948727mjt45ojcd","previousOperationId":"8wqyy4isxs2vji2"}
{"type":"operationEnd","operationId":"8wqyy4isxs2vji2","timestamp":1662844613448,"id":"zgly8vos1gkulbb","previousEventId":"ay3vh22vfssbs5b","previousOperationId":"8wqyy4isxs2vji2"}
{"type":"log","timestamp":1662844613448,"level":"debug","message":"Skipping storing report.","meta":{"rootId":"h3p5mzjbxcaf1gg","id":"h3p5mzjbxcaf1gg"},"id":"6zww8qy619enolx","previousOperationId":"8wqyy4isxs2vji2"}
{"type":"log","timestamp":1662844613449,"level":"info","message":"Rendering request 1 finished in 15292 ms","meta":{"rootId":"h3p5mzjbxcaf1gg","id":"h3p5mzjbxcaf1gg"},"id":"dzsiqktue8h1dov","previousOperationId":"8wqyy4isxs2vji2"}
{"type":"operationEnd","subtype":"render","operationId":"tz8asliupp8iymw","timestamp":1662844613449,"id":"pb49d1xsu4ddsh1","previousEventId":"zgly8vos1gkulbb","previousOperationId":"8wqyy4isxs2vji2"}
{"type":"operationEnd","doDiffs":false,"previousEventId":"ncekrgf1t6h0i0a","previousOperationId":"kubtooq22e1nd69","operationId":"kubtooq22e1nd69","timestamp":1662844613457,"id":"mp8b3fyb0xk38ht"}
