{"type":"operationStart","subtype":"profile","data":{"_id":"eK1kFBf59jCJJudj","timestamp":"2022-09-07T15:16:09.496Z","state":"queued","mode":"standard","creationDate":"2022-09-07T15:16:09.498Z","modificationDate":"2022-09-07T15:16:09.498Z","shortid":"OYo-h8X","$entitySet":"profiles"},"doDiffs":false,"timestamp":1662563769497,"id":"h5idbokjbp8f1iy","previousOperationId":null,"operationId":"srt9dtxpjree4wq"}
{"type":"log","level":"info","message":"Render request 7 queued for execution and waiting for available worker","previousOperationId":"srt9dtxpjree4wq","timestamp":1662563769497,"id":"biw787344i72p0d"}
{"type":"operationStart","subtype":"render","name":"salarySlipTemplate","previousOperationId":"srt9dtxpjree4wq","timestamp":1662563769507,"id":"f4ytn9f4x9mnj7y","previousEventId":"h5idbokjbp8f1iy","operationId":"uvye41r9kyecgxn"}
{"type":"log","timestamp":1662563769507,"level":"info","message":"Starting rendering request 7 (user: null)","meta":{"rootId":"h5ve4naihfb4u0x","id":"h5ve4naihfb4u0x"},"id":"z3j0log1rtvj71u","previousOperationId":"uvye41r9kyecgxn"}
{"type":"log","timestamp":1662563769507,"level":"info","message":"Rendering template { name: salarySlipTemplate, recipe: chrome-pdf, engine: handlebars, preview: false }","meta":{"rootId":"h5ve4naihfb4u0x","id":"h5ve4naihfb4u0x"},"id":"2kehfu9m1849x9x","previousOperationId":"uvye41r9kyecgxn"}
{"type":"log","timestamp":1662563769508,"level":"debug","message":"Inline data specified.","meta":{"rootId":"h5ve4naihfb4u0x","id":"h5ve4naihfb4u0x"},"id":"15agmjak2c9b02e","previousOperationId":"uvye41r9kyecgxn"}
{"type":"log","timestamp":1662563769510,"level":"debug","message":"Base url not specified, skipping its injection.","meta":{"rootId":"h5ve4naihfb4u0x","id":"h5ve4naihfb4u0x"},"id":"tib5acdvcs88k24","previousOperationId":"uvye41r9kyecgxn"}
{"type":"operationStart","subtype":"engine","name":"handlebars","timestamp":1662563769511,"id":"cfg323o5atbszl4","previousEventId":"f4ytn9f4x9mnj7y","operationId":"3cp5fw8comdnza2","previousOperationId":"uvye41r9kyecgxn"}
{"type":"log","timestamp":1662563769511,"level":"debug","message":"Rendering engine handlebars","meta":{"rootId":"h5ve4naihfb4u0x","id":"h5ve4naihfb4u0x"},"id":"1z66qr6su8d96et","previousOperationId":"3cp5fw8comdnza2"}
{"type":"operationEnd","operationId":"3cp5fw8comdnza2","timestamp":1662563769528,"id":"0tt8n4ijluc1jub","previousEventId":"cfg323o5atbszl4","previousOperationId":"3cp5fw8comdnza2"}
{"type":"operationStart","subtype":"recipe","name":"chrome-pdf","timestamp":1662563769528,"id":"smhifet2ghg5gev","previousEventId":"0tt8n4ijluc1jub","operationId":"nh47ex15be7f55a","previousOperationId":"3cp5fw8comdnza2"}
{"type":"log","timestamp":1662563769528,"level":"debug","message":"Executing recipe chrome-pdf","meta":{"rootId":"h5ve4naihfb4u0x","id":"h5ve4naihfb4u0x"},"id":"e8aej6ar6l6qs2p","previousOperationId":"nh47ex15be7f55a"}
{"type":"log","timestamp":1662563769530,"level":"debug","message":"Converting with chrome HeadlessChrome/98.0.4758.0 using chrome-pool strategy","meta":{"rootId":"h5ve4naihfb4u0x","id":"h5ve4naihfb4u0x"},"id":"bcoowksqdi4wui4","previousOperationId":"nh47ex15be7f55a"}
{"type":"log","timestamp":1662563769622,"level":"debug","message":"Page request: GET (document) file:///C:/Users/aasem/AppData/Local/Temp/jsreport/autocleanup/32dcc65c-99fa-471a-8978-9886ec0d0f83-chrome-pdf.html","meta":{"rootId":"h5ve4naihfb4u0x","id":"h5ve4naihfb4u0x"},"id":"pmoljmazfqsq0t1","previousOperationId":"nh47ex15be7f55a"}
{"type":"log","timestamp":1662563769634,"level":"debug","message":"Page request finished: GET (document) file:///C:/Users/aasem/AppData/Local/Temp/jsreport/autocleanup/32dcc65c-99fa-471a-8978-9886ec0d0f83-chrome-pdf.html","meta":{"rootId":"h5ve4naihfb4u0x","id":"h5ve4naihfb4u0x"},"id":"xntqpgmbs90nn8x","previousOperationId":"nh47ex15be7f55a"}
{"type":"log","timestamp":1662563769659,"level":"debug","message":"Running chrome with params {\"printBackground\":true,\"timeout\":59967,\"margin\":{}}","meta":{"rootId":"h5ve4naihfb4u0x","id":"h5ve4naihfb4u0x"},"id":"44ofvrmcra0uc04","previousOperationId":"nh47ex15be7f55a"}
{"type":"operationEnd","operationId":"nh47ex15be7f55a","timestamp":1662563769752,"id":"uou165pf2viccjd","previousEventId":"smhifet2ghg5gev","previousOperationId":"nh47ex15be7f55a"}
{"type":"log","timestamp":1662563769752,"level":"debug","message":"Skipping storing report.","meta":{"rootId":"h5ve4naihfb4u0x","id":"h5ve4naihfb4u0x"},"id":"q4j4eujdyhowtff","previousOperationId":"nh47ex15be7f55a"}
{"type":"log","timestamp":1662563769752,"level":"info","message":"Rendering request 7 finished in 256 ms","meta":{"rootId":"h5ve4naihfb4u0x","id":"h5ve4naihfb4u0x"},"id":"1vkqixg71gbsho1","previousOperationId":"nh47ex15be7f55a"}
{"type":"operationEnd","subtype":"render","operationId":"uvye41r9kyecgxn","timestamp":1662563769752,"id":"1nj04ypcvgyweuc","previousEventId":"uou165pf2viccjd","previousOperationId":"nh47ex15be7f55a"}
{"type":"operationEnd","doDiffs":false,"previousEventId":"h5idbokjbp8f1iy","previousOperationId":"srt9dtxpjree4wq","operationId":"srt9dtxpjree4wq","timestamp":1662563769756,"id":"1qrese9llbc42pt"}
