{"type":"operationStart","subtype":"profile","data":{"_id":"9LpdlR6c37JZvlV9","timestamp":"2022-09-09T22:16:31.093Z","state":"queued","mode":"standard","creationDate":"2022-09-09T22:16:31.097Z","modificationDate":"2022-09-09T22:16:31.097Z","shortid":"pKoZzLF","$entitySet":"profiles"},"doDiffs":false,"timestamp":1662761791095,"id":"wlfyhh4owm40cj6","previousOperationId":null,"operationId":"q1vp7wxr058lw3f"}
{"type":"log","level":"info","message":"Render request 9 queued for execution and waiting for available worker","previousOperationId":"q1vp7wxr058lw3f","timestamp":1662761791095,"id":"jmkkpgjmmfh708j"}
{"type":"operationStart","subtype":"render","name":"salarySlipTemplate","previousOperationId":"q1vp7wxr058lw3f","timestamp":1662761791113,"id":"7g5ew27gmq8y81y","previousEventId":"wlfyhh4owm40cj6","operationId":"xj1uflw65judp5v"}
{"type":"log","timestamp":1662761791114,"level":"info","message":"Starting rendering request 9 (user: null)","meta":{"rootId":"hvaz9bxx893tmsd","id":"hvaz9bxx893tmsd"},"id":"17os2sq974s8mgl","previousOperationId":"xj1uflw65judp5v"}
{"type":"log","timestamp":1662761791114,"level":"info","message":"Rendering template { name: salarySlipTemplate, recipe: chrome-pdf, engine: handlebars, preview: false }","meta":{"rootId":"hvaz9bxx893tmsd","id":"hvaz9bxx893tmsd"},"id":"1riwa0iyczf8jd0","previousOperationId":"xj1uflw65judp5v"}
{"type":"log","timestamp":1662761791114,"level":"debug","message":"Inline data specified.","meta":{"rootId":"hvaz9bxx893tmsd","id":"hvaz9bxx893tmsd"},"id":"0kgrotnso0g2seu","previousOperationId":"xj1uflw65judp5v"}
{"type":"log","timestamp":1662761791117,"level":"debug","message":"Base url not specified, skipping its injection.","meta":{"rootId":"hvaz9bxx893tmsd","id":"hvaz9bxx893tmsd"},"id":"i9z1pc01ir219j7","previousOperationId":"xj1uflw65judp5v"}
{"type":"operationStart","subtype":"engine","name":"handlebars","timestamp":1662761791117,"id":"eioqbdo8do2oiab","previousEventId":"7g5ew27gmq8y81y","operationId":"tdicemfx74afhtw","previousOperationId":"xj1uflw65judp5v"}
{"type":"log","timestamp":1662761791117,"level":"debug","message":"Rendering engine handlebars","meta":{"rootId":"hvaz9bxx893tmsd","id":"hvaz9bxx893tmsd"},"id":"u6a3osamtqyvs4k","previousOperationId":"tdicemfx74afhtw"}
{"type":"operationEnd","operationId":"tdicemfx74afhtw","timestamp":1662761791130,"id":"duehbrxjh8s2cyd","previousEventId":"eioqbdo8do2oiab","previousOperationId":"tdicemfx74afhtw"}
{"type":"operationStart","subtype":"recipe","name":"chrome-pdf","timestamp":1662761791131,"id":"sn41cvpvejnl1yc","previousEventId":"duehbrxjh8s2cyd","operationId":"rxv2c14h2w7t79w","previousOperationId":"tdicemfx74afhtw"}
{"type":"log","timestamp":1662761791131,"level":"debug","message":"Executing recipe chrome-pdf","meta":{"rootId":"hvaz9bxx893tmsd","id":"hvaz9bxx893tmsd"},"id":"e57owjsr8j5kc3w","previousOperationId":"rxv2c14h2w7t79w"}
{"type":"log","timestamp":1662761791133,"level":"debug","message":"Converting with chrome HeadlessChrome/98.0.4758.0 using chrome-pool strategy","meta":{"rootId":"hvaz9bxx893tmsd","id":"hvaz9bxx893tmsd"},"id":"uqeayim4ghd8lo1","previousOperationId":"rxv2c14h2w7t79w"}
{"type":"log","timestamp":1662761791227,"level":"debug","message":"Page request: GET (document) file:///C:/Users/aasem/AppData/Local/Temp/jsreport/autocleanup/65b6eeb7-b00e-495d-831c-1dc8af1e866f-chrome-pdf.html","meta":{"rootId":"hvaz9bxx893tmsd","id":"hvaz9bxx893tmsd"},"id":"o6ta0e4ojbiq3vw","previousOperationId":"rxv2c14h2w7t79w"}
{"type":"log","timestamp":1662761791238,"level":"debug","message":"Page request finished: GET (document) file:///C:/Users/aasem/AppData/Local/Temp/jsreport/autocleanup/65b6eeb7-b00e-495d-831c-1dc8af1e866f-chrome-pdf.html","meta":{"rootId":"hvaz9bxx893tmsd","id":"hvaz9bxx893tmsd"},"id":"9mw42s2y4g4ik3a","previousOperationId":"rxv2c14h2w7t79w"}
{"type":"log","timestamp":1662761791265,"level":"debug","message":"Running chrome with params {\"printBackground\":true,\"timeout\":59959,\"margin\":{}}","meta":{"rootId":"hvaz9bxx893tmsd","id":"hvaz9bxx893tmsd"},"id":"oh8yjf8byl7dck7","previousOperationId":"rxv2c14h2w7t79w"}
{"type":"operationEnd","operationId":"rxv2c14h2w7t79w","timestamp":1662761791393,"id":"hteg0r7lui44ygc","previousEventId":"sn41cvpvejnl1yc","previousOperationId":"rxv2c14h2w7t79w"}
{"type":"log","timestamp":1662761791394,"level":"debug","message":"Skipping storing report.","meta":{"rootId":"hvaz9bxx893tmsd","id":"hvaz9bxx893tmsd"},"id":"1whxni1wepsx48q","previousOperationId":"rxv2c14h2w7t79w"}
{"type":"log","timestamp":1662761791394,"level":"info","message":"Rendering request 9 finished in 302 ms","meta":{"rootId":"hvaz9bxx893tmsd","id":"hvaz9bxx893tmsd"},"id":"a2illb0atn4rqvj","previousOperationId":"rxv2c14h2w7t79w"}
{"type":"operationEnd","subtype":"render","operationId":"xj1uflw65judp5v","timestamp":1662761791394,"id":"wae3wni33s452t5","previousEventId":"hteg0r7lui44ygc","previousOperationId":"rxv2c14h2w7t79w"}
{"type":"operationEnd","doDiffs":false,"previousEventId":"wlfyhh4owm40cj6","previousOperationId":"q1vp7wxr058lw3f","operationId":"q1vp7wxr058lw3f","timestamp":1662761791397,"id":"mvfy6wue21j4hrl"}
