{"type":"operationStart","subtype":"profile","data":{"_id":"yOCtQN58AbFHZ9Vt","timestamp":"2022-09-06T16:21:34.129Z","state":"queued","mode":"standard","creationDate":"2022-09-06T16:21:34.130Z","modificationDate":"2022-09-06T16:21:34.130Z","shortid":"b6zQ75z","$entitySet":"profiles"},"doDiffs":false,"timestamp":1662481294130,"id":"jxi5w5m1i0we7ud","previousOperationId":null,"operationId":"1no6spkaudwkp45"}
{"type":"log","level":"info","message":"Render request 5 queued for execution and waiting for available worker","previousOperationId":"1no6spkaudwkp45","timestamp":1662481294130,"id":"p087pfij1attr4h"}
{"type":"operationStart","subtype":"render","name":"salarySlipTemplate","previousOperationId":"1no6spkaudwkp45","timestamp":1662481294140,"id":"8g2zyxqeoidkybj","previousEventId":"jxi5w5m1i0we7ud","operationId":"qd5mgmhyv7tzax8"}
{"type":"log","timestamp":1662481294140,"level":"info","message":"Starting rendering request 5 (user: null)","meta":{"rootId":"i7pweh4w74lqt3i","id":"i7pweh4w74lqt3i"},"id":"sx2st1nppz9cuy1","previousOperationId":"qd5mgmhyv7tzax8"}
{"type":"log","timestamp":1662481294140,"level":"info","message":"Rendering template { name: salarySlipTemplate, recipe: chrome-pdf, engine: handlebars, preview: false }","meta":{"rootId":"i7pweh4w74lqt3i","id":"i7pweh4w74lqt3i"},"id":"oe8szw8h6u3v8ff","previousOperationId":"qd5mgmhyv7tzax8"}
{"type":"log","timestamp":1662481294141,"level":"debug","message":"Inline data specified.","meta":{"rootId":"i7pweh4w74lqt3i","id":"i7pweh4w74lqt3i"},"id":"p0wxc5gonnqorn2","previousOperationId":"qd5mgmhyv7tzax8"}
{"type":"log","timestamp":1662481294146,"level":"debug","message":"Base url not specified, skipping its injection.","meta":{"rootId":"i7pweh4w74lqt3i","id":"i7pweh4w74lqt3i"},"id":"7tx9lcvep6u044e","previousOperationId":"qd5mgmhyv7tzax8"}
{"type":"operationStart","subtype":"engine","name":"handlebars","timestamp":1662481294146,"id":"ceh9atmegnaw25x","previousEventId":"8g2zyxqeoidkybj","operationId":"246vbc47i2m6vdk","previousOperationId":"qd5mgmhyv7tzax8"}
{"type":"log","timestamp":1662481294146,"level":"debug","message":"Rendering engine handlebars","meta":{"rootId":"i7pweh4w74lqt3i","id":"i7pweh4w74lqt3i"},"id":"4jxn18z6bcmnh16","previousOperationId":"246vbc47i2m6vdk"}
{"type":"operationEnd","operationId":"246vbc47i2m6vdk","timestamp":1662481294159,"id":"xdgtm5kcgny5zfx","previousEventId":"ceh9atmegnaw25x","previousOperationId":"246vbc47i2m6vdk"}
{"type":"operationStart","subtype":"recipe","name":"chrome-pdf","timestamp":1662481294159,"id":"4ek1kofsrnb89zs","previousEventId":"xdgtm5kcgny5zfx","operationId":"s2iidaeef757f19","previousOperationId":"246vbc47i2m6vdk"}
{"type":"log","timestamp":1662481294159,"level":"debug","message":"Executing recipe chrome-pdf","meta":{"rootId":"i7pweh4w74lqt3i","id":"i7pweh4w74lqt3i"},"id":"pjzck3wly96xjjn","previousOperationId":"s2iidaeef757f19"}
{"type":"log","timestamp":1662481294161,"level":"debug","message":"Converting with chrome HeadlessChrome/98.0.4758.0 using chrome-pool strategy","meta":{"rootId":"i7pweh4w74lqt3i","id":"i7pweh4w74lqt3i"},"id":"1ffgk6ukfgvpcq2","previousOperationId":"s2iidaeef757f19"}
{"type":"log","timestamp":1662481294299,"level":"debug","message":"Page request: GET (document) file:///C:/Users/aasem/AppData/Local/Temp/jsreport/autocleanup/d657e148-9c19-4b09-a9a2-17f5de2a8402-chrome-pdf.html","meta":{"rootId":"i7pweh4w74lqt3i","id":"i7pweh4w74lqt3i"},"id":"exa7niqrjcf447f","previousOperationId":"s2iidaeef757f19"}
{"type":"log","timestamp":1662481294310,"level":"debug","message":"Page request finished: GET (document) file:///C:/Users/aasem/AppData/Local/Temp/jsreport/autocleanup/d657e148-9c19-4b09-a9a2-17f5de2a8402-chrome-pdf.html","meta":{"rootId":"i7pweh4w74lqt3i","id":"i7pweh4w74lqt3i"},"id":"jj14kif51tzo0lg","previousOperationId":"s2iidaeef757f19"}
{"type":"log","timestamp":1662481294320,"level":"debug","message":"Running chrome with params {\"printBackground\":true,\"timeout\":59967,\"margin\":{}}","meta":{"rootId":"i7pweh4w74lqt3i","id":"i7pweh4w74lqt3i"},"id":"51fd9anc6vevjei","previousOperationId":"s2iidaeef757f19"}
{"type":"operationEnd","operationId":"s2iidaeef757f19","timestamp":1662481294340,"id":"b1na11zbkt9h45q","previousEventId":"4ek1kofsrnb89zs","previousOperationId":"s2iidaeef757f19"}
{"type":"operationStart","subtype":"reports","name":"persisting report","doDiffs":false,"timestamp":1662481294340,"id":"brz2f7yp3zlitl8","previousEventId":"b1na11zbkt9h45q","operationId":"xqejx4yzhx2jnny","previousOperationId":"s2iidaeef757f19"}
{"type":"log","timestamp":1662481294362,"level":"debug","message":"Report stored as reports/salary/salarySlipTemplate/vB4O49W7hM2ZUHdr.pdf","meta":{"rootId":"i7pweh4w74lqt3i","id":"i7pweh4w74lqt3i"},"id":"8gz9osekq640nx7","previousOperationId":"xqejx4yzhx2jnny"}
{"type":"operationEnd","operationId":"xqejx4yzhx2jnny","doDiffs":false,"timestamp":1662481294362,"id":"2qdv3i3s8fqmvy6","previousEventId":"brz2f7yp3zlitl8","previousOperationId":"xqejx4yzhx2jnny"}
{"type":"log","timestamp":1662481294362,"level":"info","message":"Rendering request 5 finished in 234 ms","meta":{"rootId":"i7pweh4w74lqt3i","id":"i7pweh4w74lqt3i"},"id":"86j6xmbbv9j26jy","previousOperationId":"xqejx4yzhx2jnny"}
{"type":"operationEnd","subtype":"render","operationId":"qd5mgmhyv7tzax8","timestamp":1662481294362,"id":"jhu5m81619jt7f1","previousEventId":"2qdv3i3s8fqmvy6","previousOperationId":"xqejx4yzhx2jnny"}
{"type":"operationEnd","doDiffs":false,"previousEventId":"jxi5w5m1i0we7ud","previousOperationId":"1no6spkaudwkp45","operationId":"1no6spkaudwkp45","timestamp":1662481294364,"id":"19bcqig3sadzte5"}
