{"type":"operationStart","subtype":"profile","data":{"_id":"VLIVkgFJCPuKq1kp","timestamp":"2022-09-11T15:46:20.615Z","state":"queued","mode":"standard","creationDate":"2022-09-11T15:46:20.616Z","modificationDate":"2022-09-11T15:46:20.616Z","shortid":"UsnMKl-","$entitySet":"profiles"},"doDiffs":false,"timestamp":1662911180616,"id":"a6x42o7t5y8yrcz","previousOperationId":null,"operationId":"zeltzam70eamnm6"}
{"type":"log","level":"info","message":"Render request 7 queued for execution and waiting for available worker","previousOperationId":"zeltzam70eamnm6","timestamp":1662911180616,"id":"czkic49qbzs7f56"}
{"type":"operationStart","subtype":"render","name":"salarySlipTemplate","previousOperationId":"zeltzam70eamnm6","timestamp":1662911180624,"id":"vmctc8rxuu5hpjk","previousEventId":"a6x42o7t5y8yrcz","operationId":"h4tfhs678li97ut"}
{"type":"log","timestamp":1662911180624,"level":"info","message":"Starting rendering request 7 (user: null)","meta":{"rootId":"izf0wwtixt51tbe","id":"izf0wwtixt51tbe"},"id":"9qw17en9it4nuqp","previousOperationId":"h4tfhs678li97ut"}
{"type":"log","timestamp":1662911180627,"level":"info","message":"Rendering template { name: salarySlipTemplate, recipe: chrome-pdf, engine: handlebars, preview: false }","meta":{"rootId":"izf0wwtixt51tbe","id":"izf0wwtixt51tbe"},"id":"sp8ji9g14l5htjc","previousOperationId":"h4tfhs678li97ut"}
{"type":"log","timestamp":1662911180629,"level":"debug","message":"Inline data specified.","meta":{"rootId":"izf0wwtixt51tbe","id":"izf0wwtixt51tbe"},"id":"jmz80nrbnolfhaj","previousOperationId":"h4tfhs678li97ut"}
{"type":"log","timestamp":1662911180631,"level":"debug","message":"Base url not specified, skipping its injection.","meta":{"rootId":"izf0wwtixt51tbe","id":"izf0wwtixt51tbe"},"id":"0at6qbj8l8zec7f","previousOperationId":"h4tfhs678li97ut"}
{"type":"operationStart","subtype":"engine","name":"handlebars","timestamp":1662911180631,"id":"2p4wykwjzimaxcm","previousEventId":"vmctc8rxuu5hpjk","operationId":"lc0faf6elmzl6qp","previousOperationId":"h4tfhs678li97ut"}
{"type":"log","timestamp":1662911180631,"level":"debug","message":"Rendering engine handlebars","meta":{"rootId":"izf0wwtixt51tbe","id":"izf0wwtixt51tbe"},"id":"jzbuusph8gkg9qf","previousOperationId":"lc0faf6elmzl6qp"}
{"type":"operationEnd","operationId":"lc0faf6elmzl6qp","timestamp":1662911180645,"id":"j30wzpeek8didjb","previousEventId":"2p4wykwjzimaxcm","previousOperationId":"lc0faf6elmzl6qp"}
{"type":"operationStart","subtype":"recipe","name":"chrome-pdf","timestamp":1662911180645,"id":"izr5u8zqk9etdpv","previousEventId":"j30wzpeek8didjb","operationId":"6gn1m9hh4zpwb7d","previousOperationId":"lc0faf6elmzl6qp"}
{"type":"log","timestamp":1662911180645,"level":"debug","message":"Executing recipe chrome-pdf","meta":{"rootId":"izf0wwtixt51tbe","id":"izf0wwtixt51tbe"},"id":"vhrq7rhkrtraa2s","previousOperationId":"6gn1m9hh4zpwb7d"}
{"type":"log","timestamp":1662911180647,"level":"debug","message":"Converting with chrome HeadlessChrome/98.0.4758.0 using chrome-pool strategy","meta":{"rootId":"izf0wwtixt51tbe","id":"izf0wwtixt51tbe"},"id":"1mf7aqx72t3275t","previousOperationId":"6gn1m9hh4zpwb7d"}
{"type":"log","timestamp":1662911180741,"level":"debug","message":"Page request: GET (document) file:///C:/Users/aasem/AppData/Local/Temp/jsreport/autocleanup/41901241-ab3c-4f1c-912a-6c3134413806-chrome-pdf.html","meta":{"rootId":"izf0wwtixt51tbe","id":"izf0wwtixt51tbe"},"id":"y214nxi9rbkjtd4","previousOperationId":"6gn1m9hh4zpwb7d"}
{"type":"log","timestamp":1662911180829,"level":"debug","message":"Page request finished: GET (document) file:///C:/Users/aasem/AppData/Local/Temp/jsreport/autocleanup/41901241-ab3c-4f1c-912a-6c3134413806-chrome-pdf.html","meta":{"rootId":"izf0wwtixt51tbe","id":"izf0wwtixt51tbe"},"id":"gmrx1v4jzjd30py","previousOperationId":"6gn1m9hh4zpwb7d"}
{"type":"log","timestamp":1662911180864,"level":"debug","message":"Running chrome with params {\"printBackground\":true,\"timeout\":59969,\"margin\":{}}","meta":{"rootId":"izf0wwtixt51tbe","id":"izf0wwtixt51tbe"},"id":"dzp34gx9bxd2lws","previousOperationId":"6gn1m9hh4zpwb7d"}
{"type":"operationEnd","operationId":"6gn1m9hh4zpwb7d","timestamp":1662911180966,"id":"g8kzaw327qf2pcf","previousEventId":"izr5u8zqk9etdpv","previousOperationId":"6gn1m9hh4zpwb7d"}
{"type":"log","timestamp":1662911180966,"level":"debug","message":"Skipping storing report.","meta":{"rootId":"izf0wwtixt51tbe","id":"izf0wwtixt51tbe"},"id":"ed5gqggyztoj0f5","previousOperationId":"6gn1m9hh4zpwb7d"}
{"type":"log","timestamp":1662911180966,"level":"info","message":"Rendering request 7 finished in 351 ms","meta":{"rootId":"izf0wwtixt51tbe","id":"izf0wwtixt51tbe"},"id":"em9kojuywejt0cz","previousOperationId":"6gn1m9hh4zpwb7d"}
{"type":"operationEnd","subtype":"render","operationId":"h4tfhs678li97ut","timestamp":1662911180967,"id":"tzxbadpqht4h1ze","previousEventId":"g8kzaw327qf2pcf","previousOperationId":"6gn1m9hh4zpwb7d"}
{"type":"operationEnd","doDiffs":false,"previousEventId":"a6x42o7t5y8yrcz","previousOperationId":"zeltzam70eamnm6","operationId":"zeltzam70eamnm6","timestamp":1662911180969,"id":"c7i0ioiv1uou6ny"}
