{"type":"operationStart","subtype":"profile","data":{"_id":"GicQhKeOfLbimtfI","timestamp":"2022-09-07T15:35:34.229Z","state":"queued","mode":"standard","creationDate":"2022-09-07T15:35:34.231Z","modificationDate":"2022-09-07T15:35:34.231Z","shortid":"ftZAU53","$entitySet":"profiles"},"doDiffs":false,"timestamp":1662564934230,"id":"zzkp7m27m1aak99","previousOperationId":null,"operationId":"zvrozf23n1jcwtw"}
{"type":"log","level":"info","message":"Render request 11 queued for execution and waiting for available worker","previousOperationId":"zvrozf23n1jcwtw","timestamp":1662564934230,"id":"wukfrpre58jtpym"}
{"type":"operationStart","subtype":"render","name":"salarySlipTemplate","previousOperationId":"zvrozf23n1jcwtw","timestamp":1662564934243,"id":"d21xiszqzuiydmy","previousEventId":"zzkp7m27m1aak99","operationId":"a1msbm93i5me142"}
{"type":"log","timestamp":1662564934243,"level":"info","message":"Starting rendering request 11 (user: null)","meta":{"rootId":"iznlpxuc6vx7yt1","id":"iznlpxuc6vx7yt1"},"id":"w1ov71m9cmksmqf","previousOperationId":"a1msbm93i5me142"}
{"type":"log","timestamp":1662564934243,"level":"info","message":"Rendering template { name: salarySlipTemplate, recipe: chrome-pdf, engine: handlebars, preview: false }","meta":{"rootId":"iznlpxuc6vx7yt1","id":"iznlpxuc6vx7yt1"},"id":"k3xm4177kpabkdc","previousOperationId":"a1msbm93i5me142"}
{"type":"log","timestamp":1662564934245,"level":"debug","message":"Inline data specified.","meta":{"rootId":"iznlpxuc6vx7yt1","id":"iznlpxuc6vx7yt1"},"id":"xermk8tvbb9bpbm","previousOperationId":"a1msbm93i5me142"}
{"type":"log","timestamp":1662564934247,"level":"debug","message":"Base url not specified, skipping its injection.","meta":{"rootId":"iznlpxuc6vx7yt1","id":"iznlpxuc6vx7yt1"},"id":"ihzdp1uc4efy21m","previousOperationId":"a1msbm93i5me142"}
{"type":"operationStart","subtype":"engine","name":"handlebars","timestamp":1662564934247,"id":"zf8f1levvt9r65c","previousEventId":"d21xiszqzuiydmy","operationId":"un0dm3zv055fyo8","previousOperationId":"a1msbm93i5me142"}
{"type":"log","timestamp":1662564934247,"level":"debug","message":"Rendering engine handlebars","meta":{"rootId":"iznlpxuc6vx7yt1","id":"iznlpxuc6vx7yt1"},"id":"s00kyyrik0q3ot1","previousOperationId":"un0dm3zv055fyo8"}
{"type":"operationEnd","operationId":"un0dm3zv055fyo8","timestamp":1662564934264,"id":"pl2na8svk47nxoy","previousEventId":"zf8f1levvt9r65c","previousOperationId":"un0dm3zv055fyo8"}
{"type":"operationStart","subtype":"recipe","name":"chrome-pdf","timestamp":1662564934265,"id":"8qploel3x2mhhk2","previousEventId":"pl2na8svk47nxoy","operationId":"gna6uo7d8i4llk6","previousOperationId":"un0dm3zv055fyo8"}
{"type":"log","timestamp":1662564934265,"level":"debug","message":"Executing recipe chrome-pdf","meta":{"rootId":"iznlpxuc6vx7yt1","id":"iznlpxuc6vx7yt1"},"id":"egss6gk51zj033u","previousOperationId":"gna6uo7d8i4llk6"}
{"type":"log","timestamp":1662564934268,"level":"debug","message":"Converting with chrome HeadlessChrome/98.0.4758.0 using chrome-pool strategy","meta":{"rootId":"iznlpxuc6vx7yt1","id":"iznlpxuc6vx7yt1"},"id":"vmdlt8z3uwlupig","previousOperationId":"gna6uo7d8i4llk6"}
{"type":"log","timestamp":1662564934408,"level":"debug","message":"Page request: GET (document) file:///C:/Users/aasem/AppData/Local/Temp/jsreport/autocleanup/cb35fa01-0cba-4a5e-bed8-1ebeec51ef3a-chrome-pdf.html","meta":{"rootId":"iznlpxuc6vx7yt1","id":"iznlpxuc6vx7yt1"},"id":"91zlruxn1cs6etd","previousOperationId":"gna6uo7d8i4llk6"}
{"type":"log","timestamp":1662564934420,"level":"debug","message":"Page request finished: GET (document) file:///C:/Users/aasem/AppData/Local/Temp/jsreport/autocleanup/cb35fa01-0cba-4a5e-bed8-1ebeec51ef3a-chrome-pdf.html","meta":{"rootId":"iznlpxuc6vx7yt1","id":"iznlpxuc6vx7yt1"},"id":"uths03bmkfp19yt","previousOperationId":"gna6uo7d8i4llk6"}
{"type":"log","timestamp":1662564934448,"level":"debug","message":"Running chrome with params {\"printBackground\":true,\"timeout\":59961,\"margin\":{}}","meta":{"rootId":"iznlpxuc6vx7yt1","id":"iznlpxuc6vx7yt1"},"id":"kpgk95xi16uiux3","previousOperationId":"gna6uo7d8i4llk6"}
{"type":"operationEnd","operationId":"gna6uo7d8i4llk6","timestamp":1662564934561,"id":"xm56nln5p4j89vh","previousEventId":"8qploel3x2mhhk2","previousOperationId":"gna6uo7d8i4llk6"}
{"type":"log","timestamp":1662564934561,"level":"debug","message":"Skipping storing report.","meta":{"rootId":"iznlpxuc6vx7yt1","id":"iznlpxuc6vx7yt1"},"id":"yahfjhzzy0moy82","previousOperationId":"gna6uo7d8i4llk6"}
{"type":"log","timestamp":1662564934561,"level":"info","message":"Rendering request 11 finished in 333 ms","meta":{"rootId":"iznlpxuc6vx7yt1","id":"iznlpxuc6vx7yt1"},"id":"z8jb886xrc040ip","previousOperationId":"gna6uo7d8i4llk6"}
{"type":"operationEnd","subtype":"render","operationId":"a1msbm93i5me142","timestamp":1662564934561,"id":"2yp0tr38p7was9x","previousEventId":"xm56nln5p4j89vh","previousOperationId":"gna6uo7d8i4llk6"}
{"type":"operationEnd","doDiffs":false,"previousEventId":"zzkp7m27m1aak99","previousOperationId":"zvrozf23n1jcwtw","operationId":"zvrozf23n1jcwtw","timestamp":1662564934565,"id":"35t8w4j5t3dcot1"}
