{"type":"operationStart","subtype":"profile","data":{"_id":"QWRzo3tu5W06uGc0","timestamp":"2022-09-09T22:14:20.477Z","state":"queued","mode":"standard","creationDate":"2022-09-09T22:14:20.480Z","modificationDate":"2022-09-09T22:14:20.480Z","shortid":"j24D_n6","$entitySet":"profiles"},"doDiffs":false,"timestamp":1662761660479,"id":"9cg7010c0h5n72q","previousOperationId":null,"operationId":"4m8t7k7pkrn0y31"}
{"type":"log","level":"info","message":"Render request 4 queued for execution and waiting for available worker","previousOperationId":"4m8t7k7pkrn0y31","timestamp":1662761660479,"id":"1got9wumvrhxhxr"}
{"type":"operationStart","subtype":"render","name":"salarySlipTemplate","previousOperationId":"4m8t7k7pkrn0y31","timestamp":1662761660493,"id":"g459i68k8wu8kp0","previousEventId":"9cg7010c0h5n72q","operationId":"ozcyt2zxssajvea"}
{"type":"log","timestamp":1662761660493,"level":"info","message":"Starting rendering request 4 (user: null)","meta":{"rootId":"k0x7n8p6o7kqky5","id":"k0x7n8p6o7kqky5"},"id":"yh7qj1opaf676hz","previousOperationId":"ozcyt2zxssajvea"}
{"type":"log","timestamp":1662761660493,"level":"info","message":"Rendering template { name: salarySlipTemplate, recipe: chrome-pdf, engine: handlebars, preview: false }","meta":{"rootId":"k0x7n8p6o7kqky5","id":"k0x7n8p6o7kqky5"},"id":"q2v1l4otm6bbmh7","previousOperationId":"ozcyt2zxssajvea"}
{"type":"log","timestamp":1662761660495,"level":"debug","message":"Inline data specified.","meta":{"rootId":"k0x7n8p6o7kqky5","id":"k0x7n8p6o7kqky5"},"id":"ndjlg45uahksgw2","previousOperationId":"ozcyt2zxssajvea"}
{"type":"log","timestamp":1662761660497,"level":"debug","message":"Base url not specified, skipping its injection.","meta":{"rootId":"k0x7n8p6o7kqky5","id":"k0x7n8p6o7kqky5"},"id":"nza2lut2u8dzaid","previousOperationId":"ozcyt2zxssajvea"}
{"type":"operationStart","subtype":"engine","name":"handlebars","timestamp":1662761660498,"id":"j0dqeg1kjxpn7mk","previousEventId":"g459i68k8wu8kp0","operationId":"00ju23t63jpg8gf","previousOperationId":"ozcyt2zxssajvea"}
{"type":"log","timestamp":1662761660498,"level":"debug","message":"Rendering engine handlebars","meta":{"rootId":"k0x7n8p6o7kqky5","id":"k0x7n8p6o7kqky5"},"id":"12v6155secrh2h0","previousOperationId":"00ju23t63jpg8gf"}
{"type":"operationEnd","operationId":"00ju23t63jpg8gf","timestamp":1662761670041,"id":"ngvica7mbo6b0pt","previousEventId":"j0dqeg1kjxpn7mk","previousOperationId":"00ju23t63jpg8gf"}
{"type":"operationStart","subtype":"recipe","name":"chrome-pdf","timestamp":1662761670042,"id":"aq5sqvotcuv0ovu","previousEventId":"ngvica7mbo6b0pt","operationId":"lm03de0yme4x15r","previousOperationId":"00ju23t63jpg8gf"}
{"type":"log","timestamp":1662761670042,"level":"debug","message":"Executing recipe chrome-pdf","meta":{"rootId":"k0x7n8p6o7kqky5","id":"k0x7n8p6o7kqky5"},"id":"mni8ec47nz000b5","previousOperationId":"lm03de0yme4x15r"}
{"type":"log","timestamp":1662761680406,"level":"debug","message":"Converting with chrome HeadlessChrome/98.0.4758.0 using chrome-pool strategy","meta":{"rootId":"k0x7n8p6o7kqky5","id":"k0x7n8p6o7kqky5"},"id":"349pzezcuv315e6","previousOperationId":"lm03de0yme4x15r"}
{"type":"log","timestamp":1662761681096,"level":"debug","message":"Page request: GET (document) file:///C:/Users/aasem/AppData/Local/Temp/jsreport/autocleanup/bbfba8ce-4c3e-4791-acb0-cb975d6345ab-chrome-pdf.html","meta":{"rootId":"k0x7n8p6o7kqky5","id":"k0x7n8p6o7kqky5"},"id":"b21d81dgp7t7h7u","previousOperationId":"lm03de0yme4x15r"}
{"type":"log","timestamp":1662761681107,"level":"debug","message":"Page request finished: GET (document) file:///C:/Users/aasem/AppData/Local/Temp/jsreport/autocleanup/bbfba8ce-4c3e-4791-acb0-cb975d6345ab-chrome-pdf.html","meta":{"rootId":"k0x7n8p6o7kqky5","id":"k0x7n8p6o7kqky5"},"id":"mi0sxvrl5t75bvy","previousOperationId":"lm03de0yme4x15r"}
{"type":"log","timestamp":1662761681181,"level":"debug","message":"Running chrome with params {\"printBackground\":true,\"timeout\":50261,\"margin\":{}}","meta":{"rootId":"k0x7n8p6o7kqky5","id":"k0x7n8p6o7kqky5"},"id":"d51iln0h3abdzn6","previousOperationId":"lm03de0yme4x15r"}
{"type":"operationEnd","operationId":"lm03de0yme4x15r","timestamp":1662761681334,"id":"98f1ticui3uae4a","previousEventId":"aq5sqvotcuv0ovu","previousOperationId":"lm03de0yme4x15r"}
{"type":"log","timestamp":1662761681335,"level":"debug","message":"Skipping storing report.","meta":{"rootId":"k0x7n8p6o7kqky5","id":"k0x7n8p6o7kqky5"},"id":"yec7jzukq5pygsp","previousOperationId":"lm03de0yme4x15r"}
{"type":"log","timestamp":1662761681335,"level":"info","message":"Rendering request 4 finished in 20858 ms","meta":{"rootId":"k0x7n8p6o7kqky5","id":"k0x7n8p6o7kqky5"},"id":"1cek2xso9gdrfj6","previousOperationId":"lm03de0yme4x15r"}
{"type":"operationEnd","subtype":"render","operationId":"ozcyt2zxssajvea","timestamp":1662761681335,"id":"ic8aawvb849b6x5","previousEventId":"98f1ticui3uae4a","previousOperationId":"lm03de0yme4x15r"}
{"type":"operationEnd","doDiffs":false,"previousEventId":"9cg7010c0h5n72q","previousOperationId":"4m8t7k7pkrn0y31","operationId":"4m8t7k7pkrn0y31","timestamp":1662761681346,"id":"hzx62fhctde1wqu"}
