{"type":"operationStart","subtype":"profile","data":{"_id":"5rRZYU1GdDwc2jzJ","timestamp":"2022-09-07T15:37:14.858Z","state":"queued","mode":"standard","creationDate":"2022-09-07T15:37:14.863Z","modificationDate":"2022-09-07T15:37:14.863Z","shortid":"D0EhJnt","$entitySet":"profiles"},"doDiffs":false,"timestamp":1662565034860,"id":"riukya6g3thddfh","previousOperationId":null,"operationId":"tcuarr4r1j9st9d"}
{"type":"log","level":"info","message":"Render request 14 queued for execution and waiting for available worker","previousOperationId":"tcuarr4r1j9st9d","timestamp":1662565034860,"id":"6f593v893xat09i"}
{"type":"operationStart","subtype":"render","name":"salarySlipTemplate","previousOperationId":"tcuarr4r1j9st9d","timestamp":1662565034876,"id":"838mlylox88wy0p","previousEventId":"riukya6g3thddfh","operationId":"b9sez2e03lwmxqc"}
{"type":"log","timestamp":1662565034876,"level":"info","message":"Starting rendering request 14 (user: null)","meta":{"rootId":"klm0w5cldq60jks","id":"klm0w5cldq60jks"},"id":"4ubrxk848jp334c","previousOperationId":"b9sez2e03lwmxqc"}
{"type":"log","timestamp":1662565034877,"level":"info","message":"Rendering template { name: salarySlipTemplate, recipe: chrome-pdf, engine: handlebars, preview: false }","meta":{"rootId":"klm0w5cldq60jks","id":"klm0w5cldq60jks"},"id":"xsq3b0vtvgz5zbz","previousOperationId":"b9sez2e03lwmxqc"}
{"type":"log","timestamp":1662565034878,"level":"debug","message":"Inline data specified.","meta":{"rootId":"klm0w5cldq60jks","id":"klm0w5cldq60jks"},"id":"2ipxkquxoz6lyzi","previousOperationId":"b9sez2e03lwmxqc"}
{"type":"log","timestamp":1662565034882,"level":"debug","message":"Base url not specified, skipping its injection.","meta":{"rootId":"klm0w5cldq60jks","id":"klm0w5cldq60jks"},"id":"625tic0hu1yky2e","previousOperationId":"b9sez2e03lwmxqc"}
{"type":"operationStart","subtype":"engine","name":"handlebars","timestamp":1662565034882,"id":"io9s4zog534j2s8","previousEventId":"838mlylox88wy0p","operationId":"fqfgwmlf6gz32iy","previousOperationId":"b9sez2e03lwmxqc"}
{"type":"log","timestamp":1662565034882,"level":"debug","message":"Rendering engine handlebars","meta":{"rootId":"klm0w5cldq60jks","id":"klm0w5cldq60jks"},"id":"148fjowoaanp5of","previousOperationId":"fqfgwmlf6gz32iy"}
{"type":"operationEnd","operationId":"fqfgwmlf6gz32iy","timestamp":1662565034895,"id":"eppb5twvy44g4gz","previousEventId":"io9s4zog534j2s8","previousOperationId":"fqfgwmlf6gz32iy"}
{"type":"operationStart","subtype":"recipe","name":"chrome-pdf","timestamp":1662565034895,"id":"pzstdg6o8dz47k0","previousEventId":"eppb5twvy44g4gz","operationId":"srb67y8dbzy9om6","previousOperationId":"fqfgwmlf6gz32iy"}
{"type":"log","timestamp":1662565034895,"level":"debug","message":"Executing recipe chrome-pdf","meta":{"rootId":"klm0w5cldq60jks","id":"klm0w5cldq60jks"},"id":"udko1v9f0ka3j06","previousOperationId":"srb67y8dbzy9om6"}
{"type":"log","timestamp":1662565034897,"level":"debug","message":"Converting with chrome HeadlessChrome/98.0.4758.0 using chrome-pool strategy","meta":{"rootId":"klm0w5cldq60jks","id":"klm0w5cldq60jks"},"id":"h11jv0a59e06015","previousOperationId":"srb67y8dbzy9om6"}
{"type":"log","timestamp":1662565034994,"level":"debug","message":"Page request: GET (document) file:///C:/Users/aasem/AppData/Local/Temp/jsreport/autocleanup/d57bd8ee-e08a-45d7-bf8f-35512d1cda1a-chrome-pdf.html","meta":{"rootId":"klm0w5cldq60jks","id":"klm0w5cldq60jks"},"id":"wdkya25kozdn0wv","previousOperationId":"srb67y8dbzy9om6"}
{"type":"log","timestamp":1662565035006,"level":"debug","message":"Page request finished: GET (document) file:///C:/Users/aasem/AppData/Local/Temp/jsreport/autocleanup/d57bd8ee-e08a-45d7-bf8f-35512d1cda1a-chrome-pdf.html","meta":{"rootId":"klm0w5cldq60jks","id":"klm0w5cldq60jks"},"id":"iwibgfnfxig8dj4","previousOperationId":"srb67y8dbzy9om6"}
{"type":"log","timestamp":1662565035036,"level":"debug","message":"Running chrome with params {\"printBackground\":true,\"timeout\":59962,\"margin\":{}}","meta":{"rootId":"klm0w5cldq60jks","id":"klm0w5cldq60jks"},"id":"pnljfks9kuvefx7","previousOperationId":"srb67y8dbzy9om6"}
{"type":"operationEnd","operationId":"srb67y8dbzy9om6","timestamp":1662565035142,"id":"ijmsown1lof37l4","previousEventId":"pzstdg6o8dz47k0","previousOperationId":"srb67y8dbzy9om6"}
{"type":"log","timestamp":1662565035142,"level":"debug","message":"Skipping storing report.","meta":{"rootId":"klm0w5cldq60jks","id":"klm0w5cldq60jks"},"id":"j2swwclx3h4cq67","previousOperationId":"srb67y8dbzy9om6"}
{"type":"log","timestamp":1662565035142,"level":"info","message":"Rendering request 14 finished in 284 ms","meta":{"rootId":"klm0w5cldq60jks","id":"klm0w5cldq60jks"},"id":"ujyho9f4w34ujoi","previousOperationId":"srb67y8dbzy9om6"}
{"type":"operationEnd","subtype":"render","operationId":"b9sez2e03lwmxqc","timestamp":1662565035142,"id":"pdd87ombbkbqy7v","previousEventId":"ijmsown1lof37l4","previousOperationId":"srb67y8dbzy9om6"}
{"type":"operationEnd","doDiffs":false,"previousEventId":"riukya6g3thddfh","previousOperationId":"tcuarr4r1j9st9d","operationId":"tcuarr4r1j9st9d","timestamp":1662565035145,"id":"dqelcx7v8v66pml"}
