{"type":"operationStart","subtype":"profile","data":{"_id":"LpVVIcswkwUQuoeK","timestamp":"2022-09-11T15:29:53.673Z","state":"queued","mode":"standard","creationDate":"2022-09-11T15:29:53.675Z","modificationDate":"2022-09-11T15:29:53.675Z","shortid":"RXO3vzj","$entitySet":"profiles"},"doDiffs":false,"timestamp":1662910193674,"id":"85ilxygb8cllwmj","previousOperationId":null,"operationId":"bj1wet1prrqqg9i"}
{"type":"log","level":"info","message":"Render request 5 queued for execution and waiting for available worker","previousOperationId":"bj1wet1prrqqg9i","timestamp":1662910193674,"id":"dvqr7bifn05xbs0"}
{"type":"operationStart","subtype":"render","name":"salarySlipTemplate","previousOperationId":"bj1wet1prrqqg9i","timestamp":1662910193700,"id":"3m697loioxcaakq","previousEventId":"85ilxygb8cllwmj","operationId":"k2aerr8wrgyk3tt"}
{"type":"log","timestamp":1662910193700,"level":"info","message":"Starting rendering request 5 (user: null)","meta":{"rootId":"knjpddv1wghzecq","id":"knjpddv1wghzecq"},"id":"xnjjkndotll156z","previousOperationId":"k2aerr8wrgyk3tt"}
{"type":"log","timestamp":1662910193700,"level":"info","message":"Rendering template { name: salarySlipTemplate, recipe: chrome-pdf, engine: handlebars, preview: false }","meta":{"rootId":"knjpddv1wghzecq","id":"knjpddv1wghzecq"},"id":"lom3jqsndm73z17","previousOperationId":"k2aerr8wrgyk3tt"}
{"type":"log","timestamp":1662910193702,"level":"debug","message":"Inline data specified.","meta":{"rootId":"knjpddv1wghzecq","id":"knjpddv1wghzecq"},"id":"p1isluq2tc6atp7","previousOperationId":"k2aerr8wrgyk3tt"}
{"type":"log","timestamp":1662910193704,"level":"debug","message":"Base url not specified, skipping its injection.","meta":{"rootId":"knjpddv1wghzecq","id":"knjpddv1wghzecq"},"id":"ym31ca06jx6tif1","previousOperationId":"k2aerr8wrgyk3tt"}
{"type":"operationStart","subtype":"engine","name":"handlebars","timestamp":1662910193705,"id":"j4743ue4es17p0f","previousEventId":"3m697loioxcaakq","operationId":"y7el7urcuxyrrss","previousOperationId":"k2aerr8wrgyk3tt"}
{"type":"log","timestamp":1662910193705,"level":"debug","message":"Rendering engine handlebars","meta":{"rootId":"knjpddv1wghzecq","id":"knjpddv1wghzecq"},"id":"wf4yn9knvajg0hd","previousOperationId":"y7el7urcuxyrrss"}
{"type":"operationEnd","operationId":"y7el7urcuxyrrss","timestamp":1662910193718,"id":"wvexa7ennp61ou8","previousEventId":"j4743ue4es17p0f","previousOperationId":"y7el7urcuxyrrss"}
{"type":"operationStart","subtype":"recipe","name":"chrome-pdf","timestamp":1662910193719,"id":"6ptogt3ir7sifxy","previousEventId":"wvexa7ennp61ou8","operationId":"1wb3golvl18wybu","previousOperationId":"y7el7urcuxyrrss"}
{"type":"log","timestamp":1662910193719,"level":"debug","message":"Executing recipe chrome-pdf","meta":{"rootId":"knjpddv1wghzecq","id":"knjpddv1wghzecq"},"id":"izr4xar0vsfx2gd","previousOperationId":"1wb3golvl18wybu"}
{"type":"log","timestamp":1662910193721,"level":"debug","message":"Converting with chrome HeadlessChrome/98.0.4758.0 using chrome-pool strategy","meta":{"rootId":"knjpddv1wghzecq","id":"knjpddv1wghzecq"},"id":"45lbv2rdzzqlskk","previousOperationId":"1wb3golvl18wybu"}
{"type":"log","timestamp":1662910193813,"level":"debug","message":"Page request: GET (document) file:///C:/Users/aasem/AppData/Local/Temp/jsreport/autocleanup/23a1ef3b-314d-4671-99c7-5e9e29624008-chrome-pdf.html","meta":{"rootId":"knjpddv1wghzecq","id":"knjpddv1wghzecq"},"id":"lam37pqzvy6beod","previousOperationId":"1wb3golvl18wybu"}
{"type":"log","timestamp":1662910193821,"level":"debug","message":"Page request finished: GET (document) file:///C:/Users/aasem/AppData/Local/Temp/jsreport/autocleanup/23a1ef3b-314d-4671-99c7-5e9e29624008-chrome-pdf.html","meta":{"rootId":"knjpddv1wghzecq","id":"knjpddv1wghzecq"},"id":"11ro2ap10s3x40g","previousOperationId":"1wb3golvl18wybu"}
{"type":"log","timestamp":1662910193848,"level":"debug","message":"Running chrome with params {\"printBackground\":true,\"timeout\":59953,\"margin\":{}}","meta":{"rootId":"knjpddv1wghzecq","id":"knjpddv1wghzecq"},"id":"nxrkjrt68ksizoj","previousOperationId":"1wb3golvl18wybu"}
{"type":"operationEnd","operationId":"1wb3golvl18wybu","timestamp":1662910193953,"id":"0m23rijhd324cs2","previousEventId":"6ptogt3ir7sifxy","previousOperationId":"1wb3golvl18wybu"}
{"type":"log","timestamp":1662910193953,"level":"debug","message":"Skipping storing report.","meta":{"rootId":"knjpddv1wghzecq","id":"knjpddv1wghzecq"},"id":"noxwxuy1ktoy86o","previousOperationId":"1wb3golvl18wybu"}
{"type":"log","timestamp":1662910193953,"level":"info","message":"Rendering request 5 finished in 280 ms","meta":{"rootId":"knjpddv1wghzecq","id":"knjpddv1wghzecq"},"id":"7tbstdcqki6bwoc","previousOperationId":"1wb3golvl18wybu"}
{"type":"operationEnd","subtype":"render","operationId":"k2aerr8wrgyk3tt","timestamp":1662910193953,"id":"vg0u8u5rtptukwa","previousEventId":"0m23rijhd324cs2","previousOperationId":"1wb3golvl18wybu"}
{"type":"operationEnd","doDiffs":false,"previousEventId":"85ilxygb8cllwmj","previousOperationId":"bj1wet1prrqqg9i","operationId":"bj1wet1prrqqg9i","timestamp":1662910193956,"id":"qadin3qp9e1xda9"}
