{"type":"operationStart","subtype":"profile","data":{"_id":"1ta8bGjLoIgI3zGO","timestamp":"2022-09-07T00:23:29.877Z","state":"queued","mode":"standard","creationDate":"2022-09-07T00:23:29.878Z","modificationDate":"2022-09-07T00:23:29.878Z","shortid":"KbS-Esm","$entitySet":"profiles"},"doDiffs":false,"timestamp":1662510209878,"id":"3v3iscm05266cxx","previousOperationId":null,"operationId":"zhej4k99whq0ru8"}
{"type":"log","level":"info","message":"Render request 32 queued for execution and waiting for available worker","previousOperationId":"zhej4k99whq0ru8","timestamp":1662510209878,"id":"ugl1g3gxexp19on"}
{"type":"operationStart","subtype":"render","name":"salarySlipTemplate","previousOperationId":"zhej4k99whq0ru8","timestamp":1662510209888,"id":"tnhxcym97v917wf","previousEventId":"3v3iscm05266cxx","operationId":"atblspm59nr9k9d"}
{"type":"log","timestamp":1662510209888,"level":"info","message":"Starting rendering request 32 (user: null)","meta":{"rootId":"kq8ih791ouofkta","id":"kq8ih791ouofkta"},"id":"qyvnvvjkt8ol8by","previousOperationId":"atblspm59nr9k9d"}
{"type":"log","timestamp":1662510209888,"level":"info","message":"Rendering template { name: salarySlipTemplate, recipe: chrome-pdf, engine: handlebars, preview: false }","meta":{"rootId":"kq8ih791ouofkta","id":"kq8ih791ouofkta"},"id":"xp3jjj2l8z1kcpf","previousOperationId":"atblspm59nr9k9d"}
{"type":"log","timestamp":1662510209889,"level":"debug","message":"Inline data specified.","meta":{"rootId":"kq8ih791ouofkta","id":"kq8ih791ouofkta"},"id":"0cybv66hpnxazlw","previousOperationId":"atblspm59nr9k9d"}
{"type":"log","timestamp":1662510209892,"level":"debug","message":"Base url not specified, skipping its injection.","meta":{"rootId":"kq8ih791ouofkta","id":"kq8ih791ouofkta"},"id":"uqcvy5kt8ybpvcj","previousOperationId":"atblspm59nr9k9d"}
{"type":"operationStart","subtype":"engine","name":"handlebars","timestamp":1662510209893,"id":"nn9od5uhzy6rc5w","previousEventId":"tnhxcym97v917wf","operationId":"b5c54fs75whjjo0","previousOperationId":"atblspm59nr9k9d"}
{"type":"log","timestamp":1662510209893,"level":"debug","message":"Rendering engine handlebars","meta":{"rootId":"kq8ih791ouofkta","id":"kq8ih791ouofkta"},"id":"l3ecd9baa0kh5be","previousOperationId":"b5c54fs75whjjo0"}
{"type":"operationEnd","operationId":"b5c54fs75whjjo0","timestamp":1662510209905,"id":"8trqdlalqsm08vs","previousEventId":"nn9od5uhzy6rc5w","previousOperationId":"b5c54fs75whjjo0"}
{"type":"operationStart","subtype":"recipe","name":"chrome-pdf","timestamp":1662510209905,"id":"5ytdopk9ws1a0z8","previousEventId":"8trqdlalqsm08vs","operationId":"48iqkyubk68uvbv","previousOperationId":"b5c54fs75whjjo0"}
{"type":"log","timestamp":1662510209905,"level":"debug","message":"Executing recipe chrome-pdf","meta":{"rootId":"kq8ih791ouofkta","id":"kq8ih791ouofkta"},"id":"odvms2dn3hdofi1","previousOperationId":"48iqkyubk68uvbv"}
{"type":"log","timestamp":1662510209908,"level":"debug","message":"Converting with chrome HeadlessChrome/98.0.4758.0 using chrome-pool strategy","meta":{"rootId":"kq8ih791ouofkta","id":"kq8ih791ouofkta"},"id":"0gzv2x5epk1jl60","previousOperationId":"48iqkyubk68uvbv"}
{"type":"log","timestamp":1662510210014,"level":"debug","message":"Page request: GET (document) file:///C:/Users/aasem/AppData/Local/Temp/jsreport/autocleanup/5b89147a-cc8a-462b-98b3-71ee4e25f39a-chrome-pdf.html","meta":{"rootId":"kq8ih791ouofkta","id":"kq8ih791ouofkta"},"id":"lnb7pkw5e04pz7u","previousOperationId":"48iqkyubk68uvbv"}
{"type":"log","timestamp":1662510210022,"level":"debug","message":"Page request finished: GET (document) file:///C:/Users/aasem/AppData/Local/Temp/jsreport/autocleanup/5b89147a-cc8a-462b-98b3-71ee4e25f39a-chrome-pdf.html","meta":{"rootId":"kq8ih791ouofkta","id":"kq8ih791ouofkta"},"id":"h7s7iamvu5p7jsq","previousOperationId":"48iqkyubk68uvbv"}
{"type":"log","timestamp":1662510210047,"level":"debug","message":"Running chrome with params {\"printBackground\":true,\"timeout\":59968,\"margin\":{}}","meta":{"rootId":"kq8ih791ouofkta","id":"kq8ih791ouofkta"},"id":"1q3gubx2n0nlca7","previousOperationId":"48iqkyubk68uvbv"}
{"type":"operationEnd","operationId":"48iqkyubk68uvbv","timestamp":1662510210134,"id":"i70zauz6dvwh8io","previousEventId":"5ytdopk9ws1a0z8","previousOperationId":"48iqkyubk68uvbv"}
{"type":"operationStart","subtype":"reports","name":"persisting report","doDiffs":false,"timestamp":1662510210134,"id":"xwpvib0megg4vtv","previousEventId":"i70zauz6dvwh8io","operationId":"btby48ruqr4z60g","previousOperationId":"48iqkyubk68uvbv"}
{"type":"log","timestamp":1662510210152,"level":"debug","message":"Report stored as reports/salary/salarySlipTemplate/q8eacmS6WWo3riNB.pdf","meta":{"rootId":"kq8ih791ouofkta","id":"kq8ih791ouofkta"},"id":"jf64of9g1b5464g","previousOperationId":"btby48ruqr4z60g"}
{"type":"operationEnd","operationId":"btby48ruqr4z60g","doDiffs":false,"timestamp":1662510210153,"id":"qof0vjem80qzlje","previousEventId":"xwpvib0megg4vtv","previousOperationId":"btby48ruqr4z60g"}
{"type":"log","timestamp":1662510210153,"level":"info","message":"Rendering request 32 finished in 277 ms","meta":{"rootId":"kq8ih791ouofkta","id":"kq8ih791ouofkta"},"id":"4o33j1tpqzjl8fm","previousOperationId":"btby48ruqr4z60g"}
{"type":"operationEnd","subtype":"render","operationId":"atblspm59nr9k9d","timestamp":1662510210153,"id":"8f1lys6ytip2j03","previousEventId":"qof0vjem80qzlje","previousOperationId":"btby48ruqr4z60g"}
{"type":"operationEnd","doDiffs":false,"previousEventId":"3v3iscm05266cxx","previousOperationId":"zhej4k99whq0ru8","operationId":"zhej4k99whq0ru8","timestamp":1662510210155,"id":"j8dt18pq04p83hj"}
