{"type":"operationStart","subtype":"profile","data":{"_id":"84rj32CQ6ofMMGBS","timestamp":"2022-09-07T00:21:00.441Z","state":"queued","mode":"standard","creationDate":"2022-09-07T00:21:00.443Z","modificationDate":"2022-09-07T00:21:00.443Z","shortid":"siwt4Lp","$entitySet":"profiles"},"doDiffs":false,"timestamp":1662510060442,"id":"qykuifls6ksqt2q","previousOperationId":null,"operationId":"4bijbkzj3fp9bza"}
{"type":"log","level":"info","message":"Render request 28 queued for execution and waiting for available worker","previousOperationId":"4bijbkzj3fp9bza","timestamp":1662510060442,"id":"t2q7vtsabjymuwf"}
{"type":"operationStart","subtype":"render","name":"salarySlipTemplate","previousOperationId":"4bijbkzj3fp9bza","timestamp":1662510060452,"id":"yulerefhu47gs5p","previousEventId":"qykuifls6ksqt2q","operationId":"y304uq3hdkm4y9f"}
{"type":"log","timestamp":1662510060452,"level":"info","message":"Starting rendering request 28 (user: null)","meta":{"rootId":"ktyqgwafjwd6tcb","id":"ktyqgwafjwd6tcb"},"id":"9jhv3wn78pa6yp0","previousOperationId":"y304uq3hdkm4y9f"}
{"type":"log","timestamp":1662510060452,"level":"info","message":"Rendering template { name: salarySlipTemplate, recipe: chrome-pdf, engine: handlebars, preview: false }","meta":{"rootId":"ktyqgwafjwd6tcb","id":"ktyqgwafjwd6tcb"},"id":"zpbn5oyg5l1y5o3","previousOperationId":"y304uq3hdkm4y9f"}
{"type":"log","timestamp":1662510060452,"level":"debug","message":"Inline data specified.","meta":{"rootId":"ktyqgwafjwd6tcb","id":"ktyqgwafjwd6tcb"},"id":"5lma6qd72sxr7kk","previousOperationId":"y304uq3hdkm4y9f"}
{"type":"log","timestamp":1662510060455,"level":"debug","message":"Base url not specified, skipping its injection.","meta":{"rootId":"ktyqgwafjwd6tcb","id":"ktyqgwafjwd6tcb"},"id":"4hakqy1r26jbf3p","previousOperationId":"y304uq3hdkm4y9f"}
{"type":"operationStart","subtype":"engine","name":"handlebars","timestamp":1662510060455,"id":"3kkawl7fqd0gjfz","previousEventId":"yulerefhu47gs5p","operationId":"rlyp63vo9zryg11","previousOperationId":"y304uq3hdkm4y9f"}
{"type":"log","timestamp":1662510060455,"level":"debug","message":"Rendering engine handlebars","meta":{"rootId":"ktyqgwafjwd6tcb","id":"ktyqgwafjwd6tcb"},"id":"6vbubswf5g49oae","previousOperationId":"rlyp63vo9zryg11"}
{"type":"operationEnd","operationId":"rlyp63vo9zryg11","timestamp":1662510060469,"id":"htb4nkdlk3lppqm","previousEventId":"3kkawl7fqd0gjfz","previousOperationId":"rlyp63vo9zryg11"}
{"type":"operationStart","subtype":"recipe","name":"chrome-pdf","timestamp":1662510060469,"id":"tqbv2tmbqaonbpx","previousEventId":"htb4nkdlk3lppqm","operationId":"dihtbucnbv5vc5v","previousOperationId":"rlyp63vo9zryg11"}
{"type":"log","timestamp":1662510060469,"level":"debug","message":"Executing recipe chrome-pdf","meta":{"rootId":"ktyqgwafjwd6tcb","id":"ktyqgwafjwd6tcb"},"id":"x8tlzrx1f86cbst","previousOperationId":"dihtbucnbv5vc5v"}
{"type":"log","timestamp":1662510060471,"level":"debug","message":"Converting with chrome HeadlessChrome/98.0.4758.0 using chrome-pool strategy","meta":{"rootId":"ktyqgwafjwd6tcb","id":"ktyqgwafjwd6tcb"},"id":"tc7tcqrr2ou639i","previousOperationId":"dihtbucnbv5vc5v"}
{"type":"log","timestamp":1662510060566,"level":"debug","message":"Page request: GET (document) file:///C:/Users/aasem/AppData/Local/Temp/jsreport/autocleanup/299bc8ff-03bc-4465-80cf-95ca595cd5c7-chrome-pdf.html","meta":{"rootId":"ktyqgwafjwd6tcb","id":"ktyqgwafjwd6tcb"},"id":"m2c786ozi2pmrot","previousOperationId":"dihtbucnbv5vc5v"}
{"type":"log","timestamp":1662510060578,"level":"debug","message":"Page request finished: GET (document) file:///C:/Users/aasem/AppData/Local/Temp/jsreport/autocleanup/299bc8ff-03bc-4465-80cf-95ca595cd5c7-chrome-pdf.html","meta":{"rootId":"ktyqgwafjwd6tcb","id":"ktyqgwafjwd6tcb"},"id":"ue910kgn13ktudj","previousOperationId":"dihtbucnbv5vc5v"}
{"type":"log","timestamp":1662510060603,"level":"debug","message":"Running chrome with params {\"printBackground\":true,\"timeout\":59971,\"margin\":{}}","meta":{"rootId":"ktyqgwafjwd6tcb","id":"ktyqgwafjwd6tcb"},"id":"305belrnvcyy6q6","previousOperationId":"dihtbucnbv5vc5v"}
{"type":"operationEnd","operationId":"dihtbucnbv5vc5v","timestamp":1662510060695,"id":"kdbauufy99th9ve","previousEventId":"tqbv2tmbqaonbpx","previousOperationId":"dihtbucnbv5vc5v"}
{"type":"operationStart","subtype":"reports","name":"persisting report","doDiffs":false,"timestamp":1662510060695,"id":"cn4lfi2rvtwvbnn","previousEventId":"kdbauufy99th9ve","operationId":"411jadl33lshegs","previousOperationId":"dihtbucnbv5vc5v"}
{"type":"log","timestamp":1662510060715,"level":"debug","message":"Report stored as reports/salary/salarySlipTemplate/XkB1o6ayvQ7usv6F.pdf","meta":{"rootId":"ktyqgwafjwd6tcb","id":"ktyqgwafjwd6tcb"},"id":"36gm3aoel2if3p9","previousOperationId":"411jadl33lshegs"}
{"type":"operationEnd","operationId":"411jadl33lshegs","doDiffs":false,"timestamp":1662510060715,"id":"n6o843spjhvpb87","previousEventId":"cn4lfi2rvtwvbnn","previousOperationId":"411jadl33lshegs"}
{"type":"log","timestamp":1662510060715,"level":"info","message":"Rendering request 28 finished in 274 ms","meta":{"rootId":"ktyqgwafjwd6tcb","id":"ktyqgwafjwd6tcb"},"id":"yx8p0g502ofzxaa","previousOperationId":"411jadl33lshegs"}
{"type":"operationEnd","subtype":"render","operationId":"y304uq3hdkm4y9f","timestamp":1662510060715,"id":"35tkk4lj6xvm2t5","previousEventId":"n6o843spjhvpb87","previousOperationId":"411jadl33lshegs"}
{"type":"operationEnd","doDiffs":false,"previousEventId":"qykuifls6ksqt2q","previousOperationId":"4bijbkzj3fp9bza","operationId":"4bijbkzj3fp9bza","timestamp":1662510060719,"id":"f460lbbki9smmzf"}
