{"type":"operationStart","subtype":"profile","data":{"_id":"NK2RqPDVYfI9yzwe","timestamp":"2022-09-21T07:16:01.134Z","state":"queued","mode":"standard","creationDate":"2022-09-21T07:16:01.138Z","modificationDate":"2022-09-21T07:16:01.138Z","shortid":"uvrXosv","$entitySet":"profiles"},"doDiffs":false,"timestamp":1663744561137,"id":"hfxqq2nfj3t39m2","previousOperationId":null,"operationId":"urbwzrch5o7f8wa"}
{"type":"log","level":"info","message":"Render request 1 queued for execution and waiting for available worker","previousOperationId":"urbwzrch5o7f8wa","timestamp":1663744561137,"id":"xmdxm7oirddbpf8"}
{"type":"operationStart","subtype":"render","name":"salarySlipTemplate","previousOperationId":"urbwzrch5o7f8wa","timestamp":1663744561164,"id":"e3mvdsv97xs07xg","previousEventId":"hfxqq2nfj3t39m2","operationId":"se7b1f1wpl6g61x"}
{"type":"log","timestamp":1663744561165,"level":"info","message":"Starting rendering request 1 (user: null)","meta":{"rootId":"lhqjrbbc51qe59y","id":"lhqjrbbc51qe59y"},"id":"dyrzh9x2yxly0at","previousOperationId":"se7b1f1wpl6g61x"}
{"type":"log","timestamp":1663744561193,"level":"info","message":"Rendering template { name: salarySlipTemplate, recipe: chrome-pdf, engine: handlebars, preview: false }","meta":{"rootId":"lhqjrbbc51qe59y","id":"lhqjrbbc51qe59y"},"id":"2ccj1qccnsho9jw","previousOperationId":"se7b1f1wpl6g61x"}
{"type":"log","timestamp":1663744561195,"level":"debug","message":"Inline data specified.","meta":{"rootId":"lhqjrbbc51qe59y","id":"lhqjrbbc51qe59y"},"id":"15ku0md7q2qa5b8","previousOperationId":"se7b1f1wpl6g61x"}
{"type":"log","timestamp":1663744561197,"level":"debug","message":"Base url not specified, skipping its injection.","meta":{"rootId":"lhqjrbbc51qe59y","id":"lhqjrbbc51qe59y"},"id":"jn9h4t1swb3n7l6","previousOperationId":"se7b1f1wpl6g61x"}
{"type":"operationStart","subtype":"engine","name":"handlebars","timestamp":1663744561198,"id":"ujttqh4awhjh6jx","previousEventId":"e3mvdsv97xs07xg","operationId":"alge3l5j7v9wwa0","previousOperationId":"se7b1f1wpl6g61x"}
{"type":"log","timestamp":1663744561198,"level":"debug","message":"Rendering engine handlebars","meta":{"rootId":"lhqjrbbc51qe59y","id":"lhqjrbbc51qe59y"},"id":"nb6bj7ndullwwc7","previousOperationId":"alge3l5j7v9wwa0"}
{"type":"operationEnd","operationId":"alge3l5j7v9wwa0","timestamp":1663744566642,"id":"umbgbn4adudpmhi","previousEventId":"ujttqh4awhjh6jx","previousOperationId":"alge3l5j7v9wwa0"}
{"type":"operationStart","subtype":"recipe","name":"chrome-pdf","timestamp":1663744566647,"id":"2jw7evq1hlv2rz7","previousEventId":"umbgbn4adudpmhi","operationId":"7ftn7zpymh720fb","previousOperationId":"alge3l5j7v9wwa0"}
{"type":"log","timestamp":1663744566647,"level":"debug","message":"Executing recipe chrome-pdf","meta":{"rootId":"lhqjrbbc51qe59y","id":"lhqjrbbc51qe59y"},"id":"l8fxc7ohdzckem4","previousOperationId":"7ftn7zpymh720fb"}
{"type":"log","timestamp":1663744569918,"level":"debug","message":"Converting with chrome HeadlessChrome/98.0.4758.0 using chrome-pool strategy","meta":{"rootId":"lhqjrbbc51qe59y","id":"lhqjrbbc51qe59y"},"id":"w322uhfhqx68nws","previousOperationId":"7ftn7zpymh720fb"}
{"type":"log","timestamp":1663744574712,"level":"debug","message":"Page request: GET (document) file:///C:/Users/aasem/AppData/Local/Temp/jsreport/autocleanup/c27cc062-27d0-415b-9559-f0b7f04481e4-chrome-pdf.html","meta":{"rootId":"lhqjrbbc51qe59y","id":"lhqjrbbc51qe59y"},"id":"6np2acu38wol2rl","previousOperationId":"7ftn7zpymh720fb"}
{"type":"log","timestamp":1663744574728,"level":"debug","message":"Page request finished: GET (document) file:///C:/Users/aasem/AppData/Local/Temp/jsreport/autocleanup/c27cc062-27d0-415b-9559-f0b7f04481e4-chrome-pdf.html","meta":{"rootId":"lhqjrbbc51qe59y","id":"lhqjrbbc51qe59y"},"id":"hpl8pmsxuy39t2o","previousOperationId":"7ftn7zpymh720fb"}
{"type":"log","timestamp":1663744574978,"level":"debug","message":"Running chrome with params {\"printBackground\":true,\"timeout\":54297,\"margin\":{}}","meta":{"rootId":"lhqjrbbc51qe59y","id":"lhqjrbbc51qe59y"},"id":"4coepecrr3gnj9a","previousOperationId":"7ftn7zpymh720fb"}
{"type":"operationEnd","operationId":"7ftn7zpymh720fb","timestamp":1663744575224,"id":"94tl84lzo3w8hm4","previousEventId":"2jw7evq1hlv2rz7","previousOperationId":"7ftn7zpymh720fb"}
{"type":"log","timestamp":1663744575226,"level":"debug","message":"Skipping storing report.","meta":{"rootId":"lhqjrbbc51qe59y","id":"lhqjrbbc51qe59y"},"id":"wujcia2tgpk3bt3","previousOperationId":"7ftn7zpymh720fb"}
{"type":"log","timestamp":1663744575249,"level":"info","message":"Rendering request 1 finished in 14114 ms","meta":{"rootId":"lhqjrbbc51qe59y","id":"lhqjrbbc51qe59y"},"id":"l3wzej2wy82n9rf","previousOperationId":"7ftn7zpymh720fb"}
{"type":"operationEnd","subtype":"render","operationId":"se7b1f1wpl6g61x","timestamp":1663744575249,"id":"xufmcalsywqcdeg","previousEventId":"94tl84lzo3w8hm4","previousOperationId":"7ftn7zpymh720fb"}
{"type":"operationEnd","doDiffs":false,"previousEventId":"hfxqq2nfj3t39m2","previousOperationId":"urbwzrch5o7f8wa","operationId":"urbwzrch5o7f8wa","timestamp":1663744575262,"id":"kywqyxrzgy491sn"}
