{"type":"operationStart","subtype":"profile","data":{"_id":"lfISFl2MEFVGAora","timestamp":"2022-09-10T21:57:06.362Z","state":"queued","mode":"standard","creationDate":"2022-09-10T21:57:06.364Z","modificationDate":"2022-09-10T21:57:06.364Z","shortid":"qwwwYKM","$entitySet":"profiles"},"doDiffs":false,"timestamp":1662847026363,"id":"2oizctyd3zx3ylh","previousOperationId":null,"operationId":"tpl2kwy4ard6cpq"}
{"type":"log","level":"info","message":"Render request 6 queued for execution and waiting for available worker","previousOperationId":"tpl2kwy4ard6cpq","timestamp":1662847026363,"id":"9xg6ipwb5wvywtk"}
{"type":"operationStart","subtype":"render","name":"salarySlipTemplate","previousOperationId":"tpl2kwy4ard6cpq","timestamp":1662847026373,"id":"knqlk3vzqgdwwgp","previousEventId":"2oizctyd3zx3ylh","operationId":"rgdfzns1dini2cr"}
{"type":"log","timestamp":1662847026373,"level":"info","message":"Starting rendering request 6 (user: null)","meta":{"rootId":"lqvzonulc2p7siv","id":"lqvzonulc2p7siv"},"id":"l82ixvca71cr490","previousOperationId":"rgdfzns1dini2cr"}
{"type":"log","timestamp":1662847026374,"level":"info","message":"Rendering template { name: salarySlipTemplate, recipe: chrome-pdf, engine: handlebars, preview: false }","meta":{"rootId":"lqvzonulc2p7siv","id":"lqvzonulc2p7siv"},"id":"0rim4a6d3li50gv","previousOperationId":"rgdfzns1dini2cr"}
{"type":"log","timestamp":1662847026376,"level":"debug","message":"Inline data specified.","meta":{"rootId":"lqvzonulc2p7siv","id":"lqvzonulc2p7siv"},"id":"60u31we78m4z9xe","previousOperationId":"rgdfzns1dini2cr"}
{"type":"log","timestamp":1662847026378,"level":"debug","message":"Base url not specified, skipping its injection.","meta":{"rootId":"lqvzonulc2p7siv","id":"lqvzonulc2p7siv"},"id":"n4kqwc58giatr4m","previousOperationId":"rgdfzns1dini2cr"}
{"type":"operationStart","subtype":"engine","name":"handlebars","timestamp":1662847026378,"id":"w4qdqgs0hyoy9lq","previousEventId":"knqlk3vzqgdwwgp","operationId":"akpup3plhb9jrdr","previousOperationId":"rgdfzns1dini2cr"}
{"type":"log","timestamp":1662847026378,"level":"debug","message":"Rendering engine handlebars","meta":{"rootId":"lqvzonulc2p7siv","id":"lqvzonulc2p7siv"},"id":"wvp6bf6fcdlbqm3","previousOperationId":"akpup3plhb9jrdr"}
{"type":"operationEnd","operationId":"akpup3plhb9jrdr","timestamp":1662847026395,"id":"x10pj69tca4hs0m","previousEventId":"w4qdqgs0hyoy9lq","previousOperationId":"akpup3plhb9jrdr"}
{"type":"operationStart","subtype":"recipe","name":"chrome-pdf","timestamp":1662847026396,"id":"5ivhdphzvnt2139","previousEventId":"x10pj69tca4hs0m","operationId":"s31ntc820bu3z9i","previousOperationId":"akpup3plhb9jrdr"}
{"type":"log","timestamp":1662847026396,"level":"debug","message":"Executing recipe chrome-pdf","meta":{"rootId":"lqvzonulc2p7siv","id":"lqvzonulc2p7siv"},"id":"lsgkuxm7ekmlak5","previousOperationId":"s31ntc820bu3z9i"}
{"type":"log","timestamp":1662847026398,"level":"debug","message":"Converting with chrome HeadlessChrome/98.0.4758.0 using chrome-pool strategy","meta":{"rootId":"lqvzonulc2p7siv","id":"lqvzonulc2p7siv"},"id":"7mi9wuj8kiii6z8","previousOperationId":"s31ntc820bu3z9i"}
{"type":"log","timestamp":1662847026523,"level":"debug","message":"Page request: GET (document) file:///C:/Users/aasem/AppData/Local/Temp/jsreport/autocleanup/cb1c5c24-fe44-4347-affa-09643bbfea80-chrome-pdf.html","meta":{"rootId":"lqvzonulc2p7siv","id":"lqvzonulc2p7siv"},"id":"48kai3qo5031umr","previousOperationId":"s31ntc820bu3z9i"}
{"type":"log","timestamp":1662847026535,"level":"debug","message":"Page request finished: GET (document) file:///C:/Users/aasem/AppData/Local/Temp/jsreport/autocleanup/cb1c5c24-fe44-4347-affa-09643bbfea80-chrome-pdf.html","meta":{"rootId":"lqvzonulc2p7siv","id":"lqvzonulc2p7siv"},"id":"sueazwrneog0wij","previousOperationId":"s31ntc820bu3z9i"}
{"type":"log","timestamp":1662847026615,"level":"debug","message":"Running chrome with params {\"printBackground\":true,\"timeout\":59965,\"margin\":{}}","meta":{"rootId":"lqvzonulc2p7siv","id":"lqvzonulc2p7siv"},"id":"lgklj9mqf2rfw04","previousOperationId":"s31ntc820bu3z9i"}
{"type":"operationEnd","operationId":"s31ntc820bu3z9i","timestamp":1662847026721,"id":"ou4dmhqfl1hn71f","previousEventId":"5ivhdphzvnt2139","previousOperationId":"s31ntc820bu3z9i"}
{"type":"log","timestamp":1662847026721,"level":"debug","message":"Skipping storing report.","meta":{"rootId":"lqvzonulc2p7siv","id":"lqvzonulc2p7siv"},"id":"fj3hb8tw2sqg2c8","previousOperationId":"s31ntc820bu3z9i"}
{"type":"log","timestamp":1662847026721,"level":"info","message":"Rendering request 6 finished in 359 ms","meta":{"rootId":"lqvzonulc2p7siv","id":"lqvzonulc2p7siv"},"id":"t8r6jrd1fogasls","previousOperationId":"s31ntc820bu3z9i"}
{"type":"operationEnd","subtype":"render","operationId":"rgdfzns1dini2cr","timestamp":1662847026722,"id":"tamrw894rsz0e2f","previousEventId":"ou4dmhqfl1hn71f","previousOperationId":"s31ntc820bu3z9i"}
{"type":"operationEnd","doDiffs":false,"previousEventId":"2oizctyd3zx3ylh","previousOperationId":"tpl2kwy4ard6cpq","operationId":"tpl2kwy4ard6cpq","timestamp":1662847026724,"id":"8qn5v0foh2e4oc6"}
