{"type":"operationStart","subtype":"profile","data":{"_id":"onjWQTMOL8yKetGa","timestamp":"2022-09-21T07:18:22.797Z","state":"queued","mode":"standard","creationDate":"2022-09-21T07:18:22.798Z","modificationDate":"2022-09-21T07:18:22.798Z","shortid":"Ob8kM3w","$entitySet":"profiles"},"doDiffs":false,"timestamp":1663744702798,"id":"v73a4feq65rjsog","previousOperationId":null,"operationId":"6qq4cpxr1f3mj4n"}
{"type":"log","level":"info","message":"Render request 5 queued for execution and waiting for available worker","previousOperationId":"6qq4cpxr1f3mj4n","timestamp":1663744702798,"id":"n917z8l8pgw5rlh"}
{"type":"operationStart","subtype":"render","name":"salarySlipTemplate","previousOperationId":"6qq4cpxr1f3mj4n","timestamp":1663744702805,"id":"g6hdg4ibibnnzir","previousEventId":"v73a4feq65rjsog","operationId":"1qxyy6o70ggw3k5"}
{"type":"log","timestamp":1663744702805,"level":"info","message":"Starting rendering request 5 (user: null)","meta":{"rootId":"lrcufz4lx8ea9fy","id":"lrcufz4lx8ea9fy"},"id":"t8aess632lw3j6y","previousOperationId":"1qxyy6o70ggw3k5"}
{"type":"log","timestamp":1663744702806,"level":"info","message":"Rendering template { name: salarySlipTemplate, recipe: chrome-pdf, engine: handlebars, preview: false }","meta":{"rootId":"lrcufz4lx8ea9fy","id":"lrcufz4lx8ea9fy"},"id":"mmedeb936m611s5","previousOperationId":"1qxyy6o70ggw3k5"}
{"type":"log","timestamp":1663744702807,"level":"debug","message":"Inline data specified.","meta":{"rootId":"lrcufz4lx8ea9fy","id":"lrcufz4lx8ea9fy"},"id":"4jbgc8rrhqylqfp","previousOperationId":"1qxyy6o70ggw3k5"}
{"type":"log","timestamp":1663744702811,"level":"debug","message":"Base url not specified, skipping its injection.","meta":{"rootId":"lrcufz4lx8ea9fy","id":"lrcufz4lx8ea9fy"},"id":"zzo0kfrmn7wc2ml","previousOperationId":"1qxyy6o70ggw3k5"}
{"type":"operationStart","subtype":"engine","name":"handlebars","timestamp":1663744702811,"id":"xhst8t1g1pkc64r","previousEventId":"g6hdg4ibibnnzir","operationId":"aq3yjfzzj137ka9","previousOperationId":"1qxyy6o70ggw3k5"}
{"type":"log","timestamp":1663744702811,"level":"debug","message":"Rendering engine handlebars","meta":{"rootId":"lrcufz4lx8ea9fy","id":"lrcufz4lx8ea9fy"},"id":"gv09etldj169oey","previousOperationId":"aq3yjfzzj137ka9"}
{"type":"operationEnd","operationId":"aq3yjfzzj137ka9","timestamp":1663744702823,"id":"q2qh4xs568n1kpp","previousEventId":"xhst8t1g1pkc64r","previousOperationId":"aq3yjfzzj137ka9"}
{"type":"operationStart","subtype":"recipe","name":"chrome-pdf","timestamp":1663744702823,"id":"rn7pryosl0n9610","previousEventId":"q2qh4xs568n1kpp","operationId":"l6au290ahhds2df","previousOperationId":"aq3yjfzzj137ka9"}
{"type":"log","timestamp":1663744702823,"level":"debug","message":"Executing recipe chrome-pdf","meta":{"rootId":"lrcufz4lx8ea9fy","id":"lrcufz4lx8ea9fy"},"id":"w2dsywimbzwp2sn","previousOperationId":"l6au290ahhds2df"}
{"type":"log","timestamp":1663744702825,"level":"debug","message":"Converting with chrome HeadlessChrome/98.0.4758.0 using chrome-pool strategy","meta":{"rootId":"lrcufz4lx8ea9fy","id":"lrcufz4lx8ea9fy"},"id":"vqq2zr61whnjqzn","previousOperationId":"l6au290ahhds2df"}
{"type":"log","timestamp":1663744702988,"level":"debug","message":"Page request: GET (document) file:///C:/Users/aasem/AppData/Local/Temp/jsreport/autocleanup/3ab37a76-44d0-4491-9e78-7e55c1c88538-chrome-pdf.html","meta":{"rootId":"lrcufz4lx8ea9fy","id":"lrcufz4lx8ea9fy"},"id":"qcldxeofk18mr7n","previousOperationId":"l6au290ahhds2df"}
{"type":"log","timestamp":1663744702997,"level":"debug","message":"Page request finished: GET (document) file:///C:/Users/aasem/AppData/Local/Temp/jsreport/autocleanup/3ab37a76-44d0-4491-9e78-7e55c1c88538-chrome-pdf.html","meta":{"rootId":"lrcufz4lx8ea9fy","id":"lrcufz4lx8ea9fy"},"id":"w5ozpniymg76tug","previousOperationId":"l6au290ahhds2df"}
{"type":"log","timestamp":1663744703024,"level":"debug","message":"Running chrome with params {\"printBackground\":true,\"timeout\":59971,\"margin\":{}}","meta":{"rootId":"lrcufz4lx8ea9fy","id":"lrcufz4lx8ea9fy"},"id":"efrpgjs724pt94l","previousOperationId":"l6au290ahhds2df"}
{"type":"operationEnd","operationId":"l6au290ahhds2df","timestamp":1663744703125,"id":"0edmfhmiwcmou40","previousEventId":"rn7pryosl0n9610","previousOperationId":"l6au290ahhds2df"}
{"type":"log","timestamp":1663744703125,"level":"debug","message":"Skipping storing report.","meta":{"rootId":"lrcufz4lx8ea9fy","id":"lrcufz4lx8ea9fy"},"id":"cinw038v0br9rva","previousOperationId":"l6au290ahhds2df"}
{"type":"log","timestamp":1663744703125,"level":"info","message":"Rendering request 5 finished in 329 ms","meta":{"rootId":"lrcufz4lx8ea9fy","id":"lrcufz4lx8ea9fy"},"id":"x49kytrieob8kfr","previousOperationId":"l6au290ahhds2df"}
{"type":"operationEnd","subtype":"render","operationId":"1qxyy6o70ggw3k5","timestamp":1663744703125,"id":"jfxs0irq8d1tzdv","previousEventId":"0edmfhmiwcmou40","previousOperationId":"l6au290ahhds2df"}
{"type":"operationEnd","doDiffs":false,"previousEventId":"v73a4feq65rjsog","previousOperationId":"6qq4cpxr1f3mj4n","operationId":"6qq4cpxr1f3mj4n","timestamp":1663744703127,"id":"ms8j7ap5wtjy41a"}
