{"type":"operationStart","subtype":"profile","data":{"_id":"7SV8LzRCOiPVVp4P","timestamp":"2022-09-07T00:17:33.212Z","state":"queued","mode":"standard","creationDate":"2022-09-07T00:17:33.214Z","modificationDate":"2022-09-07T00:17:33.214Z","shortid":"Vn5QvQt","$entitySet":"profiles"},"doDiffs":false,"timestamp":1662509853213,"id":"0r2qaficbvb704g","previousOperationId":null,"operationId":"d3lvu7ggc1dtq9p"}
{"type":"log","level":"info","message":"Render request 22 queued for execution and waiting for available worker","previousOperationId":"d3lvu7ggc1dtq9p","timestamp":1662509853213,"id":"twduwcayryiednl"}
{"type":"operationStart","subtype":"render","name":"salarySlipTemplate","previousOperationId":"d3lvu7ggc1dtq9p","timestamp":1662509853230,"id":"nz3or4xxu56v4bv","previousEventId":"0r2qaficbvb704g","operationId":"rdxsmx8ouzc674s"}
{"type":"log","timestamp":1662509853230,"level":"info","message":"Starting rendering request 22 (user: null)","meta":{"rootId":"m82uscfumx0lsz7","id":"m82uscfumx0lsz7"},"id":"rm04o4g3zo3hrss","previousOperationId":"rdxsmx8ouzc674s"}
{"type":"log","timestamp":1662509853231,"level":"info","message":"Rendering template { name: salarySlipTemplate, recipe: chrome-pdf, engine: handlebars, preview: false }","meta":{"rootId":"m82uscfumx0lsz7","id":"m82uscfumx0lsz7"},"id":"v06yrz5mtokio1t","previousOperationId":"rdxsmx8ouzc674s"}
{"type":"log","timestamp":1662509853231,"level":"debug","message":"Inline data specified.","meta":{"rootId":"m82uscfumx0lsz7","id":"m82uscfumx0lsz7"},"id":"m6btkg0sp9lly4f","previousOperationId":"rdxsmx8ouzc674s"}
{"type":"log","timestamp":1662509853234,"level":"debug","message":"Base url not specified, skipping its injection.","meta":{"rootId":"m82uscfumx0lsz7","id":"m82uscfumx0lsz7"},"id":"pico9unfwwk7xk9","previousOperationId":"rdxsmx8ouzc674s"}
{"type":"operationStart","subtype":"engine","name":"handlebars","timestamp":1662509853234,"id":"9gjoimoadmoilyl","previousEventId":"nz3or4xxu56v4bv","operationId":"gcqusiaev98vvsp","previousOperationId":"rdxsmx8ouzc674s"}
{"type":"log","timestamp":1662509853234,"level":"debug","message":"Rendering engine handlebars","meta":{"rootId":"m82uscfumx0lsz7","id":"m82uscfumx0lsz7"},"id":"d3ee3ahxfa3pl5o","previousOperationId":"gcqusiaev98vvsp"}
{"type":"operationEnd","operationId":"gcqusiaev98vvsp","timestamp":1662509853250,"id":"uw0uv5o3jhnkilc","previousEventId":"9gjoimoadmoilyl","previousOperationId":"gcqusiaev98vvsp"}
{"type":"operationStart","subtype":"recipe","name":"chrome-pdf","timestamp":1662509853251,"id":"8vjll8c1pnnw6vj","previousEventId":"uw0uv5o3jhnkilc","operationId":"644jymkjy51kaz5","previousOperationId":"gcqusiaev98vvsp"}
{"type":"log","timestamp":1662509853251,"level":"debug","message":"Executing recipe chrome-pdf","meta":{"rootId":"m82uscfumx0lsz7","id":"m82uscfumx0lsz7"},"id":"zw093vrx2zsd9iq","previousOperationId":"644jymkjy51kaz5"}
{"type":"log","timestamp":1662509853253,"level":"debug","message":"Converting with chrome HeadlessChrome/98.0.4758.0 using chrome-pool strategy","meta":{"rootId":"m82uscfumx0lsz7","id":"m82uscfumx0lsz7"},"id":"4ywrx6fx25ndtrg","previousOperationId":"644jymkjy51kaz5"}
{"type":"log","timestamp":1662509853349,"level":"debug","message":"Page request: GET (document) file:///C:/Users/aasem/AppData/Local/Temp/jsreport/autocleanup/cb6ca67e-6263-4062-bd34-b358cd062a8b-chrome-pdf.html","meta":{"rootId":"m82uscfumx0lsz7","id":"m82uscfumx0lsz7"},"id":"l5k7drcv35hsoge","previousOperationId":"644jymkjy51kaz5"}
{"type":"log","timestamp":1662509853359,"level":"debug","message":"Page request finished: GET (document) file:///C:/Users/aasem/AppData/Local/Temp/jsreport/autocleanup/cb6ca67e-6263-4062-bd34-b358cd062a8b-chrome-pdf.html","meta":{"rootId":"m82uscfumx0lsz7","id":"m82uscfumx0lsz7"},"id":"j3wtrcjcwm4weil","previousOperationId":"644jymkjy51kaz5"}
{"type":"log","timestamp":1662509853386,"level":"debug","message":"Running chrome with params {\"printBackground\":true,\"timeout\":59960,\"margin\":{}}","meta":{"rootId":"m82uscfumx0lsz7","id":"m82uscfumx0lsz7"},"id":"vuvjepe45ms3bgt","previousOperationId":"644jymkjy51kaz5"}
{"type":"operationEnd","operationId":"644jymkjy51kaz5","timestamp":1662509853481,"id":"sdy63prlegnbxqv","previousEventId":"8vjll8c1pnnw6vj","previousOperationId":"644jymkjy51kaz5"}
{"type":"operationStart","subtype":"reports","name":"persisting report","doDiffs":false,"timestamp":1662509853482,"id":"w64m67zy0869swq","previousEventId":"sdy63prlegnbxqv","operationId":"3st1e8s6n65wwmf","previousOperationId":"644jymkjy51kaz5"}
{"type":"log","timestamp":1662509853495,"level":"debug","message":"Report stored as reports/salary/salarySlipTemplate/JlacZxkhLaO9ivVC.pdf","meta":{"rootId":"m82uscfumx0lsz7","id":"m82uscfumx0lsz7"},"id":"6z2r1b8ku4unygd","previousOperationId":"3st1e8s6n65wwmf"}
{"type":"operationEnd","operationId":"3st1e8s6n65wwmf","doDiffs":false,"timestamp":1662509853495,"id":"8wztdsho1cc1nsa","previousEventId":"w64m67zy0869swq","previousOperationId":"3st1e8s6n65wwmf"}
{"type":"log","timestamp":1662509853495,"level":"info","message":"Rendering request 22 finished in 283 ms","meta":{"rootId":"m82uscfumx0lsz7","id":"m82uscfumx0lsz7"},"id":"uxxlnczdeuv4uql","previousOperationId":"3st1e8s6n65wwmf"}
{"type":"operationEnd","subtype":"render","operationId":"rdxsmx8ouzc674s","timestamp":1662509853495,"id":"k4cvpgzp7qdjtl7","previousEventId":"8wztdsho1cc1nsa","previousOperationId":"3st1e8s6n65wwmf"}
{"type":"operationEnd","doDiffs":false,"previousEventId":"0r2qaficbvb704g","previousOperationId":"d3lvu7ggc1dtq9p","operationId":"d3lvu7ggc1dtq9p","timestamp":1662509853498,"id":"v2nl5l0wl56f5n3"}
