{"type":"operationStart","subtype":"profile","data":{"_id":"5DOP1TjXIt43hOOg","timestamp":"2022-09-07T15:37:54.873Z","state":"queued","mode":"standard","creationDate":"2022-09-07T15:37:54.876Z","modificationDate":"2022-09-07T15:37:54.876Z","shortid":"e4oCY9f","$entitySet":"profiles"},"doDiffs":false,"timestamp":1662565074874,"id":"ty2gv4kmtvgx03e","previousOperationId":null,"operationId":"flk70dqq2rizy7n"}
{"type":"log","level":"info","message":"Render request 16 queued for execution and waiting for available worker","previousOperationId":"flk70dqq2rizy7n","timestamp":1662565074874,"id":"n1u71kgtcw8brls"}
{"type":"operationStart","subtype":"render","name":"salarySlipTemplate","previousOperationId":"flk70dqq2rizy7n","timestamp":1662565074893,"id":"m1rc8scc1cina3n","previousEventId":"ty2gv4kmtvgx03e","operationId":"r5f3cw3y5hkgh3s"}
{"type":"log","timestamp":1662565074894,"level":"info","message":"Starting rendering request 16 (user: null)","meta":{"rootId":"mgw7zujxzvbn1cw","id":"mgw7zujxzvbn1cw"},"id":"ozlvm36anwc589r","previousOperationId":"r5f3cw3y5hkgh3s"}
{"type":"log","timestamp":1662565074894,"level":"info","message":"Rendering template { name: salarySlipTemplate, recipe: chrome-pdf, engine: handlebars, preview: false }","meta":{"rootId":"mgw7zujxzvbn1cw","id":"mgw7zujxzvbn1cw"},"id":"0qu92b2i6lgxxhb","previousOperationId":"r5f3cw3y5hkgh3s"}
{"type":"log","timestamp":1662565074894,"level":"debug","message":"Inline data specified.","meta":{"rootId":"mgw7zujxzvbn1cw","id":"mgw7zujxzvbn1cw"},"id":"plrcnnuxojqf9ah","previousOperationId":"r5f3cw3y5hkgh3s"}
{"type":"log","timestamp":1662565074896,"level":"debug","message":"Base url not specified, skipping its injection.","meta":{"rootId":"mgw7zujxzvbn1cw","id":"mgw7zujxzvbn1cw"},"id":"lp5pj5dnzpnisa4","previousOperationId":"r5f3cw3y5hkgh3s"}
{"type":"operationStart","subtype":"engine","name":"handlebars","timestamp":1662565074896,"id":"rqs5y6gngfgps4o","previousEventId":"m1rc8scc1cina3n","operationId":"7xfrsjur4aphorg","previousOperationId":"r5f3cw3y5hkgh3s"}
{"type":"log","timestamp":1662565074896,"level":"debug","message":"Rendering engine handlebars","meta":{"rootId":"mgw7zujxzvbn1cw","id":"mgw7zujxzvbn1cw"},"id":"7kyd6hyqxuyrnnr","previousOperationId":"7xfrsjur4aphorg"}
{"type":"operationEnd","operationId":"7xfrsjur4aphorg","timestamp":1662565074911,"id":"hmff71mbi5gq5y0","previousEventId":"rqs5y6gngfgps4o","previousOperationId":"7xfrsjur4aphorg"}
{"type":"operationStart","subtype":"recipe","name":"chrome-pdf","timestamp":1662565074911,"id":"lb0sa52u88a77js","previousEventId":"hmff71mbi5gq5y0","operationId":"duws6ur7k3d4dsi","previousOperationId":"7xfrsjur4aphorg"}
{"type":"log","timestamp":1662565074911,"level":"debug","message":"Executing recipe chrome-pdf","meta":{"rootId":"mgw7zujxzvbn1cw","id":"mgw7zujxzvbn1cw"},"id":"n8hhem3tsracy8u","previousOperationId":"duws6ur7k3d4dsi"}
{"type":"log","timestamp":1662565074914,"level":"debug","message":"Converting with chrome HeadlessChrome/98.0.4758.0 using chrome-pool strategy","meta":{"rootId":"mgw7zujxzvbn1cw","id":"mgw7zujxzvbn1cw"},"id":"y1847nfkugsuugh","previousOperationId":"duws6ur7k3d4dsi"}
{"type":"log","timestamp":1662565075007,"level":"debug","message":"Page request: GET (document) file:///C:/Users/aasem/AppData/Local/Temp/jsreport/autocleanup/91039fe9-e6f0-458d-99be-1472e9eee7f8-chrome-pdf.html","meta":{"rootId":"mgw7zujxzvbn1cw","id":"mgw7zujxzvbn1cw"},"id":"u68hzc791lg0zj9","previousOperationId":"duws6ur7k3d4dsi"}
{"type":"log","timestamp":1662565075019,"level":"debug","message":"Page request finished: GET (document) file:///C:/Users/aasem/AppData/Local/Temp/jsreport/autocleanup/91039fe9-e6f0-458d-99be-1472e9eee7f8-chrome-pdf.html","meta":{"rootId":"mgw7zujxzvbn1cw","id":"mgw7zujxzvbn1cw"},"id":"d8p21sgnja3kqp5","previousOperationId":"duws6ur7k3d4dsi"}
{"type":"log","timestamp":1662565075046,"level":"debug","message":"Running chrome with params {\"printBackground\":true,\"timeout\":59959,\"margin\":{}}","meta":{"rootId":"mgw7zujxzvbn1cw","id":"mgw7zujxzvbn1cw"},"id":"ot3n3w3u5zfa4c7","previousOperationId":"duws6ur7k3d4dsi"}
{"type":"operationEnd","operationId":"duws6ur7k3d4dsi","timestamp":1662565075176,"id":"px0qxyvmky2ei7z","previousEventId":"lb0sa52u88a77js","previousOperationId":"duws6ur7k3d4dsi"}
{"type":"log","timestamp":1662565075176,"level":"debug","message":"Skipping storing report.","meta":{"rootId":"mgw7zujxzvbn1cw","id":"mgw7zujxzvbn1cw"},"id":"p4gbg3huniwt3xq","previousOperationId":"duws6ur7k3d4dsi"}
{"type":"log","timestamp":1662565075176,"level":"info","message":"Rendering request 16 finished in 304 ms","meta":{"rootId":"mgw7zujxzvbn1cw","id":"mgw7zujxzvbn1cw"},"id":"5m4pxgp6p9vspn7","previousOperationId":"duws6ur7k3d4dsi"}
{"type":"operationEnd","subtype":"render","operationId":"r5f3cw3y5hkgh3s","timestamp":1662565075176,"id":"j81c79ao0fa5u61","previousEventId":"px0qxyvmky2ei7z","previousOperationId":"duws6ur7k3d4dsi"}
{"type":"operationEnd","doDiffs":false,"previousEventId":"ty2gv4kmtvgx03e","previousOperationId":"flk70dqq2rizy7n","operationId":"flk70dqq2rizy7n","timestamp":1662565075180,"id":"7r5koe34zu0dnoc"}
