{"type":"operationStart","subtype":"profile","data":{"_id":"deJeSJ1OZISRQXWp","timestamp":"2022-09-06T23:24:33.715Z","state":"queued","mode":"standard","creationDate":"2022-09-06T23:24:33.721Z","modificationDate":"2022-09-06T23:24:33.721Z","shortid":"TvymtKa","$entitySet":"profiles"},"doDiffs":false,"timestamp":1662506673717,"id":"16eoaog9kzbb6xp","previousOperationId":null,"operationId":"b200shvkqye2zo6"}
{"type":"log","level":"info","message":"Render request 1 queued for execution and waiting for available worker","previousOperationId":"b200shvkqye2zo6","timestamp":1662506673718,"id":"cvviny11uobg8is"}
{"type":"operationStart","subtype":"render","name":"salarySlipTemplate","previousOperationId":"b200shvkqye2zo6","timestamp":1662506673757,"id":"owq2mcykxpoor8t","previousEventId":"16eoaog9kzbb6xp","operationId":"7iflg6ikp762ipp"}
{"type":"log","timestamp":1662506673758,"level":"info","message":"Starting rendering request 1 (user: null)","meta":{"rootId":"mujbfpgcmk2sd60","id":"mujbfpgcmk2sd60"},"id":"yuqhvc1smurtvt8","previousOperationId":"7iflg6ikp762ipp"}
{"type":"log","timestamp":1662506673759,"level":"info","message":"Rendering template { name: salarySlipTemplate, recipe: chrome-pdf, engine: handlebars, preview: true }","meta":{"rootId":"mujbfpgcmk2sd60","id":"mujbfpgcmk2sd60"},"id":"m7jh121zhvx7l79","previousOperationId":"7iflg6ikp762ipp"}
{"type":"log","timestamp":1662506673761,"level":"debug","message":"Inline data specified.","meta":{"rootId":"mujbfpgcmk2sd60","id":"mujbfpgcmk2sd60"},"id":"owbufp87193w00t","previousOperationId":"7iflg6ikp762ipp"}
{"type":"log","timestamp":1662506673778,"level":"debug","message":"Base url not specified, skipping its injection.","meta":{"rootId":"mujbfpgcmk2sd60","id":"mujbfpgcmk2sd60"},"id":"4jjmd2ncbs8ba9c","previousOperationId":"7iflg6ikp762ipp"}
{"type":"operationStart","subtype":"engine","name":"handlebars","timestamp":1662506673780,"id":"4dw86mdd0j2ygnk","previousEventId":"owq2mcykxpoor8t","operationId":"ru1b8vmq97kepxh","previousOperationId":"7iflg6ikp762ipp"}
{"type":"log","timestamp":1662506673780,"level":"debug","message":"Rendering engine handlebars","meta":{"rootId":"mujbfpgcmk2sd60","id":"mujbfpgcmk2sd60"},"id":"3baf4xxkvbg2rf5","previousOperationId":"ru1b8vmq97kepxh"}
{"type":"operationEnd","operationId":"ru1b8vmq97kepxh","timestamp":1662506676993,"id":"nho6psnbup0gaib","previousEventId":"4dw86mdd0j2ygnk","previousOperationId":"ru1b8vmq97kepxh"}
{"type":"operationStart","subtype":"recipe","name":"chrome-pdf","timestamp":1662506676994,"id":"w9d6ayrsmgbl7b5","previousEventId":"nho6psnbup0gaib","operationId":"korw7193c4x4ka4","previousOperationId":"ru1b8vmq97kepxh"}
{"type":"log","timestamp":1662506676994,"level":"debug","message":"Executing recipe chrome-pdf","meta":{"rootId":"mujbfpgcmk2sd60","id":"mujbfpgcmk2sd60"},"id":"rj90mo02kondnco","previousOperationId":"korw7193c4x4ka4"}
{"type":"log","timestamp":1662506680137,"level":"debug","message":"Converting with chrome HeadlessChrome/98.0.4758.0 using chrome-pool strategy","meta":{"rootId":"mujbfpgcmk2sd60","id":"mujbfpgcmk2sd60"},"id":"95064hn3g4u0jqn","previousOperationId":"korw7193c4x4ka4"}
{"type":"log","timestamp":1662506683776,"level":"debug","message":"Page request: GET (document) file:///C:/Users/aasem/AppData/Local/Temp/jsreport/autocleanup/8d8605cc-ce96-41f7-99f5-acd1be17dadb-chrome-pdf.html","meta":{"rootId":"mujbfpgcmk2sd60","id":"mujbfpgcmk2sd60"},"id":"dlgus5697491ib4","previousOperationId":"korw7193c4x4ka4"}
{"type":"log","timestamp":1662506683823,"level":"debug","message":"Page request finished: GET (document) file:///C:/Users/aasem/AppData/Local/Temp/jsreport/autocleanup/8d8605cc-ce96-41f7-99f5-acd1be17dadb-chrome-pdf.html","meta":{"rootId":"mujbfpgcmk2sd60","id":"mujbfpgcmk2sd60"},"id":"q3y25w5ugx73l0q","previousOperationId":"korw7193c4x4ka4"}
{"type":"log","timestamp":1662506683859,"level":"debug","message":"Running chrome with params {\"printBackground\":true,\"timeout\":56536,\"margin\":{}}","meta":{"rootId":"mujbfpgcmk2sd60","id":"mujbfpgcmk2sd60"},"id":"oua45hvp89h2kq0","previousOperationId":"korw7193c4x4ka4"}
{"type":"operationEnd","operationId":"korw7193c4x4ka4","timestamp":1662506684004,"id":"ug2pxnw4nkxnlyk","previousEventId":"w9d6ayrsmgbl7b5","previousOperationId":"korw7193c4x4ka4"}
{"type":"log","timestamp":1662506684005,"level":"debug","message":"Skipping storing report.","meta":{"rootId":"mujbfpgcmk2sd60","id":"mujbfpgcmk2sd60"},"id":"8geq3px6a51ihgf","previousOperationId":"korw7193c4x4ka4"}
{"type":"log","timestamp":1662506684005,"level":"info","message":"Rendering request 1 finished in 10290 ms","meta":{"rootId":"mujbfpgcmk2sd60","id":"mujbfpgcmk2sd60"},"id":"q7lobz8xvuy742k","previousOperationId":"korw7193c4x4ka4"}
{"type":"operationEnd","subtype":"render","operationId":"7iflg6ikp762ipp","timestamp":1662506684005,"id":"40ev36lqm20v2o3","previousEventId":"ug2pxnw4nkxnlyk","previousOperationId":"korw7193c4x4ka4"}
{"type":"operationEnd","doDiffs":false,"previousEventId":"16eoaog9kzbb6xp","previousOperationId":"b200shvkqye2zo6","operationId":"b200shvkqye2zo6","timestamp":1662506684011,"id":"9sniij2lggpfxoj"}
