{"type":"operationStart","subtype":"profile","data":{"_id":"icSaOf8ot6NKee6F","timestamp":"2022-09-07T00:01:34.620Z","state":"queued","mode":"standard","creationDate":"2022-09-07T00:01:34.622Z","modificationDate":"2022-09-07T00:01:34.622Z","shortid":"jy3JIUN","$entitySet":"profiles"},"doDiffs":false,"timestamp":1662508894621,"id":"oqdi90f3ldgvgvj","previousOperationId":null,"operationId":"9nu7nu622y8qdse"}
{"type":"log","level":"info","message":"Render request 5 queued for execution and waiting for available worker","previousOperationId":"9nu7nu622y8qdse","timestamp":1662508894621,"id":"f7gprfzq2ygaf2y"}
{"type":"operationStart","subtype":"render","name":"salarySlipTemplate","previousOperationId":"9nu7nu622y8qdse","timestamp":1662508894633,"id":"0b5pryakv4xpp7p","previousEventId":"oqdi90f3ldgvgvj","operationId":"dxl0e9ey1tt73kx"}
{"type":"log","timestamp":1662508894634,"level":"info","message":"Starting rendering request 5 (user: null)","meta":{"rootId":"mxjjoyp1m396phr","id":"mxjjoyp1m396phr"},"id":"szqoz48y0bj7dpn","previousOperationId":"dxl0e9ey1tt73kx"}
{"type":"log","timestamp":1662508894634,"level":"info","message":"Rendering template { name: salarySlipTemplate, recipe: chrome-pdf, engine: handlebars, preview: false }","meta":{"rootId":"mxjjoyp1m396phr","id":"mxjjoyp1m396phr"},"id":"cjp73prkzsioqnt","previousOperationId":"dxl0e9ey1tt73kx"}
{"type":"log","timestamp":1662508894634,"level":"debug","message":"Inline data specified.","meta":{"rootId":"mxjjoyp1m396phr","id":"mxjjoyp1m396phr"},"id":"utsjkkw77gl7cz0","previousOperationId":"dxl0e9ey1tt73kx"}
{"type":"log","timestamp":1662508894637,"level":"debug","message":"Base url not specified, skipping its injection.","meta":{"rootId":"mxjjoyp1m396phr","id":"mxjjoyp1m396phr"},"id":"6j751e5w0baxcii","previousOperationId":"dxl0e9ey1tt73kx"}
{"type":"operationStart","subtype":"engine","name":"handlebars","timestamp":1662508894637,"id":"wp69slf8ndbs44x","previousEventId":"0b5pryakv4xpp7p","operationId":"v2nz2jglnuzy3qs","previousOperationId":"dxl0e9ey1tt73kx"}
{"type":"log","timestamp":1662508894637,"level":"debug","message":"Rendering engine handlebars","meta":{"rootId":"mxjjoyp1m396phr","id":"mxjjoyp1m396phr"},"id":"ag1ykpekzub3r6n","previousOperationId":"v2nz2jglnuzy3qs"}
{"type":"operationEnd","operationId":"v2nz2jglnuzy3qs","timestamp":1662508894653,"id":"5fwfjvqxbnxffwh","previousEventId":"wp69slf8ndbs44x","previousOperationId":"v2nz2jglnuzy3qs"}
{"type":"operationStart","subtype":"recipe","name":"chrome-pdf","timestamp":1662508894653,"id":"e4h90bvs8qp6xks","previousEventId":"5fwfjvqxbnxffwh","operationId":"1ntf4oohtpk7wgx","previousOperationId":"v2nz2jglnuzy3qs"}
{"type":"log","timestamp":1662508894653,"level":"debug","message":"Executing recipe chrome-pdf","meta":{"rootId":"mxjjoyp1m396phr","id":"mxjjoyp1m396phr"},"id":"6xgrxovby7oe2h4","previousOperationId":"1ntf4oohtpk7wgx"}
{"type":"log","timestamp":1662508894656,"level":"debug","message":"Converting with chrome HeadlessChrome/98.0.4758.0 using chrome-pool strategy","meta":{"rootId":"mxjjoyp1m396phr","id":"mxjjoyp1m396phr"},"id":"eywhfnwh5mwnjh1","previousOperationId":"1ntf4oohtpk7wgx"}
{"type":"log","timestamp":1662508894816,"level":"debug","message":"Page request: GET (document) file:///C:/Users/aasem/AppData/Local/Temp/jsreport/autocleanup/05a62f33-bb4a-4704-8027-10eef48630c1-chrome-pdf.html","meta":{"rootId":"mxjjoyp1m396phr","id":"mxjjoyp1m396phr"},"id":"1x4u6jbgqx15i02","previousOperationId":"1ntf4oohtpk7wgx"}
{"type":"log","timestamp":1662508894825,"level":"debug","message":"Page request finished: GET (document) file:///C:/Users/aasem/AppData/Local/Temp/jsreport/autocleanup/05a62f33-bb4a-4704-8027-10eef48630c1-chrome-pdf.html","meta":{"rootId":"mxjjoyp1m396phr","id":"mxjjoyp1m396phr"},"id":"di8fd2znedzrvho","previousOperationId":"1ntf4oohtpk7wgx"}
{"type":"log","timestamp":1662508894850,"level":"debug","message":"Running chrome with params {\"printBackground\":true,\"timeout\":59964,\"margin\":{}}","meta":{"rootId":"mxjjoyp1m396phr","id":"mxjjoyp1m396phr"},"id":"nb42gfxbbs32ess","previousOperationId":"1ntf4oohtpk7wgx"}
{"type":"operationEnd","operationId":"1ntf4oohtpk7wgx","timestamp":1662508894951,"id":"asdkr4tlc1ulows","previousEventId":"e4h90bvs8qp6xks","previousOperationId":"1ntf4oohtpk7wgx"}
{"type":"operationStart","subtype":"reports","name":"persisting report","doDiffs":false,"timestamp":1662508894951,"id":"c8jts1o88l1a44b","previousEventId":"asdkr4tlc1ulows","operationId":"e7g6mbm0erm2p0v","previousOperationId":"1ntf4oohtpk7wgx"}
{"type":"log","timestamp":1662508894971,"level":"debug","message":"Report stored as reports/salary/salarySlipTemplate/kJDcMIDwLCYduHVP.pdf","meta":{"rootId":"mxjjoyp1m396phr","id":"mxjjoyp1m396phr"},"id":"uju2la2u44nrnft","previousOperationId":"e7g6mbm0erm2p0v"}
{"type":"operationEnd","operationId":"e7g6mbm0erm2p0v","doDiffs":false,"timestamp":1662508894971,"id":"9c2c6583t11on78","previousEventId":"c8jts1o88l1a44b","previousOperationId":"e7g6mbm0erm2p0v"}
{"type":"log","timestamp":1662508894971,"level":"info","message":"Rendering request 5 finished in 352 ms","meta":{"rootId":"mxjjoyp1m396phr","id":"mxjjoyp1m396phr"},"id":"zdpzo50t6dh2nys","previousOperationId":"e7g6mbm0erm2p0v"}
{"type":"operationEnd","subtype":"render","operationId":"dxl0e9ey1tt73kx","timestamp":1662508894971,"id":"lj1amohleidizle","previousEventId":"9c2c6583t11on78","previousOperationId":"e7g6mbm0erm2p0v"}
{"type":"operationEnd","doDiffs":false,"previousEventId":"oqdi90f3ldgvgvj","previousOperationId":"9nu7nu622y8qdse","operationId":"9nu7nu622y8qdse","timestamp":1662508894974,"id":"vc2c5dq5yvkssgg"}
