{"type":"operationStart","subtype":"profile","data":{"_id":"Tlp9uvUwzaF19l2v","timestamp":"2022-09-07T00:00:57.389Z","state":"queued","mode":"standard","creationDate":"2022-09-07T00:00:57.391Z","modificationDate":"2022-09-07T00:00:57.391Z","shortid":"NYsc3Vw","$entitySet":"profiles"},"doDiffs":false,"timestamp":1662508857390,"id":"z8hdmzgtsstgqlp","previousOperationId":null,"operationId":"a1vitpcrz36q21x"}
{"type":"log","level":"info","message":"Render request 4 queued for execution and waiting for available worker","previousOperationId":"a1vitpcrz36q21x","timestamp":1662508857390,"id":"vjtobdoxjk35v04"}
{"type":"operationStart","subtype":"render","name":"salarySlipTemplate","previousOperationId":"a1vitpcrz36q21x","timestamp":1662508857400,"id":"zcqj7dqgfjh8znc","previousEventId":"z8hdmzgtsstgqlp","operationId":"5rf5jpcow2mk254"}
{"type":"log","timestamp":1662508857400,"level":"info","message":"Starting rendering request 4 (user: null)","meta":{"rootId":"n4un0wbadyv6v4j","id":"n4un0wbadyv6v4j"},"id":"butulfg3n1yrg8z","previousOperationId":"5rf5jpcow2mk254"}
{"type":"log","timestamp":1662508857400,"level":"info","message":"Rendering template { name: salarySlipTemplate, recipe: chrome-pdf, engine: handlebars, preview: false }","meta":{"rootId":"n4un0wbadyv6v4j","id":"n4un0wbadyv6v4j"},"id":"ru60r12hjxqboa4","previousOperationId":"5rf5jpcow2mk254"}
{"type":"log","timestamp":1662508857401,"level":"debug","message":"Inline data specified.","meta":{"rootId":"n4un0wbadyv6v4j","id":"n4un0wbadyv6v4j"},"id":"yb1mu92d4arldef","previousOperationId":"5rf5jpcow2mk254"}
{"type":"log","timestamp":1662508857402,"level":"debug","message":"Base url not specified, skipping its injection.","meta":{"rootId":"n4un0wbadyv6v4j","id":"n4un0wbadyv6v4j"},"id":"ap5p4sqwdw8z7xo","previousOperationId":"5rf5jpcow2mk254"}
{"type":"operationStart","subtype":"engine","name":"handlebars","timestamp":1662508857403,"id":"fk8zbwuyuul2we3","previousEventId":"zcqj7dqgfjh8znc","operationId":"8rspgb7e2efy3rs","previousOperationId":"5rf5jpcow2mk254"}
{"type":"log","timestamp":1662508857403,"level":"debug","message":"Rendering engine handlebars","meta":{"rootId":"n4un0wbadyv6v4j","id":"n4un0wbadyv6v4j"},"id":"ie67mlu1rddkvz8","previousOperationId":"8rspgb7e2efy3rs"}
{"type":"operationEnd","operationId":"8rspgb7e2efy3rs","timestamp":1662508857417,"id":"y0mtxf80b3sbar7","previousEventId":"fk8zbwuyuul2we3","previousOperationId":"8rspgb7e2efy3rs"}
{"type":"operationStart","subtype":"recipe","name":"chrome-pdf","timestamp":1662508857418,"id":"xh58p40tkx2t4nz","previousEventId":"y0mtxf80b3sbar7","operationId":"1zurr2m2fhzhr0s","previousOperationId":"8rspgb7e2efy3rs"}
{"type":"log","timestamp":1662508857418,"level":"debug","message":"Executing recipe chrome-pdf","meta":{"rootId":"n4un0wbadyv6v4j","id":"n4un0wbadyv6v4j"},"id":"hard7gwllbtyyke","previousOperationId":"1zurr2m2fhzhr0s"}
{"type":"log","timestamp":1662508857420,"level":"debug","message":"Converting with chrome HeadlessChrome/98.0.4758.0 using chrome-pool strategy","meta":{"rootId":"n4un0wbadyv6v4j","id":"n4un0wbadyv6v4j"},"id":"hjz1yu3rt58jng3","previousOperationId":"1zurr2m2fhzhr0s"}
{"type":"log","timestamp":1662508857573,"level":"debug","message":"Page request: GET (document) file:///C:/Users/aasem/AppData/Local/Temp/jsreport/autocleanup/2d932292-c674-463b-b160-7554054f5c2b-chrome-pdf.html","meta":{"rootId":"n4un0wbadyv6v4j","id":"n4un0wbadyv6v4j"},"id":"vibhsonno2xpm8t","previousOperationId":"1zurr2m2fhzhr0s"}
{"type":"log","timestamp":1662508857582,"level":"debug","message":"Page request finished: GET (document) file:///C:/Users/aasem/AppData/Local/Temp/jsreport/autocleanup/2d932292-c674-463b-b160-7554054f5c2b-chrome-pdf.html","meta":{"rootId":"n4un0wbadyv6v4j","id":"n4un0wbadyv6v4j"},"id":"48firswe83y16g3","previousOperationId":"1zurr2m2fhzhr0s"}
{"type":"log","timestamp":1662508857611,"level":"debug","message":"Running chrome with params {\"printBackground\":true,\"timeout\":59970,\"margin\":{}}","meta":{"rootId":"n4un0wbadyv6v4j","id":"n4un0wbadyv6v4j"},"id":"nwvzy2c0gtau3lp","previousOperationId":"1zurr2m2fhzhr0s"}
{"type":"operationEnd","operationId":"1zurr2m2fhzhr0s","timestamp":1662508857717,"id":"cmzaz9h66r2eyq8","previousEventId":"xh58p40tkx2t4nz","previousOperationId":"1zurr2m2fhzhr0s"}
{"type":"operationStart","subtype":"reports","name":"persisting report","doDiffs":false,"timestamp":1662508857717,"id":"y45ujpzj1ptrk95","previousEventId":"cmzaz9h66r2eyq8","operationId":"osdq6w6pgn3l3bj","previousOperationId":"1zurr2m2fhzhr0s"}
{"type":"log","timestamp":1662508857737,"level":"debug","message":"Report stored as reports/salary/salarySlipTemplate/8NOXtcigTNY1dWn2.pdf","meta":{"rootId":"n4un0wbadyv6v4j","id":"n4un0wbadyv6v4j"},"id":"k3vftjmcip4z61q","previousOperationId":"osdq6w6pgn3l3bj"}
{"type":"operationEnd","operationId":"osdq6w6pgn3l3bj","doDiffs":false,"timestamp":1662508857737,"id":"k53er24bj0tulnh","previousEventId":"y45ujpzj1ptrk95","previousOperationId":"osdq6w6pgn3l3bj"}
{"type":"log","timestamp":1662508857737,"level":"info","message":"Rendering request 4 finished in 348 ms","meta":{"rootId":"n4un0wbadyv6v4j","id":"n4un0wbadyv6v4j"},"id":"mi140osfrh1zawa","previousOperationId":"osdq6w6pgn3l3bj"}
{"type":"operationEnd","subtype":"render","operationId":"5rf5jpcow2mk254","timestamp":1662508857737,"id":"9rywhh4xfxszfcb","previousEventId":"k53er24bj0tulnh","previousOperationId":"osdq6w6pgn3l3bj"}
{"type":"operationEnd","doDiffs":false,"previousEventId":"z8hdmzgtsstgqlp","previousOperationId":"a1vitpcrz36q21x","operationId":"a1vitpcrz36q21x","timestamp":1662508857740,"id":"vl1u1r516mo0de0"}
