{"type":"operationStart","subtype":"profile","data":{"_id":"nD4PQBQ15YSUd902","timestamp":"2022-09-06T16:47:30.152Z","state":"queued","mode":"standard","creationDate":"2022-09-06T16:47:30.154Z","modificationDate":"2022-09-06T16:47:30.154Z","shortid":"he11HLw","$entitySet":"profiles"},"doDiffs":false,"timestamp":1662482850153,"id":"qvgagvp47zg3thx","previousOperationId":null,"operationId":"mq86am18z61o985"}
{"type":"log","level":"info","message":"Render request 22 queued for execution and waiting for available worker","previousOperationId":"mq86am18z61o985","timestamp":1662482850153,"id":"apnyh074odikwo0"}
{"type":"operationStart","subtype":"render","name":"salarySlipTemplate","previousOperationId":"mq86am18z61o985","timestamp":1662482850167,"id":"y2a4q2d21ocmuyr","previousEventId":"qvgagvp47zg3thx","operationId":"nquqmwhpqlc8d3z"}
{"type":"log","timestamp":1662482850167,"level":"info","message":"Starting rendering request 22 (user: null)","meta":{"rootId":"n7nucw44d8z6m8s","id":"n7nucw44d8z6m8s"},"id":"t0p3jahan7zl2ec","previousOperationId":"nquqmwhpqlc8d3z"}
{"type":"log","timestamp":1662482850167,"level":"info","message":"Rendering template { name: salarySlipTemplate, recipe: chrome-pdf, engine: handlebars, preview: false }","meta":{"rootId":"n7nucw44d8z6m8s","id":"n7nucw44d8z6m8s"},"id":"jcf60a9agvqbpnd","previousOperationId":"nquqmwhpqlc8d3z"}
{"type":"log","timestamp":1662482850168,"level":"debug","message":"Inline data specified.","meta":{"rootId":"n7nucw44d8z6m8s","id":"n7nucw44d8z6m8s"},"id":"4vhr4ok4kfixmrh","previousOperationId":"nquqmwhpqlc8d3z"}
{"type":"log","timestamp":1662482850171,"level":"debug","message":"Base url not specified, skipping its injection.","meta":{"rootId":"n7nucw44d8z6m8s","id":"n7nucw44d8z6m8s"},"id":"iu4g3sqwta22l9z","previousOperationId":"nquqmwhpqlc8d3z"}
{"type":"operationStart","subtype":"engine","name":"handlebars","timestamp":1662482850171,"id":"1mwdc3iuh9w5w2t","previousEventId":"y2a4q2d21ocmuyr","operationId":"4tfmlewbcqqiohw","previousOperationId":"nquqmwhpqlc8d3z"}
{"type":"log","timestamp":1662482850171,"level":"debug","message":"Rendering engine handlebars","meta":{"rootId":"n7nucw44d8z6m8s","id":"n7nucw44d8z6m8s"},"id":"3nfl46gy5t410t7","previousOperationId":"4tfmlewbcqqiohw"}
{"type":"operationEnd","operationId":"4tfmlewbcqqiohw","timestamp":1662482850188,"id":"4lbiawf8xgnzy56","previousEventId":"1mwdc3iuh9w5w2t","previousOperationId":"4tfmlewbcqqiohw"}
{"type":"operationStart","subtype":"recipe","name":"chrome-pdf","timestamp":1662482850189,"id":"wosszwkyj1sbq4v","previousEventId":"4lbiawf8xgnzy56","operationId":"fznn7rjlpfoqh73","previousOperationId":"4tfmlewbcqqiohw"}
{"type":"log","timestamp":1662482850189,"level":"debug","message":"Executing recipe chrome-pdf","meta":{"rootId":"n7nucw44d8z6m8s","id":"n7nucw44d8z6m8s"},"id":"fgcjtwww6gvw0os","previousOperationId":"fznn7rjlpfoqh73"}
{"type":"log","timestamp":1662482850191,"level":"debug","message":"Converting with chrome HeadlessChrome/98.0.4758.0 using chrome-pool strategy","meta":{"rootId":"n7nucw44d8z6m8s","id":"n7nucw44d8z6m8s"},"id":"sumtrws3gj3ejp9","previousOperationId":"fznn7rjlpfoqh73"}
{"type":"log","timestamp":1662482850288,"level":"debug","message":"Page request: GET (document) file:///C:/Users/aasem/AppData/Local/Temp/jsreport/autocleanup/370520df-01a9-4a91-ace0-b40236ce310c-chrome-pdf.html","meta":{"rootId":"n7nucw44d8z6m8s","id":"n7nucw44d8z6m8s"},"id":"ir0l3x5kzbhiij6","previousOperationId":"fznn7rjlpfoqh73"}
{"type":"log","timestamp":1662482850301,"level":"debug","message":"Page request finished: GET (document) file:///C:/Users/aasem/AppData/Local/Temp/jsreport/autocleanup/370520df-01a9-4a91-ace0-b40236ce310c-chrome-pdf.html","meta":{"rootId":"n7nucw44d8z6m8s","id":"n7nucw44d8z6m8s"},"id":"oyv3yt8v82mrqih","previousOperationId":"fznn7rjlpfoqh73"}
{"type":"log","timestamp":1662482850334,"level":"debug","message":"Running chrome with params {\"printBackground\":true,\"timeout\":59961,\"margin\":{}}","meta":{"rootId":"n7nucw44d8z6m8s","id":"n7nucw44d8z6m8s"},"id":"ejqujl2292qyxb5","previousOperationId":"fznn7rjlpfoqh73"}
{"type":"operationEnd","operationId":"fznn7rjlpfoqh73","timestamp":1662482850437,"id":"catosky5q85enkd","previousEventId":"wosszwkyj1sbq4v","previousOperationId":"fznn7rjlpfoqh73"}
{"type":"operationStart","subtype":"reports","name":"persisting report","doDiffs":false,"timestamp":1662482850437,"id":"qz64443xq7cp6et","previousEventId":"catosky5q85enkd","operationId":"k15q7qhp7p26cmh","previousOperationId":"fznn7rjlpfoqh73"}
{"type":"log","timestamp":1662482850452,"level":"debug","message":"Report stored as reports/salary/salarySlipTemplate/KJ9lZUxeROCLCz5f.pdf","meta":{"rootId":"n7nucw44d8z6m8s","id":"n7nucw44d8z6m8s"},"id":"0zyrmdecaavxbur","previousOperationId":"k15q7qhp7p26cmh"}
{"type":"operationEnd","operationId":"k15q7qhp7p26cmh","doDiffs":false,"timestamp":1662482850452,"id":"n3t6ujouc8rhz8g","previousEventId":"qz64443xq7cp6et","previousOperationId":"k15q7qhp7p26cmh"}
{"type":"log","timestamp":1662482850452,"level":"info","message":"Rendering request 22 finished in 301 ms","meta":{"rootId":"n7nucw44d8z6m8s","id":"n7nucw44d8z6m8s"},"id":"kjt9zwq4fkp9yfj","previousOperationId":"k15q7qhp7p26cmh"}
{"type":"operationEnd","subtype":"render","operationId":"nquqmwhpqlc8d3z","timestamp":1662482850452,"id":"57waokvg6pl68qo","previousEventId":"n3t6ujouc8rhz8g","previousOperationId":"k15q7qhp7p26cmh"}
{"type":"operationEnd","doDiffs":false,"previousEventId":"qvgagvp47zg3thx","previousOperationId":"mq86am18z61o985","operationId":"mq86am18z61o985","timestamp":1662482850454,"id":"5prblu5h6k68knk"}
