{"type":"operationStart","subtype":"profile","data":{"_id":"eqmlH7taqlpHKrEl","timestamp":"2022-09-06T16:28:52.507Z","state":"queued","mode":"standard","creationDate":"2022-09-06T16:28:52.509Z","modificationDate":"2022-09-06T16:28:52.509Z","shortid":"4F6l0TI","$entitySet":"profiles"},"doDiffs":false,"timestamp":1662481732508,"id":"b7g2wrv6xiag16u","previousOperationId":null,"operationId":"aqjd702wnj497kc"}
{"type":"log","level":"info","message":"Render request 13 queued for execution and waiting for available worker","previousOperationId":"aqjd702wnj497kc","timestamp":1662481732508,"id":"b5lvczp4fbavrvi"}
{"type":"operationStart","subtype":"render","name":"salarySlipTemplate","previousOperationId":"aqjd702wnj497kc","timestamp":1662481732515,"id":"6xmxcr0st3cam5d","previousEventId":"b7g2wrv6xiag16u","operationId":"iw78f3o72dl42eq"}
{"type":"log","timestamp":1662481732516,"level":"info","message":"Starting rendering request 13 (user: null)","meta":{"rootId":"nj31jzltddqixe4","id":"nj31jzltddqixe4"},"id":"au8xdaotp2m305y","previousOperationId":"iw78f3o72dl42eq"}
{"type":"log","timestamp":1662481732517,"level":"info","message":"Rendering template { name: salarySlipTemplate, recipe: chrome-pdf, engine: handlebars, preview: false }","meta":{"rootId":"nj31jzltddqixe4","id":"nj31jzltddqixe4"},"id":"g0d29me91ugi2gx","previousOperationId":"iw78f3o72dl42eq"}
{"type":"log","timestamp":1662481732518,"level":"debug","message":"Inline data specified.","meta":{"rootId":"nj31jzltddqixe4","id":"nj31jzltddqixe4"},"id":"wocp9fxt6e5rcom","previousOperationId":"iw78f3o72dl42eq"}
{"type":"log","timestamp":1662481732520,"level":"debug","message":"Base url not specified, skipping its injection.","meta":{"rootId":"nj31jzltddqixe4","id":"nj31jzltddqixe4"},"id":"xk164fvdp5sksms","previousOperationId":"iw78f3o72dl42eq"}
{"type":"operationStart","subtype":"engine","name":"handlebars","timestamp":1662481732521,"id":"5z6pudpt6ok19s4","previousEventId":"6xmxcr0st3cam5d","operationId":"wfit48n9oi1d9jz","previousOperationId":"iw78f3o72dl42eq"}
{"type":"log","timestamp":1662481732521,"level":"debug","message":"Rendering engine handlebars","meta":{"rootId":"nj31jzltddqixe4","id":"nj31jzltddqixe4"},"id":"8d3g9wr5ate77k8","previousOperationId":"wfit48n9oi1d9jz"}
{"type":"operationEnd","operationId":"wfit48n9oi1d9jz","timestamp":1662481732533,"id":"a36hpf2rz8jzeyz","previousEventId":"5z6pudpt6ok19s4","previousOperationId":"wfit48n9oi1d9jz"}
{"type":"operationStart","subtype":"recipe","name":"chrome-pdf","timestamp":1662481732533,"id":"t78ncuhyndnfgh9","previousEventId":"a36hpf2rz8jzeyz","operationId":"w4isn3r38gegbdo","previousOperationId":"wfit48n9oi1d9jz"}
{"type":"log","timestamp":1662481732533,"level":"debug","message":"Executing recipe chrome-pdf","meta":{"rootId":"nj31jzltddqixe4","id":"nj31jzltddqixe4"},"id":"0gal1nr0yjdom9b","previousOperationId":"w4isn3r38gegbdo"}
{"type":"log","timestamp":1662481732536,"level":"debug","message":"Converting with chrome HeadlessChrome/98.0.4758.0 using chrome-pool strategy","meta":{"rootId":"nj31jzltddqixe4","id":"nj31jzltddqixe4"},"id":"0bod8me0zbza4vo","previousOperationId":"w4isn3r38gegbdo"}
{"type":"log","timestamp":1662481732637,"level":"debug","message":"Page request: GET (document) file:///C:/Users/aasem/AppData/Local/Temp/jsreport/autocleanup/76e7d9ef-3cf0-49df-8259-8ae94f7ebbb8-chrome-pdf.html","meta":{"rootId":"nj31jzltddqixe4","id":"nj31jzltddqixe4"},"id":"jrzluias2vkq5ph","previousOperationId":"w4isn3r38gegbdo"}
{"type":"log","timestamp":1662481732650,"level":"debug","message":"Page request finished: GET (document) file:///C:/Users/aasem/AppData/Local/Temp/jsreport/autocleanup/76e7d9ef-3cf0-49df-8259-8ae94f7ebbb8-chrome-pdf.html","meta":{"rootId":"nj31jzltddqixe4","id":"nj31jzltddqixe4"},"id":"4rrsro6z3wa47ly","previousOperationId":"w4isn3r38gegbdo"}
{"type":"log","timestamp":1662481732673,"level":"debug","message":"Running chrome with params {\"printBackground\":true,\"timeout\":59972,\"margin\":{}}","meta":{"rootId":"nj31jzltddqixe4","id":"nj31jzltddqixe4"},"id":"tc1y2khx278pxf9","previousOperationId":"w4isn3r38gegbdo"}
{"type":"operationEnd","operationId":"w4isn3r38gegbdo","timestamp":1662481732741,"id":"99neg4ecqtgfrvz","previousEventId":"t78ncuhyndnfgh9","previousOperationId":"w4isn3r38gegbdo"}
{"type":"operationStart","subtype":"reports","name":"persisting report","doDiffs":false,"timestamp":1662481732741,"id":"epfw9r12k9lepu5","previousEventId":"99neg4ecqtgfrvz","operationId":"9m4pxr6nlddfsww","previousOperationId":"w4isn3r38gegbdo"}
{"type":"log","timestamp":1662481732760,"level":"debug","message":"Report stored as reports/salary/salarySlipTemplate/Mu7uLHF4Ndmhd1K0.pdf","meta":{"rootId":"nj31jzltddqixe4","id":"nj31jzltddqixe4"},"id":"95meoqdldvtbu0h","previousOperationId":"9m4pxr6nlddfsww"}
{"type":"operationEnd","operationId":"9m4pxr6nlddfsww","doDiffs":false,"timestamp":1662481732760,"id":"3p7hbcc1w2d6uuu","previousEventId":"epfw9r12k9lepu5","previousOperationId":"9m4pxr6nlddfsww"}
{"type":"log","timestamp":1662481732761,"level":"info","message":"Rendering request 13 finished in 254 ms","meta":{"rootId":"nj31jzltddqixe4","id":"nj31jzltddqixe4"},"id":"b93etsvim5wpdfp","previousOperationId":"9m4pxr6nlddfsww"}
{"type":"operationEnd","subtype":"render","operationId":"iw78f3o72dl42eq","timestamp":1662481732761,"id":"gxhmwprv2vnk14i","previousEventId":"3p7hbcc1w2d6uuu","previousOperationId":"9m4pxr6nlddfsww"}
{"type":"operationEnd","doDiffs":false,"previousEventId":"b7g2wrv6xiag16u","previousOperationId":"aqjd702wnj497kc","operationId":"aqjd702wnj497kc","timestamp":1662481732763,"id":"0r6i199iulkatjn"}
