{"type":"operationStart","subtype":"profile","data":{"_id":"kKwoldV1n0iMXrV2","timestamp":"2022-09-11T15:18:23.403Z","state":"queued","mode":"standard","creationDate":"2022-09-11T15:18:23.405Z","modificationDate":"2022-09-11T15:18:23.405Z","shortid":"884Gk1T","$entitySet":"profiles"},"doDiffs":false,"timestamp":1662909503404,"id":"ckwadspk6bk2f2r","previousOperationId":null,"operationId":"gm432fv0p5eac97"}
{"type":"log","level":"info","message":"Render request 2 queued for execution and waiting for available worker","previousOperationId":"gm432fv0p5eac97","timestamp":1662909503404,"id":"mayufzlk8td9ina"}
{"type":"operationStart","subtype":"render","name":"salarySlipTemplate","previousOperationId":"gm432fv0p5eac97","timestamp":1662909503416,"id":"lfvgj8hcjoy32wf","previousEventId":"ckwadspk6bk2f2r","operationId":"48o2m4vhfh8kgww"}
{"type":"log","timestamp":1662909503417,"level":"info","message":"Starting rendering request 2 (user: null)","meta":{"rootId":"nl1e9pcsyz6ph9r","id":"nl1e9pcsyz6ph9r"},"id":"odzjqrbcl1iv7et","previousOperationId":"48o2m4vhfh8kgww"}
{"type":"log","timestamp":1662909503417,"level":"info","message":"Rendering template { name: salarySlipTemplate, recipe: chrome-pdf, engine: handlebars, preview: false }","meta":{"rootId":"nl1e9pcsyz6ph9r","id":"nl1e9pcsyz6ph9r"},"id":"rfqmoj4gfr4u8t4","previousOperationId":"48o2m4vhfh8kgww"}
{"type":"log","timestamp":1662909503418,"level":"debug","message":"Inline data specified.","meta":{"rootId":"nl1e9pcsyz6ph9r","id":"nl1e9pcsyz6ph9r"},"id":"ugm91hzrecw5fu7","previousOperationId":"48o2m4vhfh8kgww"}
{"type":"log","timestamp":1662909503422,"level":"debug","message":"Base url not specified, skipping its injection.","meta":{"rootId":"nl1e9pcsyz6ph9r","id":"nl1e9pcsyz6ph9r"},"id":"3vrzg13jclpr3c9","previousOperationId":"48o2m4vhfh8kgww"}
{"type":"operationStart","subtype":"engine","name":"handlebars","timestamp":1662909503422,"id":"dm3nvrt1zcsrex1","previousEventId":"lfvgj8hcjoy32wf","operationId":"az3wkfny4i5mixo","previousOperationId":"48o2m4vhfh8kgww"}
{"type":"log","timestamp":1662909503422,"level":"debug","message":"Rendering engine handlebars","meta":{"rootId":"nl1e9pcsyz6ph9r","id":"nl1e9pcsyz6ph9r"},"id":"finxt64rid5h8w6","previousOperationId":"az3wkfny4i5mixo"}
{"type":"operationEnd","operationId":"az3wkfny4i5mixo","timestamp":1662909503444,"id":"9yqnr4wafbtuf47","previousEventId":"dm3nvrt1zcsrex1","previousOperationId":"az3wkfny4i5mixo"}
{"type":"operationStart","subtype":"recipe","name":"chrome-pdf","timestamp":1662909503444,"id":"e716sxnfcqb7vz8","previousEventId":"9yqnr4wafbtuf47","operationId":"kndesft0mi8b0d0","previousOperationId":"az3wkfny4i5mixo"}
{"type":"log","timestamp":1662909503444,"level":"debug","message":"Executing recipe chrome-pdf","meta":{"rootId":"nl1e9pcsyz6ph9r","id":"nl1e9pcsyz6ph9r"},"id":"r1sw6heot218k1d","previousOperationId":"kndesft0mi8b0d0"}
{"type":"log","timestamp":1662909503447,"level":"debug","message":"Converting with chrome HeadlessChrome/98.0.4758.0 using chrome-pool strategy","meta":{"rootId":"nl1e9pcsyz6ph9r","id":"nl1e9pcsyz6ph9r"},"id":"6dxl4ntke0frc9v","previousOperationId":"kndesft0mi8b0d0"}
{"type":"log","timestamp":1662909503544,"level":"debug","message":"Page request: GET (document) file:///C:/Users/aasem/AppData/Local/Temp/jsreport/autocleanup/50f57b5c-aaee-402f-994e-c668e132fe0b-chrome-pdf.html","meta":{"rootId":"nl1e9pcsyz6ph9r","id":"nl1e9pcsyz6ph9r"},"id":"yuybxphhzl4rg51","previousOperationId":"kndesft0mi8b0d0"}
{"type":"log","timestamp":1662909503557,"level":"debug","message":"Page request finished: GET (document) file:///C:/Users/aasem/AppData/Local/Temp/jsreport/autocleanup/50f57b5c-aaee-402f-994e-c668e132fe0b-chrome-pdf.html","meta":{"rootId":"nl1e9pcsyz6ph9r","id":"nl1e9pcsyz6ph9r"},"id":"m04b9kkey7l3www","previousOperationId":"kndesft0mi8b0d0"}
{"type":"log","timestamp":1662909503583,"level":"debug","message":"Running chrome with params {\"printBackground\":true,\"timeout\":59957,\"margin\":{}}","meta":{"rootId":"nl1e9pcsyz6ph9r","id":"nl1e9pcsyz6ph9r"},"id":"9nxty4jmnwt63vx","previousOperationId":"kndesft0mi8b0d0"}
{"type":"operationEnd","operationId":"kndesft0mi8b0d0","timestamp":1662909503686,"id":"wn37e3h4zqqdr4o","previousEventId":"e716sxnfcqb7vz8","previousOperationId":"kndesft0mi8b0d0"}
{"type":"log","timestamp":1662909503686,"level":"debug","message":"Skipping storing report.","meta":{"rootId":"nl1e9pcsyz6ph9r","id":"nl1e9pcsyz6ph9r"},"id":"le8igcg3w1bs57f","previousOperationId":"kndesft0mi8b0d0"}
{"type":"log","timestamp":1662909503686,"level":"info","message":"Rendering request 2 finished in 283 ms","meta":{"rootId":"nl1e9pcsyz6ph9r","id":"nl1e9pcsyz6ph9r"},"id":"2ifdx0rp7nw2bn1","previousOperationId":"kndesft0mi8b0d0"}
{"type":"operationEnd","subtype":"render","operationId":"48o2m4vhfh8kgww","timestamp":1662909503686,"id":"hva8xqiqrh4jt3o","previousEventId":"wn37e3h4zqqdr4o","previousOperationId":"kndesft0mi8b0d0"}
{"type":"operationEnd","doDiffs":false,"previousEventId":"ckwadspk6bk2f2r","previousOperationId":"gm432fv0p5eac97","operationId":"gm432fv0p5eac97","timestamp":1662909503689,"id":"yrvwdgqf7ylww4q"}
