{"type":"operationStart","subtype":"profile","data":{"_id":"zZfprrOYM2bKTjev","timestamp":"2022-09-06T16:49:04.445Z","state":"queued","mode":"standard","creationDate":"2022-09-06T16:49:04.447Z","modificationDate":"2022-09-06T16:49:04.447Z","shortid":"VblcJ8a","$entitySet":"profiles"},"doDiffs":false,"timestamp":1662482944446,"id":"c0js4osbfp0cbdr","previousOperationId":null,"operationId":"6hleq7uxfdtqyan"}
{"type":"log","level":"info","message":"Render request 26 queued for execution and waiting for available worker","previousOperationId":"6hleq7uxfdtqyan","timestamp":1662482944446,"id":"pbys5ipfh410zco"}
{"type":"operationStart","subtype":"render","name":"salarySlipTemplate","previousOperationId":"6hleq7uxfdtqyan","timestamp":1662482944458,"id":"ezan3a2s6uxytww","previousEventId":"c0js4osbfp0cbdr","operationId":"gumse8vdagz75ex"}
{"type":"log","timestamp":1662482944458,"level":"info","message":"Starting rendering request 26 (user: null)","meta":{"rootId":"ns0cc7neq2q0j2t","id":"ns0cc7neq2q0j2t"},"id":"m9ds0o1f9cf5k2w","previousOperationId":"gumse8vdagz75ex"}
{"type":"log","timestamp":1662482944458,"level":"info","message":"Rendering template { name: salarySlipTemplate, recipe: chrome-pdf, engine: handlebars, preview: false }","meta":{"rootId":"ns0cc7neq2q0j2t","id":"ns0cc7neq2q0j2t"},"id":"bfggnoll8ml6uva","previousOperationId":"gumse8vdagz75ex"}
{"type":"log","timestamp":1662482944460,"level":"debug","message":"Inline data specified.","meta":{"rootId":"ns0cc7neq2q0j2t","id":"ns0cc7neq2q0j2t"},"id":"mcj1ipth7gnyudh","previousOperationId":"gumse8vdagz75ex"}
{"type":"log","timestamp":1662482944462,"level":"debug","message":"Base url not specified, skipping its injection.","meta":{"rootId":"ns0cc7neq2q0j2t","id":"ns0cc7neq2q0j2t"},"id":"4nixn8z5ae1wxfn","previousOperationId":"gumse8vdagz75ex"}
{"type":"operationStart","subtype":"engine","name":"handlebars","timestamp":1662482944462,"id":"849f52ftbovpmqs","previousEventId":"ezan3a2s6uxytww","operationId":"dqtnhb063ismpmh","previousOperationId":"gumse8vdagz75ex"}
{"type":"log","timestamp":1662482944462,"level":"debug","message":"Rendering engine handlebars","meta":{"rootId":"ns0cc7neq2q0j2t","id":"ns0cc7neq2q0j2t"},"id":"9kwue40t4bx2izr","previousOperationId":"dqtnhb063ismpmh"}
{"type":"operationEnd","operationId":"dqtnhb063ismpmh","timestamp":1662482944478,"id":"sjmimdfklmeire4","previousEventId":"849f52ftbovpmqs","previousOperationId":"dqtnhb063ismpmh"}
{"type":"operationStart","subtype":"recipe","name":"chrome-pdf","timestamp":1662482944478,"id":"cqwxnd8yzifb3x4","previousEventId":"sjmimdfklmeire4","operationId":"lohrv1250d0m2vc","previousOperationId":"dqtnhb063ismpmh"}
{"type":"log","timestamp":1662482944478,"level":"debug","message":"Executing recipe chrome-pdf","meta":{"rootId":"ns0cc7neq2q0j2t","id":"ns0cc7neq2q0j2t"},"id":"17pcjihlxl08hrg","previousOperationId":"lohrv1250d0m2vc"}
{"type":"log","timestamp":1662482944480,"level":"debug","message":"Converting with chrome HeadlessChrome/98.0.4758.0 using chrome-pool strategy","meta":{"rootId":"ns0cc7neq2q0j2t","id":"ns0cc7neq2q0j2t"},"id":"li6eozmsmn6wyun","previousOperationId":"lohrv1250d0m2vc"}
{"type":"log","timestamp":1662482944593,"level":"debug","message":"Page request: GET (document) file:///C:/Users/aasem/AppData/Local/Temp/jsreport/autocleanup/443c8a56-1496-4cd6-8953-e7fa18063351-chrome-pdf.html","meta":{"rootId":"ns0cc7neq2q0j2t","id":"ns0cc7neq2q0j2t"},"id":"mbl49h3u9hrisdo","previousOperationId":"lohrv1250d0m2vc"}
{"type":"log","timestamp":1662482944601,"level":"debug","message":"Page request finished: GET (document) file:///C:/Users/aasem/AppData/Local/Temp/jsreport/autocleanup/443c8a56-1496-4cd6-8953-e7fa18063351-chrome-pdf.html","meta":{"rootId":"ns0cc7neq2q0j2t","id":"ns0cc7neq2q0j2t"},"id":"s96qvd70ihh3st8","previousOperationId":"lohrv1250d0m2vc"}
{"type":"log","timestamp":1662482944634,"level":"debug","message":"Running chrome with params {\"printBackground\":true,\"timeout\":59965,\"margin\":{}}","meta":{"rootId":"ns0cc7neq2q0j2t","id":"ns0cc7neq2q0j2t"},"id":"ynrs0uhtqcb70te","previousOperationId":"lohrv1250d0m2vc"}
{"type":"operationEnd","operationId":"lohrv1250d0m2vc","timestamp":1662482944742,"id":"zvel0lf5xf6qk96","previousEventId":"cqwxnd8yzifb3x4","previousOperationId":"lohrv1250d0m2vc"}
{"type":"operationStart","subtype":"reports","name":"persisting report","doDiffs":false,"timestamp":1662482944742,"id":"a5bjgj2dmdndvmc","previousEventId":"zvel0lf5xf6qk96","operationId":"a7ug6hj6wzi7inu","previousOperationId":"lohrv1250d0m2vc"}
{"type":"log","timestamp":1662482944759,"level":"debug","message":"Report stored as reports/salary/salarySlipTemplate/yAtohX954lF8HyTx.pdf","meta":{"rootId":"ns0cc7neq2q0j2t","id":"ns0cc7neq2q0j2t"},"id":"3ng2z8agttn1abv","previousOperationId":"a7ug6hj6wzi7inu"}
{"type":"operationEnd","operationId":"a7ug6hj6wzi7inu","doDiffs":false,"timestamp":1662482944759,"id":"yqb7bjp6e2qv98v","previousEventId":"a5bjgj2dmdndvmc","previousOperationId":"a7ug6hj6wzi7inu"}
{"type":"log","timestamp":1662482944759,"level":"info","message":"Rendering request 26 finished in 314 ms","meta":{"rootId":"ns0cc7neq2q0j2t","id":"ns0cc7neq2q0j2t"},"id":"9blradhak9i496r","previousOperationId":"a7ug6hj6wzi7inu"}
{"type":"operationEnd","subtype":"render","operationId":"gumse8vdagz75ex","timestamp":1662482944759,"id":"mnzx1w5gj2uxrrf","previousEventId":"yqb7bjp6e2qv98v","previousOperationId":"a7ug6hj6wzi7inu"}
{"type":"operationEnd","doDiffs":false,"previousEventId":"c0js4osbfp0cbdr","previousOperationId":"6hleq7uxfdtqyan","operationId":"6hleq7uxfdtqyan","timestamp":1662482944763,"id":"1opd7s1mss8fj9x"}
