{"type":"operationStart","subtype":"profile","data":{"_id":"VFDp7An15XhOPxnB","timestamp":"2022-09-07T00:06:44.276Z","state":"queued","mode":"standard","creationDate":"2022-09-07T00:06:44.278Z","modificationDate":"2022-09-07T00:06:44.278Z","shortid":"q9nGODU","$entitySet":"profiles"},"doDiffs":false,"timestamp":1662509204277,"id":"gnj83z5n942itc2","previousOperationId":null,"operationId":"9t32bn99d3xk2vq"}
{"type":"log","level":"info","message":"Render request 7 queued for execution and waiting for available worker","previousOperationId":"9t32bn99d3xk2vq","timestamp":1662509204277,"id":"v0vmiyq59twtdxv"}
{"type":"operationStart","subtype":"render","name":"salarySlipTemplate","previousOperationId":"9t32bn99d3xk2vq","timestamp":1662509204290,"id":"h2q4fa8asubriso","previousEventId":"gnj83z5n942itc2","operationId":"l1bwvf89yb0z6c2"}
{"type":"log","timestamp":1662509204290,"level":"info","message":"Starting rendering request 7 (user: null)","meta":{"rootId":"nzxzj1d6jjf5juo","id":"nzxzj1d6jjf5juo"},"id":"2lwjgu5vk1dr1nd","previousOperationId":"l1bwvf89yb0z6c2"}
{"type":"log","timestamp":1662509204290,"level":"info","message":"Rendering template { name: salarySlipTemplate, recipe: chrome-pdf, engine: handlebars, preview: false }","meta":{"rootId":"nzxzj1d6jjf5juo","id":"nzxzj1d6jjf5juo"},"id":"caurqm5yuv7rim0","previousOperationId":"l1bwvf89yb0z6c2"}
{"type":"log","timestamp":1662509204291,"level":"debug","message":"Inline data specified.","meta":{"rootId":"nzxzj1d6jjf5juo","id":"nzxzj1d6jjf5juo"},"id":"78j7ao96v43vou9","previousOperationId":"l1bwvf89yb0z6c2"}
{"type":"log","timestamp":1662509204293,"level":"debug","message":"Base url not specified, skipping its injection.","meta":{"rootId":"nzxzj1d6jjf5juo","id":"nzxzj1d6jjf5juo"},"id":"zjvczsfx8mi6pkn","previousOperationId":"l1bwvf89yb0z6c2"}
{"type":"operationStart","subtype":"engine","name":"handlebars","timestamp":1662509204296,"id":"6t8vjn2cpjph5xt","previousEventId":"h2q4fa8asubriso","operationId":"siff8bd96n01e9y","previousOperationId":"l1bwvf89yb0z6c2"}
{"type":"log","timestamp":1662509204296,"level":"debug","message":"Rendering engine handlebars","meta":{"rootId":"nzxzj1d6jjf5juo","id":"nzxzj1d6jjf5juo"},"id":"h6lqjco38rf1rg1","previousOperationId":"siff8bd96n01e9y"}
{"type":"operationEnd","operationId":"siff8bd96n01e9y","timestamp":1662509204313,"id":"bugch065t46zlte","previousEventId":"6t8vjn2cpjph5xt","previousOperationId":"siff8bd96n01e9y"}
{"type":"operationStart","subtype":"recipe","name":"chrome-pdf","timestamp":1662509204314,"id":"112fh3cd8h2p3mn","previousEventId":"bugch065t46zlte","operationId":"k4oyklgu3a6izjk","previousOperationId":"siff8bd96n01e9y"}
{"type":"log","timestamp":1662509204314,"level":"debug","message":"Executing recipe chrome-pdf","meta":{"rootId":"nzxzj1d6jjf5juo","id":"nzxzj1d6jjf5juo"},"id":"ypxtzywjg0pjhvy","previousOperationId":"k4oyklgu3a6izjk"}
{"type":"log","timestamp":1662509204317,"level":"debug","message":"Converting with chrome HeadlessChrome/98.0.4758.0 using chrome-pool strategy","meta":{"rootId":"nzxzj1d6jjf5juo","id":"nzxzj1d6jjf5juo"},"id":"pgr3ni7l1tw4v67","previousOperationId":"k4oyklgu3a6izjk"}
{"type":"log","timestamp":1662509204419,"level":"debug","message":"Page request: GET (document) file:///C:/Users/aasem/AppData/Local/Temp/jsreport/autocleanup/f7aac1d8-896c-48ab-aef3-8586ad88d7e7-chrome-pdf.html","meta":{"rootId":"nzxzj1d6jjf5juo","id":"nzxzj1d6jjf5juo"},"id":"vpi93si21z8xsty","previousOperationId":"k4oyklgu3a6izjk"}
{"type":"log","timestamp":1662509204431,"level":"debug","message":"Page request finished: GET (document) file:///C:/Users/aasem/AppData/Local/Temp/jsreport/autocleanup/f7aac1d8-896c-48ab-aef3-8586ad88d7e7-chrome-pdf.html","meta":{"rootId":"nzxzj1d6jjf5juo","id":"nzxzj1d6jjf5juo"},"id":"7aflboet2doaxjw","previousOperationId":"k4oyklgu3a6izjk"}
{"type":"log","timestamp":1662509204457,"level":"debug","message":"Running chrome with params {\"printBackground\":true,\"timeout\":59960,\"margin\":{}}","meta":{"rootId":"nzxzj1d6jjf5juo","id":"nzxzj1d6jjf5juo"},"id":"jbn06m72gezs95t","previousOperationId":"k4oyklgu3a6izjk"}
{"type":"operationEnd","operationId":"k4oyklgu3a6izjk","timestamp":1662509204553,"id":"jrmh1ouyf4c6fkz","previousEventId":"112fh3cd8h2p3mn","previousOperationId":"k4oyklgu3a6izjk"}
{"type":"operationStart","subtype":"reports","name":"persisting report","doDiffs":false,"timestamp":1662509204553,"id":"bor3kqe52g0otbm","previousEventId":"jrmh1ouyf4c6fkz","operationId":"6s2an6xbk70u9lz","previousOperationId":"k4oyklgu3a6izjk"}
{"type":"log","timestamp":1662509204568,"level":"debug","message":"Report stored as reports/salary/salarySlipTemplate/B2CgBUGAUtBPb89o.pdf","meta":{"rootId":"nzxzj1d6jjf5juo","id":"nzxzj1d6jjf5juo"},"id":"qzp30khkclw3i0i","previousOperationId":"6s2an6xbk70u9lz"}
{"type":"operationEnd","operationId":"6s2an6xbk70u9lz","doDiffs":false,"timestamp":1662509204568,"id":"n43b598f581x8f1","previousEventId":"bor3kqe52g0otbm","previousOperationId":"6s2an6xbk70u9lz"}
{"type":"log","timestamp":1662509204568,"level":"info","message":"Rendering request 7 finished in 292 ms","meta":{"rootId":"nzxzj1d6jjf5juo","id":"nzxzj1d6jjf5juo"},"id":"25t4ovw3alwc8qi","previousOperationId":"6s2an6xbk70u9lz"}
{"type":"operationEnd","subtype":"render","operationId":"l1bwvf89yb0z6c2","timestamp":1662509204568,"id":"ropobv973ye44g1","previousEventId":"n43b598f581x8f1","previousOperationId":"6s2an6xbk70u9lz"}
{"type":"operationEnd","doDiffs":false,"previousEventId":"gnj83z5n942itc2","previousOperationId":"9t32bn99d3xk2vq","operationId":"9t32bn99d3xk2vq","timestamp":1662509204572,"id":"oxzpvmq3a3o08ua"}
