{"type":"operationStart","subtype":"profile","data":{"_id":"bJR08Stbu1GDwRZ5","timestamp":"2022-09-07T13:12:04.633Z","state":"queued","mode":"standard","creationDate":"2022-09-07T13:12:04.635Z","modificationDate":"2022-09-07T13:12:04.635Z","shortid":"zChApbI","$entitySet":"profiles"},"doDiffs":false,"timestamp":1662556324634,"id":"w1za3vix0xofdvv","previousOperationId":null,"operationId":"tcghk6lc88on4aa"}
{"type":"log","level":"info","message":"Render request 1 queued for execution and waiting for available worker","previousOperationId":"tcghk6lc88on4aa","timestamp":1662556324634,"id":"qkr8qnafoi653vo"}
{"type":"operationStart","subtype":"render","name":"salarySlipTemplate","previousOperationId":"tcghk6lc88on4aa","timestamp":1662556324665,"id":"grro3syobd6ruwj","previousEventId":"w1za3vix0xofdvv","operationId":"ivg4wmt5y67p7lh"}
{"type":"log","timestamp":1662556324666,"level":"info","message":"Starting rendering request 1 (user: null)","meta":{"rootId":"o9ebntp68x1hyw2","id":"o9ebntp68x1hyw2"},"id":"iicpuvlaxrsh8sa","previousOperationId":"ivg4wmt5y67p7lh"}
{"type":"log","timestamp":1662556324668,"level":"info","message":"Rendering template { name: salarySlipTemplate, recipe: chrome-pdf, engine: handlebars, preview: false }","meta":{"rootId":"o9ebntp68x1hyw2","id":"o9ebntp68x1hyw2"},"id":"9ceenlpynrjfa9l","previousOperationId":"ivg4wmt5y67p7lh"}
{"type":"log","timestamp":1662556324670,"level":"debug","message":"Inline data specified.","meta":{"rootId":"o9ebntp68x1hyw2","id":"o9ebntp68x1hyw2"},"id":"284dah69no2pzwb","previousOperationId":"ivg4wmt5y67p7lh"}
{"type":"log","timestamp":1662556324672,"level":"debug","message":"Base url not specified, skipping its injection.","meta":{"rootId":"o9ebntp68x1hyw2","id":"o9ebntp68x1hyw2"},"id":"9nms9cbay7awd6u","previousOperationId":"ivg4wmt5y67p7lh"}
{"type":"operationStart","subtype":"engine","name":"handlebars","timestamp":1662556324674,"id":"v46ln596q4jlqvk","previousEventId":"grro3syobd6ruwj","operationId":"tet4noojpa6nk4u","previousOperationId":"ivg4wmt5y67p7lh"}
{"type":"log","timestamp":1662556324674,"level":"debug","message":"Rendering engine handlebars","meta":{"rootId":"o9ebntp68x1hyw2","id":"o9ebntp68x1hyw2"},"id":"yxb3p6k4uazwp7m","previousOperationId":"tet4noojpa6nk4u"}
{"type":"operationEnd","operationId":"tet4noojpa6nk4u","timestamp":1662556331517,"id":"3rbrivik8ufqxm5","previousEventId":"v46ln596q4jlqvk","previousOperationId":"tet4noojpa6nk4u"}
{"type":"operationStart","subtype":"recipe","name":"chrome-pdf","timestamp":1662556331518,"id":"cglydkx37e13vay","previousEventId":"3rbrivik8ufqxm5","operationId":"6xqn35442yaarcx","previousOperationId":"tet4noojpa6nk4u"}
{"type":"log","timestamp":1662556331518,"level":"debug","message":"Executing recipe chrome-pdf","meta":{"rootId":"o9ebntp68x1hyw2","id":"o9ebntp68x1hyw2"},"id":"jf8eq8gykxgpqsi","previousOperationId":"6xqn35442yaarcx"}
{"type":"log","timestamp":1662556335393,"level":"debug","message":"Converting with chrome HeadlessChrome/98.0.4758.0 using chrome-pool strategy","meta":{"rootId":"o9ebntp68x1hyw2","id":"o9ebntp68x1hyw2"},"id":"5sw6yd38df1qq1z","previousOperationId":"6xqn35442yaarcx"}
{"type":"log","timestamp":1662556339120,"level":"debug","message":"Page request: GET (document) file:///C:/Users/aasem/AppData/Local/Temp/jsreport/autocleanup/69162088-3ef9-4502-82be-cdcdf7655aeb-chrome-pdf.html","meta":{"rootId":"o9ebntp68x1hyw2","id":"o9ebntp68x1hyw2"},"id":"j9pm915ny762mnt","previousOperationId":"6xqn35442yaarcx"}
{"type":"log","timestamp":1662556339134,"level":"debug","message":"Page request finished: GET (document) file:///C:/Users/aasem/AppData/Local/Temp/jsreport/autocleanup/69162088-3ef9-4502-82be-cdcdf7655aeb-chrome-pdf.html","meta":{"rootId":"o9ebntp68x1hyw2","id":"o9ebntp68x1hyw2"},"id":"zq0t9832q2dipdx","previousOperationId":"6xqn35442yaarcx"}
{"type":"log","timestamp":1662556339161,"level":"debug","message":"Running chrome with params {\"printBackground\":true,\"timeout\":52839,\"margin\":{}}","meta":{"rootId":"o9ebntp68x1hyw2","id":"o9ebntp68x1hyw2"},"id":"87z2ixo8v1xnmk5","previousOperationId":"6xqn35442yaarcx"}
{"type":"operationEnd","operationId":"6xqn35442yaarcx","timestamp":1662556339259,"id":"q01rljq9me262yr","previousEventId":"cglydkx37e13vay","previousOperationId":"6xqn35442yaarcx"}
{"type":"operationStart","subtype":"reports","name":"persisting report","doDiffs":false,"timestamp":1662556339260,"id":"1rhbzpfs99xqgne","previousEventId":"q01rljq9me262yr","operationId":"7843tk9ao0xf6cf","previousOperationId":"6xqn35442yaarcx"}
{"type":"log","timestamp":1662556339279,"level":"debug","message":"Report stored as reports/salary/salarySlipTemplate/3iBjyJX6U2M8h1kv.pdf","meta":{"rootId":"o9ebntp68x1hyw2","id":"o9ebntp68x1hyw2"},"id":"hd60wmhmus4br8t","previousOperationId":"7843tk9ao0xf6cf"}
{"type":"operationEnd","operationId":"7843tk9ao0xf6cf","doDiffs":false,"timestamp":1662556339279,"id":"a5gdk1zoxshxrqs","previousEventId":"1rhbzpfs99xqgne","previousOperationId":"7843tk9ao0xf6cf"}
{"type":"log","timestamp":1662556339279,"level":"info","message":"Rendering request 1 finished in 14647 ms","meta":{"rootId":"o9ebntp68x1hyw2","id":"o9ebntp68x1hyw2"},"id":"6yp973nb9rvdicr","previousOperationId":"7843tk9ao0xf6cf"}
{"type":"operationEnd","subtype":"render","operationId":"ivg4wmt5y67p7lh","timestamp":1662556339279,"id":"p4rlqxvh6js38fu","previousEventId":"a5gdk1zoxshxrqs","previousOperationId":"7843tk9ao0xf6cf"}
{"type":"operationEnd","doDiffs":false,"previousEventId":"w1za3vix0xofdvv","previousOperationId":"tcghk6lc88on4aa","operationId":"tcghk6lc88on4aa","timestamp":1662556339283,"id":"luccewxc2n1kumh"}
