{"type":"operationStart","subtype":"profile","data":{"_id":"n64KjRxH9PjvnJxe","timestamp":"2022-09-07T00:13:31.871Z","state":"queued","mode":"standard","creationDate":"2022-09-07T00:13:31.873Z","modificationDate":"2022-09-07T00:13:31.873Z","shortid":"oksQw8l","$entitySet":"profiles"},"doDiffs":false,"timestamp":1662509611872,"id":"f4hirkm11ewp5om","previousOperationId":null,"operationId":"e5g13ynikhqyzeg"}
{"type":"log","level":"info","message":"Render request 15 queued for execution and waiting for available worker","previousOperationId":"e5g13ynikhqyzeg","timestamp":1662509611872,"id":"bewjfx3hxlmc0a4"}
{"type":"operationStart","subtype":"render","name":"salarySlipTemplate","previousOperationId":"e5g13ynikhqyzeg","timestamp":1662509611887,"id":"ctmruk5oq9yam9e","previousEventId":"f4hirkm11ewp5om","operationId":"d7zm6hkwhiqurxb"}
{"type":"log","timestamp":1662509611887,"level":"info","message":"Starting rendering request 15 (user: null)","meta":{"rootId":"obisufqsauqfgi6","id":"obisufqsauqfgi6"},"id":"kqxtt7dkvvvmb4u","previousOperationId":"d7zm6hkwhiqurxb"}
{"type":"log","timestamp":1662509611888,"level":"info","message":"Rendering template { name: salarySlipTemplate, recipe: chrome-pdf, engine: handlebars, preview: false }","meta":{"rootId":"obisufqsauqfgi6","id":"obisufqsauqfgi6"},"id":"tvvsaek11w9en1v","previousOperationId":"d7zm6hkwhiqurxb"}
{"type":"log","timestamp":1662509611889,"level":"debug","message":"Inline data specified.","meta":{"rootId":"obisufqsauqfgi6","id":"obisufqsauqfgi6"},"id":"ktuqwuazvzk855g","previousOperationId":"d7zm6hkwhiqurxb"}
{"type":"log","timestamp":1662509611892,"level":"debug","message":"Base url not specified, skipping its injection.","meta":{"rootId":"obisufqsauqfgi6","id":"obisufqsauqfgi6"},"id":"rrxj7s6mpbpvxfo","previousOperationId":"d7zm6hkwhiqurxb"}
{"type":"operationStart","subtype":"engine","name":"handlebars","timestamp":1662509611892,"id":"t6k0pbrzrae9act","previousEventId":"ctmruk5oq9yam9e","operationId":"0il8gnq5nnx5dt8","previousOperationId":"d7zm6hkwhiqurxb"}
{"type":"log","timestamp":1662509611892,"level":"debug","message":"Rendering engine handlebars","meta":{"rootId":"obisufqsauqfgi6","id":"obisufqsauqfgi6"},"id":"okgihvh0jw1jqdq","previousOperationId":"0il8gnq5nnx5dt8"}
{"type":"operationEnd","operationId":"0il8gnq5nnx5dt8","timestamp":1662509611915,"id":"hxm6hlxxq3dq7gs","previousEventId":"t6k0pbrzrae9act","previousOperationId":"0il8gnq5nnx5dt8"}
{"type":"operationStart","subtype":"recipe","name":"chrome-pdf","timestamp":1662509611915,"id":"ve2ygsz4fnalgf7","previousEventId":"hxm6hlxxq3dq7gs","operationId":"kq7n5a5c4wnepw6","previousOperationId":"0il8gnq5nnx5dt8"}
{"type":"log","timestamp":1662509611915,"level":"debug","message":"Executing recipe chrome-pdf","meta":{"rootId":"obisufqsauqfgi6","id":"obisufqsauqfgi6"},"id":"rrjigty3st2ljm2","previousOperationId":"kq7n5a5c4wnepw6"}
{"type":"log","timestamp":1662509611917,"level":"debug","message":"Converting with chrome HeadlessChrome/98.0.4758.0 using chrome-pool strategy","meta":{"rootId":"obisufqsauqfgi6","id":"obisufqsauqfgi6"},"id":"64knxt1znstl1wi","previousOperationId":"kq7n5a5c4wnepw6"}
{"type":"log","timestamp":1662509612020,"level":"debug","message":"Page request: GET (document) file:///C:/Users/aasem/AppData/Local/Temp/jsreport/autocleanup/d69bd3af-420a-4cae-ac44-78c68ecf5be3-chrome-pdf.html","meta":{"rootId":"obisufqsauqfgi6","id":"obisufqsauqfgi6"},"id":"irlcoqlnpie4x91","previousOperationId":"kq7n5a5c4wnepw6"}
{"type":"log","timestamp":1662509612028,"level":"debug","message":"Page request finished: GET (document) file:///C:/Users/aasem/AppData/Local/Temp/jsreport/autocleanup/d69bd3af-420a-4cae-ac44-78c68ecf5be3-chrome-pdf.html","meta":{"rootId":"obisufqsauqfgi6","id":"obisufqsauqfgi6"},"id":"ppelra6t30vmflg","previousOperationId":"kq7n5a5c4wnepw6"}
{"type":"log","timestamp":1662509612057,"level":"debug","message":"Running chrome with params {\"printBackground\":true,\"timeout\":59953,\"margin\":{}}","meta":{"rootId":"obisufqsauqfgi6","id":"obisufqsauqfgi6"},"id":"8422sbl9shrj246","previousOperationId":"kq7n5a5c4wnepw6"}
{"type":"operationEnd","operationId":"kq7n5a5c4wnepw6","timestamp":1662509612214,"id":"s0g5anmcixmtfmh","previousEventId":"ve2ygsz4fnalgf7","previousOperationId":"kq7n5a5c4wnepw6"}
{"type":"operationStart","subtype":"reports","name":"persisting report","doDiffs":false,"timestamp":1662509612214,"id":"s3amq3ndy7cjy7v","previousEventId":"s0g5anmcixmtfmh","operationId":"6b3moa376i0fk5z","previousOperationId":"kq7n5a5c4wnepw6"}
{"type":"log","timestamp":1662509612232,"level":"debug","message":"Report stored as reports/salary/salarySlipTemplate/pMvs71x8XQfvpIT1.pdf","meta":{"rootId":"obisufqsauqfgi6","id":"obisufqsauqfgi6"},"id":"q7rf13u9mll8vl2","previousOperationId":"6b3moa376i0fk5z"}
{"type":"operationEnd","operationId":"6b3moa376i0fk5z","doDiffs":false,"timestamp":1662509612232,"id":"l6bfovqqphbxfab","previousEventId":"s3amq3ndy7cjy7v","previousOperationId":"6b3moa376i0fk5z"}
{"type":"log","timestamp":1662509612232,"level":"info","message":"Rendering request 15 finished in 362 ms","meta":{"rootId":"obisufqsauqfgi6","id":"obisufqsauqfgi6"},"id":"jjaqykb893483s0","previousOperationId":"6b3moa376i0fk5z"}
{"type":"operationEnd","subtype":"render","operationId":"d7zm6hkwhiqurxb","timestamp":1662509612232,"id":"3mf5rabd1wdh4j8","previousEventId":"l6bfovqqphbxfab","previousOperationId":"6b3moa376i0fk5z"}
{"type":"operationEnd","doDiffs":false,"previousEventId":"f4hirkm11ewp5om","previousOperationId":"e5g13ynikhqyzeg","operationId":"e5g13ynikhqyzeg","timestamp":1662509612237,"id":"h1n0yiwjk209j2z"}
