{"type":"operationStart","subtype":"profile","data":{"_id":"vLk6nZJgIrS5bqsw","timestamp":"2022-09-06T16:20:50.226Z","state":"queued","mode":"standard","creationDate":"2022-09-06T16:20:50.229Z","modificationDate":"2022-09-06T16:20:50.229Z","shortid":"VwleZpa","$entitySet":"profiles"},"doDiffs":false,"timestamp":1662481250227,"id":"dt3pexe5qyhqhyi","previousOperationId":null,"operationId":"e4zzufa6sdg3m4w"}
{"type":"log","level":"info","message":"Render request 3 queued for execution and waiting for available worker","previousOperationId":"e4zzufa6sdg3m4w","timestamp":1662481250228,"id":"x2962j600gd6m1v"}
{"type":"operationStart","subtype":"render","name":"salarySlipTemplate","previousOperationId":"e4zzufa6sdg3m4w","timestamp":1662481250239,"id":"zw456adk3o0x0xg","previousEventId":"dt3pexe5qyhqhyi","operationId":"0begsx11584l80e"}
{"type":"log","timestamp":1662481250239,"level":"info","message":"Starting rendering request 3 (user: null)","meta":{"rootId":"ohtva7vc8yp4316","id":"ohtva7vc8yp4316"},"id":"68ekuusbqsgfupe","previousOperationId":"0begsx11584l80e"}
{"type":"log","timestamp":1662481250240,"level":"info","message":"Rendering template { name: salarySlipTemplate, recipe: chrome-pdf, engine: handlebars, preview: true }","meta":{"rootId":"ohtva7vc8yp4316","id":"ohtva7vc8yp4316"},"id":"pllthvr93z97b9z","previousOperationId":"0begsx11584l80e"}
{"type":"log","timestamp":1662481250243,"level":"debug","message":"Adding sample data _nlyMv-1U","meta":{"rootId":"ohtva7vc8yp4316","id":"ohtva7vc8yp4316"},"id":"n9d1yjg740ckra4","previousOperationId":"0begsx11584l80e"}
{"type":"log","timestamp":1662481250244,"level":"debug","message":"Base url not specified, skipping its injection.","meta":{"rootId":"ohtva7vc8yp4316","id":"ohtva7vc8yp4316"},"id":"n3sourjzzozp76f","previousOperationId":"0begsx11584l80e"}
{"type":"operationStart","subtype":"engine","name":"handlebars","timestamp":1662481250244,"id":"8ojs15418mw54fb","previousEventId":"zw456adk3o0x0xg","operationId":"m52zavdguox14yc","previousOperationId":"0begsx11584l80e"}
{"type":"log","timestamp":1662481250244,"level":"debug","message":"Rendering engine handlebars","meta":{"rootId":"ohtva7vc8yp4316","id":"ohtva7vc8yp4316"},"id":"wi3kc75mgild62x","previousOperationId":"m52zavdguox14yc"}
{"type":"operationEnd","operationId":"m52zavdguox14yc","timestamp":1662481250263,"id":"8ifjptqga0s03fd","previousEventId":"8ojs15418mw54fb","previousOperationId":"m52zavdguox14yc"}
{"type":"operationStart","subtype":"recipe","name":"chrome-pdf","timestamp":1662481250264,"id":"xu74vqc21rzm3s1","previousEventId":"8ifjptqga0s03fd","operationId":"u4bp4vgml9dmdz4","previousOperationId":"m52zavdguox14yc"}
{"type":"log","timestamp":1662481250264,"level":"debug","message":"Executing recipe chrome-pdf","meta":{"rootId":"ohtva7vc8yp4316","id":"ohtva7vc8yp4316"},"id":"nm8l5fdba985wqv","previousOperationId":"u4bp4vgml9dmdz4"}
{"type":"log","timestamp":1662481250266,"level":"debug","message":"Converting with chrome HeadlessChrome/98.0.4758.0 using chrome-pool strategy","meta":{"rootId":"ohtva7vc8yp4316","id":"ohtva7vc8yp4316"},"id":"0kye7ga8jq34gwj","previousOperationId":"u4bp4vgml9dmdz4"}
{"type":"log","timestamp":1662481250444,"level":"debug","message":"Page request: GET (document) file:///C:/Users/aasem/AppData/Local/Temp/jsreport/autocleanup/a10a88ed-c4be-44b3-81a1-8ea9b8b2908f-chrome-pdf.html","meta":{"rootId":"ohtva7vc8yp4316","id":"ohtva7vc8yp4316"},"id":"p19d1jxi3ymjctf","previousOperationId":"u4bp4vgml9dmdz4"}
{"type":"log","timestamp":1662481250457,"level":"debug","message":"Page request finished: GET (document) file:///C:/Users/aasem/AppData/Local/Temp/jsreport/autocleanup/a10a88ed-c4be-44b3-81a1-8ea9b8b2908f-chrome-pdf.html","meta":{"rootId":"ohtva7vc8yp4316","id":"ohtva7vc8yp4316"},"id":"pdfqr4ayd60bduv","previousOperationId":"u4bp4vgml9dmdz4"}
{"type":"log","timestamp":1662481250485,"level":"debug","message":"Running chrome with params {\"printBackground\":true,\"timeout\":59961,\"margin\":{}}","meta":{"rootId":"ohtva7vc8yp4316","id":"ohtva7vc8yp4316"},"id":"bh79gtz9ftjzekm","previousOperationId":"u4bp4vgml9dmdz4"}
{"type":"operationEnd","operationId":"u4bp4vgml9dmdz4","timestamp":1662481250508,"id":"v2jkmi3c2m7mpnn","previousEventId":"xu74vqc21rzm3s1","previousOperationId":"u4bp4vgml9dmdz4"}
{"type":"log","timestamp":1662481250508,"level":"debug","message":"Skipping storing report.","meta":{"rootId":"ohtva7vc8yp4316","id":"ohtva7vc8yp4316"},"id":"1nmvwcf4x0y4z1o","previousOperationId":"u4bp4vgml9dmdz4"}
{"type":"log","timestamp":1662481250508,"level":"info","message":"Rendering request 3 finished in 282 ms","meta":{"rootId":"ohtva7vc8yp4316","id":"ohtva7vc8yp4316"},"id":"tqxgtieytoyqma0","previousOperationId":"u4bp4vgml9dmdz4"}
{"type":"operationEnd","subtype":"render","operationId":"0begsx11584l80e","timestamp":1662481250508,"id":"rrfoffenwxpbqkj","previousEventId":"v2jkmi3c2m7mpnn","previousOperationId":"u4bp4vgml9dmdz4"}
{"type":"operationEnd","doDiffs":false,"previousEventId":"dt3pexe5qyhqhyi","previousOperationId":"e4zzufa6sdg3m4w","operationId":"e4zzufa6sdg3m4w","timestamp":1662481250512,"id":"pxayouy9cc4j2m6"}
