{"type":"operationStart","subtype":"profile","data":{"_id":"NZgFLvtTIMRWYpzT","timestamp":"2022-09-06T16:32:41.007Z","state":"queued","mode":"standard","creationDate":"2022-09-06T16:32:41.009Z","modificationDate":"2022-09-06T16:32:41.009Z","shortid":"_bxaFwm","$entitySet":"profiles"},"doDiffs":false,"timestamp":1662481961008,"id":"7s1vawgcwi7x0d8","previousOperationId":null,"operationId":"vq7rntoumpcnmbi"}
{"type":"log","level":"info","message":"Render request 16 queued for execution and waiting for available worker","previousOperationId":"vq7rntoumpcnmbi","timestamp":1662481961008,"id":"v4htcqko4loj2d6"}
{"type":"operationStart","subtype":"render","name":"salarySlipTemplate","previousOperationId":"vq7rntoumpcnmbi","timestamp":1662481961019,"id":"2i5ndrl0lt5sel0","previousEventId":"7s1vawgcwi7x0d8","operationId":"0trib2p9ozmj4bd"}
{"type":"log","timestamp":1662481961019,"level":"info","message":"Starting rendering request 16 (user: null)","meta":{"rootId":"oktsapn3d3pe7lt","id":"oktsapn3d3pe7lt"},"id":"3n03qu2bfpz8532","previousOperationId":"0trib2p9ozmj4bd"}
{"type":"log","timestamp":1662481961019,"level":"info","message":"Rendering template { name: salarySlipTemplate, recipe: chrome-pdf, engine: handlebars, preview: false }","meta":{"rootId":"oktsapn3d3pe7lt","id":"oktsapn3d3pe7lt"},"id":"e59yztythy1qbbh","previousOperationId":"0trib2p9ozmj4bd"}
{"type":"log","timestamp":1662481961020,"level":"debug","message":"Inline data specified.","meta":{"rootId":"oktsapn3d3pe7lt","id":"oktsapn3d3pe7lt"},"id":"h3w83n7pd0hwwuz","previousOperationId":"0trib2p9ozmj4bd"}
{"type":"log","timestamp":1662481961024,"level":"debug","message":"Base url not specified, skipping its injection.","meta":{"rootId":"oktsapn3d3pe7lt","id":"oktsapn3d3pe7lt"},"id":"bmram0kxu5k6gdi","previousOperationId":"0trib2p9ozmj4bd"}
{"type":"operationStart","subtype":"engine","name":"handlebars","timestamp":1662481961024,"id":"fq5oa74rtg3fnsc","previousEventId":"2i5ndrl0lt5sel0","operationId":"z8qd1rj8yttnr8t","previousOperationId":"0trib2p9ozmj4bd"}
{"type":"log","timestamp":1662481961024,"level":"debug","message":"Rendering engine handlebars","meta":{"rootId":"oktsapn3d3pe7lt","id":"oktsapn3d3pe7lt"},"id":"zb1sgyafpk8ebgf","previousOperationId":"z8qd1rj8yttnr8t"}
{"type":"operationEnd","operationId":"z8qd1rj8yttnr8t","timestamp":1662481961059,"id":"gzk3xnweyae61j4","previousEventId":"fq5oa74rtg3fnsc","previousOperationId":"z8qd1rj8yttnr8t"}
{"type":"operationStart","subtype":"recipe","name":"chrome-pdf","timestamp":1662481961059,"id":"7dqhdvp0lntgw2g","previousEventId":"gzk3xnweyae61j4","operationId":"vryz8q1x0qw0706","previousOperationId":"z8qd1rj8yttnr8t"}
{"type":"log","timestamp":1662481961059,"level":"debug","message":"Executing recipe chrome-pdf","meta":{"rootId":"oktsapn3d3pe7lt","id":"oktsapn3d3pe7lt"},"id":"uxlq9hwco8lnshm","previousOperationId":"vryz8q1x0qw0706"}
{"type":"log","timestamp":1662481961063,"level":"debug","message":"Converting with chrome HeadlessChrome/98.0.4758.0 using chrome-pool strategy","meta":{"rootId":"oktsapn3d3pe7lt","id":"oktsapn3d3pe7lt"},"id":"j1ihkds2l9gz811","previousOperationId":"vryz8q1x0qw0706"}
{"type":"log","timestamp":1662481961157,"level":"debug","message":"Page request: GET (document) file:///C:/Users/aasem/AppData/Local/Temp/jsreport/autocleanup/1e5e76a8-bb13-47c3-a94e-0e898718e51f-chrome-pdf.html","meta":{"rootId":"oktsapn3d3pe7lt","id":"oktsapn3d3pe7lt"},"id":"ly97fvu9g94s7a8","previousOperationId":"vryz8q1x0qw0706"}
{"type":"log","timestamp":1662481961170,"level":"debug","message":"Page request finished: GET (document) file:///C:/Users/aasem/AppData/Local/Temp/jsreport/autocleanup/1e5e76a8-bb13-47c3-a94e-0e898718e51f-chrome-pdf.html","meta":{"rootId":"oktsapn3d3pe7lt","id":"oktsapn3d3pe7lt"},"id":"8l19uzrofmbuovw","previousOperationId":"vryz8q1x0qw0706"}
{"type":"log","timestamp":1662481961199,"level":"debug","message":"Running chrome with params {\"printBackground\":true,\"timeout\":59947,\"margin\":{}}","meta":{"rootId":"oktsapn3d3pe7lt","id":"oktsapn3d3pe7lt"},"id":"eggltype1u025gk","previousOperationId":"vryz8q1x0qw0706"}
{"type":"operationEnd","operationId":"vryz8q1x0qw0706","timestamp":1662481961294,"id":"gsdmm8bp1v5lqh5","previousEventId":"7dqhdvp0lntgw2g","previousOperationId":"vryz8q1x0qw0706"}
{"type":"operationStart","subtype":"reports","name":"persisting report","doDiffs":false,"timestamp":1662481961294,"id":"cmsf8r4l97fbkov","previousEventId":"gsdmm8bp1v5lqh5","operationId":"g90hxpawfinl3wp","previousOperationId":"vryz8q1x0qw0706"}
{"type":"log","timestamp":1662481961312,"level":"debug","message":"Report stored as reports/salary/salarySlipTemplate/YY0warI541r4ABIK.pdf","meta":{"rootId":"oktsapn3d3pe7lt","id":"oktsapn3d3pe7lt"},"id":"3gquyx3iy08rulz","previousOperationId":"g90hxpawfinl3wp"}
{"type":"operationEnd","operationId":"g90hxpawfinl3wp","doDiffs":false,"timestamp":1662481961312,"id":"7xyvt1s3kv4t1zc","previousEventId":"cmsf8r4l97fbkov","previousOperationId":"g90hxpawfinl3wp"}
{"type":"log","timestamp":1662481961312,"level":"info","message":"Rendering request 16 finished in 305 ms","meta":{"rootId":"oktsapn3d3pe7lt","id":"oktsapn3d3pe7lt"},"id":"414u74tg8mt1u1d","previousOperationId":"g90hxpawfinl3wp"}
{"type":"operationEnd","subtype":"render","operationId":"0trib2p9ozmj4bd","timestamp":1662481961312,"id":"ocr5pt3qr9yw5uv","previousEventId":"7xyvt1s3kv4t1zc","previousOperationId":"g90hxpawfinl3wp"}
{"type":"operationEnd","doDiffs":false,"previousEventId":"7s1vawgcwi7x0d8","previousOperationId":"vq7rntoumpcnmbi","operationId":"vq7rntoumpcnmbi","timestamp":1662481961315,"id":"mn054p6lq48aakg"}
