{"type":"operationStart","subtype":"profile","data":{"_id":"35w4B9V56TMWpGq0","timestamp":"2022-09-07T15:38:15.199Z","state":"queued","mode":"standard","creationDate":"2022-09-07T15:38:15.202Z","modificationDate":"2022-09-07T15:38:15.202Z","shortid":"6LbEsUf","$entitySet":"profiles"},"doDiffs":false,"timestamp":1662565095200,"id":"awvtws180h79evo","previousOperationId":null,"operationId":"3nvaxqtcwoujdfu"}
{"type":"log","level":"info","message":"Render request 17 queued for execution and waiting for available worker","previousOperationId":"3nvaxqtcwoujdfu","timestamp":1662565095201,"id":"b8szdveduhapzs5"}
{"type":"operationStart","subtype":"render","name":"salarySlipTemplate","previousOperationId":"3nvaxqtcwoujdfu","timestamp":1662565095219,"id":"1qu73xobd0pasxi","previousEventId":"awvtws180h79evo","operationId":"2kcbc63w315j5qq"}
{"type":"log","timestamp":1662565095219,"level":"info","message":"Starting rendering request 17 (user: null)","meta":{"rootId":"oqt54y75udqi46f","id":"oqt54y75udqi46f"},"id":"4jfrsz5e26zcet8","previousOperationId":"2kcbc63w315j5qq"}
{"type":"log","timestamp":1662565095219,"level":"info","message":"Rendering template { name: salarySlipTemplate, recipe: chrome-pdf, engine: handlebars, preview: false }","meta":{"rootId":"oqt54y75udqi46f","id":"oqt54y75udqi46f"},"id":"fdae4mqqjd0qa0t","previousOperationId":"2kcbc63w315j5qq"}
{"type":"log","timestamp":1662565095220,"level":"debug","message":"Inline data specified.","meta":{"rootId":"oqt54y75udqi46f","id":"oqt54y75udqi46f"},"id":"vu5kb5iwoxja1zd","previousOperationId":"2kcbc63w315j5qq"}
{"type":"log","timestamp":1662565095222,"level":"debug","message":"Base url not specified, skipping its injection.","meta":{"rootId":"oqt54y75udqi46f","id":"oqt54y75udqi46f"},"id":"984it7fgewgpa72","previousOperationId":"2kcbc63w315j5qq"}
{"type":"operationStart","subtype":"engine","name":"handlebars","timestamp":1662565095222,"id":"3xn49en8r4egu3n","previousEventId":"1qu73xobd0pasxi","operationId":"at46yjm5oeea6qg","previousOperationId":"2kcbc63w315j5qq"}
{"type":"log","timestamp":1662565095222,"level":"debug","message":"Rendering engine handlebars","meta":{"rootId":"oqt54y75udqi46f","id":"oqt54y75udqi46f"},"id":"xk71bi0glz6t4h8","previousOperationId":"at46yjm5oeea6qg"}
{"type":"operationEnd","operationId":"at46yjm5oeea6qg","timestamp":1662565095237,"id":"8rpec8364j5g4ug","previousEventId":"3xn49en8r4egu3n","previousOperationId":"at46yjm5oeea6qg"}
{"type":"operationStart","subtype":"recipe","name":"chrome-pdf","timestamp":1662565095237,"id":"6lvec7ol49cnvtb","previousEventId":"8rpec8364j5g4ug","operationId":"fl4aaxwaawtwhql","previousOperationId":"at46yjm5oeea6qg"}
{"type":"log","timestamp":1662565095237,"level":"debug","message":"Executing recipe chrome-pdf","meta":{"rootId":"oqt54y75udqi46f","id":"oqt54y75udqi46f"},"id":"1e7snugeatt31nt","previousOperationId":"fl4aaxwaawtwhql"}
{"type":"log","timestamp":1662565095240,"level":"debug","message":"Converting with chrome HeadlessChrome/98.0.4758.0 using chrome-pool strategy","meta":{"rootId":"oqt54y75udqi46f","id":"oqt54y75udqi46f"},"id":"cjp0omrkctbz7js","previousOperationId":"fl4aaxwaawtwhql"}
{"type":"log","timestamp":1662565095331,"level":"debug","message":"Page request: GET (document) file:///C:/Users/aasem/AppData/Local/Temp/jsreport/autocleanup/d3f53588-ff7d-4294-8a43-12b8404c2a9c-chrome-pdf.html","meta":{"rootId":"oqt54y75udqi46f","id":"oqt54y75udqi46f"},"id":"jks1yfy5vknd3qv","previousOperationId":"fl4aaxwaawtwhql"}
{"type":"log","timestamp":1662565095343,"level":"debug","message":"Page request finished: GET (document) file:///C:/Users/aasem/AppData/Local/Temp/jsreport/autocleanup/d3f53588-ff7d-4294-8a43-12b8404c2a9c-chrome-pdf.html","meta":{"rootId":"oqt54y75udqi46f","id":"oqt54y75udqi46f"},"id":"vgc9otwcj90yxlq","previousOperationId":"fl4aaxwaawtwhql"}
{"type":"log","timestamp":1662565095385,"level":"debug","message":"Running chrome with params {\"printBackground\":true,\"timeout\":59959,\"margin\":{}}","meta":{"rootId":"oqt54y75udqi46f","id":"oqt54y75udqi46f"},"id":"6eksfn208qxae45","previousOperationId":"fl4aaxwaawtwhql"}
{"type":"operationEnd","operationId":"fl4aaxwaawtwhql","timestamp":1662565095494,"id":"32r242vkun8ttwn","previousEventId":"6lvec7ol49cnvtb","previousOperationId":"fl4aaxwaawtwhql"}
{"type":"log","timestamp":1662565095494,"level":"debug","message":"Skipping storing report.","meta":{"rootId":"oqt54y75udqi46f","id":"oqt54y75udqi46f"},"id":"dytyp2fo8xf6l76","previousOperationId":"fl4aaxwaawtwhql"}
{"type":"log","timestamp":1662565095494,"level":"info","message":"Rendering request 17 finished in 296 ms","meta":{"rootId":"oqt54y75udqi46f","id":"oqt54y75udqi46f"},"id":"xnqxsk727wfwxla","previousOperationId":"fl4aaxwaawtwhql"}
{"type":"operationEnd","subtype":"render","operationId":"2kcbc63w315j5qq","timestamp":1662565095494,"id":"nke5pvx54yhvgqr","previousEventId":"32r242vkun8ttwn","previousOperationId":"fl4aaxwaawtwhql"}
{"type":"operationEnd","doDiffs":false,"previousEventId":"awvtws180h79evo","previousOperationId":"3nvaxqtcwoujdfu","operationId":"3nvaxqtcwoujdfu","timestamp":1662565095497,"id":"x0gy97lb8cl4wyr"}
