{"type":"operationStart","subtype":"profile","data":{"_id":"hWJnTt55c2iZs7NK","timestamp":"2022-09-10T21:16:47.670Z","state":"queued","mode":"standard","creationDate":"2022-09-10T21:16:47.712Z","modificationDate":"2022-09-10T21:16:47.712Z","shortid":"TuojKmQ","$entitySet":"profiles"},"doDiffs":false,"timestamp":1662844607711,"id":"ikfdrp6f6aenrse","previousOperationId":null,"operationId":"cm0fp7v7l8qepd9"}
{"type":"log","level":"info","message":"Render request 3 queued for execution and waiting for available worker","previousOperationId":"cm0fp7v7l8qepd9","timestamp":1662844607711,"id":"iqirh5vvtiukx7h"}
{"type":"operationStart","subtype":"render","name":"salarySlipTemplate","previousOperationId":"cm0fp7v7l8qepd9","timestamp":1662844613464,"id":"rf57fyet1xy0g3d","previousEventId":"ikfdrp6f6aenrse","operationId":"8et1v4nd8ivti9z"}
{"type":"log","timestamp":1662844613464,"level":"info","message":"Starting rendering request 3 (user: null)","meta":{"rootId":"oujgj31wrcf0z3z","id":"oujgj31wrcf0z3z"},"id":"dop42xsxcgvo8td","previousOperationId":"8et1v4nd8ivti9z"}
{"type":"log","timestamp":1662844613464,"level":"info","message":"Rendering template { name: salarySlipTemplate, recipe: chrome-pdf, engine: handlebars, preview: false }","meta":{"rootId":"oujgj31wrcf0z3z","id":"oujgj31wrcf0z3z"},"id":"lzb1n64whvvl9hp","previousOperationId":"8et1v4nd8ivti9z"}
{"type":"log","timestamp":1662844613466,"level":"debug","message":"Inline data specified.","meta":{"rootId":"oujgj31wrcf0z3z","id":"oujgj31wrcf0z3z"},"id":"u4se9qcal5g5c4f","previousOperationId":"8et1v4nd8ivti9z"}
{"type":"log","timestamp":1662844613472,"level":"debug","message":"Base url not specified, skipping its injection.","meta":{"rootId":"oujgj31wrcf0z3z","id":"oujgj31wrcf0z3z"},"id":"68nnclcik7z7ghm","previousOperationId":"8et1v4nd8ivti9z"}
{"type":"operationStart","subtype":"engine","name":"handlebars","timestamp":1662844613473,"id":"rd5tsyj3pbmvokp","previousEventId":"rf57fyet1xy0g3d","operationId":"z1v59s6xk992cr7","previousOperationId":"8et1v4nd8ivti9z"}
{"type":"log","timestamp":1662844613473,"level":"debug","message":"Rendering engine handlebars","meta":{"rootId":"oujgj31wrcf0z3z","id":"oujgj31wrcf0z3z"},"id":"dsyltlvq7wirij4","previousOperationId":"z1v59s6xk992cr7"}
{"type":"operationEnd","operationId":"z1v59s6xk992cr7","timestamp":1662844613495,"id":"bcf5lu9apodjav0","previousEventId":"rd5tsyj3pbmvokp","previousOperationId":"z1v59s6xk992cr7"}
{"type":"operationStart","subtype":"recipe","name":"chrome-pdf","timestamp":1662844613496,"id":"mewtq5jwtc7iuve","previousEventId":"bcf5lu9apodjav0","operationId":"pwydmj2wyuq9997","previousOperationId":"z1v59s6xk992cr7"}
{"type":"log","timestamp":1662844613496,"level":"debug","message":"Executing recipe chrome-pdf","meta":{"rootId":"oujgj31wrcf0z3z","id":"oujgj31wrcf0z3z"},"id":"y6tgyfohumcrwfb","previousOperationId":"pwydmj2wyuq9997"}
{"type":"log","timestamp":1662844613499,"level":"debug","message":"Converting with chrome HeadlessChrome/98.0.4758.0 using chrome-pool strategy","meta":{"rootId":"oujgj31wrcf0z3z","id":"oujgj31wrcf0z3z"},"id":"1kamlj0466tfe62","previousOperationId":"pwydmj2wyuq9997"}
{"type":"log","timestamp":1662844613660,"level":"debug","message":"Page request: GET (document) file:///C:/Users/aasem/AppData/Local/Temp/jsreport/autocleanup/a48d3491-b7ba-4909-983a-35c7ef8293f3-chrome-pdf.html","meta":{"rootId":"oujgj31wrcf0z3z","id":"oujgj31wrcf0z3z"},"id":"5bvyav7pz1k0hrq","previousOperationId":"pwydmj2wyuq9997"}
{"type":"log","timestamp":1662844613695,"level":"debug","message":"Page request finished: GET (document) file:///C:/Users/aasem/AppData/Local/Temp/jsreport/autocleanup/a48d3491-b7ba-4909-983a-35c7ef8293f3-chrome-pdf.html","meta":{"rootId":"oujgj31wrcf0z3z","id":"oujgj31wrcf0z3z"},"id":"slb9ydzwpzra0hi","previousOperationId":"pwydmj2wyuq9997"}
{"type":"log","timestamp":1662844613734,"level":"debug","message":"Running chrome with params {\"printBackground\":true,\"timeout\":54173,\"margin\":{}}","meta":{"rootId":"oujgj31wrcf0z3z","id":"oujgj31wrcf0z3z"},"id":"abc4dv77bka0oof","previousOperationId":"pwydmj2wyuq9997"}
{"type":"operationEnd","operationId":"pwydmj2wyuq9997","timestamp":1662844614014,"id":"9s5hoico1rpilad","previousEventId":"mewtq5jwtc7iuve","previousOperationId":"pwydmj2wyuq9997"}
{"type":"log","timestamp":1662844614014,"level":"debug","message":"Skipping storing report.","meta":{"rootId":"oujgj31wrcf0z3z","id":"oujgj31wrcf0z3z"},"id":"qupdslyjo210u2y","previousOperationId":"pwydmj2wyuq9997"}
{"type":"log","timestamp":1662844614014,"level":"info","message":"Rendering request 3 finished in 6344 ms","meta":{"rootId":"oujgj31wrcf0z3z","id":"oujgj31wrcf0z3z"},"id":"831mdysrqx5jdx6","previousOperationId":"pwydmj2wyuq9997"}
{"type":"operationEnd","subtype":"render","operationId":"8et1v4nd8ivti9z","timestamp":1662844614014,"id":"1qd8c7pxsqls1n9","previousEventId":"9s5hoico1rpilad","previousOperationId":"pwydmj2wyuq9997"}
{"type":"operationEnd","doDiffs":false,"previousEventId":"ikfdrp6f6aenrse","previousOperationId":"cm0fp7v7l8qepd9","operationId":"cm0fp7v7l8qepd9","timestamp":1662844614048,"id":"zqmwrh7eexi1e86"}
