{"type":"operationStart","subtype":"profile","data":{"_id":"KmwNouCv7JTC52B3","timestamp":"2022-09-06T17:39:11.456Z","state":"queued","mode":"standard","creationDate":"2022-09-06T17:39:11.457Z","modificationDate":"2022-09-06T17:39:11.457Z","shortid":"80keVBc","$entitySet":"profiles"},"doDiffs":false,"timestamp":1662485951457,"id":"jflgvl0sboudkcf","previousOperationId":null,"operationId":"usw6ytm1lwt24lf"}
{"type":"log","level":"info","message":"Render request 4 queued for execution and waiting for available worker","previousOperationId":"usw6ytm1lwt24lf","timestamp":1662485951457,"id":"id9o6ocnc2vwinp"}
{"type":"operationStart","subtype":"render","name":"salarySlipTemplate","previousOperationId":"usw6ytm1lwt24lf","timestamp":1662485951468,"id":"rada3e8bha0a5vl","previousEventId":"jflgvl0sboudkcf","operationId":"c2bfuogcxfc2vnr"}
{"type":"log","timestamp":1662485951468,"level":"info","message":"Starting rendering request 4 (user: null)","meta":{"rootId":"oyfql3fpdg5kb35","id":"oyfql3fpdg5kb35"},"id":"k1smf4xbdexatyy","previousOperationId":"c2bfuogcxfc2vnr"}
{"type":"log","timestamp":1662485951469,"level":"info","message":"Rendering template { name: salarySlipTemplate, recipe: chrome-pdf, engine: handlebars, preview: false }","meta":{"rootId":"oyfql3fpdg5kb35","id":"oyfql3fpdg5kb35"},"id":"23de0l4x95arin3","previousOperationId":"c2bfuogcxfc2vnr"}
{"type":"log","timestamp":1662485951469,"level":"debug","message":"Inline data specified.","meta":{"rootId":"oyfql3fpdg5kb35","id":"oyfql3fpdg5kb35"},"id":"cl42hpxkq1jyp4q","previousOperationId":"c2bfuogcxfc2vnr"}
{"type":"log","timestamp":1662485951474,"level":"debug","message":"Base url not specified, skipping its injection.","meta":{"rootId":"oyfql3fpdg5kb35","id":"oyfql3fpdg5kb35"},"id":"ufn81mdq7b65jcb","previousOperationId":"c2bfuogcxfc2vnr"}
{"type":"operationStart","subtype":"engine","name":"handlebars","timestamp":1662485951474,"id":"ygqwunmikj9p4eu","previousEventId":"rada3e8bha0a5vl","operationId":"01n9d53kdzxfbgg","previousOperationId":"c2bfuogcxfc2vnr"}
{"type":"log","timestamp":1662485951474,"level":"debug","message":"Rendering engine handlebars","meta":{"rootId":"oyfql3fpdg5kb35","id":"oyfql3fpdg5kb35"},"id":"aczs55suy4zrvwz","previousOperationId":"01n9d53kdzxfbgg"}
{"type":"operationEnd","operationId":"01n9d53kdzxfbgg","timestamp":1662485951487,"id":"nfcza0ayd63zau7","previousEventId":"ygqwunmikj9p4eu","previousOperationId":"01n9d53kdzxfbgg"}
{"type":"operationStart","subtype":"recipe","name":"chrome-pdf","timestamp":1662485951487,"id":"e1l2aemacygc4cj","previousEventId":"nfcza0ayd63zau7","operationId":"kz2he3et7l7hkza","previousOperationId":"01n9d53kdzxfbgg"}
{"type":"log","timestamp":1662485951487,"level":"debug","message":"Executing recipe chrome-pdf","meta":{"rootId":"oyfql3fpdg5kb35","id":"oyfql3fpdg5kb35"},"id":"qgzpp0t5xqb37w2","previousOperationId":"kz2he3et7l7hkza"}
{"type":"log","timestamp":1662485951490,"level":"debug","message":"Converting with chrome HeadlessChrome/98.0.4758.0 using chrome-pool strategy","meta":{"rootId":"oyfql3fpdg5kb35","id":"oyfql3fpdg5kb35"},"id":"gm9fk1fhf2v0i6c","previousOperationId":"kz2he3et7l7hkza"}
{"type":"log","timestamp":1662485951702,"level":"debug","message":"Page request: GET (document) file:///C:/Users/aasem/AppData/Local/Temp/jsreport/autocleanup/7098d84e-c429-4b09-86dc-adb16ff73631-chrome-pdf.html","meta":{"rootId":"oyfql3fpdg5kb35","id":"oyfql3fpdg5kb35"},"id":"pk3ila5ynmg4qfa","previousOperationId":"kz2he3et7l7hkza"}
{"type":"log","timestamp":1662485951714,"level":"debug","message":"Page request finished: GET (document) file:///C:/Users/aasem/AppData/Local/Temp/jsreport/autocleanup/7098d84e-c429-4b09-86dc-adb16ff73631-chrome-pdf.html","meta":{"rootId":"oyfql3fpdg5kb35","id":"oyfql3fpdg5kb35"},"id":"dcoys5l3lndcv17","previousOperationId":"kz2he3et7l7hkza"}
{"type":"log","timestamp":1662485951740,"level":"debug","message":"Running chrome with params {\"printBackground\":true,\"timeout\":59967,\"margin\":{}}","meta":{"rootId":"oyfql3fpdg5kb35","id":"oyfql3fpdg5kb35"},"id":"fgvevrfxibcgyt2","previousOperationId":"kz2he3et7l7hkza"}
{"type":"operationEnd","operationId":"kz2he3et7l7hkza","timestamp":1662485951839,"id":"mj92u4wi03knzj3","previousEventId":"e1l2aemacygc4cj","previousOperationId":"kz2he3et7l7hkza"}
{"type":"operationStart","subtype":"reports","name":"persisting report","doDiffs":false,"timestamp":1662485951839,"id":"o87kccceimddmld","previousEventId":"mj92u4wi03knzj3","operationId":"6she05oqjqp7dyc","previousOperationId":"kz2he3et7l7hkza"}
{"type":"log","timestamp":1662485951860,"level":"debug","message":"Report stored as reports/salary/salarySlipTemplate/GGQgmGDiiMEGcP0W.pdf","meta":{"rootId":"oyfql3fpdg5kb35","id":"oyfql3fpdg5kb35"},"id":"pcqmbzk10312ba2","previousOperationId":"6she05oqjqp7dyc"}
{"type":"operationEnd","operationId":"6she05oqjqp7dyc","doDiffs":false,"timestamp":1662485951860,"id":"tgzu4fgilfn53di","previousEventId":"o87kccceimddmld","previousOperationId":"6she05oqjqp7dyc"}
{"type":"log","timestamp":1662485951860,"level":"info","message":"Rendering request 4 finished in 404 ms","meta":{"rootId":"oyfql3fpdg5kb35","id":"oyfql3fpdg5kb35"},"id":"3hitdvxjnvc1188","previousOperationId":"6she05oqjqp7dyc"}
{"type":"operationEnd","subtype":"render","operationId":"c2bfuogcxfc2vnr","timestamp":1662485951860,"id":"pnzck92lw4260ub","previousEventId":"tgzu4fgilfn53di","previousOperationId":"6she05oqjqp7dyc"}
{"type":"operationEnd","doDiffs":false,"previousEventId":"jflgvl0sboudkcf","previousOperationId":"usw6ytm1lwt24lf","operationId":"usw6ytm1lwt24lf","timestamp":1662485951864,"id":"fkcisabgxeqzo8f"}
