{"type":"operationStart","subtype":"profile","data":{"_id":"i8J58qjtfTEmzmKo","timestamp":"2022-09-06T16:50:41.789Z","state":"queued","mode":"standard","creationDate":"2022-09-06T16:50:41.791Z","modificationDate":"2022-09-06T16:50:41.791Z","shortid":"YSh_UoX","$entitySet":"profiles"},"doDiffs":false,"timestamp":1662483041791,"id":"h9qddrr1xky8ttu","previousOperationId":null,"operationId":"jzkbk2tsbfykxfv"}
{"type":"log","level":"info","message":"Render request 31 queued for execution and waiting for available worker","previousOperationId":"jzkbk2tsbfykxfv","timestamp":1662483041791,"id":"ufv5u358l0kz2qk"}
{"type":"operationStart","subtype":"render","name":"salarySlipTemplate","previousOperationId":"jzkbk2tsbfykxfv","timestamp":1662483041800,"id":"1bwe9a26ko8iqcq","previousEventId":"h9qddrr1xky8ttu","operationId":"esqj4lknc1cycmm"}
{"type":"log","timestamp":1662483041800,"level":"info","message":"Starting rendering request 31 (user: null)","meta":{"rootId":"p8hc3hqf5iyfusd","id":"p8hc3hqf5iyfusd"},"id":"v5i33brjuob2d3r","previousOperationId":"esqj4lknc1cycmm"}
{"type":"log","timestamp":1662483041802,"level":"info","message":"Rendering template { name: salarySlipTemplate, recipe: chrome-pdf, engine: handlebars, preview: false }","meta":{"rootId":"p8hc3hqf5iyfusd","id":"p8hc3hqf5iyfusd"},"id":"f1f3h88n6826wlt","previousOperationId":"esqj4lknc1cycmm"}
{"type":"log","timestamp":1662483041802,"level":"debug","message":"Inline data specified.","meta":{"rootId":"p8hc3hqf5iyfusd","id":"p8hc3hqf5iyfusd"},"id":"fv75ck59suppqv4","previousOperationId":"esqj4lknc1cycmm"}
{"type":"log","timestamp":1662483041804,"level":"debug","message":"Base url not specified, skipping its injection.","meta":{"rootId":"p8hc3hqf5iyfusd","id":"p8hc3hqf5iyfusd"},"id":"q6500qa8b3h7bic","previousOperationId":"esqj4lknc1cycmm"}
{"type":"operationStart","subtype":"engine","name":"handlebars","timestamp":1662483041805,"id":"swbvzsxxwye4ugq","previousEventId":"1bwe9a26ko8iqcq","operationId":"q3thg6mupa3r8o5","previousOperationId":"esqj4lknc1cycmm"}
{"type":"log","timestamp":1662483041805,"level":"debug","message":"Rendering engine handlebars","meta":{"rootId":"p8hc3hqf5iyfusd","id":"p8hc3hqf5iyfusd"},"id":"m9hyk4w49ylncxb","previousOperationId":"q3thg6mupa3r8o5"}
{"type":"operationEnd","operationId":"q3thg6mupa3r8o5","timestamp":1662483041819,"id":"bgprctqticfmnm3","previousEventId":"swbvzsxxwye4ugq","previousOperationId":"q3thg6mupa3r8o5"}
{"type":"operationStart","subtype":"recipe","name":"chrome-pdf","timestamp":1662483041819,"id":"sup2tl8mkgay1sl","previousEventId":"bgprctqticfmnm3","operationId":"j8x2w2hjtzxziys","previousOperationId":"q3thg6mupa3r8o5"}
{"type":"log","timestamp":1662483041819,"level":"debug","message":"Executing recipe chrome-pdf","meta":{"rootId":"p8hc3hqf5iyfusd","id":"p8hc3hqf5iyfusd"},"id":"kdebi3dv17i3067","previousOperationId":"j8x2w2hjtzxziys"}
{"type":"log","timestamp":1662483041821,"level":"debug","message":"Converting with chrome HeadlessChrome/98.0.4758.0 using chrome-pool strategy","meta":{"rootId":"p8hc3hqf5iyfusd","id":"p8hc3hqf5iyfusd"},"id":"15n83al2vgcivay","previousOperationId":"j8x2w2hjtzxziys"}
{"type":"log","timestamp":1662483041914,"level":"debug","message":"Page request: GET (document) file:///C:/Users/aasem/AppData/Local/Temp/jsreport/autocleanup/0d1a40d4-74ff-4e8a-9314-1362390d051f-chrome-pdf.html","meta":{"rootId":"p8hc3hqf5iyfusd","id":"p8hc3hqf5iyfusd"},"id":"898hvjwqufkoyxr","previousOperationId":"j8x2w2hjtzxziys"}
{"type":"log","timestamp":1662483041927,"level":"debug","message":"Page request finished: GET (document) file:///C:/Users/aasem/AppData/Local/Temp/jsreport/autocleanup/0d1a40d4-74ff-4e8a-9314-1362390d051f-chrome-pdf.html","meta":{"rootId":"p8hc3hqf5iyfusd","id":"p8hc3hqf5iyfusd"},"id":"s62pgpbmv1padxw","previousOperationId":"j8x2w2hjtzxziys"}
{"type":"log","timestamp":1662483041956,"level":"debug","message":"Running chrome with params {\"printBackground\":true,\"timeout\":59969,\"margin\":{}}","meta":{"rootId":"p8hc3hqf5iyfusd","id":"p8hc3hqf5iyfusd"},"id":"2wq22vzsf8ojazx","previousOperationId":"j8x2w2hjtzxziys"}
{"type":"operationEnd","operationId":"j8x2w2hjtzxziys","timestamp":1662483042062,"id":"rzlyxxhayrnawxe","previousEventId":"sup2tl8mkgay1sl","previousOperationId":"j8x2w2hjtzxziys"}
{"type":"operationStart","subtype":"reports","name":"persisting report","doDiffs":false,"timestamp":1662483042062,"id":"bxaoisqgoqclxtt","previousEventId":"rzlyxxhayrnawxe","operationId":"40bf1nparlplhpo","previousOperationId":"j8x2w2hjtzxziys"}
{"type":"log","timestamp":1662483042076,"level":"debug","message":"Report stored as reports/salary/salarySlipTemplate/XtGHjRul4HaYAOt4.pdf","meta":{"rootId":"p8hc3hqf5iyfusd","id":"p8hc3hqf5iyfusd"},"id":"q9ljyjcop1dcerr","previousOperationId":"40bf1nparlplhpo"}
{"type":"operationEnd","operationId":"40bf1nparlplhpo","doDiffs":false,"timestamp":1662483042076,"id":"n81cwdxis6pvggr","previousEventId":"bxaoisqgoqclxtt","previousOperationId":"40bf1nparlplhpo"}
{"type":"log","timestamp":1662483042076,"level":"info","message":"Rendering request 31 finished in 287 ms","meta":{"rootId":"p8hc3hqf5iyfusd","id":"p8hc3hqf5iyfusd"},"id":"qqvmjomkc7twfbq","previousOperationId":"40bf1nparlplhpo"}
{"type":"operationEnd","subtype":"render","operationId":"esqj4lknc1cycmm","timestamp":1662483042076,"id":"ha25lindi13ee3i","previousEventId":"n81cwdxis6pvggr","previousOperationId":"40bf1nparlplhpo"}
{"type":"operationEnd","doDiffs":false,"previousEventId":"h9qddrr1xky8ttu","previousOperationId":"jzkbk2tsbfykxfv","operationId":"jzkbk2tsbfykxfv","timestamp":1662483042080,"id":"r2g6uvll0ilkyaz"}
