{"type":"operationStart","subtype":"profile","data":{"_id":"L9wkOhSollh58tWf","timestamp":"2022-09-07T00:31:53.629Z","state":"queued","mode":"standard","creationDate":"2022-09-07T00:31:53.630Z","modificationDate":"2022-09-07T00:31:53.630Z","shortid":"8a9Ug9-","$entitySet":"profiles"},"doDiffs":false,"timestamp":1662510713630,"id":"hbbhwcb4gjcnjl6","previousOperationId":null,"operationId":"i0hp6nw2yxqmsha"}
{"type":"log","level":"info","message":"Render request 36 queued for execution and waiting for available worker","previousOperationId":"i0hp6nw2yxqmsha","timestamp":1662510713630,"id":"i45pohpvyil5sj3"}
{"type":"operationStart","subtype":"render","name":"salarySlipTemplate","previousOperationId":"i0hp6nw2yxqmsha","timestamp":1662510713642,"id":"32a7uvjndnbzplw","previousEventId":"hbbhwcb4gjcnjl6","operationId":"c5hi11hs7966zb4"}
{"type":"log","timestamp":1662510713643,"level":"info","message":"Starting rendering request 36 (user: null)","meta":{"rootId":"p97s1ps9pm8bi6y","id":"p97s1ps9pm8bi6y"},"id":"vi22rsu0phadt94","previousOperationId":"c5hi11hs7966zb4"}
{"type":"log","timestamp":1662510713643,"level":"info","message":"Rendering template { name: salarySlipTemplate, recipe: chrome-pdf, engine: handlebars, preview: false }","meta":{"rootId":"p97s1ps9pm8bi6y","id":"p97s1ps9pm8bi6y"},"id":"2dt6vrt9oxf9sy5","previousOperationId":"c5hi11hs7966zb4"}
{"type":"log","timestamp":1662510713643,"level":"debug","message":"Inline data specified.","meta":{"rootId":"p97s1ps9pm8bi6y","id":"p97s1ps9pm8bi6y"},"id":"j1wr349iw6umkw8","previousOperationId":"c5hi11hs7966zb4"}
{"type":"log","timestamp":1662510713648,"level":"debug","message":"Base url not specified, skipping its injection.","meta":{"rootId":"p97s1ps9pm8bi6y","id":"p97s1ps9pm8bi6y"},"id":"ri3u5t9tgcgn7g9","previousOperationId":"c5hi11hs7966zb4"}
{"type":"operationStart","subtype":"engine","name":"handlebars","timestamp":1662510713648,"id":"reao4gxfhfs9uy5","previousEventId":"32a7uvjndnbzplw","operationId":"nyuf1p389n1z7d5","previousOperationId":"c5hi11hs7966zb4"}
{"type":"log","timestamp":1662510713648,"level":"debug","message":"Rendering engine handlebars","meta":{"rootId":"p97s1ps9pm8bi6y","id":"p97s1ps9pm8bi6y"},"id":"nhqegm9f9lc1fxq","previousOperationId":"nyuf1p389n1z7d5"}
{"type":"operationEnd","operationId":"nyuf1p389n1z7d5","timestamp":1662510713660,"id":"hyg4tq3jexvcb3d","previousEventId":"reao4gxfhfs9uy5","previousOperationId":"nyuf1p389n1z7d5"}
{"type":"operationStart","subtype":"recipe","name":"chrome-pdf","timestamp":1662510713660,"id":"ebjcpahkddu2qf4","previousEventId":"hyg4tq3jexvcb3d","operationId":"gka730e8m582kvx","previousOperationId":"nyuf1p389n1z7d5"}
{"type":"log","timestamp":1662510713660,"level":"debug","message":"Executing recipe chrome-pdf","meta":{"rootId":"p97s1ps9pm8bi6y","id":"p97s1ps9pm8bi6y"},"id":"mxe4wxhtx5hnww7","previousOperationId":"gka730e8m582kvx"}
{"type":"log","timestamp":1662510713664,"level":"debug","message":"Converting with chrome HeadlessChrome/98.0.4758.0 using chrome-pool strategy","meta":{"rootId":"p97s1ps9pm8bi6y","id":"p97s1ps9pm8bi6y"},"id":"zfcckimsuh07f04","previousOperationId":"gka730e8m582kvx"}
{"type":"log","timestamp":1662510713828,"level":"debug","message":"Page request: GET (document) file:///C:/Users/aasem/AppData/Local/Temp/jsreport/autocleanup/c32c9e1f-f37a-465a-8ff0-97b8f2543dee-chrome-pdf.html","meta":{"rootId":"p97s1ps9pm8bi6y","id":"p97s1ps9pm8bi6y"},"id":"zbzycs3cmbdnog2","previousOperationId":"gka730e8m582kvx"}
{"type":"log","timestamp":1662510713836,"level":"debug","message":"Page request finished: GET (document) file:///C:/Users/aasem/AppData/Local/Temp/jsreport/autocleanup/c32c9e1f-f37a-465a-8ff0-97b8f2543dee-chrome-pdf.html","meta":{"rootId":"p97s1ps9pm8bi6y","id":"p97s1ps9pm8bi6y"},"id":"kvc6d6easqnxt8v","previousOperationId":"gka730e8m582kvx"}
{"type":"log","timestamp":1662510713864,"level":"debug","message":"Running chrome with params {\"printBackground\":true,\"timeout\":59967,\"margin\":{}}","meta":{"rootId":"p97s1ps9pm8bi6y","id":"p97s1ps9pm8bi6y"},"id":"18c7tmlorbp5xp9","previousOperationId":"gka730e8m582kvx"}
{"type":"operationEnd","operationId":"gka730e8m582kvx","timestamp":1662510713970,"id":"nm4grttxkvdyr1q","previousEventId":"ebjcpahkddu2qf4","previousOperationId":"gka730e8m582kvx"}
{"type":"operationStart","subtype":"reports","name":"persisting report","doDiffs":false,"timestamp":1662510713970,"id":"zo5c7a9spjxw3qi","previousEventId":"nm4grttxkvdyr1q","operationId":"m3cinpwik2474gl","previousOperationId":"gka730e8m582kvx"}
{"type":"log","timestamp":1662510713987,"level":"debug","message":"Report stored as reports/salary/salarySlipTemplate/iED4Nx7bSndTcWZS.pdf","meta":{"rootId":"p97s1ps9pm8bi6y","id":"p97s1ps9pm8bi6y"},"id":"yzpw2gv7uamy1uq","previousOperationId":"m3cinpwik2474gl"}
{"type":"operationEnd","operationId":"m3cinpwik2474gl","doDiffs":false,"timestamp":1662510713988,"id":"iylpen984v9l8tv","previousEventId":"zo5c7a9spjxw3qi","previousOperationId":"m3cinpwik2474gl"}
{"type":"log","timestamp":1662510713988,"level":"info","message":"Rendering request 36 finished in 359 ms","meta":{"rootId":"p97s1ps9pm8bi6y","id":"p97s1ps9pm8bi6y"},"id":"wq98prf971ei45a","previousOperationId":"m3cinpwik2474gl"}
{"type":"operationEnd","subtype":"render","operationId":"c5hi11hs7966zb4","timestamp":1662510713988,"id":"cw15mbblinmsqio","previousEventId":"iylpen984v9l8tv","previousOperationId":"m3cinpwik2474gl"}
{"type":"operationEnd","doDiffs":false,"previousEventId":"hbbhwcb4gjcnjl6","previousOperationId":"i0hp6nw2yxqmsha","operationId":"i0hp6nw2yxqmsha","timestamp":1662510713995,"id":"yqtoy08lmdub0qy"}
