{"type":"operationStart","subtype":"profile","data":{"_id":"avA7RwJJNSGGRZDJ","timestamp":"2022-09-06T16:48:03.368Z","state":"queued","mode":"standard","creationDate":"2022-09-06T16:48:03.369Z","modificationDate":"2022-09-06T16:48:03.369Z","shortid":"T41yxWC","$entitySet":"profiles"},"doDiffs":false,"timestamp":1662482883369,"id":"kxmhhv9pzomruwg","previousOperationId":null,"operationId":"ujm7dd96nu1foo6"}
{"type":"log","level":"info","message":"Render request 24 queued for execution and waiting for available worker","previousOperationId":"ujm7dd96nu1foo6","timestamp":1662482883369,"id":"rhd7ndvwxhbgw6o"}
{"type":"operationStart","subtype":"render","name":"salarySlipTemplate","previousOperationId":"ujm7dd96nu1foo6","timestamp":1662482883377,"id":"wel2hnqpb3e4j3h","previousEventId":"kxmhhv9pzomruwg","operationId":"p6cjogg997v7v65"}
{"type":"log","timestamp":1662482883377,"level":"info","message":"Starting rendering request 24 (user: null)","meta":{"rootId":"po4ykk0wo5zqj5h","id":"po4ykk0wo5zqj5h"},"id":"41d2xkc4b28w9p6","previousOperationId":"p6cjogg997v7v65"}
{"type":"log","timestamp":1662482883377,"level":"info","message":"Rendering template { name: salarySlipTemplate, recipe: chrome-pdf, engine: handlebars, preview: false }","meta":{"rootId":"po4ykk0wo5zqj5h","id":"po4ykk0wo5zqj5h"},"id":"cuk5jzg4ofa4mq1","previousOperationId":"p6cjogg997v7v65"}
{"type":"log","timestamp":1662482883378,"level":"debug","message":"Inline data specified.","meta":{"rootId":"po4ykk0wo5zqj5h","id":"po4ykk0wo5zqj5h"},"id":"04dhw7yu4pngqwv","previousOperationId":"p6cjogg997v7v65"}
{"type":"log","timestamp":1662482883381,"level":"debug","message":"Base url not specified, skipping its injection.","meta":{"rootId":"po4ykk0wo5zqj5h","id":"po4ykk0wo5zqj5h"},"id":"9z9dytiiqe24c9p","previousOperationId":"p6cjogg997v7v65"}
{"type":"operationStart","subtype":"engine","name":"handlebars","timestamp":1662482883381,"id":"joeavdcrocbge4i","previousEventId":"wel2hnqpb3e4j3h","operationId":"06u1qlqrh89kyxz","previousOperationId":"p6cjogg997v7v65"}
{"type":"log","timestamp":1662482883381,"level":"debug","message":"Rendering engine handlebars","meta":{"rootId":"po4ykk0wo5zqj5h","id":"po4ykk0wo5zqj5h"},"id":"np2xip2cc9xeywh","previousOperationId":"06u1qlqrh89kyxz"}
{"type":"operationEnd","operationId":"06u1qlqrh89kyxz","timestamp":1662482883399,"id":"xzg6oy2k1b7xr11","previousEventId":"joeavdcrocbge4i","previousOperationId":"06u1qlqrh89kyxz"}
{"type":"operationStart","subtype":"recipe","name":"chrome-pdf","timestamp":1662482883399,"id":"pvlbnqp0yw4b7k3","previousEventId":"xzg6oy2k1b7xr11","operationId":"5ce88r8tb2qx87p","previousOperationId":"06u1qlqrh89kyxz"}
{"type":"log","timestamp":1662482883399,"level":"debug","message":"Executing recipe chrome-pdf","meta":{"rootId":"po4ykk0wo5zqj5h","id":"po4ykk0wo5zqj5h"},"id":"hvxg1zc3jyn3476","previousOperationId":"5ce88r8tb2qx87p"}
{"type":"log","timestamp":1662482883402,"level":"debug","message":"Converting with chrome HeadlessChrome/98.0.4758.0 using chrome-pool strategy","meta":{"rootId":"po4ykk0wo5zqj5h","id":"po4ykk0wo5zqj5h"},"id":"d854urho8cc8sq9","previousOperationId":"5ce88r8tb2qx87p"}
{"type":"log","timestamp":1662482883496,"level":"debug","message":"Page request: GET (document) file:///C:/Users/aasem/AppData/Local/Temp/jsreport/autocleanup/f9f7e25f-e20a-4546-b0a1-d848bd854ce4-chrome-pdf.html","meta":{"rootId":"po4ykk0wo5zqj5h","id":"po4ykk0wo5zqj5h"},"id":"ueq4gf5j2kyxuve","previousOperationId":"5ce88r8tb2qx87p"}
{"type":"log","timestamp":1662482883509,"level":"debug","message":"Page request finished: GET (document) file:///C:/Users/aasem/AppData/Local/Temp/jsreport/autocleanup/f9f7e25f-e20a-4546-b0a1-d848bd854ce4-chrome-pdf.html","meta":{"rootId":"po4ykk0wo5zqj5h","id":"po4ykk0wo5zqj5h"},"id":"z0a0usexa7p37a1","previousOperationId":"5ce88r8tb2qx87p"}
{"type":"log","timestamp":1662482883538,"level":"debug","message":"Running chrome with params {\"printBackground\":true,\"timeout\":59967,\"margin\":{}}","meta":{"rootId":"po4ykk0wo5zqj5h","id":"po4ykk0wo5zqj5h"},"id":"yfavfxnl1xq0c8j","previousOperationId":"5ce88r8tb2qx87p"}
{"type":"operationEnd","operationId":"5ce88r8tb2qx87p","timestamp":1662482883638,"id":"suk11yr65ardkuj","previousEventId":"pvlbnqp0yw4b7k3","previousOperationId":"5ce88r8tb2qx87p"}
{"type":"operationStart","subtype":"reports","name":"persisting report","doDiffs":false,"timestamp":1662482883638,"id":"nzyq1jwokxsdx6w","previousEventId":"suk11yr65ardkuj","operationId":"0iiy6qylnrir9dy","previousOperationId":"5ce88r8tb2qx87p"}
{"type":"log","timestamp":1662482883657,"level":"debug","message":"Report stored as reports/salary/salarySlipTemplate/EiZMkHXYR0FsqhLT.pdf","meta":{"rootId":"po4ykk0wo5zqj5h","id":"po4ykk0wo5zqj5h"},"id":"xfy4xff2yhxyy9z","previousOperationId":"0iiy6qylnrir9dy"}
{"type":"operationEnd","operationId":"0iiy6qylnrir9dy","doDiffs":false,"timestamp":1662482883657,"id":"upyh5bb5scdwhrp","previousEventId":"nzyq1jwokxsdx6w","previousOperationId":"0iiy6qylnrir9dy"}
{"type":"log","timestamp":1662482883657,"level":"info","message":"Rendering request 24 finished in 289 ms","meta":{"rootId":"po4ykk0wo5zqj5h","id":"po4ykk0wo5zqj5h"},"id":"tvbeguuq08hv4pd","previousOperationId":"0iiy6qylnrir9dy"}
{"type":"operationEnd","subtype":"render","operationId":"p6cjogg997v7v65","timestamp":1662482883657,"id":"zmu6wco5lat9ghk","previousEventId":"upyh5bb5scdwhrp","previousOperationId":"0iiy6qylnrir9dy"}
{"type":"operationEnd","doDiffs":false,"previousEventId":"kxmhhv9pzomruwg","previousOperationId":"ujm7dd96nu1foo6","operationId":"ujm7dd96nu1foo6","timestamp":1662482883659,"id":"yqqzl8tt0oe0jmb"}
