{"type":"operationStart","subtype":"profile","data":{"_id":"z9SxoNqQeserY25B","timestamp":"2022-09-06T16:51:27.606Z","state":"queued","mode":"standard","creationDate":"2022-09-06T16:51:27.607Z","modificationDate":"2022-09-06T16:51:27.607Z","shortid":"jvbMzMi","$entitySet":"profiles"},"doDiffs":false,"timestamp":1662483087607,"id":"x2snro2huooxfp2","previousOperationId":null,"operationId":"7vxifgdwe04e0hv"}
{"type":"log","level":"info","message":"Render request 35 queued for execution and waiting for available worker","previousOperationId":"7vxifgdwe04e0hv","timestamp":1662483087607,"id":"7yo7ljndqzksw8e"}
{"type":"operationStart","subtype":"render","name":"salarySlipTemplate","previousOperationId":"7vxifgdwe04e0hv","timestamp":1662483087618,"id":"6calbdo3yvzxl5c","previousEventId":"x2snro2huooxfp2","operationId":"aobxcgf41dcyac0"}
{"type":"log","timestamp":1662483087618,"level":"info","message":"Starting rendering request 35 (user: null)","meta":{"rootId":"q43zgkleicvyhb1","id":"q43zgkleicvyhb1"},"id":"ob6yh1p8dw7v0dy","previousOperationId":"aobxcgf41dcyac0"}
{"type":"log","timestamp":1662483087618,"level":"info","message":"Rendering template { name: salarySlipTemplate, recipe: chrome-pdf, engine: handlebars, preview: false }","meta":{"rootId":"q43zgkleicvyhb1","id":"q43zgkleicvyhb1"},"id":"advolw6bat26ckd","previousOperationId":"aobxcgf41dcyac0"}
{"type":"log","timestamp":1662483087620,"level":"debug","message":"Inline data specified.","meta":{"rootId":"q43zgkleicvyhb1","id":"q43zgkleicvyhb1"},"id":"6e5qlsqurn2u0qn","previousOperationId":"aobxcgf41dcyac0"}
{"type":"log","timestamp":1662483087622,"level":"debug","message":"Base url not specified, skipping its injection.","meta":{"rootId":"q43zgkleicvyhb1","id":"q43zgkleicvyhb1"},"id":"jvvl7ef4opgyx6r","previousOperationId":"aobxcgf41dcyac0"}
{"type":"operationStart","subtype":"engine","name":"handlebars","timestamp":1662483087622,"id":"me7ip5aghjadcim","previousEventId":"6calbdo3yvzxl5c","operationId":"ltoor9fomkvorhh","previousOperationId":"aobxcgf41dcyac0"}
{"type":"log","timestamp":1662483087622,"level":"debug","message":"Rendering engine handlebars","meta":{"rootId":"q43zgkleicvyhb1","id":"q43zgkleicvyhb1"},"id":"avwy6b3acxy84tl","previousOperationId":"ltoor9fomkvorhh"}
{"type":"operationEnd","operationId":"ltoor9fomkvorhh","timestamp":1662483087639,"id":"avcp3pvhx80k25l","previousEventId":"me7ip5aghjadcim","previousOperationId":"ltoor9fomkvorhh"}
{"type":"operationStart","subtype":"recipe","name":"chrome-pdf","timestamp":1662483087639,"id":"z39dsajqbdnigp8","previousEventId":"avcp3pvhx80k25l","operationId":"l2v5ppb8nex70td","previousOperationId":"ltoor9fomkvorhh"}
{"type":"log","timestamp":1662483087639,"level":"debug","message":"Executing recipe chrome-pdf","meta":{"rootId":"q43zgkleicvyhb1","id":"q43zgkleicvyhb1"},"id":"kvyey5bas0n8ja4","previousOperationId":"l2v5ppb8nex70td"}
{"type":"log","timestamp":1662483087642,"level":"debug","message":"Converting with chrome HeadlessChrome/98.0.4758.0 using chrome-pool strategy","meta":{"rootId":"q43zgkleicvyhb1","id":"q43zgkleicvyhb1"},"id":"cibs40xos5ngpbj","previousOperationId":"l2v5ppb8nex70td"}
{"type":"log","timestamp":1662483087736,"level":"debug","message":"Page request: GET (document) file:///C:/Users/aasem/AppData/Local/Temp/jsreport/autocleanup/4814a040-a037-40b8-a95f-76f198c8068f-chrome-pdf.html","meta":{"rootId":"q43zgkleicvyhb1","id":"q43zgkleicvyhb1"},"id":"7i4s7aoa3831dl5","previousOperationId":"l2v5ppb8nex70td"}
{"type":"log","timestamp":1662483087748,"level":"debug","message":"Page request finished: GET (document) file:///C:/Users/aasem/AppData/Local/Temp/jsreport/autocleanup/4814a040-a037-40b8-a95f-76f198c8068f-chrome-pdf.html","meta":{"rootId":"q43zgkleicvyhb1","id":"q43zgkleicvyhb1"},"id":"8tmw76bzfxonyiw","previousOperationId":"l2v5ppb8nex70td"}
{"type":"log","timestamp":1662483087776,"level":"debug","message":"Running chrome with params {\"printBackground\":true,\"timeout\":59964,\"margin\":{}}","meta":{"rootId":"q43zgkleicvyhb1","id":"q43zgkleicvyhb1"},"id":"lpbely31c44nb5y","previousOperationId":"l2v5ppb8nex70td"}
{"type":"operationEnd","operationId":"l2v5ppb8nex70td","timestamp":1662483087874,"id":"l5g9j7dngrclduz","previousEventId":"z39dsajqbdnigp8","previousOperationId":"l2v5ppb8nex70td"}
{"type":"operationStart","subtype":"reports","name":"persisting report","doDiffs":false,"timestamp":1662483087874,"id":"kyr6ki19hq272yf","previousEventId":"l5g9j7dngrclduz","operationId":"hmcp8d23yn0jjhm","previousOperationId":"l2v5ppb8nex70td"}
{"type":"log","timestamp":1662483087889,"level":"debug","message":"Report stored as reports/salary/salarySlipTemplate/Z0bZNBmx94KYeGwU.pdf","meta":{"rootId":"q43zgkleicvyhb1","id":"q43zgkleicvyhb1"},"id":"86unja471dp3qd0","previousOperationId":"hmcp8d23yn0jjhm"}
{"type":"operationEnd","operationId":"hmcp8d23yn0jjhm","doDiffs":false,"timestamp":1662483087889,"id":"3z5892p8euzfwd5","previousEventId":"kyr6ki19hq272yf","previousOperationId":"hmcp8d23yn0jjhm"}
{"type":"log","timestamp":1662483087889,"level":"info","message":"Rendering request 35 finished in 284 ms","meta":{"rootId":"q43zgkleicvyhb1","id":"q43zgkleicvyhb1"},"id":"b3gc8c5qz2zqp2b","previousOperationId":"hmcp8d23yn0jjhm"}
{"type":"operationEnd","subtype":"render","operationId":"aobxcgf41dcyac0","timestamp":1662483087889,"id":"l5nfywqelauj8i9","previousEventId":"3z5892p8euzfwd5","previousOperationId":"hmcp8d23yn0jjhm"}
{"type":"operationEnd","doDiffs":false,"previousEventId":"x2snro2huooxfp2","previousOperationId":"7vxifgdwe04e0hv","operationId":"7vxifgdwe04e0hv","timestamp":1662483087893,"id":"5zd0j838p7uhzir"}
