{"type":"operationStart","subtype":"profile","data":{"_id":"iv9UeULFKiSbg0Q4","timestamp":"2022-09-06T16:49:40.943Z","state":"queued","mode":"standard","creationDate":"2022-09-06T16:49:40.945Z","modificationDate":"2022-09-06T16:49:40.945Z","shortid":"rAL_ijc","$entitySet":"profiles"},"doDiffs":false,"timestamp":1662482980944,"id":"kog57krfupmoi4u","previousOperationId":null,"operationId":"xq7v659oiigt4li"}
{"type":"log","level":"info","message":"Render request 28 queued for execution and waiting for available worker","previousOperationId":"xq7v659oiigt4li","timestamp":1662482980945,"id":"7cjbu2w1kxh5il8"}
{"type":"operationStart","subtype":"render","name":"salarySlipTemplate","previousOperationId":"xq7v659oiigt4li","timestamp":1662482980955,"id":"wv6bc57pvm8n7dv","previousEventId":"kog57krfupmoi4u","operationId":"1vscunlwftaxv3i"}
{"type":"log","timestamp":1662482980955,"level":"info","message":"Starting rendering request 28 (user: null)","meta":{"rootId":"qfegv97sjrtn1c0","id":"qfegv97sjrtn1c0"},"id":"4ije2sx6vl9qjrx","previousOperationId":"1vscunlwftaxv3i"}
{"type":"log","timestamp":1662482980955,"level":"info","message":"Rendering template { name: salarySlipTemplate, recipe: chrome-pdf, engine: handlebars, preview: false }","meta":{"rootId":"qfegv97sjrtn1c0","id":"qfegv97sjrtn1c0"},"id":"zmrq3zd5ygrnrwp","previousOperationId":"1vscunlwftaxv3i"}
{"type":"log","timestamp":1662482980956,"level":"debug","message":"Inline data specified.","meta":{"rootId":"qfegv97sjrtn1c0","id":"qfegv97sjrtn1c0"},"id":"rcz7f2krlccq7ja","previousOperationId":"1vscunlwftaxv3i"}
{"type":"log","timestamp":1662482980958,"level":"debug","message":"Base url not specified, skipping its injection.","meta":{"rootId":"qfegv97sjrtn1c0","id":"qfegv97sjrtn1c0"},"id":"mx8007oa2k5kysn","previousOperationId":"1vscunlwftaxv3i"}
{"type":"operationStart","subtype":"engine","name":"handlebars","timestamp":1662482980958,"id":"wadbda8rpittedh","previousEventId":"wv6bc57pvm8n7dv","operationId":"8sse7gc4gi39y9f","previousOperationId":"1vscunlwftaxv3i"}
{"type":"log","timestamp":1662482980958,"level":"debug","message":"Rendering engine handlebars","meta":{"rootId":"qfegv97sjrtn1c0","id":"qfegv97sjrtn1c0"},"id":"ee9bahpx84y9q8h","previousOperationId":"8sse7gc4gi39y9f"}
{"type":"operationEnd","operationId":"8sse7gc4gi39y9f","timestamp":1662482980971,"id":"bglskp5xoej2q8k","previousEventId":"wadbda8rpittedh","previousOperationId":"8sse7gc4gi39y9f"}
{"type":"operationStart","subtype":"recipe","name":"chrome-pdf","timestamp":1662482980972,"id":"9ep58y97ig2g6vy","previousEventId":"bglskp5xoej2q8k","operationId":"png6twvx66n6oqn","previousOperationId":"8sse7gc4gi39y9f"}
{"type":"log","timestamp":1662482980972,"level":"debug","message":"Executing recipe chrome-pdf","meta":{"rootId":"qfegv97sjrtn1c0","id":"qfegv97sjrtn1c0"},"id":"a3k5z649i52f46w","previousOperationId":"png6twvx66n6oqn"}
{"type":"log","timestamp":1662482980973,"level":"debug","message":"Converting with chrome HeadlessChrome/98.0.4758.0 using chrome-pool strategy","meta":{"rootId":"qfegv97sjrtn1c0","id":"qfegv97sjrtn1c0"},"id":"vv04q5lzivq5zgo","previousOperationId":"png6twvx66n6oqn"}
{"type":"log","timestamp":1662482981068,"level":"debug","message":"Page request: GET (document) file:///C:/Users/aasem/AppData/Local/Temp/jsreport/autocleanup/06cd0797-4458-4c48-b06b-343ae326a3cf-chrome-pdf.html","meta":{"rootId":"qfegv97sjrtn1c0","id":"qfegv97sjrtn1c0"},"id":"cq02xx4h2qly3fp","previousOperationId":"png6twvx66n6oqn"}
{"type":"log","timestamp":1662482981081,"level":"debug","message":"Page request finished: GET (document) file:///C:/Users/aasem/AppData/Local/Temp/jsreport/autocleanup/06cd0797-4458-4c48-b06b-343ae326a3cf-chrome-pdf.html","meta":{"rootId":"qfegv97sjrtn1c0","id":"qfegv97sjrtn1c0"},"id":"nbkclewxptvda8s","previousOperationId":"png6twvx66n6oqn"}
{"type":"log","timestamp":1662482981110,"level":"debug","message":"Running chrome with params {\"printBackground\":true,\"timeout\":59970,\"margin\":{}}","meta":{"rootId":"qfegv97sjrtn1c0","id":"qfegv97sjrtn1c0"},"id":"zs7isvgh4hon38d","previousOperationId":"png6twvx66n6oqn"}
{"type":"operationEnd","operationId":"png6twvx66n6oqn","timestamp":1662482981214,"id":"a809fus8wkuczv6","previousEventId":"9ep58y97ig2g6vy","previousOperationId":"png6twvx66n6oqn"}
{"type":"operationStart","subtype":"reports","name":"persisting report","doDiffs":false,"timestamp":1662482981215,"id":"qb5yg0s0j20zuvd","previousEventId":"a809fus8wkuczv6","operationId":"6sj0kzoobv06rsj","previousOperationId":"png6twvx66n6oqn"}
{"type":"log","timestamp":1662482981232,"level":"debug","message":"Report stored as reports/salary/salarySlipTemplate/9bdWBSXItr82DnOU.pdf","meta":{"rootId":"qfegv97sjrtn1c0","id":"qfegv97sjrtn1c0"},"id":"nng1ppit3kmumdf","previousOperationId":"6sj0kzoobv06rsj"}
{"type":"operationEnd","operationId":"6sj0kzoobv06rsj","doDiffs":false,"timestamp":1662482981232,"id":"3lqhdzuh0aoztl2","previousEventId":"qb5yg0s0j20zuvd","previousOperationId":"6sj0kzoobv06rsj"}
{"type":"log","timestamp":1662482981232,"level":"info","message":"Rendering request 28 finished in 289 ms","meta":{"rootId":"qfegv97sjrtn1c0","id":"qfegv97sjrtn1c0"},"id":"lm6825qxsn7m0o3","previousOperationId":"6sj0kzoobv06rsj"}
{"type":"operationEnd","subtype":"render","operationId":"1vscunlwftaxv3i","timestamp":1662482981232,"id":"ejcc7g4ppjpifgt","previousEventId":"3lqhdzuh0aoztl2","previousOperationId":"6sj0kzoobv06rsj"}
{"type":"operationEnd","doDiffs":false,"previousEventId":"kog57krfupmoi4u","previousOperationId":"xq7v659oiigt4li","operationId":"xq7v659oiigt4li","timestamp":1662482981235,"id":"p4mdw2rgxcptlhe"}
