{"type":"operationStart","subtype":"profile","data":{"_id":"ko1bYuGmlhjgvBya","timestamp":"2022-09-07T00:14:04.953Z","state":"queued","mode":"standard","creationDate":"2022-09-07T00:14:04.955Z","modificationDate":"2022-09-07T00:14:04.955Z","shortid":"2t_E-l-","$entitySet":"profiles"},"doDiffs":false,"timestamp":1662509644954,"id":"s7a04qz13ytsdfs","previousOperationId":null,"operationId":"aiva00cgjtc8vnq"}
{"type":"log","level":"info","message":"Render request 17 queued for execution and waiting for available worker","previousOperationId":"aiva00cgjtc8vnq","timestamp":1662509644954,"id":"b9bz4k53gv2612h"}
{"type":"operationStart","subtype":"render","name":"salarySlipTemplate","previousOperationId":"aiva00cgjtc8vnq","timestamp":1662509644978,"id":"kjt26bggbhp23qz","previousEventId":"s7a04qz13ytsdfs","operationId":"fsq6bwxnbidnen8"}
{"type":"log","timestamp":1662509644978,"level":"info","message":"Starting rendering request 17 (user: null)","meta":{"rootId":"qw8u5qjkmzkzzin","id":"qw8u5qjkmzkzzin"},"id":"02819gn194vbbfm","previousOperationId":"fsq6bwxnbidnen8"}
{"type":"log","timestamp":1662509644979,"level":"info","message":"Rendering template { name: salarySlipTemplate, recipe: chrome-pdf, engine: handlebars, preview: false }","meta":{"rootId":"qw8u5qjkmzkzzin","id":"qw8u5qjkmzkzzin"},"id":"hrdcbqbi047thl4","previousOperationId":"fsq6bwxnbidnen8"}
{"type":"log","timestamp":1662509644979,"level":"debug","message":"Inline data specified.","meta":{"rootId":"qw8u5qjkmzkzzin","id":"qw8u5qjkmzkzzin"},"id":"j263y3y05uwupdq","previousOperationId":"fsq6bwxnbidnen8"}
{"type":"log","timestamp":1662509644984,"level":"debug","message":"Base url not specified, skipping its injection.","meta":{"rootId":"qw8u5qjkmzkzzin","id":"qw8u5qjkmzkzzin"},"id":"fjevitabb3zp9vv","previousOperationId":"fsq6bwxnbidnen8"}
{"type":"operationStart","subtype":"engine","name":"handlebars","timestamp":1662509644984,"id":"cvllbsosk7odu1k","previousEventId":"kjt26bggbhp23qz","operationId":"tej1occvtbi1iej","previousOperationId":"fsq6bwxnbidnen8"}
{"type":"log","timestamp":1662509644984,"level":"debug","message":"Rendering engine handlebars","meta":{"rootId":"qw8u5qjkmzkzzin","id":"qw8u5qjkmzkzzin"},"id":"sato5dg43ynj6gc","previousOperationId":"tej1occvtbi1iej"}
{"type":"operationEnd","operationId":"tej1occvtbi1iej","timestamp":1662509644997,"id":"vu20rwce4ph469v","previousEventId":"cvllbsosk7odu1k","previousOperationId":"tej1occvtbi1iej"}
{"type":"operationStart","subtype":"recipe","name":"chrome-pdf","timestamp":1662509644998,"id":"5e2o1tvvcpmgdbq","previousEventId":"vu20rwce4ph469v","operationId":"5194wu5kg4bq754","previousOperationId":"tej1occvtbi1iej"}
{"type":"log","timestamp":1662509644998,"level":"debug","message":"Executing recipe chrome-pdf","meta":{"rootId":"qw8u5qjkmzkzzin","id":"qw8u5qjkmzkzzin"},"id":"ob1z5m8lwer1por","previousOperationId":"5194wu5kg4bq754"}
{"type":"log","timestamp":1662509645000,"level":"debug","message":"Converting with chrome HeadlessChrome/98.0.4758.0 using chrome-pool strategy","meta":{"rootId":"qw8u5qjkmzkzzin","id":"qw8u5qjkmzkzzin"},"id":"5cyty5mw13ff6ws","previousOperationId":"5194wu5kg4bq754"}
{"type":"log","timestamp":1662509645098,"level":"debug","message":"Page request: GET (document) file:///C:/Users/aasem/AppData/Local/Temp/jsreport/autocleanup/970c2f42-a822-4a09-ba11-d15f0d538514-chrome-pdf.html","meta":{"rootId":"qw8u5qjkmzkzzin","id":"qw8u5qjkmzkzzin"},"id":"3w497wb3xrpuzde","previousOperationId":"5194wu5kg4bq754"}
{"type":"log","timestamp":1662509645106,"level":"debug","message":"Page request finished: GET (document) file:///C:/Users/aasem/AppData/Local/Temp/jsreport/autocleanup/970c2f42-a822-4a09-ba11-d15f0d538514-chrome-pdf.html","meta":{"rootId":"qw8u5qjkmzkzzin","id":"qw8u5qjkmzkzzin"},"id":"qq6sh0j2r77nbmu","previousOperationId":"5194wu5kg4bq754"}
{"type":"log","timestamp":1662509645132,"level":"debug","message":"Running chrome with params {\"printBackground\":true,\"timeout\":59954,\"margin\":{}}","meta":{"rootId":"qw8u5qjkmzkzzin","id":"qw8u5qjkmzkzzin"},"id":"n364zu2ps5d83r1","previousOperationId":"5194wu5kg4bq754"}
{"type":"operationEnd","operationId":"5194wu5kg4bq754","timestamp":1662509645229,"id":"57i4y25o9a5n853","previousEventId":"5e2o1tvvcpmgdbq","previousOperationId":"5194wu5kg4bq754"}
{"type":"operationStart","subtype":"reports","name":"persisting report","doDiffs":false,"timestamp":1662509645229,"id":"mr9lb2vgzhnipj4","previousEventId":"57i4y25o9a5n853","operationId":"vc01j23cp7w73ma","previousOperationId":"5194wu5kg4bq754"}
{"type":"log","timestamp":1662509645242,"level":"debug","message":"Report stored as reports/salary/salarySlipTemplate/6CQsDLEd7J1wCmGB.pdf","meta":{"rootId":"qw8u5qjkmzkzzin","id":"qw8u5qjkmzkzzin"},"id":"evfwwscckbllh7g","previousOperationId":"vc01j23cp7w73ma"}
{"type":"operationEnd","operationId":"vc01j23cp7w73ma","doDiffs":false,"timestamp":1662509645242,"id":"2h1maooxzgnh0t1","previousEventId":"mr9lb2vgzhnipj4","previousOperationId":"vc01j23cp7w73ma"}
{"type":"log","timestamp":1662509645243,"level":"info","message":"Rendering request 17 finished in 289 ms","meta":{"rootId":"qw8u5qjkmzkzzin","id":"qw8u5qjkmzkzzin"},"id":"aam17k0v6ud9yd9","previousOperationId":"vc01j23cp7w73ma"}
{"type":"operationEnd","subtype":"render","operationId":"fsq6bwxnbidnen8","timestamp":1662509645243,"id":"9pnzu9wi9a5okjf","previousEventId":"2h1maooxzgnh0t1","previousOperationId":"vc01j23cp7w73ma"}
{"type":"operationEnd","doDiffs":false,"previousEventId":"s7a04qz13ytsdfs","previousOperationId":"aiva00cgjtc8vnq","operationId":"aiva00cgjtc8vnq","timestamp":1662509645245,"id":"l9oe5yaibct2mv1"}
