{"type":"operationStart","subtype":"profile","data":{"_id":"6FsEBvRQsrT7lC5I","timestamp":"2022-09-07T15:37:38.237Z","state":"queued","mode":"standard","creationDate":"2022-09-07T15:37:38.238Z","modificationDate":"2022-09-07T15:37:38.238Z","shortid":"vHxxFWX","$entitySet":"profiles"},"doDiffs":false,"timestamp":1662565058238,"id":"r6544uooof1z1p1","previousOperationId":null,"operationId":"gcfxxuex77ommhy"}
{"type":"log","level":"info","message":"Render request 15 queued for execution and waiting for available worker","previousOperationId":"gcfxxuex77ommhy","timestamp":1662565058238,"id":"9paa0jy5pyn3rtz"}
{"type":"operationStart","subtype":"render","name":"salarySlipTemplate","previousOperationId":"gcfxxuex77ommhy","timestamp":1662565058247,"id":"m0fvb32mp6rb7a3","previousEventId":"r6544uooof1z1p1","operationId":"dnr3j7dnjgvpypt"}
{"type":"log","timestamp":1662565058247,"level":"info","message":"Starting rendering request 15 (user: null)","meta":{"rootId":"r7nhemvn5y3xr1x","id":"r7nhemvn5y3xr1x"},"id":"stfmyxatms5ysvv","previousOperationId":"dnr3j7dnjgvpypt"}
{"type":"log","timestamp":1662565058248,"level":"info","message":"Rendering template { name: salarySlipTemplate, recipe: chrome-pdf, engine: handlebars, preview: false }","meta":{"rootId":"r7nhemvn5y3xr1x","id":"r7nhemvn5y3xr1x"},"id":"b3335ubjoai4dts","previousOperationId":"dnr3j7dnjgvpypt"}
{"type":"log","timestamp":1662565058248,"level":"debug","message":"Inline data specified.","meta":{"rootId":"r7nhemvn5y3xr1x","id":"r7nhemvn5y3xr1x"},"id":"9ugb45uue44mqap","previousOperationId":"dnr3j7dnjgvpypt"}
{"type":"log","timestamp":1662565058250,"level":"debug","message":"Base url not specified, skipping its injection.","meta":{"rootId":"r7nhemvn5y3xr1x","id":"r7nhemvn5y3xr1x"},"id":"3vibizge917nskb","previousOperationId":"dnr3j7dnjgvpypt"}
{"type":"operationStart","subtype":"engine","name":"handlebars","timestamp":1662565058250,"id":"5kpxfs59w4m3it2","previousEventId":"m0fvb32mp6rb7a3","operationId":"e2x75cciy9ala7z","previousOperationId":"dnr3j7dnjgvpypt"}
{"type":"log","timestamp":1662565058250,"level":"debug","message":"Rendering engine handlebars","meta":{"rootId":"r7nhemvn5y3xr1x","id":"r7nhemvn5y3xr1x"},"id":"srsou8f2k87kh5m","previousOperationId":"e2x75cciy9ala7z"}
{"type":"operationEnd","operationId":"e2x75cciy9ala7z","timestamp":1662565058264,"id":"pmsb4cp44tj5lqb","previousEventId":"5kpxfs59w4m3it2","previousOperationId":"e2x75cciy9ala7z"}
{"type":"operationStart","subtype":"recipe","name":"chrome-pdf","timestamp":1662565058264,"id":"vveoq54u1nvqgce","previousEventId":"pmsb4cp44tj5lqb","operationId":"zfeasjybjlem5lo","previousOperationId":"e2x75cciy9ala7z"}
{"type":"log","timestamp":1662565058264,"level":"debug","message":"Executing recipe chrome-pdf","meta":{"rootId":"r7nhemvn5y3xr1x","id":"r7nhemvn5y3xr1x"},"id":"x6yobehlf9lbawt","previousOperationId":"zfeasjybjlem5lo"}
{"type":"log","timestamp":1662565058266,"level":"debug","message":"Converting with chrome HeadlessChrome/98.0.4758.0 using chrome-pool strategy","meta":{"rootId":"r7nhemvn5y3xr1x","id":"r7nhemvn5y3xr1x"},"id":"h8s7xwo7jblhq93","previousOperationId":"zfeasjybjlem5lo"}
{"type":"log","timestamp":1662565058361,"level":"debug","message":"Page request: GET (document) file:///C:/Users/aasem/AppData/Local/Temp/jsreport/autocleanup/3cd0eda3-e040-457d-9903-e4d0d4d54b86-chrome-pdf.html","meta":{"rootId":"r7nhemvn5y3xr1x","id":"r7nhemvn5y3xr1x"},"id":"hfigmj5v9tunl6n","previousOperationId":"zfeasjybjlem5lo"}
{"type":"log","timestamp":1662565058374,"level":"debug","message":"Page request finished: GET (document) file:///C:/Users/aasem/AppData/Local/Temp/jsreport/autocleanup/3cd0eda3-e040-457d-9903-e4d0d4d54b86-chrome-pdf.html","meta":{"rootId":"r7nhemvn5y3xr1x","id":"r7nhemvn5y3xr1x"},"id":"rdmlfx0sbniryvw","previousOperationId":"zfeasjybjlem5lo"}
{"type":"log","timestamp":1662565058399,"level":"debug","message":"Running chrome with params {\"printBackground\":true,\"timeout\":59971,\"margin\":{}}","meta":{"rootId":"r7nhemvn5y3xr1x","id":"r7nhemvn5y3xr1x"},"id":"dnjft5fzsmbqlkj","previousOperationId":"zfeasjybjlem5lo"}
{"type":"operationEnd","operationId":"zfeasjybjlem5lo","timestamp":1662565058543,"id":"cofaafjar59uwur","previousEventId":"vveoq54u1nvqgce","previousOperationId":"zfeasjybjlem5lo"}
{"type":"log","timestamp":1662565058543,"level":"debug","message":"Skipping storing report.","meta":{"rootId":"r7nhemvn5y3xr1x","id":"r7nhemvn5y3xr1x"},"id":"rsgu1q8r7ohkfv3","previousOperationId":"zfeasjybjlem5lo"}
{"type":"log","timestamp":1662565058543,"level":"info","message":"Rendering request 15 finished in 306 ms","meta":{"rootId":"r7nhemvn5y3xr1x","id":"r7nhemvn5y3xr1x"},"id":"5vpxa9a1uhk9j2u","previousOperationId":"zfeasjybjlem5lo"}
{"type":"operationEnd","subtype":"render","operationId":"dnr3j7dnjgvpypt","timestamp":1662565058543,"id":"jxig3pw7c7gojnd","previousEventId":"cofaafjar59uwur","previousOperationId":"zfeasjybjlem5lo"}
{"type":"operationEnd","doDiffs":false,"previousEventId":"r6544uooof1z1p1","previousOperationId":"gcfxxuex77ommhy","operationId":"gcfxxuex77ommhy","timestamp":1662565058548,"id":"odgqn5of8o6rmgp"}
