{"type":"operationStart","subtype":"profile","data":{"_id":"jfjVB2KU6qSh884n","timestamp":"2022-09-11T15:54:08.908Z","state":"queued","mode":"standard","creationDate":"2022-09-11T15:54:08.910Z","modificationDate":"2022-09-11T15:54:08.910Z","shortid":"tHLlg4e","$entitySet":"profiles"},"doDiffs":false,"timestamp":1662911648909,"id":"9qrhocaccs5zbfk","previousOperationId":null,"operationId":"hw731dbhoxwgfm8"}
{"type":"log","level":"info","message":"Render request 12 queued for execution and waiting for available worker","previousOperationId":"hw731dbhoxwgfm8","timestamp":1662911648909,"id":"5i1igusbtwk0vvx"}
{"type":"operationStart","subtype":"render","name":"salarySlipTemplate","previousOperationId":"hw731dbhoxwgfm8","timestamp":1662911648919,"id":"w1va96vhlf3twos","previousEventId":"9qrhocaccs5zbfk","operationId":"fe5oz32h8ddd4re"}
{"type":"log","timestamp":1662911648919,"level":"info","message":"Starting rendering request 12 (user: null)","meta":{"rootId":"rdmyfprtshku88f","id":"rdmyfprtshku88f"},"id":"j6d4itbhf4f7o81","previousOperationId":"fe5oz32h8ddd4re"}
{"type":"log","timestamp":1662911648920,"level":"info","message":"Rendering template { name: salarySlipTemplate, recipe: chrome-pdf, engine: handlebars, preview: false }","meta":{"rootId":"rdmyfprtshku88f","id":"rdmyfprtshku88f"},"id":"qui04023uu13dsx","previousOperationId":"fe5oz32h8ddd4re"}
{"type":"log","timestamp":1662911648921,"level":"debug","message":"Inline data specified.","meta":{"rootId":"rdmyfprtshku88f","id":"rdmyfprtshku88f"},"id":"kx9bjicf0dvkjdk","previousOperationId":"fe5oz32h8ddd4re"}
{"type":"log","timestamp":1662911648922,"level":"debug","message":"Base url not specified, skipping its injection.","meta":{"rootId":"rdmyfprtshku88f","id":"rdmyfprtshku88f"},"id":"6a10833kd0e25i9","previousOperationId":"fe5oz32h8ddd4re"}
{"type":"operationStart","subtype":"engine","name":"handlebars","timestamp":1662911648923,"id":"kuner27gvwgawak","previousEventId":"w1va96vhlf3twos","operationId":"5q7dwhjompfiz6w","previousOperationId":"fe5oz32h8ddd4re"}
{"type":"log","timestamp":1662911648923,"level":"debug","message":"Rendering engine handlebars","meta":{"rootId":"rdmyfprtshku88f","id":"rdmyfprtshku88f"},"id":"xpirvx1q2qdhvgw","previousOperationId":"5q7dwhjompfiz6w"}
{"type":"operationEnd","operationId":"5q7dwhjompfiz6w","timestamp":1662911648938,"id":"tpi6y8idotbu5zq","previousEventId":"kuner27gvwgawak","previousOperationId":"5q7dwhjompfiz6w"}
{"type":"operationStart","subtype":"recipe","name":"chrome-pdf","timestamp":1662911648938,"id":"bp6u18k3c9yk6xd","previousEventId":"tpi6y8idotbu5zq","operationId":"xanbaqqwrlw6qnb","previousOperationId":"5q7dwhjompfiz6w"}
{"type":"log","timestamp":1662911648938,"level":"debug","message":"Executing recipe chrome-pdf","meta":{"rootId":"rdmyfprtshku88f","id":"rdmyfprtshku88f"},"id":"1kphif6fa2v8vfl","previousOperationId":"xanbaqqwrlw6qnb"}
{"type":"log","timestamp":1662911648940,"level":"debug","message":"Converting with chrome HeadlessChrome/98.0.4758.0 using chrome-pool strategy","meta":{"rootId":"rdmyfprtshku88f","id":"rdmyfprtshku88f"},"id":"zelv51mqzn5amri","previousOperationId":"xanbaqqwrlw6qnb"}
{"type":"log","timestamp":1662911649035,"level":"debug","message":"Page request: GET (document) file:///C:/Users/aasem/AppData/Local/Temp/jsreport/autocleanup/037240e0-80bd-4e5e-9d68-4b634f8b8956-chrome-pdf.html","meta":{"rootId":"rdmyfprtshku88f","id":"rdmyfprtshku88f"},"id":"kpgkqucdokdbohw","previousOperationId":"xanbaqqwrlw6qnb"}
{"type":"log","timestamp":1662911649047,"level":"debug","message":"Page request finished: GET (document) file:///C:/Users/aasem/AppData/Local/Temp/jsreport/autocleanup/037240e0-80bd-4e5e-9d68-4b634f8b8956-chrome-pdf.html","meta":{"rootId":"rdmyfprtshku88f","id":"rdmyfprtshku88f"},"id":"crv4fu3tq5terie","previousOperationId":"xanbaqqwrlw6qnb"}
{"type":"log","timestamp":1662911649073,"level":"debug","message":"Running chrome with params {\"printBackground\":true,\"timeout\":59968,\"margin\":{}}","meta":{"rootId":"rdmyfprtshku88f","id":"rdmyfprtshku88f"},"id":"19sala4x3grp730","previousOperationId":"xanbaqqwrlw6qnb"}
{"type":"operationEnd","operationId":"xanbaqqwrlw6qnb","timestamp":1662911649178,"id":"jnwjangpo21lcjm","previousEventId":"bp6u18k3c9yk6xd","previousOperationId":"xanbaqqwrlw6qnb"}
{"type":"log","timestamp":1662911649178,"level":"debug","message":"Skipping storing report.","meta":{"rootId":"rdmyfprtshku88f","id":"rdmyfprtshku88f"},"id":"t0pn3qbuhlcroao","previousOperationId":"xanbaqqwrlw6qnb"}
{"type":"log","timestamp":1662911649178,"level":"info","message":"Rendering request 12 finished in 270 ms","meta":{"rootId":"rdmyfprtshku88f","id":"rdmyfprtshku88f"},"id":"l54vccd1pbqqj92","previousOperationId":"xanbaqqwrlw6qnb"}
{"type":"operationEnd","subtype":"render","operationId":"fe5oz32h8ddd4re","timestamp":1662911649178,"id":"bpptb93mb3l47me","previousEventId":"jnwjangpo21lcjm","previousOperationId":"xanbaqqwrlw6qnb"}
{"type":"operationEnd","doDiffs":false,"previousEventId":"9qrhocaccs5zbfk","previousOperationId":"hw731dbhoxwgfm8","operationId":"hw731dbhoxwgfm8","timestamp":1662911649181,"id":"9m2s60jphvliyg7"}
