{"type":"operationStart","subtype":"profile","data":{"_id":"3Fg0Sjvky2QCffJN","timestamp":"2022-09-07T15:31:43.724Z","state":"queued","mode":"standard","creationDate":"2022-09-07T15:31:43.727Z","modificationDate":"2022-09-07T15:31:43.727Z","shortid":"SCtjkKf","$entitySet":"profiles"},"doDiffs":false,"timestamp":1662564703725,"id":"pi0t6enfjwsktm6","previousOperationId":null,"operationId":"fvjbdjxd7dnhl88"}
{"type":"log","level":"info","message":"Render request 10 queued for execution and waiting for available worker","previousOperationId":"fvjbdjxd7dnhl88","timestamp":1662564703725,"id":"aad3h9db5eu0zcu"}
{"type":"operationStart","subtype":"render","name":"salarySlipTemplate","previousOperationId":"fvjbdjxd7dnhl88","timestamp":1662564703739,"id":"54a55tv7waqvmaj","previousEventId":"pi0t6enfjwsktm6","operationId":"zo6s26sg52rk55l"}
{"type":"log","timestamp":1662564703739,"level":"info","message":"Starting rendering request 10 (user: null)","meta":{"rootId":"rjly2ppxc9zynz7","id":"rjly2ppxc9zynz7"},"id":"6a4wkpws8vtvw4y","previousOperationId":"zo6s26sg52rk55l"}
{"type":"log","timestamp":1662564703740,"level":"info","message":"Rendering template { name: salarySlipTemplate, recipe: chrome-pdf, engine: handlebars, preview: false }","meta":{"rootId":"rjly2ppxc9zynz7","id":"rjly2ppxc9zynz7"},"id":"89kmd427v1rk3ih","previousOperationId":"zo6s26sg52rk55l"}
{"type":"log","timestamp":1662564703741,"level":"debug","message":"Inline data specified.","meta":{"rootId":"rjly2ppxc9zynz7","id":"rjly2ppxc9zynz7"},"id":"ikd7lmnri2mlw7e","previousOperationId":"zo6s26sg52rk55l"}
{"type":"log","timestamp":1662564703743,"level":"debug","message":"Base url not specified, skipping its injection.","meta":{"rootId":"rjly2ppxc9zynz7","id":"rjly2ppxc9zynz7"},"id":"jnp9ad8wk3rmwrb","previousOperationId":"zo6s26sg52rk55l"}
{"type":"operationStart","subtype":"engine","name":"handlebars","timestamp":1662564703743,"id":"03ofgrw4e1swu4z","previousEventId":"54a55tv7waqvmaj","operationId":"6lfxet54dz2ks20","previousOperationId":"zo6s26sg52rk55l"}
{"type":"log","timestamp":1662564703743,"level":"debug","message":"Rendering engine handlebars","meta":{"rootId":"rjly2ppxc9zynz7","id":"rjly2ppxc9zynz7"},"id":"n7art811hh4714p","previousOperationId":"6lfxet54dz2ks20"}
{"type":"operationEnd","operationId":"6lfxet54dz2ks20","timestamp":1662564703759,"id":"jgfuu12y6arvzaq","previousEventId":"03ofgrw4e1swu4z","previousOperationId":"6lfxet54dz2ks20"}
{"type":"operationStart","subtype":"recipe","name":"chrome-pdf","timestamp":1662564703759,"id":"ccw36opidv093oe","previousEventId":"jgfuu12y6arvzaq","operationId":"m3royd2kezcofyw","previousOperationId":"6lfxet54dz2ks20"}
{"type":"log","timestamp":1662564703759,"level":"debug","message":"Executing recipe chrome-pdf","meta":{"rootId":"rjly2ppxc9zynz7","id":"rjly2ppxc9zynz7"},"id":"ay8k6m1bynrds1p","previousOperationId":"m3royd2kezcofyw"}
{"type":"log","timestamp":1662564703763,"level":"debug","message":"Converting with chrome HeadlessChrome/98.0.4758.0 using chrome-pool strategy","meta":{"rootId":"rjly2ppxc9zynz7","id":"rjly2ppxc9zynz7"},"id":"v3vg6f3lgeo3c6r","previousOperationId":"m3royd2kezcofyw"}
{"type":"log","timestamp":1662564703857,"level":"debug","message":"Page request: GET (document) file:///C:/Users/aasem/AppData/Local/Temp/jsreport/autocleanup/03c3bb44-c1cf-4e0b-886a-72452a4ffaca-chrome-pdf.html","meta":{"rootId":"rjly2ppxc9zynz7","id":"rjly2ppxc9zynz7"},"id":"dbp8cmzhkelmi5p","previousOperationId":"m3royd2kezcofyw"}
{"type":"log","timestamp":1662564703865,"level":"debug","message":"Page request finished: GET (document) file:///C:/Users/aasem/AppData/Local/Temp/jsreport/autocleanup/03c3bb44-c1cf-4e0b-886a-72452a4ffaca-chrome-pdf.html","meta":{"rootId":"rjly2ppxc9zynz7","id":"rjly2ppxc9zynz7"},"id":"0iurzmdtd3i1tnh","previousOperationId":"m3royd2kezcofyw"}
{"type":"log","timestamp":1662564703892,"level":"debug","message":"Running chrome with params {\"printBackground\":true,\"timeout\":59961,\"margin\":{}}","meta":{"rootId":"rjly2ppxc9zynz7","id":"rjly2ppxc9zynz7"},"id":"16snyhel3chhjs3","previousOperationId":"m3royd2kezcofyw"}
{"type":"operationEnd","operationId":"m3royd2kezcofyw","timestamp":1662564703995,"id":"4dap8d8qrb76dlf","previousEventId":"ccw36opidv093oe","previousOperationId":"m3royd2kezcofyw"}
{"type":"log","timestamp":1662564703995,"level":"debug","message":"Skipping storing report.","meta":{"rootId":"rjly2ppxc9zynz7","id":"rjly2ppxc9zynz7"},"id":"tk4i5i5y9kki3uw","previousOperationId":"m3royd2kezcofyw"}
{"type":"log","timestamp":1662564703995,"level":"info","message":"Rendering request 10 finished in 272 ms","meta":{"rootId":"rjly2ppxc9zynz7","id":"rjly2ppxc9zynz7"},"id":"mtlh0qdb0ym0xov","previousOperationId":"m3royd2kezcofyw"}
{"type":"operationEnd","subtype":"render","operationId":"zo6s26sg52rk55l","timestamp":1662564703995,"id":"dn634hnfr1yl1jn","previousEventId":"4dap8d8qrb76dlf","previousOperationId":"m3royd2kezcofyw"}
{"type":"operationEnd","doDiffs":false,"previousEventId":"pi0t6enfjwsktm6","previousOperationId":"fvjbdjxd7dnhl88","operationId":"fvjbdjxd7dnhl88","timestamp":1662564703997,"id":"8ok9emx3hkmztrj"}
