{"type":"operationStart","subtype":"profile","data":{"_id":"aldkzYCTzvgSbeBR","timestamp":"2022-09-06T23:47:16.286Z","state":"queued","mode":"standard","creationDate":"2022-09-06T23:47:16.288Z","modificationDate":"2022-09-06T23:47:16.288Z","shortid":"ESfj1Bq","$entitySet":"profiles"},"doDiffs":false,"timestamp":1662508036287,"id":"i916ojqcl853toq","previousOperationId":null,"operationId":"n84in4b7vo15cox"}
{"type":"log","level":"info","message":"Render request 3 queued for execution and waiting for available worker","previousOperationId":"n84in4b7vo15cox","timestamp":1662508036287,"id":"b2d1bgmvpu0m874"}
{"type":"operationStart","subtype":"render","name":"salarySlipTemplate","previousOperationId":"n84in4b7vo15cox","timestamp":1662508036296,"id":"sl46im1cdi1owlx","previousEventId":"i916ojqcl853toq","operationId":"zb9sbo4iuihvwcw"}
{"type":"log","timestamp":1662508036297,"level":"info","message":"Starting rendering request 3 (user: null)","meta":{"rootId":"rpfx98ty3lv3lny","id":"rpfx98ty3lv3lny"},"id":"lgs3ijoswgii9sk","previousOperationId":"zb9sbo4iuihvwcw"}
{"type":"log","timestamp":1662508036297,"level":"info","message":"Rendering template { name: salarySlipTemplate, recipe: chrome-pdf, engine: handlebars, preview: false }","meta":{"rootId":"rpfx98ty3lv3lny","id":"rpfx98ty3lv3lny"},"id":"ifflp1bhq2s5eq5","previousOperationId":"zb9sbo4iuihvwcw"}
{"type":"log","timestamp":1662508036297,"level":"debug","message":"Inline data specified.","meta":{"rootId":"rpfx98ty3lv3lny","id":"rpfx98ty3lv3lny"},"id":"gma81hx923x1o62","previousOperationId":"zb9sbo4iuihvwcw"}
{"type":"log","timestamp":1662508036300,"level":"debug","message":"Base url not specified, skipping its injection.","meta":{"rootId":"rpfx98ty3lv3lny","id":"rpfx98ty3lv3lny"},"id":"a0r4pmvkpqqsh0q","previousOperationId":"zb9sbo4iuihvwcw"}
{"type":"operationStart","subtype":"engine","name":"handlebars","timestamp":1662508036301,"id":"yzmphzsern87vyy","previousEventId":"sl46im1cdi1owlx","operationId":"eq4v3ziv6j64t7c","previousOperationId":"zb9sbo4iuihvwcw"}
{"type":"log","timestamp":1662508036301,"level":"debug","message":"Rendering engine handlebars","meta":{"rootId":"rpfx98ty3lv3lny","id":"rpfx98ty3lv3lny"},"id":"4eeteofqr8fg1on","previousOperationId":"eq4v3ziv6j64t7c"}
{"type":"operationEnd","operationId":"eq4v3ziv6j64t7c","timestamp":1662508036315,"id":"c7bxwihmelauw5a","previousEventId":"yzmphzsern87vyy","previousOperationId":"eq4v3ziv6j64t7c"}
{"type":"operationStart","subtype":"recipe","name":"chrome-pdf","timestamp":1662508036315,"id":"t21cr3p6xcic1b9","previousEventId":"c7bxwihmelauw5a","operationId":"b4p3rzs5rra9mjd","previousOperationId":"eq4v3ziv6j64t7c"}
{"type":"log","timestamp":1662508036315,"level":"debug","message":"Executing recipe chrome-pdf","meta":{"rootId":"rpfx98ty3lv3lny","id":"rpfx98ty3lv3lny"},"id":"n029d75chc05kxd","previousOperationId":"b4p3rzs5rra9mjd"}
{"type":"log","timestamp":1662508036317,"level":"debug","message":"Converting with chrome HeadlessChrome/98.0.4758.0 using chrome-pool strategy","meta":{"rootId":"rpfx98ty3lv3lny","id":"rpfx98ty3lv3lny"},"id":"n5cmrjxfd566a6r","previousOperationId":"b4p3rzs5rra9mjd"}
{"type":"log","timestamp":1662508036482,"level":"debug","message":"Page request: GET (document) file:///C:/Users/aasem/AppData/Local/Temp/jsreport/autocleanup/e44ec6fc-3313-494e-8196-6b24df67ac88-chrome-pdf.html","meta":{"rootId":"rpfx98ty3lv3lny","id":"rpfx98ty3lv3lny"},"id":"513cj55nwlw876t","previousOperationId":"b4p3rzs5rra9mjd"}
{"type":"log","timestamp":1662508036491,"level":"debug","message":"Page request finished: GET (document) file:///C:/Users/aasem/AppData/Local/Temp/jsreport/autocleanup/e44ec6fc-3313-494e-8196-6b24df67ac88-chrome-pdf.html","meta":{"rootId":"rpfx98ty3lv3lny","id":"rpfx98ty3lv3lny"},"id":"sujdwkxf01kz8ss","previousOperationId":"b4p3rzs5rra9mjd"}
{"type":"log","timestamp":1662508036519,"level":"debug","message":"Running chrome with params {\"printBackground\":true,\"timeout\":59969,\"margin\":{}}","meta":{"rootId":"rpfx98ty3lv3lny","id":"rpfx98ty3lv3lny"},"id":"lqjoqv3bzqn2wl8","previousOperationId":"b4p3rzs5rra9mjd"}
{"type":"operationEnd","operationId":"b4p3rzs5rra9mjd","timestamp":1662508036620,"id":"p35upmgztmref91","previousEventId":"t21cr3p6xcic1b9","previousOperationId":"b4p3rzs5rra9mjd"}
{"type":"operationStart","subtype":"reports","name":"persisting report","doDiffs":false,"timestamp":1662508036620,"id":"hyvbm1uuakitctw","previousEventId":"p35upmgztmref91","operationId":"p7ywda6uwgotktv","previousOperationId":"b4p3rzs5rra9mjd"}
{"type":"log","timestamp":1662508036633,"level":"debug","message":"Report stored as reports/salary/salarySlipTemplate/OWiaxsrxDrFW5lNF.pdf","meta":{"rootId":"rpfx98ty3lv3lny","id":"rpfx98ty3lv3lny"},"id":"vcit8pt7o7ezzpi","previousOperationId":"p7ywda6uwgotktv"}
{"type":"operationEnd","operationId":"p7ywda6uwgotktv","doDiffs":false,"timestamp":1662508036633,"id":"zawx4qzp21jv1lg","previousEventId":"hyvbm1uuakitctw","previousOperationId":"p7ywda6uwgotktv"}
{"type":"log","timestamp":1662508036634,"level":"info","message":"Rendering request 3 finished in 348 ms","meta":{"rootId":"rpfx98ty3lv3lny","id":"rpfx98ty3lv3lny"},"id":"scma9utta2w6r99","previousOperationId":"p7ywda6uwgotktv"}
{"type":"operationEnd","subtype":"render","operationId":"zb9sbo4iuihvwcw","timestamp":1662508036634,"id":"ir83kmmrgj6tbxy","previousEventId":"zawx4qzp21jv1lg","previousOperationId":"p7ywda6uwgotktv"}
{"type":"operationEnd","doDiffs":false,"previousEventId":"i916ojqcl853toq","previousOperationId":"n84in4b7vo15cox","operationId":"n84in4b7vo15cox","timestamp":1662508036637,"id":"npi2yw7u0i8nxmp"}
