{"type":"operationStart","subtype":"profile","data":{"_id":"cJV6HJ6fj9qVXN3m","timestamp":"2022-09-06T16:24:28.650Z","state":"queued","mode":"standard","creationDate":"2022-09-06T16:24:28.652Z","modificationDate":"2022-09-06T16:24:28.652Z","shortid":"GsWy0j7","$entitySet":"profiles"},"doDiffs":false,"timestamp":1662481468651,"id":"9vmb6s0hg2rk306","previousOperationId":null,"operationId":"s16m9nono64ok0c"}
{"type":"log","level":"info","message":"Render request 10 queued for execution and waiting for available worker","previousOperationId":"s16m9nono64ok0c","timestamp":1662481468651,"id":"m2nodilcxu23aye"}
{"type":"operationStart","subtype":"render","name":"salarySlipTemplate","previousOperationId":"s16m9nono64ok0c","timestamp":1662481468658,"id":"w5rthe0jcjduwrw","previousEventId":"9vmb6s0hg2rk306","operationId":"9cy3y711mikhmp9"}
{"type":"log","timestamp":1662481468663,"level":"info","message":"Starting rendering request 10 (user: null)","meta":{"rootId":"s6nuyxjcx2afrd7","id":"s6nuyxjcx2afrd7"},"id":"rn7hupvg4e5p1e4","previousOperationId":"9cy3y711mikhmp9"}
{"type":"log","timestamp":1662481468663,"level":"info","message":"Rendering template { name: salarySlipTemplate, recipe: chrome-pdf, engine: handlebars, preview: false }","meta":{"rootId":"s6nuyxjcx2afrd7","id":"s6nuyxjcx2afrd7"},"id":"ji1bjd12g54g62s","previousOperationId":"9cy3y711mikhmp9"}
{"type":"log","timestamp":1662481468664,"level":"debug","message":"Inline data specified.","meta":{"rootId":"s6nuyxjcx2afrd7","id":"s6nuyxjcx2afrd7"},"id":"4cmhpxv8m1c44tm","previousOperationId":"9cy3y711mikhmp9"}
{"type":"log","timestamp":1662481468667,"level":"debug","message":"Base url not specified, skipping its injection.","meta":{"rootId":"s6nuyxjcx2afrd7","id":"s6nuyxjcx2afrd7"},"id":"vwicuiyxm5plxlj","previousOperationId":"9cy3y711mikhmp9"}
{"type":"operationStart","subtype":"engine","name":"handlebars","timestamp":1662481468667,"id":"c0aroxemu0g0w5y","previousEventId":"w5rthe0jcjduwrw","operationId":"gswylt9clwas70q","previousOperationId":"9cy3y711mikhmp9"}
{"type":"log","timestamp":1662481468667,"level":"debug","message":"Rendering engine handlebars","meta":{"rootId":"s6nuyxjcx2afrd7","id":"s6nuyxjcx2afrd7"},"id":"pbqzl10rzdmz5ql","previousOperationId":"gswylt9clwas70q"}
{"type":"operationEnd","operationId":"gswylt9clwas70q","timestamp":1662481468680,"id":"p6afqy8fn50bkf6","previousEventId":"c0aroxemu0g0w5y","previousOperationId":"gswylt9clwas70q"}
{"type":"operationStart","subtype":"recipe","name":"chrome-pdf","timestamp":1662481468680,"id":"dwz2w9k6tka1qko","previousEventId":"p6afqy8fn50bkf6","operationId":"pcmslo791h9i6uf","previousOperationId":"gswylt9clwas70q"}
{"type":"log","timestamp":1662481468680,"level":"debug","message":"Executing recipe chrome-pdf","meta":{"rootId":"s6nuyxjcx2afrd7","id":"s6nuyxjcx2afrd7"},"id":"xlvcrib9yv9vo1d","previousOperationId":"pcmslo791h9i6uf"}
{"type":"log","timestamp":1662481468683,"level":"debug","message":"Converting with chrome HeadlessChrome/98.0.4758.0 using chrome-pool strategy","meta":{"rootId":"s6nuyxjcx2afrd7","id":"s6nuyxjcx2afrd7"},"id":"iyg3orb5qxv15j9","previousOperationId":"pcmslo791h9i6uf"}
{"type":"log","timestamp":1662481468786,"level":"debug","message":"Page request: GET (document) file:///C:/Users/aasem/AppData/Local/Temp/jsreport/autocleanup/a534b85d-cf49-44ce-8773-81ae091e063a-chrome-pdf.html","meta":{"rootId":"s6nuyxjcx2afrd7","id":"s6nuyxjcx2afrd7"},"id":"gayg3vmei4yyjf6","previousOperationId":"pcmslo791h9i6uf"}
{"type":"log","timestamp":1662481468795,"level":"debug","message":"Page request finished: GET (document) file:///C:/Users/aasem/AppData/Local/Temp/jsreport/autocleanup/a534b85d-cf49-44ce-8773-81ae091e063a-chrome-pdf.html","meta":{"rootId":"s6nuyxjcx2afrd7","id":"s6nuyxjcx2afrd7"},"id":"0jxdpn5fptvn0km","previousOperationId":"pcmslo791h9i6uf"}
{"type":"log","timestamp":1662481468808,"level":"debug","message":"Running chrome with params {\"printBackground\":true,\"timeout\":59968,\"margin\":{}}","meta":{"rootId":"s6nuyxjcx2afrd7","id":"s6nuyxjcx2afrd7"},"id":"i80fwz7q0eb8ikr","previousOperationId":"pcmslo791h9i6uf"}
{"type":"operationEnd","operationId":"pcmslo791h9i6uf","timestamp":1662481468828,"id":"wr4skadzjt6rwak","previousEventId":"dwz2w9k6tka1qko","previousOperationId":"pcmslo791h9i6uf"}
{"type":"operationStart","subtype":"reports","name":"persisting report","doDiffs":false,"timestamp":1662481468828,"id":"bs0uy9zah31kv8y","previousEventId":"wr4skadzjt6rwak","operationId":"23w75frscnvvfs6","previousOperationId":"pcmslo791h9i6uf"}
{"type":"log","timestamp":1662481468843,"level":"debug","message":"Report stored as reports/salary/salarySlipTemplate/n9BdzdhnvCci2Pu3.pdf","meta":{"rootId":"s6nuyxjcx2afrd7","id":"s6nuyxjcx2afrd7"},"id":"9bn2ifvhksxkn3v","previousOperationId":"23w75frscnvvfs6"}
{"type":"operationEnd","operationId":"23w75frscnvvfs6","doDiffs":false,"timestamp":1662481468843,"id":"ty6d9c848xheesy","previousEventId":"bs0uy9zah31kv8y","previousOperationId":"23w75frscnvvfs6"}
{"type":"log","timestamp":1662481468843,"level":"info","message":"Rendering request 10 finished in 193 ms","meta":{"rootId":"s6nuyxjcx2afrd7","id":"s6nuyxjcx2afrd7"},"id":"zdeg3blemuf9kkt","previousOperationId":"23w75frscnvvfs6"}
{"type":"operationEnd","subtype":"render","operationId":"9cy3y711mikhmp9","timestamp":1662481468843,"id":"4xu4wy3ef2xx81g","previousEventId":"ty6d9c848xheesy","previousOperationId":"23w75frscnvvfs6"}
{"type":"operationEnd","doDiffs":false,"previousEventId":"9vmb6s0hg2rk306","previousOperationId":"s16m9nono64ok0c","operationId":"s16m9nono64ok0c","timestamp":1662481468850,"id":"zojncvq1c43vxdk"}
