{"type":"operationStart","subtype":"profile","data":{"_id":"1t1FpoSVW8eSYnyb","timestamp":"2022-09-09T22:14:35.958Z","state":"queued","mode":"standard","creationDate":"2022-09-09T22:14:35.978Z","modificationDate":"2022-09-09T22:14:35.978Z","shortid":"orYZbhs","$entitySet":"profiles"},"doDiffs":false,"timestamp":1662761675977,"id":"gxf8a3b1l4trvaa","previousOperationId":null,"operationId":"gkbjs8lk4an9ltf"}
{"type":"log","level":"info","message":"Render request 5 queued for execution and waiting for available worker","previousOperationId":"gkbjs8lk4an9ltf","timestamp":1662761675977,"id":"92xauyloaky19eu"}
{"type":"operationStart","subtype":"render","name":"salarySlipTemplate","previousOperationId":"gkbjs8lk4an9ltf","timestamp":1662761675997,"id":"eu5d22ufrbd6swm","previousEventId":"gxf8a3b1l4trvaa","operationId":"unrfjqinetgwqvb"}
{"type":"log","timestamp":1662761675998,"level":"info","message":"Starting rendering request 5 (user: null)","meta":{"rootId":"s8ukrdp9yzk9ltb","id":"s8ukrdp9yzk9ltb"},"id":"buizmxvmh4m6erk","previousOperationId":"unrfjqinetgwqvb"}
{"type":"log","timestamp":1662761675999,"level":"info","message":"Rendering template { name: salarySlipTemplate, recipe: chrome-pdf, engine: handlebars, preview: false }","meta":{"rootId":"s8ukrdp9yzk9ltb","id":"s8ukrdp9yzk9ltb"},"id":"uw8p5olppdxixvy","previousOperationId":"unrfjqinetgwqvb"}
{"type":"log","timestamp":1662761676001,"level":"debug","message":"Inline data specified.","meta":{"rootId":"s8ukrdp9yzk9ltb","id":"s8ukrdp9yzk9ltb"},"id":"akaa6lk3r7vg1i9","previousOperationId":"unrfjqinetgwqvb"}
{"type":"log","timestamp":1662761676004,"level":"debug","message":"Base url not specified, skipping its injection.","meta":{"rootId":"s8ukrdp9yzk9ltb","id":"s8ukrdp9yzk9ltb"},"id":"70y10f0s2dkscuq","previousOperationId":"unrfjqinetgwqvb"}
{"type":"operationStart","subtype":"engine","name":"handlebars","timestamp":1662761676005,"id":"wax0sgz5klm94hk","previousEventId":"eu5d22ufrbd6swm","operationId":"k4d6pbsg3cnotfv","previousOperationId":"unrfjqinetgwqvb"}
{"type":"log","timestamp":1662761676005,"level":"debug","message":"Rendering engine handlebars","meta":{"rootId":"s8ukrdp9yzk9ltb","id":"s8ukrdp9yzk9ltb"},"id":"jtoc51her34umtc","previousOperationId":"k4d6pbsg3cnotfv"}
{"type":"operationEnd","operationId":"k4d6pbsg3cnotfv","timestamp":1662761676648,"id":"jds6a6jhzwivmj1","previousEventId":"wax0sgz5klm94hk","previousOperationId":"k4d6pbsg3cnotfv"}
{"type":"operationStart","subtype":"recipe","name":"chrome-pdf","timestamp":1662761676651,"id":"cybzmvzew9es7h8","previousEventId":"jds6a6jhzwivmj1","operationId":"lpirlv11y7i996c","previousOperationId":"k4d6pbsg3cnotfv"}
{"type":"log","timestamp":1662761676651,"level":"debug","message":"Executing recipe chrome-pdf","meta":{"rootId":"s8ukrdp9yzk9ltb","id":"s8ukrdp9yzk9ltb"},"id":"wbhszwuo8ewd3rb","previousOperationId":"lpirlv11y7i996c"}
{"type":"log","timestamp":1662761676979,"level":"debug","message":"Converting with chrome HeadlessChrome/98.0.4758.0 using chrome-pool strategy","meta":{"rootId":"s8ukrdp9yzk9ltb","id":"s8ukrdp9yzk9ltb"},"id":"79ofpodtxw1yv1g","previousOperationId":"lpirlv11y7i996c"}
{"type":"log","timestamp":1662761680952,"level":"debug","message":"Page request: GET (document) file:///C:/Users/aasem/AppData/Local/Temp/jsreport/autocleanup/b4ac53cf-f3c7-4d1a-a4f9-5246b058d829-chrome-pdf.html","meta":{"rootId":"s8ukrdp9yzk9ltb","id":"s8ukrdp9yzk9ltb"},"id":"4aawaqlq63bjdk1","previousOperationId":"lpirlv11y7i996c"}
{"type":"log","timestamp":1662761680966,"level":"debug","message":"Page request finished: GET (document) file:///C:/Users/aasem/AppData/Local/Temp/jsreport/autocleanup/b4ac53cf-f3c7-4d1a-a4f9-5246b058d829-chrome-pdf.html","meta":{"rootId":"s8ukrdp9yzk9ltb","id":"s8ukrdp9yzk9ltb"},"id":"jgl268duw88873p","previousOperationId":"lpirlv11y7i996c"}
{"type":"log","timestamp":1662761681179,"level":"debug","message":"Running chrome with params {\"printBackground\":true,\"timeout\":59189,\"margin\":{}}","meta":{"rootId":"s8ukrdp9yzk9ltb","id":"s8ukrdp9yzk9ltb"},"id":"lq96ie9mukefhlq","previousOperationId":"lpirlv11y7i996c"}
{"type":"operationEnd","operationId":"lpirlv11y7i996c","timestamp":1662761681334,"id":"k4r4zilop3ya982","previousEventId":"cybzmvzew9es7h8","previousOperationId":"lpirlv11y7i996c"}
{"type":"log","timestamp":1662761681335,"level":"debug","message":"Skipping storing report.","meta":{"rootId":"s8ukrdp9yzk9ltb","id":"s8ukrdp9yzk9ltb"},"id":"ujftr59ywuo2na5","previousOperationId":"lpirlv11y7i996c"}
{"type":"log","timestamp":1662761681335,"level":"info","message":"Rendering request 5 finished in 5377 ms","meta":{"rootId":"s8ukrdp9yzk9ltb","id":"s8ukrdp9yzk9ltb"},"id":"667x4tqh5za1vig","previousOperationId":"lpirlv11y7i996c"}
{"type":"operationEnd","subtype":"render","operationId":"unrfjqinetgwqvb","timestamp":1662761681336,"id":"q6093utbyh9ziv6","previousEventId":"k4r4zilop3ya982","previousOperationId":"lpirlv11y7i996c"}
{"type":"operationEnd","doDiffs":false,"previousEventId":"gxf8a3b1l4trvaa","previousOperationId":"gkbjs8lk4an9ltf","operationId":"gkbjs8lk4an9ltf","timestamp":1662761681355,"id":"yluwesdl96rbpwo"}
