{"type":"operationStart","subtype":"profile","data":{"_id":"ftrVDCJCK1V14qRT","timestamp":"2022-09-06T16:47:45.149Z","state":"queued","mode":"standard","creationDate":"2022-09-06T16:47:45.150Z","modificationDate":"2022-09-06T16:47:45.150Z","shortid":"5N-niW0","$entitySet":"profiles"},"doDiffs":false,"timestamp":1662482865150,"id":"u8utoi940kl6orp","previousOperationId":null,"operationId":"8bocggq3hlzocwa"}
{"type":"log","level":"info","message":"Render request 23 queued for execution and waiting for available worker","previousOperationId":"8bocggq3hlzocwa","timestamp":1662482865150,"id":"vx1qizpncl6i10b"}
{"type":"operationStart","subtype":"render","name":"salarySlipTemplate","previousOperationId":"8bocggq3hlzocwa","timestamp":1662482865160,"id":"jg0qe1uw3slo6yc","previousEventId":"u8utoi940kl6orp","operationId":"jna78sy2k0sgb34"}
{"type":"log","timestamp":1662482865160,"level":"info","message":"Starting rendering request 23 (user: null)","meta":{"rootId":"sbry1j0l3j2tsrw","id":"sbry1j0l3j2tsrw"},"id":"p792wn5csdlafl3","previousOperationId":"jna78sy2k0sgb34"}
{"type":"log","timestamp":1662482865161,"level":"info","message":"Rendering template { name: salarySlipTemplate, recipe: chrome-pdf, engine: handlebars, preview: false }","meta":{"rootId":"sbry1j0l3j2tsrw","id":"sbry1j0l3j2tsrw"},"id":"nagqv2rgsj5q2zb","previousOperationId":"jna78sy2k0sgb34"}
{"type":"log","timestamp":1662482865162,"level":"debug","message":"Inline data specified.","meta":{"rootId":"sbry1j0l3j2tsrw","id":"sbry1j0l3j2tsrw"},"id":"888kizizfuotdf8","previousOperationId":"jna78sy2k0sgb34"}
{"type":"log","timestamp":1662482865164,"level":"debug","message":"Base url not specified, skipping its injection.","meta":{"rootId":"sbry1j0l3j2tsrw","id":"sbry1j0l3j2tsrw"},"id":"f4869uc0kmgm4hk","previousOperationId":"jna78sy2k0sgb34"}
{"type":"operationStart","subtype":"engine","name":"handlebars","timestamp":1662482865165,"id":"lfdjkva9svuofj8","previousEventId":"jg0qe1uw3slo6yc","operationId":"pcglludf8l6embr","previousOperationId":"jna78sy2k0sgb34"}
{"type":"log","timestamp":1662482865165,"level":"debug","message":"Rendering engine handlebars","meta":{"rootId":"sbry1j0l3j2tsrw","id":"sbry1j0l3j2tsrw"},"id":"rjxufs0lvva67aj","previousOperationId":"pcglludf8l6embr"}
{"type":"operationEnd","operationId":"pcglludf8l6embr","timestamp":1662482865178,"id":"h5d8cc43rjgvhem","previousEventId":"lfdjkva9svuofj8","previousOperationId":"pcglludf8l6embr"}
{"type":"operationStart","subtype":"recipe","name":"chrome-pdf","timestamp":1662482865178,"id":"5cgdq03hns2ogz5","previousEventId":"h5d8cc43rjgvhem","operationId":"xl68a59irl0lnl5","previousOperationId":"pcglludf8l6embr"}
{"type":"log","timestamp":1662482865178,"level":"debug","message":"Executing recipe chrome-pdf","meta":{"rootId":"sbry1j0l3j2tsrw","id":"sbry1j0l3j2tsrw"},"id":"5ujcsli24hgrelu","previousOperationId":"xl68a59irl0lnl5"}
{"type":"log","timestamp":1662482865180,"level":"debug","message":"Converting with chrome HeadlessChrome/98.0.4758.0 using chrome-pool strategy","meta":{"rootId":"sbry1j0l3j2tsrw","id":"sbry1j0l3j2tsrw"},"id":"9qpyjmwqv2nmbx1","previousOperationId":"xl68a59irl0lnl5"}
{"type":"log","timestamp":1662482865290,"level":"debug","message":"Page request: GET (document) file:///C:/Users/aasem/AppData/Local/Temp/jsreport/autocleanup/d82fa030-6b0d-4111-b92a-0bb86514b2a5-chrome-pdf.html","meta":{"rootId":"sbry1j0l3j2tsrw","id":"sbry1j0l3j2tsrw"},"id":"7b8vyqvbfpfqx4g","previousOperationId":"xl68a59irl0lnl5"}
{"type":"log","timestamp":1662482865302,"level":"debug","message":"Page request finished: GET (document) file:///C:/Users/aasem/AppData/Local/Temp/jsreport/autocleanup/d82fa030-6b0d-4111-b92a-0bb86514b2a5-chrome-pdf.html","meta":{"rootId":"sbry1j0l3j2tsrw","id":"sbry1j0l3j2tsrw"},"id":"1ajwg4mlw8ahu69","previousOperationId":"xl68a59irl0lnl5"}
{"type":"log","timestamp":1662482865332,"level":"debug","message":"Running chrome with params {\"printBackground\":true,\"timeout\":59970,\"margin\":{}}","meta":{"rootId":"sbry1j0l3j2tsrw","id":"sbry1j0l3j2tsrw"},"id":"kn3nhimjb27lfe9","previousOperationId":"xl68a59irl0lnl5"}
{"type":"operationEnd","operationId":"xl68a59irl0lnl5","timestamp":1662482865443,"id":"i9yodge8ga1myls","previousEventId":"5cgdq03hns2ogz5","previousOperationId":"xl68a59irl0lnl5"}
{"type":"operationStart","subtype":"reports","name":"persisting report","doDiffs":false,"timestamp":1662482865443,"id":"wzkitgu72alouk2","previousEventId":"i9yodge8ga1myls","operationId":"0v33758kiphljfz","previousOperationId":"xl68a59irl0lnl5"}
{"type":"log","timestamp":1662482865471,"level":"debug","message":"Report stored as reports/salary/salarySlipTemplate/Us7XSz4QFNHlsCrQ.pdf","meta":{"rootId":"sbry1j0l3j2tsrw","id":"sbry1j0l3j2tsrw"},"id":"yov82k0rqbq2n9i","previousOperationId":"0v33758kiphljfz"}
{"type":"operationEnd","operationId":"0v33758kiphljfz","doDiffs":false,"timestamp":1662482865471,"id":"yynm67tesqt7ph3","previousEventId":"wzkitgu72alouk2","previousOperationId":"0v33758kiphljfz"}
{"type":"log","timestamp":1662482865471,"level":"info","message":"Rendering request 23 finished in 322 ms","meta":{"rootId":"sbry1j0l3j2tsrw","id":"sbry1j0l3j2tsrw"},"id":"5kov1mdvy1np4a5","previousOperationId":"0v33758kiphljfz"}
{"type":"operationEnd","subtype":"render","operationId":"jna78sy2k0sgb34","timestamp":1662482865471,"id":"qtc3t251wxlngrg","previousEventId":"yynm67tesqt7ph3","previousOperationId":"0v33758kiphljfz"}
{"type":"operationEnd","doDiffs":false,"previousEventId":"u8utoi940kl6orp","previousOperationId":"8bocggq3hlzocwa","operationId":"8bocggq3hlzocwa","timestamp":1662482865474,"id":"tiq6f16tziydcwh"}
