{"type":"operationStart","subtype":"profile","data":{"_id":"QLzZkDMn7Nv0CAuu","timestamp":"2022-09-06T17:22:19.529Z","state":"queued","mode":"standard","creationDate":"2022-09-06T17:22:19.531Z","modificationDate":"2022-09-06T17:22:19.531Z","shortid":"Cqnph0J","$entitySet":"profiles"},"doDiffs":false,"timestamp":1662484939530,"id":"ymwb5kfnyovizrj","previousOperationId":null,"operationId":"kpkhu0jhzzeuhrt"}
{"type":"log","level":"info","message":"Render request 2 queued for execution and waiting for available worker","previousOperationId":"kpkhu0jhzzeuhrt","timestamp":1662484939530,"id":"45e4ndm7rh3n7vn"}
{"type":"operationStart","subtype":"render","name":"salarySlipTemplate","previousOperationId":"kpkhu0jhzzeuhrt","timestamp":1662484939538,"id":"a2tamiqkh4ersy0","previousEventId":"ymwb5kfnyovizrj","operationId":"wpxfr7lgq3sfvi2"}
{"type":"log","timestamp":1662484939539,"level":"info","message":"Starting rendering request 2 (user: null)","meta":{"rootId":"sc12hsuu4pz41d3","id":"sc12hsuu4pz41d3"},"id":"pv98nmb9pjhibx8","previousOperationId":"wpxfr7lgq3sfvi2"}
{"type":"log","timestamp":1662484939539,"level":"info","message":"Rendering template { name: salarySlipTemplate, recipe: chrome-pdf, engine: handlebars, preview: false }","meta":{"rootId":"sc12hsuu4pz41d3","id":"sc12hsuu4pz41d3"},"id":"s8bc7e0mhkq84uu","previousOperationId":"wpxfr7lgq3sfvi2"}
{"type":"log","timestamp":1662484939541,"level":"debug","message":"Inline data specified.","meta":{"rootId":"sc12hsuu4pz41d3","id":"sc12hsuu4pz41d3"},"id":"qv6i0ee4q9aee01","previousOperationId":"wpxfr7lgq3sfvi2"}
{"type":"log","timestamp":1662484939544,"level":"debug","message":"Base url not specified, skipping its injection.","meta":{"rootId":"sc12hsuu4pz41d3","id":"sc12hsuu4pz41d3"},"id":"fev6qx1mzib8uxy","previousOperationId":"wpxfr7lgq3sfvi2"}
{"type":"operationStart","subtype":"engine","name":"handlebars","timestamp":1662484939544,"id":"mb4g31quptnccfd","previousEventId":"a2tamiqkh4ersy0","operationId":"l2wkkt8dqgnzon3","previousOperationId":"wpxfr7lgq3sfvi2"}
{"type":"log","timestamp":1662484939544,"level":"debug","message":"Rendering engine handlebars","meta":{"rootId":"sc12hsuu4pz41d3","id":"sc12hsuu4pz41d3"},"id":"se4w2i7na9lfsrz","previousOperationId":"l2wkkt8dqgnzon3"}
{"type":"operationEnd","operationId":"l2wkkt8dqgnzon3","timestamp":1662484939572,"id":"wv4ifxzhl9fx34b","previousEventId":"mb4g31quptnccfd","previousOperationId":"l2wkkt8dqgnzon3"}
{"type":"operationStart","subtype":"recipe","name":"chrome-pdf","timestamp":1662484939572,"id":"7vybp9jtvkjzx25","previousEventId":"wv4ifxzhl9fx34b","operationId":"71q4bz7y9ndawcf","previousOperationId":"l2wkkt8dqgnzon3"}
{"type":"log","timestamp":1662484939572,"level":"debug","message":"Executing recipe chrome-pdf","meta":{"rootId":"sc12hsuu4pz41d3","id":"sc12hsuu4pz41d3"},"id":"61a8w8dz3fsfddf","previousOperationId":"71q4bz7y9ndawcf"}
{"type":"log","timestamp":1662484939575,"level":"debug","message":"Converting with chrome HeadlessChrome/98.0.4758.0 using chrome-pool strategy","meta":{"rootId":"sc12hsuu4pz41d3","id":"sc12hsuu4pz41d3"},"id":"u3uvso9trbisj42","previousOperationId":"71q4bz7y9ndawcf"}
{"type":"log","timestamp":1662484939802,"level":"debug","message":"Page request: GET (document) file:///C:/Users/aasem/AppData/Local/Temp/jsreport/autocleanup/c2bca27f-c99e-4931-aaf2-de0b683fce80-chrome-pdf.html","meta":{"rootId":"sc12hsuu4pz41d3","id":"sc12hsuu4pz41d3"},"id":"y4tc23q7lwu2adf","previousOperationId":"71q4bz7y9ndawcf"}
{"type":"log","timestamp":1662484939816,"level":"debug","message":"Page request finished: GET (document) file:///C:/Users/aasem/AppData/Local/Temp/jsreport/autocleanup/c2bca27f-c99e-4931-aaf2-de0b683fce80-chrome-pdf.html","meta":{"rootId":"sc12hsuu4pz41d3","id":"sc12hsuu4pz41d3"},"id":"qc7vk2k6q68dzjw","previousOperationId":"71q4bz7y9ndawcf"}
{"type":"log","timestamp":1662484939844,"level":"debug","message":"Running chrome with params {\"printBackground\":true,\"timeout\":59955,\"margin\":{}}","meta":{"rootId":"sc12hsuu4pz41d3","id":"sc12hsuu4pz41d3"},"id":"n612ps6ecey2gd7","previousOperationId":"71q4bz7y9ndawcf"}
{"type":"operationEnd","operationId":"71q4bz7y9ndawcf","timestamp":1662484939968,"id":"akm2rgkkogtxqn5","previousEventId":"7vybp9jtvkjzx25","previousOperationId":"71q4bz7y9ndawcf"}
{"type":"operationStart","subtype":"reports","name":"persisting report","doDiffs":false,"timestamp":1662484939968,"id":"1uouivr351lufax","previousEventId":"akm2rgkkogtxqn5","operationId":"srqnwr8dxdsk9ws","previousOperationId":"71q4bz7y9ndawcf"}
{"type":"log","timestamp":1662484939981,"level":"debug","message":"Report stored as reports/salary/salarySlipTemplate/x2BxgkIFtVNjpgAZ.pdf","meta":{"rootId":"sc12hsuu4pz41d3","id":"sc12hsuu4pz41d3"},"id":"sz5xsq1ijyh60bl","previousOperationId":"srqnwr8dxdsk9ws"}
{"type":"operationEnd","operationId":"srqnwr8dxdsk9ws","doDiffs":false,"timestamp":1662484939981,"id":"suiqdinnmgjyvbk","previousEventId":"1uouivr351lufax","previousOperationId":"srqnwr8dxdsk9ws"}
{"type":"log","timestamp":1662484939982,"level":"info","message":"Rendering request 2 finished in 453 ms","meta":{"rootId":"sc12hsuu4pz41d3","id":"sc12hsuu4pz41d3"},"id":"koit3je7hghs3q7","previousOperationId":"srqnwr8dxdsk9ws"}
{"type":"operationEnd","subtype":"render","operationId":"wpxfr7lgq3sfvi2","timestamp":1662484939982,"id":"ibfv567lmf74csu","previousEventId":"suiqdinnmgjyvbk","previousOperationId":"srqnwr8dxdsk9ws"}
{"type":"operationEnd","doDiffs":false,"previousEventId":"ymwb5kfnyovizrj","previousOperationId":"kpkhu0jhzzeuhrt","operationId":"kpkhu0jhzzeuhrt","timestamp":1662484939985,"id":"2lnf449sqoxz464"}
