{"type":"operationStart","subtype":"profile","data":{"_id":"z79weqk625Zyek1U","timestamp":"2022-09-11T15:17:38.064Z","state":"queued","mode":"standard","creationDate":"2022-09-11T15:17:38.069Z","modificationDate":"2022-09-11T15:17:38.069Z","shortid":"MH12HNZ","$entitySet":"profiles"},"doDiffs":false,"timestamp":1662909458066,"id":"8ckriyo0b1tksus","previousOperationId":null,"operationId":"a4gatu84lh7af13"}
{"type":"log","level":"info","message":"Render request 1 queued for execution and waiting for available worker","previousOperationId":"a4gatu84lh7af13","timestamp":1662909458066,"id":"56v9xuicedsr54s"}
{"type":"operationStart","subtype":"render","name":"salarySlipTemplate","previousOperationId":"a4gatu84lh7af13","timestamp":1662909458100,"id":"iwbg3d6717qqfar","previousEventId":"8ckriyo0b1tksus","operationId":"pnkt0fsmeey4l3l"}
{"type":"log","timestamp":1662909458101,"level":"info","message":"Starting rendering request 1 (user: null)","meta":{"rootId":"t77klskkrbisbct","id":"t77klskkrbisbct"},"id":"jxgqrpv3lz0sbfr","previousOperationId":"pnkt0fsmeey4l3l"}
{"type":"log","timestamp":1662909458104,"level":"info","message":"Rendering template { name: salarySlipTemplate, recipe: chrome-pdf, engine: handlebars, preview: false }","meta":{"rootId":"t77klskkrbisbct","id":"t77klskkrbisbct"},"id":"oh86v301lun4l44","previousOperationId":"pnkt0fsmeey4l3l"}
{"type":"log","timestamp":1662909458107,"level":"debug","message":"Inline data specified.","meta":{"rootId":"t77klskkrbisbct","id":"t77klskkrbisbct"},"id":"6dlu1xazx2er0x3","previousOperationId":"pnkt0fsmeey4l3l"}
{"type":"log","timestamp":1662909458110,"level":"debug","message":"Base url not specified, skipping its injection.","meta":{"rootId":"t77klskkrbisbct","id":"t77klskkrbisbct"},"id":"fq7smka10q7yqvt","previousOperationId":"pnkt0fsmeey4l3l"}
{"type":"operationStart","subtype":"engine","name":"handlebars","timestamp":1662909458112,"id":"mljvl2at3his39p","previousEventId":"iwbg3d6717qqfar","operationId":"ov5hhlrckedo9ov","previousOperationId":"pnkt0fsmeey4l3l"}
{"type":"log","timestamp":1662909458112,"level":"debug","message":"Rendering engine handlebars","meta":{"rootId":"t77klskkrbisbct","id":"t77klskkrbisbct"},"id":"a1ulyyft3ugrggy","previousOperationId":"ov5hhlrckedo9ov"}
{"type":"operationEnd","operationId":"ov5hhlrckedo9ov","timestamp":1662909463685,"id":"551lisb5n0suf99","previousEventId":"mljvl2at3his39p","previousOperationId":"ov5hhlrckedo9ov"}
{"type":"operationStart","subtype":"recipe","name":"chrome-pdf","timestamp":1662909463686,"id":"0fjf1kp4u1haqfm","previousEventId":"551lisb5n0suf99","operationId":"3rr34ewdigqof50","previousOperationId":"ov5hhlrckedo9ov"}
{"type":"log","timestamp":1662909463686,"level":"debug","message":"Executing recipe chrome-pdf","meta":{"rootId":"t77klskkrbisbct","id":"t77klskkrbisbct"},"id":"qxiieqkypmazh77","previousOperationId":"3rr34ewdigqof50"}
{"type":"log","timestamp":1662909467405,"level":"debug","message":"Converting with chrome HeadlessChrome/98.0.4758.0 using chrome-pool strategy","meta":{"rootId":"t77klskkrbisbct","id":"t77klskkrbisbct"},"id":"cmjwcyjmj2q5rj8","previousOperationId":"3rr34ewdigqof50"}
{"type":"log","timestamp":1662909470107,"level":"debug","message":"Page request: GET (document) file:///C:/Users/aasem/AppData/Local/Temp/jsreport/autocleanup/d4eb9467-e277-4a09-b066-d51178948f80-chrome-pdf.html","meta":{"rootId":"t77klskkrbisbct","id":"t77klskkrbisbct"},"id":"yzka9z0s1xytfzg","previousOperationId":"3rr34ewdigqof50"}
{"type":"log","timestamp":1662909470134,"level":"debug","message":"Page request finished: GET (document) file:///C:/Users/aasem/AppData/Local/Temp/jsreport/autocleanup/d4eb9467-e277-4a09-b066-d51178948f80-chrome-pdf.html","meta":{"rootId":"t77klskkrbisbct","id":"t77klskkrbisbct"},"id":"egnwl18dxw042y9","previousOperationId":"3rr34ewdigqof50"}
{"type":"log","timestamp":1662909470162,"level":"debug","message":"Running chrome with params {\"printBackground\":true,\"timeout\":54140,\"margin\":{}}","meta":{"rootId":"t77klskkrbisbct","id":"t77klskkrbisbct"},"id":"bspxtjx663b2nf0","previousOperationId":"3rr34ewdigqof50"}
{"type":"operationEnd","operationId":"3rr34ewdigqof50","timestamp":1662909470246,"id":"y1y3cslgj600l0x","previousEventId":"0fjf1kp4u1haqfm","previousOperationId":"3rr34ewdigqof50"}
{"type":"log","timestamp":1662909470247,"level":"debug","message":"Skipping storing report.","meta":{"rootId":"t77klskkrbisbct","id":"t77klskkrbisbct"},"id":"td5rzqyqubm8rr9","previousOperationId":"3rr34ewdigqof50"}
{"type":"log","timestamp":1662909470247,"level":"info","message":"Rendering request 1 finished in 12183 ms","meta":{"rootId":"t77klskkrbisbct","id":"t77klskkrbisbct"},"id":"t4w9wib1pgy6hkw","previousOperationId":"3rr34ewdigqof50"}
{"type":"operationEnd","subtype":"render","operationId":"pnkt0fsmeey4l3l","timestamp":1662909470247,"id":"j2a68ecomjzrn7z","previousEventId":"y1y3cslgj600l0x","previousOperationId":"3rr34ewdigqof50"}
{"type":"operationEnd","doDiffs":false,"previousEventId":"8ckriyo0b1tksus","previousOperationId":"a4gatu84lh7af13","operationId":"a4gatu84lh7af13","timestamp":1662909470251,"id":"gib3vzmmovmdzdx"}
