{"type":"operationStart","subtype":"profile","data":{"_id":"aG1osn5lMhXGrG2Q","timestamp":"2022-09-06T16:49:45.975Z","state":"queued","mode":"standard","creationDate":"2022-09-06T16:49:45.977Z","modificationDate":"2022-09-06T16:49:45.977Z","shortid":"YRoJl_k","$entitySet":"profiles"},"doDiffs":false,"timestamp":1662482985976,"id":"ars97kwk2kszdmt","previousOperationId":null,"operationId":"wqxyh14ho931nhs"}
{"type":"log","level":"info","message":"Render request 29 queued for execution and waiting for available worker","previousOperationId":"wqxyh14ho931nhs","timestamp":1662482985976,"id":"70wz74qtqcgncar"}
{"type":"operationStart","subtype":"render","name":"salarySlipTemplate","previousOperationId":"wqxyh14ho931nhs","timestamp":1662482985985,"id":"3itj79aidbg6y1n","previousEventId":"ars97kwk2kszdmt","operationId":"g7r1d9kpqqvl5ou"}
{"type":"log","timestamp":1662482985985,"level":"info","message":"Starting rendering request 29 (user: null)","meta":{"rootId":"tgx2t53im7ljufn","id":"tgx2t53im7ljufn"},"id":"lup6j6nefc7t8wa","previousOperationId":"g7r1d9kpqqvl5ou"}
{"type":"log","timestamp":1662482985985,"level":"info","message":"Rendering template { name: salarySlipTemplate, recipe: chrome-pdf, engine: handlebars, preview: false }","meta":{"rootId":"tgx2t53im7ljufn","id":"tgx2t53im7ljufn"},"id":"9zo8a7dzyzvoe9v","previousOperationId":"g7r1d9kpqqvl5ou"}
{"type":"log","timestamp":1662482985986,"level":"debug","message":"Inline data specified.","meta":{"rootId":"tgx2t53im7ljufn","id":"tgx2t53im7ljufn"},"id":"1dn72ltgmh5n5s2","previousOperationId":"g7r1d9kpqqvl5ou"}
{"type":"log","timestamp":1662482985988,"level":"debug","message":"Base url not specified, skipping its injection.","meta":{"rootId":"tgx2t53im7ljufn","id":"tgx2t53im7ljufn"},"id":"vhp3dnjeaysyca9","previousOperationId":"g7r1d9kpqqvl5ou"}
{"type":"operationStart","subtype":"engine","name":"handlebars","timestamp":1662482985988,"id":"tjm78mo2ip1cmm7","previousEventId":"3itj79aidbg6y1n","operationId":"s616tj8pwvxd0mb","previousOperationId":"g7r1d9kpqqvl5ou"}
{"type":"log","timestamp":1662482985988,"level":"debug","message":"Rendering engine handlebars","meta":{"rootId":"tgx2t53im7ljufn","id":"tgx2t53im7ljufn"},"id":"ml36i0lxjgzvff1","previousOperationId":"s616tj8pwvxd0mb"}
{"type":"operationEnd","operationId":"s616tj8pwvxd0mb","timestamp":1662482986002,"id":"n60xccmu55jarph","previousEventId":"tjm78mo2ip1cmm7","previousOperationId":"s616tj8pwvxd0mb"}
{"type":"operationStart","subtype":"recipe","name":"chrome-pdf","timestamp":1662482986003,"id":"t79xa3dqrcja2fn","previousEventId":"n60xccmu55jarph","operationId":"3anhesfhvmh0go9","previousOperationId":"s616tj8pwvxd0mb"}
{"type":"log","timestamp":1662482986003,"level":"debug","message":"Executing recipe chrome-pdf","meta":{"rootId":"tgx2t53im7ljufn","id":"tgx2t53im7ljufn"},"id":"uey650dfdccgfoa","previousOperationId":"3anhesfhvmh0go9"}
{"type":"log","timestamp":1662482986005,"level":"debug","message":"Converting with chrome HeadlessChrome/98.0.4758.0 using chrome-pool strategy","meta":{"rootId":"tgx2t53im7ljufn","id":"tgx2t53im7ljufn"},"id":"1qr8gp5o8f1la7n","previousOperationId":"3anhesfhvmh0go9"}
{"type":"log","timestamp":1662482986098,"level":"debug","message":"Page request: GET (document) file:///C:/Users/aasem/AppData/Local/Temp/jsreport/autocleanup/3be4d889-f14f-422a-b2cd-2ff0582f8c88-chrome-pdf.html","meta":{"rootId":"tgx2t53im7ljufn","id":"tgx2t53im7ljufn"},"id":"oj85sxm75k42xno","previousOperationId":"3anhesfhvmh0go9"}
{"type":"log","timestamp":1662482986106,"level":"debug","message":"Page request finished: GET (document) file:///C:/Users/aasem/AppData/Local/Temp/jsreport/autocleanup/3be4d889-f14f-422a-b2cd-2ff0582f8c88-chrome-pdf.html","meta":{"rootId":"tgx2t53im7ljufn","id":"tgx2t53im7ljufn"},"id":"amuefljdjphln1n","previousOperationId":"3anhesfhvmh0go9"}
{"type":"log","timestamp":1662482986135,"level":"debug","message":"Running chrome with params {\"printBackground\":true,\"timeout\":59971,\"margin\":{}}","meta":{"rootId":"tgx2t53im7ljufn","id":"tgx2t53im7ljufn"},"id":"1zzdmazfk4gfdok","previousOperationId":"3anhesfhvmh0go9"}
{"type":"operationEnd","operationId":"3anhesfhvmh0go9","timestamp":1662482986235,"id":"1be16ormir2f9y7","previousEventId":"t79xa3dqrcja2fn","previousOperationId":"3anhesfhvmh0go9"}
{"type":"operationStart","subtype":"reports","name":"persisting report","doDiffs":false,"timestamp":1662482986235,"id":"b5kq0tsc2gme5dp","previousEventId":"1be16ormir2f9y7","operationId":"a813q02jpub9oi0","previousOperationId":"3anhesfhvmh0go9"}
{"type":"log","timestamp":1662482986251,"level":"debug","message":"Report stored as reports/salary/salarySlipTemplate/oiYMOAiYo8AMYzfo.pdf","meta":{"rootId":"tgx2t53im7ljufn","id":"tgx2t53im7ljufn"},"id":"ndrkbl4rk86efbm","previousOperationId":"a813q02jpub9oi0"}
{"type":"operationEnd","operationId":"a813q02jpub9oi0","doDiffs":false,"timestamp":1662482986251,"id":"bghc0iw54a45we1","previousEventId":"b5kq0tsc2gme5dp","previousOperationId":"a813q02jpub9oi0"}
{"type":"log","timestamp":1662482986251,"level":"info","message":"Rendering request 29 finished in 276 ms","meta":{"rootId":"tgx2t53im7ljufn","id":"tgx2t53im7ljufn"},"id":"8rfdnouwevqq6s8","previousOperationId":"a813q02jpub9oi0"}
{"type":"operationEnd","subtype":"render","operationId":"g7r1d9kpqqvl5ou","timestamp":1662482986251,"id":"eftaqaec8yvldv6","previousEventId":"bghc0iw54a45we1","previousOperationId":"a813q02jpub9oi0"}
{"type":"operationEnd","doDiffs":false,"previousEventId":"ars97kwk2kszdmt","previousOperationId":"wqxyh14ho931nhs","operationId":"wqxyh14ho931nhs","timestamp":1662482986254,"id":"wb68mhgprskkm34"}
