{"type":"operationStart","subtype":"profile","data":{"_id":"xsjJZncIzJzBxYvk","timestamp":"2022-09-07T00:15:57.435Z","state":"queued","mode":"standard","creationDate":"2022-09-07T00:15:57.438Z","modificationDate":"2022-09-07T00:15:57.438Z","shortid":"4uNeIhs","$entitySet":"profiles"},"doDiffs":false,"timestamp":1662509757437,"id":"of45k82aut29uv9","previousOperationId":null,"operationId":"7pcn5ks6lkap1t4"}
{"type":"log","level":"info","message":"Render request 19 queued for execution and waiting for available worker","previousOperationId":"7pcn5ks6lkap1t4","timestamp":1662509757437,"id":"00c42mc6bhd84fm"}
{"type":"operationStart","subtype":"render","name":"salarySlipTemplate","previousOperationId":"7pcn5ks6lkap1t4","timestamp":1662509757458,"id":"no4a441ovatwv4t","previousEventId":"of45k82aut29uv9","operationId":"tlxwy3bug5m8yic"}
{"type":"log","timestamp":1662509757458,"level":"info","message":"Starting rendering request 19 (user: null)","meta":{"rootId":"tswfrxdr2dh8kir","id":"tswfrxdr2dh8kir"},"id":"y2a25lyhuqpsu6b","previousOperationId":"tlxwy3bug5m8yic"}
{"type":"log","timestamp":1662509757459,"level":"info","message":"Rendering template { name: salarySlipTemplate, recipe: chrome-pdf, engine: handlebars, preview: false }","meta":{"rootId":"tswfrxdr2dh8kir","id":"tswfrxdr2dh8kir"},"id":"30wkheftg1tpu8p","previousOperationId":"tlxwy3bug5m8yic"}
{"type":"log","timestamp":1662509757460,"level":"debug","message":"Inline data specified.","meta":{"rootId":"tswfrxdr2dh8kir","id":"tswfrxdr2dh8kir"},"id":"hyno9i6papsmqep","previousOperationId":"tlxwy3bug5m8yic"}
{"type":"log","timestamp":1662509757466,"level":"debug","message":"Base url not specified, skipping its injection.","meta":{"rootId":"tswfrxdr2dh8kir","id":"tswfrxdr2dh8kir"},"id":"mkxe61x60tv23uk","previousOperationId":"tlxwy3bug5m8yic"}
{"type":"operationStart","subtype":"engine","name":"handlebars","timestamp":1662509757466,"id":"agmi9fg7i3g8gft","previousEventId":"no4a441ovatwv4t","operationId":"2xhbd395z2le5f1","previousOperationId":"tlxwy3bug5m8yic"}
{"type":"log","timestamp":1662509757466,"level":"debug","message":"Rendering engine handlebars","meta":{"rootId":"tswfrxdr2dh8kir","id":"tswfrxdr2dh8kir"},"id":"8k2i93xu0mok24y","previousOperationId":"2xhbd395z2le5f1"}
{"type":"operationEnd","operationId":"2xhbd395z2le5f1","timestamp":1662509757478,"id":"000m9e0lay9zfjd","previousEventId":"agmi9fg7i3g8gft","previousOperationId":"2xhbd395z2le5f1"}
{"type":"operationStart","subtype":"recipe","name":"chrome-pdf","timestamp":1662509757478,"id":"qm3b5mecgi6xdo1","previousEventId":"000m9e0lay9zfjd","operationId":"nhzm4zi2dztt21f","previousOperationId":"2xhbd395z2le5f1"}
{"type":"log","timestamp":1662509757478,"level":"debug","message":"Executing recipe chrome-pdf","meta":{"rootId":"tswfrxdr2dh8kir","id":"tswfrxdr2dh8kir"},"id":"fa2kevrgaky35qc","previousOperationId":"nhzm4zi2dztt21f"}
{"type":"log","timestamp":1662509757481,"level":"debug","message":"Converting with chrome HeadlessChrome/98.0.4758.0 using chrome-pool strategy","meta":{"rootId":"tswfrxdr2dh8kir","id":"tswfrxdr2dh8kir"},"id":"w4cg694xxvf7now","previousOperationId":"nhzm4zi2dztt21f"}
{"type":"log","timestamp":1662509757575,"level":"debug","message":"Page request: GET (document) file:///C:/Users/aasem/AppData/Local/Temp/jsreport/autocleanup/ede9d8da-422a-4c8d-a07c-4d6d8e79ed4e-chrome-pdf.html","meta":{"rootId":"tswfrxdr2dh8kir","id":"tswfrxdr2dh8kir"},"id":"24ug7mbtniro0z1","previousOperationId":"nhzm4zi2dztt21f"}
{"type":"log","timestamp":1662509757583,"level":"debug","message":"Page request finished: GET (document) file:///C:/Users/aasem/AppData/Local/Temp/jsreport/autocleanup/ede9d8da-422a-4c8d-a07c-4d6d8e79ed4e-chrome-pdf.html","meta":{"rootId":"tswfrxdr2dh8kir","id":"tswfrxdr2dh8kir"},"id":"v20vzse6dnpjodi","previousOperationId":"nhzm4zi2dztt21f"}
{"type":"log","timestamp":1662509757609,"level":"debug","message":"Running chrome with params {\"printBackground\":true,\"timeout\":59955,\"margin\":{}}","meta":{"rootId":"tswfrxdr2dh8kir","id":"tswfrxdr2dh8kir"},"id":"1i1zu7fzr3qnydz","previousOperationId":"nhzm4zi2dztt21f"}
{"type":"operationEnd","operationId":"nhzm4zi2dztt21f","timestamp":1662509757708,"id":"rm8p8bohhl8slei","previousEventId":"qm3b5mecgi6xdo1","previousOperationId":"nhzm4zi2dztt21f"}
{"type":"operationStart","subtype":"reports","name":"persisting report","doDiffs":false,"timestamp":1662509757708,"id":"7ctv818ycfg8lip","previousEventId":"rm8p8bohhl8slei","operationId":"vqjrjni8k3t3fk4","previousOperationId":"nhzm4zi2dztt21f"}
{"type":"log","timestamp":1662509757727,"level":"debug","message":"Report stored as reports/salary/salarySlipTemplate/q2RqJX6U0p68u8XH.pdf","meta":{"rootId":"tswfrxdr2dh8kir","id":"tswfrxdr2dh8kir"},"id":"r0wwz3zwbe44f4y","previousOperationId":"vqjrjni8k3t3fk4"}
{"type":"operationEnd","operationId":"vqjrjni8k3t3fk4","doDiffs":false,"timestamp":1662509757727,"id":"6br00y3j2op0bts","previousEventId":"7ctv818ycfg8lip","previousOperationId":"vqjrjni8k3t3fk4"}
{"type":"log","timestamp":1662509757727,"level":"info","message":"Rendering request 19 finished in 292 ms","meta":{"rootId":"tswfrxdr2dh8kir","id":"tswfrxdr2dh8kir"},"id":"cmaqrk105ui6x26","previousOperationId":"vqjrjni8k3t3fk4"}
{"type":"operationEnd","subtype":"render","operationId":"tlxwy3bug5m8yic","timestamp":1662509757727,"id":"xn6oktaq1rexwqg","previousEventId":"6br00y3j2op0bts","previousOperationId":"vqjrjni8k3t3fk4"}
{"type":"operationEnd","doDiffs":false,"previousEventId":"of45k82aut29uv9","previousOperationId":"7pcn5ks6lkap1t4","operationId":"7pcn5ks6lkap1t4","timestamp":1662509757729,"id":"on3czib7pf8qs0o"}
