{"type":"operationStart","subtype":"profile","data":{"_id":"bY1RRtDg2nxccoVv","timestamp":"2022-09-06T17:58:54.342Z","state":"queued","mode":"standard","creationDate":"2022-09-06T17:58:54.344Z","modificationDate":"2022-09-06T17:58:54.344Z","shortid":"g17VOn9","$entitySet":"profiles"},"doDiffs":false,"timestamp":1662487134343,"id":"vjoe1bebpwt6oru","previousOperationId":null,"operationId":"ewhml73gmrsgtig"}
{"type":"log","level":"info","message":"Render request 8 queued for execution and waiting for available worker","previousOperationId":"ewhml73gmrsgtig","timestamp":1662487134343,"id":"73ecxis1oh70g09"}
{"type":"operationStart","subtype":"render","name":"salarySlipTemplate","previousOperationId":"ewhml73gmrsgtig","timestamp":1662487134353,"id":"k1qxb339ccpkxhl","previousEventId":"vjoe1bebpwt6oru","operationId":"8l6kz8nk0dr1le9"}
{"type":"log","timestamp":1662487134355,"level":"info","message":"Starting rendering request 8 (user: null)","meta":{"rootId":"tu6tybws82343q5","id":"tu6tybws82343q5"},"id":"2x3qacbh4hy20wi","previousOperationId":"8l6kz8nk0dr1le9"}
{"type":"log","timestamp":1662487134355,"level":"info","message":"Rendering template { name: salarySlipTemplate, recipe: chrome-pdf, engine: handlebars, preview: false }","meta":{"rootId":"tu6tybws82343q5","id":"tu6tybws82343q5"},"id":"v8a8uj7wbyczjf2","previousOperationId":"8l6kz8nk0dr1le9"}
{"type":"log","timestamp":1662487134356,"level":"debug","message":"Inline data specified.","meta":{"rootId":"tu6tybws82343q5","id":"tu6tybws82343q5"},"id":"lqgjniathafqt6e","previousOperationId":"8l6kz8nk0dr1le9"}
{"type":"log","timestamp":1662487134358,"level":"debug","message":"Base url not specified, skipping its injection.","meta":{"rootId":"tu6tybws82343q5","id":"tu6tybws82343q5"},"id":"pua74dkzt6dj76i","previousOperationId":"8l6kz8nk0dr1le9"}
{"type":"operationStart","subtype":"engine","name":"handlebars","timestamp":1662487134358,"id":"2c3klgzd7spw9me","previousEventId":"k1qxb339ccpkxhl","operationId":"7tnwj88wrvsh61n","previousOperationId":"8l6kz8nk0dr1le9"}
{"type":"log","timestamp":1662487134358,"level":"debug","message":"Rendering engine handlebars","meta":{"rootId":"tu6tybws82343q5","id":"tu6tybws82343q5"},"id":"qkhyxlgd43dh8lg","previousOperationId":"7tnwj88wrvsh61n"}
{"type":"operationEnd","operationId":"7tnwj88wrvsh61n","timestamp":1662487134375,"id":"qgi7n93m94olv8l","previousEventId":"2c3klgzd7spw9me","previousOperationId":"7tnwj88wrvsh61n"}
{"type":"operationStart","subtype":"recipe","name":"chrome-pdf","timestamp":1662487134375,"id":"yh5wu84a00rfhov","previousEventId":"qgi7n93m94olv8l","operationId":"nqx1vbvk49jc6r4","previousOperationId":"7tnwj88wrvsh61n"}
{"type":"log","timestamp":1662487134375,"level":"debug","message":"Executing recipe chrome-pdf","meta":{"rootId":"tu6tybws82343q5","id":"tu6tybws82343q5"},"id":"j1279716dr41ypi","previousOperationId":"nqx1vbvk49jc6r4"}
{"type":"log","timestamp":1662487134378,"level":"debug","message":"Converting with chrome HeadlessChrome/98.0.4758.0 using chrome-pool strategy","meta":{"rootId":"tu6tybws82343q5","id":"tu6tybws82343q5"},"id":"a6gfngqo384j6qv","previousOperationId":"nqx1vbvk49jc6r4"}
{"type":"log","timestamp":1662487135047,"level":"debug","message":"Page request: GET (document) file:///C:/Users/aasem/AppData/Local/Temp/jsreport/autocleanup/f579e655-4161-43f7-8240-8ed488218737-chrome-pdf.html","meta":{"rootId":"tu6tybws82343q5","id":"tu6tybws82343q5"},"id":"ou8he8vjj1azov5","previousOperationId":"nqx1vbvk49jc6r4"}
{"type":"log","timestamp":1662487135061,"level":"debug","message":"Page request finished: GET (document) file:///C:/Users/aasem/AppData/Local/Temp/jsreport/autocleanup/f579e655-4161-43f7-8240-8ed488218737-chrome-pdf.html","meta":{"rootId":"tu6tybws82343q5","id":"tu6tybws82343q5"},"id":"abj4tzpiqiit4mh","previousOperationId":"nqx1vbvk49jc6r4"}
{"type":"log","timestamp":1662487135088,"level":"debug","message":"Running chrome with params {\"printBackground\":true,\"timeout\":59965,\"margin\":{}}","meta":{"rootId":"tu6tybws82343q5","id":"tu6tybws82343q5"},"id":"yy9nvjyhkhe41ik","previousOperationId":"nqx1vbvk49jc6r4"}
{"type":"operationEnd","operationId":"nqx1vbvk49jc6r4","timestamp":1662487135189,"id":"a5lgww2v27ei1wm","previousEventId":"yh5wu84a00rfhov","previousOperationId":"nqx1vbvk49jc6r4"}
{"type":"operationStart","subtype":"reports","name":"persisting report","doDiffs":false,"timestamp":1662487135189,"id":"5q0k0fh5n4dlqql","previousEventId":"a5lgww2v27ei1wm","operationId":"gj1punp6tpbo8ck","previousOperationId":"nqx1vbvk49jc6r4"}
{"type":"log","timestamp":1662487135208,"level":"debug","message":"Report stored as reports/salary/salarySlipTemplate/ptSUrCNHCTyIJKBv.pdf","meta":{"rootId":"tu6tybws82343q5","id":"tu6tybws82343q5"},"id":"b9volq8189wg16z","previousOperationId":"gj1punp6tpbo8ck"}
{"type":"operationEnd","operationId":"gj1punp6tpbo8ck","doDiffs":false,"timestamp":1662487135208,"id":"1oy9un03ia5f5ph","previousEventId":"5q0k0fh5n4dlqql","previousOperationId":"gj1punp6tpbo8ck"}
{"type":"log","timestamp":1662487135208,"level":"info","message":"Rendering request 8 finished in 866 ms","meta":{"rootId":"tu6tybws82343q5","id":"tu6tybws82343q5"},"id":"46pi3i5es234pci","previousOperationId":"gj1punp6tpbo8ck"}
{"type":"operationEnd","subtype":"render","operationId":"8l6kz8nk0dr1le9","timestamp":1662487135208,"id":"p4gxerg93ux92wt","previousEventId":"1oy9un03ia5f5ph","previousOperationId":"gj1punp6tpbo8ck"}
{"type":"operationEnd","doDiffs":false,"previousEventId":"vjoe1bebpwt6oru","previousOperationId":"ewhml73gmrsgtig","operationId":"ewhml73gmrsgtig","timestamp":1662487135212,"id":"ceeo1kl4tr0ptg0"}
