{"type":"operationStart","subtype":"profile","data":{"_id":"I3TmKkOP8u1hYETz","timestamp":"2022-09-06T16:49:35.893Z","state":"queued","mode":"standard","creationDate":"2022-09-06T16:49:35.895Z","modificationDate":"2022-09-06T16:49:35.895Z","shortid":"UmBi0XR","$entitySet":"profiles"},"doDiffs":false,"timestamp":1662482975894,"id":"suk21czfigs4iee","previousOperationId":null,"operationId":"q7c7ausjp5fgelm"}
{"type":"log","level":"info","message":"Render request 27 queued for execution and waiting for available worker","previousOperationId":"q7c7ausjp5fgelm","timestamp":1662482975894,"id":"e9qut88rko6r18q"}
{"type":"operationStart","subtype":"render","name":"salarySlipTemplate","previousOperationId":"q7c7ausjp5fgelm","timestamp":1662482975902,"id":"a9qb74omdwcb17s","previousEventId":"suk21czfigs4iee","operationId":"87usfbl554ckium"}
{"type":"log","timestamp":1662482975903,"level":"info","message":"Starting rendering request 27 (user: null)","meta":{"rootId":"tz7s1x3ei6pismw","id":"tz7s1x3ei6pismw"},"id":"pxan8o2kt8hn43i","previousOperationId":"87usfbl554ckium"}
{"type":"log","timestamp":1662482975903,"level":"info","message":"Rendering template { name: salarySlipTemplate, recipe: chrome-pdf, engine: handlebars, preview: false }","meta":{"rootId":"tz7s1x3ei6pismw","id":"tz7s1x3ei6pismw"},"id":"p0i1v49baiotmtw","previousOperationId":"87usfbl554ckium"}
{"type":"log","timestamp":1662482975903,"level":"debug","message":"Inline data specified.","meta":{"rootId":"tz7s1x3ei6pismw","id":"tz7s1x3ei6pismw"},"id":"yzwfkor39xcqe7t","previousOperationId":"87usfbl554ckium"}
{"type":"log","timestamp":1662482975908,"level":"debug","message":"Base url not specified, skipping its injection.","meta":{"rootId":"tz7s1x3ei6pismw","id":"tz7s1x3ei6pismw"},"id":"dx9jnoj5agb1m05","previousOperationId":"87usfbl554ckium"}
{"type":"operationStart","subtype":"engine","name":"handlebars","timestamp":1662482975908,"id":"s8kw38rq4zi3san","previousEventId":"a9qb74omdwcb17s","operationId":"icwkdg45ylx6zdn","previousOperationId":"87usfbl554ckium"}
{"type":"log","timestamp":1662482975908,"level":"debug","message":"Rendering engine handlebars","meta":{"rootId":"tz7s1x3ei6pismw","id":"tz7s1x3ei6pismw"},"id":"976afb132z0kwwu","previousOperationId":"icwkdg45ylx6zdn"}
{"type":"operationEnd","operationId":"icwkdg45ylx6zdn","timestamp":1662482975926,"id":"qvodj0732ivldl3","previousEventId":"s8kw38rq4zi3san","previousOperationId":"icwkdg45ylx6zdn"}
{"type":"operationStart","subtype":"recipe","name":"chrome-pdf","timestamp":1662482975926,"id":"9h2pi5y4gczf0z4","previousEventId":"qvodj0732ivldl3","operationId":"ftqdxojbut2btjs","previousOperationId":"icwkdg45ylx6zdn"}
{"type":"log","timestamp":1662482975926,"level":"debug","message":"Executing recipe chrome-pdf","meta":{"rootId":"tz7s1x3ei6pismw","id":"tz7s1x3ei6pismw"},"id":"4uvnrqrs5me53vl","previousOperationId":"ftqdxojbut2btjs"}
{"type":"log","timestamp":1662482975928,"level":"debug","message":"Converting with chrome HeadlessChrome/98.0.4758.0 using chrome-pool strategy","meta":{"rootId":"tz7s1x3ei6pismw","id":"tz7s1x3ei6pismw"},"id":"r40fhzdvd7z3zrr","previousOperationId":"ftqdxojbut2btjs"}
{"type":"log","timestamp":1662482976041,"level":"debug","message":"Page request: GET (document) file:///C:/Users/aasem/AppData/Local/Temp/jsreport/autocleanup/4d358928-45cb-4e67-a5b5-67a0ebc6405f-chrome-pdf.html","meta":{"rootId":"tz7s1x3ei6pismw","id":"tz7s1x3ei6pismw"},"id":"865wqcbx6e7654m","previousOperationId":"ftqdxojbut2btjs"}
{"type":"log","timestamp":1662482976065,"level":"debug","message":"Page request finished: GET (document) file:///C:/Users/aasem/AppData/Local/Temp/jsreport/autocleanup/4d358928-45cb-4e67-a5b5-67a0ebc6405f-chrome-pdf.html","meta":{"rootId":"tz7s1x3ei6pismw","id":"tz7s1x3ei6pismw"},"id":"8lltqvk2nrpjbtv","previousOperationId":"ftqdxojbut2btjs"}
{"type":"log","timestamp":1662482976099,"level":"debug","message":"Running chrome with params {\"printBackground\":true,\"timeout\":59966,\"margin\":{}}","meta":{"rootId":"tz7s1x3ei6pismw","id":"tz7s1x3ei6pismw"},"id":"lin6rinjrbitnm0","previousOperationId":"ftqdxojbut2btjs"}
{"type":"operationEnd","operationId":"ftqdxojbut2btjs","timestamp":1662482976204,"id":"7upi5mi4d8xuvyk","previousEventId":"9h2pi5y4gczf0z4","previousOperationId":"ftqdxojbut2btjs"}
{"type":"operationStart","subtype":"reports","name":"persisting report","doDiffs":false,"timestamp":1662482976204,"id":"bxddf74j0rsy6y2","previousEventId":"7upi5mi4d8xuvyk","operationId":"6qwintjorfayg8v","previousOperationId":"ftqdxojbut2btjs"}
{"type":"log","timestamp":1662482976222,"level":"debug","message":"Report stored as reports/salary/salarySlipTemplate/6KBiY9Prgz0RFhKJ.pdf","meta":{"rootId":"tz7s1x3ei6pismw","id":"tz7s1x3ei6pismw"},"id":"tha0tqs3u721zmt","previousOperationId":"6qwintjorfayg8v"}
{"type":"operationEnd","operationId":"6qwintjorfayg8v","doDiffs":false,"timestamp":1662482976222,"id":"wghacctopx50o0v","previousEventId":"bxddf74j0rsy6y2","previousOperationId":"6qwintjorfayg8v"}
{"type":"log","timestamp":1662482976222,"level":"info","message":"Rendering request 27 finished in 329 ms","meta":{"rootId":"tz7s1x3ei6pismw","id":"tz7s1x3ei6pismw"},"id":"ry9y6nwa1ryrncm","previousOperationId":"6qwintjorfayg8v"}
{"type":"operationEnd","subtype":"render","operationId":"87usfbl554ckium","timestamp":1662482976222,"id":"7d83y8i2k3vrko7","previousEventId":"wghacctopx50o0v","previousOperationId":"6qwintjorfayg8v"}
{"type":"operationEnd","doDiffs":false,"previousEventId":"suk21czfigs4iee","previousOperationId":"q7c7ausjp5fgelm","operationId":"q7c7ausjp5fgelm","timestamp":1662482976225,"id":"zi48j3rsrav0kow"}
