{"type":"operationStart","subtype":"profile","data":{"_id":"Ax3Tz25U3fLP7usB","timestamp":"2022-09-07T00:30:36.553Z","state":"queued","mode":"standard","creationDate":"2022-09-07T00:30:36.557Z","modificationDate":"2022-09-07T00:30:36.557Z","shortid":"sQYJnqC","$entitySet":"profiles"},"doDiffs":false,"timestamp":1662510636555,"id":"dykletvblsljntx","previousOperationId":null,"operationId":"h9uhuut3wmix7w3"}
{"type":"log","level":"info","message":"Render request 35 queued for execution and waiting for available worker","previousOperationId":"h9uhuut3wmix7w3","timestamp":1662510636555,"id":"3jogo1z7l3ounp1"}
{"type":"operationStart","subtype":"render","name":"salarySlipTemplate","previousOperationId":"h9uhuut3wmix7w3","timestamp":1662510636568,"id":"lyr5vw7l1mokwus","previousEventId":"dykletvblsljntx","operationId":"eag9x3184s340tu"}
{"type":"log","timestamp":1662510636569,"level":"info","message":"Starting rendering request 35 (user: null)","meta":{"rootId":"unwvr0n1374oia8","id":"unwvr0n1374oia8"},"id":"lvo0i3v6qkj828b","previousOperationId":"eag9x3184s340tu"}
{"type":"log","timestamp":1662510636569,"level":"info","message":"Rendering template { name: salarySlipTemplate, recipe: chrome-pdf, engine: handlebars, preview: false }","meta":{"rootId":"unwvr0n1374oia8","id":"unwvr0n1374oia8"},"id":"lmb8iwyfgt9qfbp","previousOperationId":"eag9x3184s340tu"}
{"type":"log","timestamp":1662510636570,"level":"debug","message":"Inline data specified.","meta":{"rootId":"unwvr0n1374oia8","id":"unwvr0n1374oia8"},"id":"2c5h1y4yk7td4yt","previousOperationId":"eag9x3184s340tu"}
{"type":"log","timestamp":1662510636573,"level":"debug","message":"Base url not specified, skipping its injection.","meta":{"rootId":"unwvr0n1374oia8","id":"unwvr0n1374oia8"},"id":"6babs3xq4hvn7dq","previousOperationId":"eag9x3184s340tu"}
{"type":"operationStart","subtype":"engine","name":"handlebars","timestamp":1662510636573,"id":"9nc0gq4vbvbkefn","previousEventId":"lyr5vw7l1mokwus","operationId":"4i315z6yhddr5va","previousOperationId":"eag9x3184s340tu"}
{"type":"log","timestamp":1662510636573,"level":"debug","message":"Rendering engine handlebars","meta":{"rootId":"unwvr0n1374oia8","id":"unwvr0n1374oia8"},"id":"ii381llnlhlchwk","previousOperationId":"4i315z6yhddr5va"}
{"type":"operationEnd","operationId":"4i315z6yhddr5va","timestamp":1662510636588,"id":"ucg2p3l6z3zl12a","previousEventId":"9nc0gq4vbvbkefn","previousOperationId":"4i315z6yhddr5va"}
{"type":"operationStart","subtype":"recipe","name":"chrome-pdf","timestamp":1662510636588,"id":"6aydhptlz91gvq2","previousEventId":"ucg2p3l6z3zl12a","operationId":"lw45wudlu03udki","previousOperationId":"4i315z6yhddr5va"}
{"type":"log","timestamp":1662510636588,"level":"debug","message":"Executing recipe chrome-pdf","meta":{"rootId":"unwvr0n1374oia8","id":"unwvr0n1374oia8"},"id":"lxho548gyrx39vf","previousOperationId":"lw45wudlu03udki"}
{"type":"log","timestamp":1662510636591,"level":"debug","message":"Converting with chrome HeadlessChrome/98.0.4758.0 using chrome-pool strategy","meta":{"rootId":"unwvr0n1374oia8","id":"unwvr0n1374oia8"},"id":"p94lxhz586rf5up","previousOperationId":"lw45wudlu03udki"}
{"type":"log","timestamp":1662510636733,"level":"debug","message":"Page request: GET (document) file:///C:/Users/aasem/AppData/Local/Temp/jsreport/autocleanup/23804fb7-dca0-4af2-8e64-041015ac5202-chrome-pdf.html","meta":{"rootId":"unwvr0n1374oia8","id":"unwvr0n1374oia8"},"id":"7yiw3ijhb5t1gb6","previousOperationId":"lw45wudlu03udki"}
{"type":"log","timestamp":1662510636741,"level":"debug","message":"Page request finished: GET (document) file:///C:/Users/aasem/AppData/Local/Temp/jsreport/autocleanup/23804fb7-dca0-4af2-8e64-041015ac5202-chrome-pdf.html","meta":{"rootId":"unwvr0n1374oia8","id":"unwvr0n1374oia8"},"id":"4l7h4f1hkz11aqd","previousOperationId":"lw45wudlu03udki"}
{"type":"log","timestamp":1662510636768,"level":"debug","message":"Running chrome with params {\"printBackground\":true,\"timeout\":59963,\"margin\":{}}","meta":{"rootId":"unwvr0n1374oia8","id":"unwvr0n1374oia8"},"id":"l2llnzzbdoswpgf","previousOperationId":"lw45wudlu03udki"}
{"type":"operationEnd","operationId":"lw45wudlu03udki","timestamp":1662510636871,"id":"7x0otet0beslcrf","previousEventId":"6aydhptlz91gvq2","previousOperationId":"lw45wudlu03udki"}
{"type":"operationStart","subtype":"reports","name":"persisting report","doDiffs":false,"timestamp":1662510636871,"id":"cjett8l4vgbj0sd","previousEventId":"7x0otet0beslcrf","operationId":"t6ldhfxuqklp4u9","previousOperationId":"lw45wudlu03udki"}
{"type":"log","timestamp":1662510636889,"level":"debug","message":"Report stored as reports/salary/salarySlipTemplate/a0orb9gbrfkZnAS3.pdf","meta":{"rootId":"unwvr0n1374oia8","id":"unwvr0n1374oia8"},"id":"5gu2xk4zab4t8se","previousOperationId":"t6ldhfxuqklp4u9"}
{"type":"operationEnd","operationId":"t6ldhfxuqklp4u9","doDiffs":false,"timestamp":1662510636889,"id":"qzva44ezx74x4ma","previousEventId":"cjett8l4vgbj0sd","previousOperationId":"t6ldhfxuqklp4u9"}
{"type":"log","timestamp":1662510636889,"level":"info","message":"Rendering request 35 finished in 336 ms","meta":{"rootId":"unwvr0n1374oia8","id":"unwvr0n1374oia8"},"id":"i5wo4iy5xdjnh8i","previousOperationId":"t6ldhfxuqklp4u9"}
{"type":"operationEnd","subtype":"render","operationId":"eag9x3184s340tu","timestamp":1662510636889,"id":"nds5qdkom2a0cyx","previousEventId":"qzva44ezx74x4ma","previousOperationId":"t6ldhfxuqklp4u9"}
{"type":"operationEnd","doDiffs":false,"previousEventId":"dykletvblsljntx","previousOperationId":"h9uhuut3wmix7w3","operationId":"h9uhuut3wmix7w3","timestamp":1662510636894,"id":"54ohyvk4o1y9knv"}
