{"type":"operationStart","subtype":"profile","data":{"_id":"TV9XP64QUFYUaHNP","timestamp":"2022-09-07T00:06:32.205Z","state":"queued","mode":"standard","creationDate":"2022-09-07T00:06:32.207Z","modificationDate":"2022-09-07T00:06:32.207Z","shortid":"PY3qjuY","$entitySet":"profiles"},"doDiffs":false,"timestamp":1662509192206,"id":"5dkq59crstcjzrr","previousOperationId":null,"operationId":"kugv3d9p4hzxei2"}
{"type":"log","level":"info","message":"Render request 6 queued for execution and waiting for available worker","previousOperationId":"kugv3d9p4hzxei2","timestamp":1662509192206,"id":"rmi5ng6dr1gfw0s"}
{"type":"operationStart","subtype":"render","name":"salarySlipTemplate","previousOperationId":"kugv3d9p4hzxei2","timestamp":1662509192217,"id":"6h2vdbhnlrmjp3w","previousEventId":"5dkq59crstcjzrr","operationId":"3w58u4vhxhxxjr0"}
{"type":"log","timestamp":1662509192217,"level":"info","message":"Starting rendering request 6 (user: null)","meta":{"rootId":"uzyf9nphzoqp7gw","id":"uzyf9nphzoqp7gw"},"id":"71faikpgt3awmv3","previousOperationId":"3w58u4vhxhxxjr0"}
{"type":"log","timestamp":1662509192220,"level":"info","message":"Rendering template { name: salarySlipTemplate, recipe: chrome-pdf, engine: handlebars, preview: false }","meta":{"rootId":"uzyf9nphzoqp7gw","id":"uzyf9nphzoqp7gw"},"id":"jvzwnjpj4w4izyv","previousOperationId":"3w58u4vhxhxxjr0"}
{"type":"log","timestamp":1662509192220,"level":"debug","message":"Inline data specified.","meta":{"rootId":"uzyf9nphzoqp7gw","id":"uzyf9nphzoqp7gw"},"id":"jmordf4qop8u3td","previousOperationId":"3w58u4vhxhxxjr0"}
{"type":"log","timestamp":1662509192222,"level":"debug","message":"Base url not specified, skipping its injection.","meta":{"rootId":"uzyf9nphzoqp7gw","id":"uzyf9nphzoqp7gw"},"id":"ejl3w2jpjgubaew","previousOperationId":"3w58u4vhxhxxjr0"}
{"type":"operationStart","subtype":"engine","name":"handlebars","timestamp":1662509192222,"id":"ti5ouuvdk66cw9s","previousEventId":"6h2vdbhnlrmjp3w","operationId":"jrdrvwk8j5vilq7","previousOperationId":"3w58u4vhxhxxjr0"}
{"type":"log","timestamp":1662509192223,"level":"debug","message":"Rendering engine handlebars","meta":{"rootId":"uzyf9nphzoqp7gw","id":"uzyf9nphzoqp7gw"},"id":"n78ysesomoze3qu","previousOperationId":"jrdrvwk8j5vilq7"}
{"type":"operationEnd","operationId":"jrdrvwk8j5vilq7","timestamp":1662509192237,"id":"0s7ommzba2h35nm","previousEventId":"ti5ouuvdk66cw9s","previousOperationId":"jrdrvwk8j5vilq7"}
{"type":"operationStart","subtype":"recipe","name":"chrome-pdf","timestamp":1662509192237,"id":"zmm487oa2uwuu93","previousEventId":"0s7ommzba2h35nm","operationId":"z5yw1j7kzqj21us","previousOperationId":"jrdrvwk8j5vilq7"}
{"type":"log","timestamp":1662509192237,"level":"debug","message":"Executing recipe chrome-pdf","meta":{"rootId":"uzyf9nphzoqp7gw","id":"uzyf9nphzoqp7gw"},"id":"qwrm0168ob8dc6t","previousOperationId":"z5yw1j7kzqj21us"}
{"type":"log","timestamp":1662509192241,"level":"debug","message":"Converting with chrome HeadlessChrome/98.0.4758.0 using chrome-pool strategy","meta":{"rootId":"uzyf9nphzoqp7gw","id":"uzyf9nphzoqp7gw"},"id":"89af8il1sozsn59","previousOperationId":"z5yw1j7kzqj21us"}
{"type":"log","timestamp":1662509192337,"level":"debug","message":"Page request: GET (document) file:///C:/Users/aasem/AppData/Local/Temp/jsreport/autocleanup/24aa00c1-a211-4af1-8416-aafca88897ff-chrome-pdf.html","meta":{"rootId":"uzyf9nphzoqp7gw","id":"uzyf9nphzoqp7gw"},"id":"u33mgubm29dg6yp","previousOperationId":"z5yw1j7kzqj21us"}
{"type":"log","timestamp":1662509192346,"level":"debug","message":"Page request finished: GET (document) file:///C:/Users/aasem/AppData/Local/Temp/jsreport/autocleanup/24aa00c1-a211-4af1-8416-aafca88897ff-chrome-pdf.html","meta":{"rootId":"uzyf9nphzoqp7gw","id":"uzyf9nphzoqp7gw"},"id":"z2hflqi5gz1y88j","previousOperationId":"z5yw1j7kzqj21us"}
{"type":"log","timestamp":1662509192372,"level":"debug","message":"Running chrome with params {\"printBackground\":true,\"timeout\":59965,\"margin\":{}}","meta":{"rootId":"uzyf9nphzoqp7gw","id":"uzyf9nphzoqp7gw"},"id":"xljz5ydlmbfu4tc","previousOperationId":"z5yw1j7kzqj21us"}
{"type":"operationEnd","operationId":"z5yw1j7kzqj21us","timestamp":1662509192472,"id":"2ie0edsnauwi79k","previousEventId":"zmm487oa2uwuu93","previousOperationId":"z5yw1j7kzqj21us"}
{"type":"operationStart","subtype":"reports","name":"persisting report","doDiffs":false,"timestamp":1662509192472,"id":"ijgkotygeb76u4x","previousEventId":"2ie0edsnauwi79k","operationId":"rivmwxfuzrafbvt","previousOperationId":"z5yw1j7kzqj21us"}
{"type":"log","timestamp":1662509192486,"level":"debug","message":"Report stored as reports/salary/salarySlipTemplate/B0Sj57JVhJYcWVtX.pdf","meta":{"rootId":"uzyf9nphzoqp7gw","id":"uzyf9nphzoqp7gw"},"id":"3skb76aocacz6m3","previousOperationId":"rivmwxfuzrafbvt"}
{"type":"operationEnd","operationId":"rivmwxfuzrafbvt","doDiffs":false,"timestamp":1662509192486,"id":"o6k61shgc2sh3x3","previousEventId":"ijgkotygeb76u4x","previousOperationId":"rivmwxfuzrafbvt"}
{"type":"log","timestamp":1662509192486,"level":"info","message":"Rendering request 6 finished in 281 ms","meta":{"rootId":"uzyf9nphzoqp7gw","id":"uzyf9nphzoqp7gw"},"id":"ccibhuk3ob05xdj","previousOperationId":"rivmwxfuzrafbvt"}
{"type":"operationEnd","subtype":"render","operationId":"3w58u4vhxhxxjr0","timestamp":1662509192486,"id":"5nmgztkvccx3j9d","previousEventId":"o6k61shgc2sh3x3","previousOperationId":"rivmwxfuzrafbvt"}
{"type":"operationEnd","doDiffs":false,"previousEventId":"5dkq59crstcjzrr","previousOperationId":"kugv3d9p4hzxei2","operationId":"kugv3d9p4hzxei2","timestamp":1662509192491,"id":"jsr65yoa90c0kby"}
