{"type":"operationStart","subtype":"profile","data":{"_id":"FMXBwAauiCJrvRKP","timestamp":"2022-09-07T14:56:35.311Z","state":"queued","mode":"standard","creationDate":"2022-09-07T14:56:35.312Z","modificationDate":"2022-09-07T14:56:35.312Z","shortid":"GBZ48zf","$entitySet":"profiles"},"doDiffs":false,"timestamp":1662562595312,"id":"h16cdecfy167voz","previousOperationId":null,"operationId":"v8ndwn8b5a0y9on"}
{"type":"log","level":"info","message":"Render request 3 queued for execution and waiting for available worker","previousOperationId":"v8ndwn8b5a0y9on","timestamp":1662562595312,"id":"pye0gi08nenh7ri"}
{"type":"operationStart","subtype":"render","name":"salarySlipTemplate","previousOperationId":"v8ndwn8b5a0y9on","timestamp":1662562595323,"id":"kdjh6cuts9a0n1i","previousEventId":"h16cdecfy167voz","operationId":"klfs5hyd655ghew"}
{"type":"log","timestamp":1662562595323,"level":"info","message":"Starting rendering request 3 (user: null)","meta":{"rootId":"v4y3pl3erkjaqvd","id":"v4y3pl3erkjaqvd"},"id":"4ii9c6mema2p3re","previousOperationId":"klfs5hyd655ghew"}
{"type":"log","timestamp":1662562595323,"level":"info","message":"Rendering template { name: salarySlipTemplate, recipe: chrome-pdf, engine: handlebars, preview: false }","meta":{"rootId":"v4y3pl3erkjaqvd","id":"v4y3pl3erkjaqvd"},"id":"tsgf4zkbbt6ou40","previousOperationId":"klfs5hyd655ghew"}
{"type":"log","timestamp":1662562595323,"level":"debug","message":"Inline data specified.","meta":{"rootId":"v4y3pl3erkjaqvd","id":"v4y3pl3erkjaqvd"},"id":"27t5mbv7miwc48e","previousOperationId":"klfs5hyd655ghew"}
{"type":"log","timestamp":1662562595329,"level":"debug","message":"Base url not specified, skipping its injection.","meta":{"rootId":"v4y3pl3erkjaqvd","id":"v4y3pl3erkjaqvd"},"id":"k7jqe54ci6ujabx","previousOperationId":"klfs5hyd655ghew"}
{"type":"operationStart","subtype":"engine","name":"handlebars","timestamp":1662562595329,"id":"romu2ypp8e18oi7","previousEventId":"kdjh6cuts9a0n1i","operationId":"602knr3soz5b6db","previousOperationId":"klfs5hyd655ghew"}
{"type":"log","timestamp":1662562595329,"level":"debug","message":"Rendering engine handlebars","meta":{"rootId":"v4y3pl3erkjaqvd","id":"v4y3pl3erkjaqvd"},"id":"7dudyb8r9lt32ky","previousOperationId":"602knr3soz5b6db"}
{"type":"operationEnd","operationId":"602knr3soz5b6db","timestamp":1662562595340,"id":"jesjqgvo0oj4l3b","previousEventId":"romu2ypp8e18oi7","previousOperationId":"602knr3soz5b6db"}
{"type":"operationStart","subtype":"recipe","name":"chrome-pdf","timestamp":1662562595341,"id":"yfnchw0knnw426u","previousEventId":"jesjqgvo0oj4l3b","operationId":"g3dsf3s58r925db","previousOperationId":"602knr3soz5b6db"}
{"type":"log","timestamp":1662562595341,"level":"debug","message":"Executing recipe chrome-pdf","meta":{"rootId":"v4y3pl3erkjaqvd","id":"v4y3pl3erkjaqvd"},"id":"480zvs5ue2ujeoi","previousOperationId":"g3dsf3s58r925db"}
{"type":"log","timestamp":1662562595343,"level":"debug","message":"Converting with chrome HeadlessChrome/98.0.4758.0 using chrome-pool strategy","meta":{"rootId":"v4y3pl3erkjaqvd","id":"v4y3pl3erkjaqvd"},"id":"1rpocdt9e97hhto","previousOperationId":"g3dsf3s58r925db"}
{"type":"log","timestamp":1662562595437,"level":"debug","message":"Page request: GET (document) file:///C:/Users/aasem/AppData/Local/Temp/jsreport/autocleanup/829f7974-997b-47c8-94e0-a11d01e8ccae-chrome-pdf.html","meta":{"rootId":"v4y3pl3erkjaqvd","id":"v4y3pl3erkjaqvd"},"id":"2t0k445lkzfqk4w","previousOperationId":"g3dsf3s58r925db"}
{"type":"log","timestamp":1662562595445,"level":"debug","message":"Page request finished: GET (document) file:///C:/Users/aasem/AppData/Local/Temp/jsreport/autocleanup/829f7974-997b-47c8-94e0-a11d01e8ccae-chrome-pdf.html","meta":{"rootId":"v4y3pl3erkjaqvd","id":"v4y3pl3erkjaqvd"},"id":"92av57lc4tw8y7o","previousOperationId":"g3dsf3s58r925db"}
{"type":"log","timestamp":1662562595469,"level":"debug","message":"Running chrome with params {\"printBackground\":true,\"timeout\":59969,\"margin\":{}}","meta":{"rootId":"v4y3pl3erkjaqvd","id":"v4y3pl3erkjaqvd"},"id":"9ygiwnkga0carq1","previousOperationId":"g3dsf3s58r925db"}
{"type":"operationEnd","operationId":"g3dsf3s58r925db","timestamp":1662562595552,"id":"s13k0w292ayly3v","previousEventId":"yfnchw0knnw426u","previousOperationId":"g3dsf3s58r925db"}
{"type":"operationStart","subtype":"reports","name":"persisting report","doDiffs":false,"timestamp":1662562595552,"id":"5sozpl1c07hv4wv","previousEventId":"s13k0w292ayly3v","operationId":"fo0349033vqxef0","previousOperationId":"g3dsf3s58r925db"}
{"type":"log","timestamp":1662562595567,"level":"debug","message":"Report stored as reports/salary/salarySlipTemplate/dujKjut5VyX4FVre.pdf","meta":{"rootId":"v4y3pl3erkjaqvd","id":"v4y3pl3erkjaqvd"},"id":"jqlnfzlr0k26s3o","previousOperationId":"fo0349033vqxef0"}
{"type":"operationEnd","operationId":"fo0349033vqxef0","doDiffs":false,"timestamp":1662562595567,"id":"frgsxvl6by1cfti","previousEventId":"5sozpl1c07hv4wv","previousOperationId":"fo0349033vqxef0"}
{"type":"log","timestamp":1662562595567,"level":"info","message":"Rendering request 3 finished in 256 ms","meta":{"rootId":"v4y3pl3erkjaqvd","id":"v4y3pl3erkjaqvd"},"id":"jog0ta6ejnz7mxk","previousOperationId":"fo0349033vqxef0"}
{"type":"operationEnd","subtype":"render","operationId":"klfs5hyd655ghew","timestamp":1662562595567,"id":"o7snlxin2443381","previousEventId":"frgsxvl6by1cfti","previousOperationId":"fo0349033vqxef0"}
{"type":"operationEnd","doDiffs":false,"previousEventId":"h16cdecfy167voz","previousOperationId":"v8ndwn8b5a0y9on","operationId":"v8ndwn8b5a0y9on","timestamp":1662562595570,"id":"bfsyaa15f69amhk"}
