{"type":"operationStart","subtype":"profile","data":{"_id":"rdIqpWO8CgN176LY","timestamp":"2022-09-06T16:21:50.824Z","state":"queued","mode":"standard","creationDate":"2022-09-06T16:21:50.826Z","modificationDate":"2022-09-06T16:21:50.826Z","shortid":"CShSzB_","$entitySet":"profiles"},"doDiffs":false,"timestamp":1662481310825,"id":"jg3f1gjg99z160r","previousOperationId":null,"operationId":"fgb0ft0bhmv60k3"}
{"type":"log","level":"info","message":"Render request 7 queued for execution and waiting for available worker","previousOperationId":"fgb0ft0bhmv60k3","timestamp":1662481310825,"id":"1g6pp1bimooaisj"}
{"type":"operationStart","subtype":"render","name":"salarySlipTemplate","previousOperationId":"fgb0ft0bhmv60k3","timestamp":1662481310833,"id":"h2zu63to0gayhl9","previousEventId":"jg3f1gjg99z160r","operationId":"6i9v0vw3gbtoynh"}
{"type":"log","timestamp":1662481310833,"level":"info","message":"Starting rendering request 7 (user: null)","meta":{"rootId":"v7wsq086wpppfkd","id":"v7wsq086wpppfkd"},"id":"casql3mp6nscsje","previousOperationId":"6i9v0vw3gbtoynh"}
{"type":"log","timestamp":1662481310833,"level":"info","message":"Rendering template { name: salarySlipTemplate, recipe: chrome-pdf, engine: handlebars, preview: false }","meta":{"rootId":"v7wsq086wpppfkd","id":"v7wsq086wpppfkd"},"id":"ic5ejmnzlrs0qu1","previousOperationId":"6i9v0vw3gbtoynh"}
{"type":"log","timestamp":1662481310834,"level":"debug","message":"Inline data specified.","meta":{"rootId":"v7wsq086wpppfkd","id":"v7wsq086wpppfkd"},"id":"y7yj0dp8jzr2e9l","previousOperationId":"6i9v0vw3gbtoynh"}
{"type":"log","timestamp":1662481310837,"level":"debug","message":"Base url not specified, skipping its injection.","meta":{"rootId":"v7wsq086wpppfkd","id":"v7wsq086wpppfkd"},"id":"tvimukrld35h7nf","previousOperationId":"6i9v0vw3gbtoynh"}
{"type":"operationStart","subtype":"engine","name":"handlebars","timestamp":1662481310838,"id":"nh375r68k6pxy43","previousEventId":"h2zu63to0gayhl9","operationId":"g7g7q3k7n2j4h5g","previousOperationId":"6i9v0vw3gbtoynh"}
{"type":"log","timestamp":1662481310838,"level":"debug","message":"Rendering engine handlebars","meta":{"rootId":"v7wsq086wpppfkd","id":"v7wsq086wpppfkd"},"id":"scuzkpk9njsagqx","previousOperationId":"g7g7q3k7n2j4h5g"}
{"type":"operationEnd","operationId":"g7g7q3k7n2j4h5g","timestamp":1662481310850,"id":"pt056692wt6lxie","previousEventId":"nh375r68k6pxy43","previousOperationId":"g7g7q3k7n2j4h5g"}
{"type":"operationStart","subtype":"recipe","name":"chrome-pdf","timestamp":1662481310850,"id":"77wtkkuy338z8la","previousEventId":"pt056692wt6lxie","operationId":"oze8ac7ym4qaurb","previousOperationId":"g7g7q3k7n2j4h5g"}
{"type":"log","timestamp":1662481310850,"level":"debug","message":"Executing recipe chrome-pdf","meta":{"rootId":"v7wsq086wpppfkd","id":"v7wsq086wpppfkd"},"id":"ssscr2bisormv8d","previousOperationId":"oze8ac7ym4qaurb"}
{"type":"log","timestamp":1662481310852,"level":"debug","message":"Converting with chrome HeadlessChrome/98.0.4758.0 using chrome-pool strategy","meta":{"rootId":"v7wsq086wpppfkd","id":"v7wsq086wpppfkd"},"id":"r2ybjzel1fwtvwi","previousOperationId":"oze8ac7ym4qaurb"}
{"type":"log","timestamp":1662481310952,"level":"debug","message":"Page request: GET (document) file:///C:/Users/aasem/AppData/Local/Temp/jsreport/autocleanup/0a7f022c-2882-4709-8590-5d7cad99e6eb-chrome-pdf.html","meta":{"rootId":"v7wsq086wpppfkd","id":"v7wsq086wpppfkd"},"id":"psz1xnbmvdxeaj2","previousOperationId":"oze8ac7ym4qaurb"}
{"type":"log","timestamp":1662481310961,"level":"debug","message":"Page request finished: GET (document) file:///C:/Users/aasem/AppData/Local/Temp/jsreport/autocleanup/0a7f022c-2882-4709-8590-5d7cad99e6eb-chrome-pdf.html","meta":{"rootId":"v7wsq086wpppfkd","id":"v7wsq086wpppfkd"},"id":"f6980j2lpwymf7w","previousOperationId":"oze8ac7ym4qaurb"}
{"type":"log","timestamp":1662481310973,"level":"debug","message":"Running chrome with params {\"printBackground\":true,\"timeout\":59972,\"margin\":{}}","meta":{"rootId":"v7wsq086wpppfkd","id":"v7wsq086wpppfkd"},"id":"fj08d1u7e6b1m3k","previousOperationId":"oze8ac7ym4qaurb"}
{"type":"operationEnd","operationId":"oze8ac7ym4qaurb","timestamp":1662481310992,"id":"y91f1cfo5gpgwcl","previousEventId":"77wtkkuy338z8la","previousOperationId":"oze8ac7ym4qaurb"}
{"type":"operationStart","subtype":"reports","name":"persisting report","doDiffs":false,"timestamp":1662481310993,"id":"ykmnzx8b5yek43z","previousEventId":"y91f1cfo5gpgwcl","operationId":"wg3bsug39f6g5rj","previousOperationId":"oze8ac7ym4qaurb"}
{"type":"log","timestamp":1662481311010,"level":"debug","message":"Report stored as reports/salary/salarySlipTemplate/29QR5jeEnYq06WWF.pdf","meta":{"rootId":"v7wsq086wpppfkd","id":"v7wsq086wpppfkd"},"id":"m9fhx1oaiq8mgzh","previousOperationId":"wg3bsug39f6g5rj"}
{"type":"operationEnd","operationId":"wg3bsug39f6g5rj","doDiffs":false,"timestamp":1662481311010,"id":"kkxwadvfm725gjd","previousEventId":"ykmnzx8b5yek43z","previousOperationId":"wg3bsug39f6g5rj"}
{"type":"log","timestamp":1662481311010,"level":"info","message":"Rendering request 7 finished in 187 ms","meta":{"rootId":"v7wsq086wpppfkd","id":"v7wsq086wpppfkd"},"id":"cvjpavkxpazl1qb","previousOperationId":"wg3bsug39f6g5rj"}
{"type":"operationEnd","subtype":"render","operationId":"6i9v0vw3gbtoynh","timestamp":1662481311010,"id":"zrazhijnmviit2s","previousEventId":"kkxwadvfm725gjd","previousOperationId":"wg3bsug39f6g5rj"}
{"type":"operationEnd","doDiffs":false,"previousEventId":"jg3f1gjg99z160r","previousOperationId":"fgb0ft0bhmv60k3","operationId":"fgb0ft0bhmv60k3","timestamp":1662481311016,"id":"tpskvdz2mvc15ov"}
