{"type":"operationStart","subtype":"profile","data":{"_id":"p5HrUJDJJ8LaaMJG","timestamp":"2022-09-06T16:25:31.874Z","state":"queued","mode":"standard","creationDate":"2022-09-06T16:25:31.876Z","modificationDate":"2022-09-06T16:25:31.876Z","shortid":"IHnGnRX","$entitySet":"profiles"},"doDiffs":false,"timestamp":1662481531875,"id":"dfl6zk7pcxw83sx","previousOperationId":null,"operationId":"xu9al77ibyb3jfa"}
{"type":"log","level":"info","message":"Render request 12 queued for execution and waiting for available worker","previousOperationId":"xu9al77ibyb3jfa","timestamp":1662481531875,"id":"8wxzfz46xckruhx"}
{"type":"operationStart","subtype":"render","name":"salarySlipTemplate","previousOperationId":"xu9al77ibyb3jfa","timestamp":1662481531891,"id":"kxtk3r005s1okvb","previousEventId":"dfl6zk7pcxw83sx","operationId":"s5ctkiqd7iiugvq"}
{"type":"log","timestamp":1662481531891,"level":"info","message":"Starting rendering request 12 (user: null)","meta":{"rootId":"vaiodyfl6kv8m5g","id":"vaiodyfl6kv8m5g"},"id":"io27sz36fo59bb3","previousOperationId":"s5ctkiqd7iiugvq"}
{"type":"log","timestamp":1662481531891,"level":"info","message":"Rendering template { name: salarySlipTemplate, recipe: chrome-pdf, engine: handlebars, preview: false }","meta":{"rootId":"vaiodyfl6kv8m5g","id":"vaiodyfl6kv8m5g"},"id":"qnpoek7684k353b","previousOperationId":"s5ctkiqd7iiugvq"}
{"type":"log","timestamp":1662481531892,"level":"debug","message":"Inline data specified.","meta":{"rootId":"vaiodyfl6kv8m5g","id":"vaiodyfl6kv8m5g"},"id":"c0d9m0namoomgjx","previousOperationId":"s5ctkiqd7iiugvq"}
{"type":"log","timestamp":1662481531894,"level":"debug","message":"Base url not specified, skipping its injection.","meta":{"rootId":"vaiodyfl6kv8m5g","id":"vaiodyfl6kv8m5g"},"id":"s5xs2216z7toi6d","previousOperationId":"s5ctkiqd7iiugvq"}
{"type":"operationStart","subtype":"engine","name":"handlebars","timestamp":1662481531894,"id":"7c7u56kilyuz3dh","previousEventId":"kxtk3r005s1okvb","operationId":"95lkwm0ncmd14ok","previousOperationId":"s5ctkiqd7iiugvq"}
{"type":"log","timestamp":1662481531894,"level":"debug","message":"Rendering engine handlebars","meta":{"rootId":"vaiodyfl6kv8m5g","id":"vaiodyfl6kv8m5g"},"id":"9kqdesu8pi8g5uo","previousOperationId":"95lkwm0ncmd14ok"}
{"type":"operationEnd","operationId":"95lkwm0ncmd14ok","timestamp":1662481531908,"id":"8x981bverv96rwo","previousEventId":"7c7u56kilyuz3dh","previousOperationId":"95lkwm0ncmd14ok"}
{"type":"operationStart","subtype":"recipe","name":"chrome-pdf","timestamp":1662481531908,"id":"g84fewq0r1r49rj","previousEventId":"8x981bverv96rwo","operationId":"yw0usextyj9e16b","previousOperationId":"95lkwm0ncmd14ok"}
{"type":"log","timestamp":1662481531908,"level":"debug","message":"Executing recipe chrome-pdf","meta":{"rootId":"vaiodyfl6kv8m5g","id":"vaiodyfl6kv8m5g"},"id":"rgueoik1lsblsia","previousOperationId":"yw0usextyj9e16b"}
{"type":"log","timestamp":1662481531911,"level":"debug","message":"Converting with chrome HeadlessChrome/98.0.4758.0 using chrome-pool strategy","meta":{"rootId":"vaiodyfl6kv8m5g","id":"vaiodyfl6kv8m5g"},"id":"ejvpm9so4qu7vvh","previousOperationId":"yw0usextyj9e16b"}
{"type":"log","timestamp":1662481532106,"level":"debug","message":"Page request: GET (document) file:///C:/Users/aasem/AppData/Local/Temp/jsreport/autocleanup/fc218f5b-c9f7-44ae-9123-df78c508a411-chrome-pdf.html","meta":{"rootId":"vaiodyfl6kv8m5g","id":"vaiodyfl6kv8m5g"},"id":"l9988muy5syumf7","previousOperationId":"yw0usextyj9e16b"}
{"type":"log","timestamp":1662481532121,"level":"debug","message":"Page request finished: GET (document) file:///C:/Users/aasem/AppData/Local/Temp/jsreport/autocleanup/fc218f5b-c9f7-44ae-9123-df78c508a411-chrome-pdf.html","meta":{"rootId":"vaiodyfl6kv8m5g","id":"vaiodyfl6kv8m5g"},"id":"m0emstt8ypphpr3","previousOperationId":"yw0usextyj9e16b"}
{"type":"log","timestamp":1662481532157,"level":"debug","message":"Running chrome with params {\"printBackground\":true,\"timeout\":59964,\"margin\":{}}","meta":{"rootId":"vaiodyfl6kv8m5g","id":"vaiodyfl6kv8m5g"},"id":"xfi2bfv83lm5rrw","previousOperationId":"yw0usextyj9e16b"}
{"type":"operationEnd","operationId":"yw0usextyj9e16b","timestamp":1662481532220,"id":"c45m8watb3hmrxd","previousEventId":"g84fewq0r1r49rj","previousOperationId":"yw0usextyj9e16b"}
{"type":"operationStart","subtype":"reports","name":"persisting report","doDiffs":false,"timestamp":1662481532220,"id":"9kgz9fdwhrim56g","previousEventId":"c45m8watb3hmrxd","operationId":"ijnzy3ph5wu6u7w","previousOperationId":"yw0usextyj9e16b"}
{"type":"log","timestamp":1662481532239,"level":"debug","message":"Report stored as reports/salary/salarySlipTemplate/fUC2L3G1FgJYdfR6.pdf","meta":{"rootId":"vaiodyfl6kv8m5g","id":"vaiodyfl6kv8m5g"},"id":"41au53cbqlcp1xq","previousOperationId":"ijnzy3ph5wu6u7w"}
{"type":"operationEnd","operationId":"ijnzy3ph5wu6u7w","doDiffs":false,"timestamp":1662481532239,"id":"umx5uhko471dk3k","previousEventId":"9kgz9fdwhrim56g","previousOperationId":"ijnzy3ph5wu6u7w"}
{"type":"log","timestamp":1662481532239,"level":"info","message":"Rendering request 12 finished in 365 ms","meta":{"rootId":"vaiodyfl6kv8m5g","id":"vaiodyfl6kv8m5g"},"id":"z1s7k93y4ka81v9","previousOperationId":"ijnzy3ph5wu6u7w"}
{"type":"operationEnd","subtype":"render","operationId":"s5ctkiqd7iiugvq","timestamp":1662481532239,"id":"zcigbfz0qx6g3m9","previousEventId":"umx5uhko471dk3k","previousOperationId":"ijnzy3ph5wu6u7w"}
{"type":"operationEnd","doDiffs":false,"previousEventId":"dfl6zk7pcxw83sx","previousOperationId":"xu9al77ibyb3jfa","operationId":"xu9al77ibyb3jfa","timestamp":1662481532243,"id":"sv7nb7wvl21y08o"}
