{"type":"operationStart","subtype":"profile","data":{"_id":"iZtz9dvFnH9dPFMZ","timestamp":"2022-09-06T16:21:56.382Z","state":"queued","mode":"standard","creationDate":"2022-09-06T16:21:56.383Z","modificationDate":"2022-09-06T16:21:56.383Z","shortid":"XdEoszb","$entitySet":"profiles"},"doDiffs":false,"timestamp":1662481316383,"id":"gczah593ztdgkqp","previousOperationId":null,"operationId":"r318zkyqqizcvon"}
{"type":"log","level":"info","message":"Render request 8 queued for execution and waiting for available worker","previousOperationId":"r318zkyqqizcvon","timestamp":1662481316383,"id":"hz0xi3gaa0ock20"}
{"type":"operationStart","subtype":"render","name":"salarySlipTemplate","previousOperationId":"r318zkyqqizcvon","timestamp":1662481316390,"id":"b7br0smjt1d4oci","previousEventId":"gczah593ztdgkqp","operationId":"7f5pqpg5lk2oi56"}
{"type":"log","timestamp":1662481316390,"level":"info","message":"Starting rendering request 8 (user: null)","meta":{"rootId":"vak3gy2bt3yzgin","id":"vak3gy2bt3yzgin"},"id":"iivv9mprc9cwrp4","previousOperationId":"7f5pqpg5lk2oi56"}
{"type":"log","timestamp":1662481316391,"level":"info","message":"Rendering template { name: salarySlipTemplate, recipe: chrome-pdf, engine: handlebars, preview: false }","meta":{"rootId":"vak3gy2bt3yzgin","id":"vak3gy2bt3yzgin"},"id":"cqqicludb44curi","previousOperationId":"7f5pqpg5lk2oi56"}
{"type":"log","timestamp":1662481316392,"level":"debug","message":"Inline data specified.","meta":{"rootId":"vak3gy2bt3yzgin","id":"vak3gy2bt3yzgin"},"id":"kgqdnq9d7ll72sw","previousOperationId":"7f5pqpg5lk2oi56"}
{"type":"log","timestamp":1662481316394,"level":"debug","message":"Base url not specified, skipping its injection.","meta":{"rootId":"vak3gy2bt3yzgin","id":"vak3gy2bt3yzgin"},"id":"ucn5q9l9cr6fayi","previousOperationId":"7f5pqpg5lk2oi56"}
{"type":"operationStart","subtype":"engine","name":"handlebars","timestamp":1662481316395,"id":"h9dxipfcl4w8y68","previousEventId":"b7br0smjt1d4oci","operationId":"p6k0xrtas45wedn","previousOperationId":"7f5pqpg5lk2oi56"}
{"type":"log","timestamp":1662481316395,"level":"debug","message":"Rendering engine handlebars","meta":{"rootId":"vak3gy2bt3yzgin","id":"vak3gy2bt3yzgin"},"id":"l1qba4d4eygysqu","previousOperationId":"p6k0xrtas45wedn"}
{"type":"operationEnd","operationId":"p6k0xrtas45wedn","timestamp":1662481316408,"id":"5ob44po8kdustkc","previousEventId":"h9dxipfcl4w8y68","previousOperationId":"p6k0xrtas45wedn"}
{"type":"operationStart","subtype":"recipe","name":"chrome-pdf","timestamp":1662481316408,"id":"av0254x2ov7cvhw","previousEventId":"5ob44po8kdustkc","operationId":"n5vkzfry8bieoch","previousOperationId":"p6k0xrtas45wedn"}
{"type":"log","timestamp":1662481316408,"level":"debug","message":"Executing recipe chrome-pdf","meta":{"rootId":"vak3gy2bt3yzgin","id":"vak3gy2bt3yzgin"},"id":"l4duvchicar5gsi","previousOperationId":"n5vkzfry8bieoch"}
{"type":"log","timestamp":1662481316410,"level":"debug","message":"Converting with chrome HeadlessChrome/98.0.4758.0 using chrome-pool strategy","meta":{"rootId":"vak3gy2bt3yzgin","id":"vak3gy2bt3yzgin"},"id":"89lva6a17l7hq3x","previousOperationId":"n5vkzfry8bieoch"}
{"type":"log","timestamp":1662481316508,"level":"debug","message":"Page request: GET (document) file:///C:/Users/aasem/AppData/Local/Temp/jsreport/autocleanup/0309e8ba-48f9-4976-b56b-30c717c660bd-chrome-pdf.html","meta":{"rootId":"vak3gy2bt3yzgin","id":"vak3gy2bt3yzgin"},"id":"u0d6bpyfx7zhlo8","previousOperationId":"n5vkzfry8bieoch"}
{"type":"log","timestamp":1662481316522,"level":"debug","message":"Page request finished: GET (document) file:///C:/Users/aasem/AppData/Local/Temp/jsreport/autocleanup/0309e8ba-48f9-4976-b56b-30c717c660bd-chrome-pdf.html","meta":{"rootId":"vak3gy2bt3yzgin","id":"vak3gy2bt3yzgin"},"id":"znpx8yma3102tev","previousOperationId":"n5vkzfry8bieoch"}
{"type":"log","timestamp":1662481316545,"level":"debug","message":"Running chrome with params {\"printBackground\":true,\"timeout\":59972,\"margin\":{}}","meta":{"rootId":"vak3gy2bt3yzgin","id":"vak3gy2bt3yzgin"},"id":"v9iyfx0p9nhtqxa","previousOperationId":"n5vkzfry8bieoch"}
{"type":"operationEnd","operationId":"n5vkzfry8bieoch","timestamp":1662481316567,"id":"j9p8j39f4gh2hka","previousEventId":"av0254x2ov7cvhw","previousOperationId":"n5vkzfry8bieoch"}
{"type":"operationStart","subtype":"reports","name":"persisting report","doDiffs":false,"timestamp":1662481316567,"id":"53uyc3axgoiuxm8","previousEventId":"j9p8j39f4gh2hka","operationId":"7eqe7yi7wvzc4bf","previousOperationId":"n5vkzfry8bieoch"}
{"type":"log","timestamp":1662481316581,"level":"debug","message":"Report stored as reports/salary/salarySlipTemplate/JZ8y0SZLbSwWITML.pdf","meta":{"rootId":"vak3gy2bt3yzgin","id":"vak3gy2bt3yzgin"},"id":"sny1vf18vyfzz6c","previousOperationId":"7eqe7yi7wvzc4bf"}
{"type":"operationEnd","operationId":"7eqe7yi7wvzc4bf","doDiffs":false,"timestamp":1662481316581,"id":"bjzpofqfj5220ur","previousEventId":"53uyc3axgoiuxm8","previousOperationId":"7eqe7yi7wvzc4bf"}
{"type":"log","timestamp":1662481316581,"level":"info","message":"Rendering request 8 finished in 200 ms","meta":{"rootId":"vak3gy2bt3yzgin","id":"vak3gy2bt3yzgin"},"id":"o1evqbdexgddu2f","previousOperationId":"7eqe7yi7wvzc4bf"}
{"type":"operationEnd","subtype":"render","operationId":"7f5pqpg5lk2oi56","timestamp":1662481316582,"id":"jj5evfw23rct46b","previousEventId":"bjzpofqfj5220ur","previousOperationId":"7eqe7yi7wvzc4bf"}
{"type":"operationEnd","doDiffs":false,"previousEventId":"gczah593ztdgkqp","previousOperationId":"r318zkyqqizcvon","operationId":"r318zkyqqizcvon","timestamp":1662481316588,"id":"5v0tl9mw35qsp56"}
