{"type":"operationStart","subtype":"profile","data":{"_id":"Tw2es6EYfeFEpfRe","timestamp":"2022-09-07T00:23:47.394Z","state":"queued","mode":"standard","creationDate":"2022-09-07T00:23:47.395Z","modificationDate":"2022-09-07T00:23:47.395Z","shortid":"JJWG9cc","$entitySet":"profiles"},"doDiffs":false,"timestamp":1662510227395,"id":"00g2tnilnhopl92","previousOperationId":null,"operationId":"51ccrkl4mvgs0r7"}
{"type":"log","level":"info","message":"Render request 33 queued for execution and waiting for available worker","previousOperationId":"51ccrkl4mvgs0r7","timestamp":1662510227395,"id":"kv2c3b65ils44aq"}
{"type":"operationStart","subtype":"render","name":"salarySlipTemplate","previousOperationId":"51ccrkl4mvgs0r7","timestamp":1662510227406,"id":"o5c22sqjm0jxahc","previousEventId":"00g2tnilnhopl92","operationId":"5ch7c1viffwcx99"}
{"type":"log","timestamp":1662510227406,"level":"info","message":"Starting rendering request 33 (user: null)","meta":{"rootId":"vmqvyv2ooe5zl7q","id":"vmqvyv2ooe5zl7q"},"id":"3u4bz0gahmz7bly","previousOperationId":"5ch7c1viffwcx99"}
{"type":"log","timestamp":1662510227406,"level":"info","message":"Rendering template { name: salarySlipTemplate, recipe: chrome-pdf, engine: handlebars, preview: false }","meta":{"rootId":"vmqvyv2ooe5zl7q","id":"vmqvyv2ooe5zl7q"},"id":"y94losjaty729h8","previousOperationId":"5ch7c1viffwcx99"}
{"type":"log","timestamp":1662510227408,"level":"debug","message":"Inline data specified.","meta":{"rootId":"vmqvyv2ooe5zl7q","id":"vmqvyv2ooe5zl7q"},"id":"f0e782g4zw5r2io","previousOperationId":"5ch7c1viffwcx99"}
{"type":"log","timestamp":1662510227410,"level":"debug","message":"Base url not specified, skipping its injection.","meta":{"rootId":"vmqvyv2ooe5zl7q","id":"vmqvyv2ooe5zl7q"},"id":"ta4oz1t7athx3x9","previousOperationId":"5ch7c1viffwcx99"}
{"type":"operationStart","subtype":"engine","name":"handlebars","timestamp":1662510227410,"id":"w4ukign694fbhdg","previousEventId":"o5c22sqjm0jxahc","operationId":"getk1cxb4y1jwop","previousOperationId":"5ch7c1viffwcx99"}
{"type":"log","timestamp":1662510227410,"level":"debug","message":"Rendering engine handlebars","meta":{"rootId":"vmqvyv2ooe5zl7q","id":"vmqvyv2ooe5zl7q"},"id":"o4h2bau2hodb23k","previousOperationId":"getk1cxb4y1jwop"}
{"type":"operationEnd","operationId":"getk1cxb4y1jwop","timestamp":1662510227426,"id":"t0jrorle18dz61n","previousEventId":"w4ukign694fbhdg","previousOperationId":"getk1cxb4y1jwop"}
{"type":"operationStart","subtype":"recipe","name":"chrome-pdf","timestamp":1662510227426,"id":"ctdwci83gfscft2","previousEventId":"t0jrorle18dz61n","operationId":"rt6bvx5vfiecz8z","previousOperationId":"getk1cxb4y1jwop"}
{"type":"log","timestamp":1662510227426,"level":"debug","message":"Executing recipe chrome-pdf","meta":{"rootId":"vmqvyv2ooe5zl7q","id":"vmqvyv2ooe5zl7q"},"id":"avkfj86prc4qx9p","previousOperationId":"rt6bvx5vfiecz8z"}
{"type":"log","timestamp":1662510227429,"level":"debug","message":"Converting with chrome HeadlessChrome/98.0.4758.0 using chrome-pool strategy","meta":{"rootId":"vmqvyv2ooe5zl7q","id":"vmqvyv2ooe5zl7q"},"id":"9lj32ijfmclk7bc","previousOperationId":"rt6bvx5vfiecz8z"}
{"type":"log","timestamp":1662510227521,"level":"debug","message":"Page request: GET (document) file:///C:/Users/aasem/AppData/Local/Temp/jsreport/autocleanup/1482358e-b221-4951-b6e5-239ee2094693-chrome-pdf.html","meta":{"rootId":"vmqvyv2ooe5zl7q","id":"vmqvyv2ooe5zl7q"},"id":"83dh68a1iggocj6","previousOperationId":"rt6bvx5vfiecz8z"}
{"type":"log","timestamp":1662510227530,"level":"debug","message":"Page request finished: GET (document) file:///C:/Users/aasem/AppData/Local/Temp/jsreport/autocleanup/1482358e-b221-4951-b6e5-239ee2094693-chrome-pdf.html","meta":{"rootId":"vmqvyv2ooe5zl7q","id":"vmqvyv2ooe5zl7q"},"id":"5nc08wexfqxmx3s","previousOperationId":"rt6bvx5vfiecz8z"}
{"type":"log","timestamp":1662510227557,"level":"debug","message":"Running chrome with params {\"printBackground\":true,\"timeout\":59965,\"margin\":{}}","meta":{"rootId":"vmqvyv2ooe5zl7q","id":"vmqvyv2ooe5zl7q"},"id":"pyc8ua7zd740zgj","previousOperationId":"rt6bvx5vfiecz8z"}
{"type":"operationEnd","operationId":"rt6bvx5vfiecz8z","timestamp":1662510227661,"id":"289aht7jidd2x2e","previousEventId":"ctdwci83gfscft2","previousOperationId":"rt6bvx5vfiecz8z"}
{"type":"operationStart","subtype":"reports","name":"persisting report","doDiffs":false,"timestamp":1662510227661,"id":"ppumseeggfp3ffi","previousEventId":"289aht7jidd2x2e","operationId":"3uwmcual5pcet7d","previousOperationId":"rt6bvx5vfiecz8z"}
{"type":"log","timestamp":1662510227676,"level":"debug","message":"Report stored as reports/salary/salarySlipTemplate/N2Nk1lJBCJRwt0LB.pdf","meta":{"rootId":"vmqvyv2ooe5zl7q","id":"vmqvyv2ooe5zl7q"},"id":"2cutqqtdr6ylbwf","previousOperationId":"3uwmcual5pcet7d"}
{"type":"operationEnd","operationId":"3uwmcual5pcet7d","doDiffs":false,"timestamp":1662510227677,"id":"6f0z35qj9nubzrv","previousEventId":"ppumseeggfp3ffi","previousOperationId":"3uwmcual5pcet7d"}
{"type":"log","timestamp":1662510227677,"level":"info","message":"Rendering request 33 finished in 284 ms","meta":{"rootId":"vmqvyv2ooe5zl7q","id":"vmqvyv2ooe5zl7q"},"id":"ai2c87c8riuxuoh","previousOperationId":"3uwmcual5pcet7d"}
{"type":"operationEnd","subtype":"render","operationId":"5ch7c1viffwcx99","timestamp":1662510227677,"id":"w074w4tb3uewtft","previousEventId":"6f0z35qj9nubzrv","previousOperationId":"3uwmcual5pcet7d"}
{"type":"operationEnd","doDiffs":false,"previousEventId":"00g2tnilnhopl92","previousOperationId":"51ccrkl4mvgs0r7","operationId":"51ccrkl4mvgs0r7","timestamp":1662510227679,"id":"kh0o2dbdie7gvxl"}
