{"type":"operationStart","subtype":"profile","data":{"_id":"Gjvp0NqHseJ7VXyw","timestamp":"2022-09-07T15:07:18.436Z","state":"queued","mode":"standard","creationDate":"2022-09-07T15:07:18.439Z","modificationDate":"2022-09-07T15:07:18.439Z","shortid":"2PfThJm","$entitySet":"profiles"},"doDiffs":false,"timestamp":1662563238438,"id":"r0ehvl8jkvlj20q","previousOperationId":null,"operationId":"tfww12u8vtrqs2s"}
{"type":"log","level":"info","message":"Render request 5 queued for execution and waiting for available worker","previousOperationId":"tfww12u8vtrqs2s","timestamp":1662563238438,"id":"361ocmc8h9zc5k3"}
{"type":"operationStart","subtype":"render","name":"salarySlipTemplate","previousOperationId":"tfww12u8vtrqs2s","timestamp":1662563238448,"id":"8yfu635dj2nowx1","previousEventId":"r0ehvl8jkvlj20q","operationId":"y4vxpl5yzldhk13"}
{"type":"log","timestamp":1662563238448,"level":"info","message":"Starting rendering request 5 (user: null)","meta":{"rootId":"w2xqjzamsg66jdt","id":"w2xqjzamsg66jdt"},"id":"u88zq0btz3m3b17","previousOperationId":"y4vxpl5yzldhk13"}
{"type":"log","timestamp":1662563238448,"level":"info","message":"Rendering template { name: salarySlipTemplate, recipe: chrome-pdf, engine: handlebars, preview: false }","meta":{"rootId":"w2xqjzamsg66jdt","id":"w2xqjzamsg66jdt"},"id":"jo2j2ue437nw2te","previousOperationId":"y4vxpl5yzldhk13"}
{"type":"log","timestamp":1662563238449,"level":"debug","message":"Inline data specified.","meta":{"rootId":"w2xqjzamsg66jdt","id":"w2xqjzamsg66jdt"},"id":"ej4612ho05rh0ry","previousOperationId":"y4vxpl5yzldhk13"}
{"type":"log","timestamp":1662563238451,"level":"debug","message":"Base url not specified, skipping its injection.","meta":{"rootId":"w2xqjzamsg66jdt","id":"w2xqjzamsg66jdt"},"id":"5jnn0y03n40vw0x","previousOperationId":"y4vxpl5yzldhk13"}
{"type":"operationStart","subtype":"engine","name":"handlebars","timestamp":1662563238451,"id":"1ihs5cx8ut57mlo","previousEventId":"8yfu635dj2nowx1","operationId":"wsfw1jmdl1yc49t","previousOperationId":"y4vxpl5yzldhk13"}
{"type":"log","timestamp":1662563238451,"level":"debug","message":"Rendering engine handlebars","meta":{"rootId":"w2xqjzamsg66jdt","id":"w2xqjzamsg66jdt"},"id":"fjp5hoy0hl3sf42","previousOperationId":"wsfw1jmdl1yc49t"}
{"type":"operationEnd","operationId":"wsfw1jmdl1yc49t","timestamp":1662563238465,"id":"1iabqc5cz220e8m","previousEventId":"1ihs5cx8ut57mlo","previousOperationId":"wsfw1jmdl1yc49t"}
{"type":"operationStart","subtype":"recipe","name":"chrome-pdf","timestamp":1662563238466,"id":"z2glzjvrflyj7f4","previousEventId":"1iabqc5cz220e8m","operationId":"5dqi90xksddryyd","previousOperationId":"wsfw1jmdl1yc49t"}
{"type":"log","timestamp":1662563238466,"level":"debug","message":"Executing recipe chrome-pdf","meta":{"rootId":"w2xqjzamsg66jdt","id":"w2xqjzamsg66jdt"},"id":"p05xcu295mexuo5","previousOperationId":"5dqi90xksddryyd"}
{"type":"log","timestamp":1662563238468,"level":"debug","message":"Converting with chrome HeadlessChrome/98.0.4758.0 using chrome-pool strategy","meta":{"rootId":"w2xqjzamsg66jdt","id":"w2xqjzamsg66jdt"},"id":"he04luy3djed56x","previousOperationId":"5dqi90xksddryyd"}
{"type":"log","timestamp":1662563238646,"level":"debug","message":"Page request: GET (document) file:///C:/Users/aasem/AppData/Local/Temp/jsreport/autocleanup/5130f33c-9504-45f6-be85-4777a259c1bb-chrome-pdf.html","meta":{"rootId":"w2xqjzamsg66jdt","id":"w2xqjzamsg66jdt"},"id":"nbbz5ijfvt3qw8n","previousOperationId":"5dqi90xksddryyd"}
{"type":"log","timestamp":1662563238658,"level":"debug","message":"Page request finished: GET (document) file:///C:/Users/aasem/AppData/Local/Temp/jsreport/autocleanup/5130f33c-9504-45f6-be85-4777a259c1bb-chrome-pdf.html","meta":{"rootId":"w2xqjzamsg66jdt","id":"w2xqjzamsg66jdt"},"id":"ke0463d62ojy6ab","previousOperationId":"5dqi90xksddryyd"}
{"type":"log","timestamp":1662563238719,"level":"debug","message":"Running chrome with params {\"printBackground\":true,\"timeout\":59968,\"margin\":{}}","meta":{"rootId":"w2xqjzamsg66jdt","id":"w2xqjzamsg66jdt"},"id":"ph6oubxvac156d3","previousOperationId":"5dqi90xksddryyd"}
{"type":"operationEnd","operationId":"5dqi90xksddryyd","timestamp":1662563238831,"id":"hrq2xx3d8icmr3h","previousEventId":"z2glzjvrflyj7f4","previousOperationId":"5dqi90xksddryyd"}
{"type":"operationStart","subtype":"reports","name":"persisting report","doDiffs":false,"timestamp":1662563238831,"id":"a3t81x3bwudtg9l","previousEventId":"hrq2xx3d8icmr3h","operationId":"3ds1mg7sc141to2","previousOperationId":"5dqi90xksddryyd"}
{"type":"log","timestamp":1662563238851,"level":"debug","message":"Report stored as reports/salary/salarySlipTemplate/ipmqj1HrxBBOMIaj.pdf","meta":{"rootId":"w2xqjzamsg66jdt","id":"w2xqjzamsg66jdt"},"id":"ghnflkhcd2dbt71","previousOperationId":"3ds1mg7sc141to2"}
{"type":"operationEnd","operationId":"3ds1mg7sc141to2","doDiffs":false,"timestamp":1662563238851,"id":"hqvr5lqflzmem8i","previousEventId":"a3t81x3bwudtg9l","previousOperationId":"3ds1mg7sc141to2"}
{"type":"log","timestamp":1662563238851,"level":"info","message":"Rendering request 5 finished in 416 ms","meta":{"rootId":"w2xqjzamsg66jdt","id":"w2xqjzamsg66jdt"},"id":"x3pddpoauj7b2vc","previousOperationId":"3ds1mg7sc141to2"}
{"type":"operationEnd","subtype":"render","operationId":"y4vxpl5yzldhk13","timestamp":1662563238851,"id":"fteinr9ai8opb21","previousEventId":"hqvr5lqflzmem8i","previousOperationId":"3ds1mg7sc141to2"}
{"type":"operationEnd","doDiffs":false,"previousEventId":"r0ehvl8jkvlj20q","previousOperationId":"tfww12u8vtrqs2s","operationId":"tfww12u8vtrqs2s","timestamp":1662563238855,"id":"81df0fsc56b20pu"}
