{"type":"operationStart","subtype":"profile","data":{"_id":"qPba65q8gCmQjugM","timestamp":"2022-09-21T07:16:24.411Z","state":"queued","mode":"standard","creationDate":"2022-09-21T07:16:24.413Z","modificationDate":"2022-09-21T07:16:24.413Z","shortid":"XW7uCVs","$entitySet":"profiles"},"doDiffs":false,"timestamp":1663744584412,"id":"cw1h64ugj4huf01","previousOperationId":null,"operationId":"fgxzaprn7eij03e"}
{"type":"log","level":"info","message":"Render request 4 queued for execution and waiting for available worker","previousOperationId":"fgxzaprn7eij03e","timestamp":1663744584412,"id":"q5hyqa21rhk35l8"}
{"type":"operationStart","subtype":"render","name":"salarySlipTemplate","previousOperationId":"fgxzaprn7eij03e","timestamp":1663744584421,"id":"6fwen71bl63tzej","previousEventId":"cw1h64ugj4huf01","operationId":"1wbex2xiqj8omm0"}
{"type":"log","timestamp":1663744584421,"level":"info","message":"Starting rendering request 4 (user: null)","meta":{"rootId":"wyjpae6qnmms6z0","id":"wyjpae6qnmms6z0"},"id":"eq8fhtite44f64w","previousOperationId":"1wbex2xiqj8omm0"}
{"type":"log","timestamp":1663744584422,"level":"info","message":"Rendering template { name: salarySlipTemplate, recipe: chrome-pdf, engine: handlebars, preview: false }","meta":{"rootId":"wyjpae6qnmms6z0","id":"wyjpae6qnmms6z0"},"id":"9m1nm5yzka3bkqp","previousOperationId":"1wbex2xiqj8omm0"}
{"type":"log","timestamp":1663744584423,"level":"debug","message":"Inline data specified.","meta":{"rootId":"wyjpae6qnmms6z0","id":"wyjpae6qnmms6z0"},"id":"0mndacy375jzpd0","previousOperationId":"1wbex2xiqj8omm0"}
{"type":"log","timestamp":1663744584425,"level":"debug","message":"Base url not specified, skipping its injection.","meta":{"rootId":"wyjpae6qnmms6z0","id":"wyjpae6qnmms6z0"},"id":"pg04ypg2oevc8v4","previousOperationId":"1wbex2xiqj8omm0"}
{"type":"operationStart","subtype":"engine","name":"handlebars","timestamp":1663744584425,"id":"iaks771gx5wyyxm","previousEventId":"6fwen71bl63tzej","operationId":"1qttmcwbc2atupy","previousOperationId":"1wbex2xiqj8omm0"}
{"type":"log","timestamp":1663744584425,"level":"debug","message":"Rendering engine handlebars","meta":{"rootId":"wyjpae6qnmms6z0","id":"wyjpae6qnmms6z0"},"id":"1dy41s66alpek6o","previousOperationId":"1qttmcwbc2atupy"}
{"type":"operationEnd","operationId":"1qttmcwbc2atupy","timestamp":1663744584448,"id":"83lzdcgi51f4yvp","previousEventId":"iaks771gx5wyyxm","previousOperationId":"1qttmcwbc2atupy"}
{"type":"operationStart","subtype":"recipe","name":"chrome-pdf","timestamp":1663744584450,"id":"c3bx46l6qdn9rtt","previousEventId":"83lzdcgi51f4yvp","operationId":"77oxkt48fr69ra5","previousOperationId":"1qttmcwbc2atupy"}
{"type":"log","timestamp":1663744584450,"level":"debug","message":"Executing recipe chrome-pdf","meta":{"rootId":"wyjpae6qnmms6z0","id":"wyjpae6qnmms6z0"},"id":"n1uxc958wp7i1te","previousOperationId":"77oxkt48fr69ra5"}
{"type":"log","timestamp":1663744584453,"level":"debug","message":"Converting with chrome HeadlessChrome/98.0.4758.0 using chrome-pool strategy","meta":{"rootId":"wyjpae6qnmms6z0","id":"wyjpae6qnmms6z0"},"id":"utsf4a2k0d5rxsa","previousOperationId":"77oxkt48fr69ra5"}
{"type":"log","timestamp":1663744584559,"level":"debug","message":"Page request: GET (document) file:///C:/Users/aasem/AppData/Local/Temp/jsreport/autocleanup/182dea62-dbf0-4702-b55c-2abe7e318b8f-chrome-pdf.html","meta":{"rootId":"wyjpae6qnmms6z0","id":"wyjpae6qnmms6z0"},"id":"bzfgw0txcdzdmh7","previousOperationId":"77oxkt48fr69ra5"}
{"type":"log","timestamp":1663744584568,"level":"debug","message":"Page request finished: GET (document) file:///C:/Users/aasem/AppData/Local/Temp/jsreport/autocleanup/182dea62-dbf0-4702-b55c-2abe7e318b8f-chrome-pdf.html","meta":{"rootId":"wyjpae6qnmms6z0","id":"wyjpae6qnmms6z0"},"id":"lz2hdgu9gwqt4nb","previousOperationId":"77oxkt48fr69ra5"}
{"type":"log","timestamp":1663744584630,"level":"debug","message":"Running chrome with params {\"printBackground\":true,\"timeout\":59959,\"margin\":{}}","meta":{"rootId":"wyjpae6qnmms6z0","id":"wyjpae6qnmms6z0"},"id":"sainu7sne115q7d","previousOperationId":"77oxkt48fr69ra5"}
{"type":"operationEnd","operationId":"77oxkt48fr69ra5","timestamp":1663744584736,"id":"bxsnjiwelhr1rtv","previousEventId":"c3bx46l6qdn9rtt","previousOperationId":"77oxkt48fr69ra5"}
{"type":"log","timestamp":1663744584736,"level":"debug","message":"Skipping storing report.","meta":{"rootId":"wyjpae6qnmms6z0","id":"wyjpae6qnmms6z0"},"id":"m715sskd28orjca","previousOperationId":"77oxkt48fr69ra5"}
{"type":"log","timestamp":1663744584736,"level":"info","message":"Rendering request 4 finished in 325 ms","meta":{"rootId":"wyjpae6qnmms6z0","id":"wyjpae6qnmms6z0"},"id":"z9iycqcpi6sruws","previousOperationId":"77oxkt48fr69ra5"}
{"type":"operationEnd","subtype":"render","operationId":"1wbex2xiqj8omm0","timestamp":1663744584736,"id":"paz1zyfms285rbr","previousEventId":"bxsnjiwelhr1rtv","previousOperationId":"77oxkt48fr69ra5"}
{"type":"operationEnd","doDiffs":false,"previousEventId":"cw1h64ugj4huf01","previousOperationId":"fgxzaprn7eij03e","operationId":"fgxzaprn7eij03e","timestamp":1663744584738,"id":"cawbt5cnp48qswl"}
