{"type":"operationStart","subtype":"profile","data":{"_id":"HxP9utKqq2WJd1OU","timestamp":"2022-09-07T15:24:30.447Z","state":"queued","mode":"standard","creationDate":"2022-09-07T15:24:30.451Z","modificationDate":"2022-09-07T15:24:30.451Z","shortid":"yKW0MxV","$entitySet":"profiles"},"doDiffs":false,"timestamp":1662564270449,"id":"bpi0pds912ziyif","previousOperationId":null,"operationId":"2ex0pgjh4jry2kf"}
{"type":"log","level":"info","message":"Render request 9 queued for execution and waiting for available worker","previousOperationId":"2ex0pgjh4jry2kf","timestamp":1662564270449,"id":"baw1cxejrgcl2ej"}
{"type":"operationStart","subtype":"render","name":"salarySlipTemplate","previousOperationId":"2ex0pgjh4jry2kf","timestamp":1662564270466,"id":"ke7a1yepmkfp45u","previousEventId":"bpi0pds912ziyif","operationId":"blld5mld7b78cbl"}
{"type":"log","timestamp":1662564270466,"level":"info","message":"Starting rendering request 9 (user: null)","meta":{"rootId":"xes0oxbvoqhm5q1","id":"xes0oxbvoqhm5q1"},"id":"tb6im7xadn6xyf0","previousOperationId":"blld5mld7b78cbl"}
{"type":"log","timestamp":1662564270468,"level":"info","message":"Rendering template { name: salarySlipTemplate, recipe: chrome-pdf, engine: handlebars, preview: false }","meta":{"rootId":"xes0oxbvoqhm5q1","id":"xes0oxbvoqhm5q1"},"id":"roc5299hdqmjdjo","previousOperationId":"blld5mld7b78cbl"}
{"type":"log","timestamp":1662564270469,"level":"debug","message":"Inline data specified.","meta":{"rootId":"xes0oxbvoqhm5q1","id":"xes0oxbvoqhm5q1"},"id":"vyo7mybviuyg23p","previousOperationId":"blld5mld7b78cbl"}
{"type":"log","timestamp":1662564270471,"level":"debug","message":"Base url not specified, skipping its injection.","meta":{"rootId":"xes0oxbvoqhm5q1","id":"xes0oxbvoqhm5q1"},"id":"s6dkemrj3y0k81x","previousOperationId":"blld5mld7b78cbl"}
{"type":"operationStart","subtype":"engine","name":"handlebars","timestamp":1662564270472,"id":"rp8c2v9p5wlbpde","previousEventId":"ke7a1yepmkfp45u","operationId":"it9kf3eiejs3r0b","previousOperationId":"blld5mld7b78cbl"}
{"type":"log","timestamp":1662564270472,"level":"debug","message":"Rendering engine handlebars","meta":{"rootId":"xes0oxbvoqhm5q1","id":"xes0oxbvoqhm5q1"},"id":"74dgw1r32268r7z","previousOperationId":"it9kf3eiejs3r0b"}
{"type":"operationEnd","operationId":"it9kf3eiejs3r0b","timestamp":1662564270488,"id":"d99nt72yfpnkgiy","previousEventId":"rp8c2v9p5wlbpde","previousOperationId":"it9kf3eiejs3r0b"}
{"type":"operationStart","subtype":"recipe","name":"chrome-pdf","timestamp":1662564270488,"id":"ki0jjfzdhwgquc1","previousEventId":"d99nt72yfpnkgiy","operationId":"5kq0i81090j07hm","previousOperationId":"it9kf3eiejs3r0b"}
{"type":"log","timestamp":1662564270488,"level":"debug","message":"Executing recipe chrome-pdf","meta":{"rootId":"xes0oxbvoqhm5q1","id":"xes0oxbvoqhm5q1"},"id":"yf4fub5dqgh224r","previousOperationId":"5kq0i81090j07hm"}
{"type":"log","timestamp":1662564270491,"level":"debug","message":"Converting with chrome HeadlessChrome/98.0.4758.0 using chrome-pool strategy","meta":{"rootId":"xes0oxbvoqhm5q1","id":"xes0oxbvoqhm5q1"},"id":"r923xhoqbt0i42l","previousOperationId":"5kq0i81090j07hm"}
{"type":"log","timestamp":1662564270611,"level":"debug","message":"Page request: GET (document) file:///C:/Users/aasem/AppData/Local/Temp/jsreport/autocleanup/1a0b6199-b214-41d0-ba0b-0fc677d18aaa-chrome-pdf.html","meta":{"rootId":"xes0oxbvoqhm5q1","id":"xes0oxbvoqhm5q1"},"id":"rdp6pxc9eg8sam5","previousOperationId":"5kq0i81090j07hm"}
{"type":"log","timestamp":1662564270620,"level":"debug","message":"Page request finished: GET (document) file:///C:/Users/aasem/AppData/Local/Temp/jsreport/autocleanup/1a0b6199-b214-41d0-ba0b-0fc677d18aaa-chrome-pdf.html","meta":{"rootId":"xes0oxbvoqhm5q1","id":"xes0oxbvoqhm5q1"},"id":"6ojfobp6wrgm6qr","previousOperationId":"5kq0i81090j07hm"}
{"type":"log","timestamp":1662564270647,"level":"debug","message":"Running chrome with params {\"printBackground\":true,\"timeout\":59956,\"margin\":{}}","meta":{"rootId":"xes0oxbvoqhm5q1","id":"xes0oxbvoqhm5q1"},"id":"ne0vekmsqxqsu3i","previousOperationId":"5kq0i81090j07hm"}
{"type":"operationEnd","operationId":"5kq0i81090j07hm","timestamp":1662564270748,"id":"mk9mzuazszbdp9v","previousEventId":"ki0jjfzdhwgquc1","previousOperationId":"5kq0i81090j07hm"}
{"type":"log","timestamp":1662564270748,"level":"debug","message":"Skipping storing report.","meta":{"rootId":"xes0oxbvoqhm5q1","id":"xes0oxbvoqhm5q1"},"id":"x8h1351id8lx0kf","previousOperationId":"5kq0i81090j07hm"}
{"type":"log","timestamp":1662564270748,"level":"info","message":"Rendering request 9 finished in 302 ms","meta":{"rootId":"xes0oxbvoqhm5q1","id":"xes0oxbvoqhm5q1"},"id":"cunfbyu8e6lfuw7","previousOperationId":"5kq0i81090j07hm"}
{"type":"operationEnd","subtype":"render","operationId":"blld5mld7b78cbl","timestamp":1662564270748,"id":"xuu1g2s8gqr6o3w","previousEventId":"mk9mzuazszbdp9v","previousOperationId":"5kq0i81090j07hm"}
{"type":"operationEnd","doDiffs":false,"previousEventId":"bpi0pds912ziyif","previousOperationId":"2ex0pgjh4jry2kf","operationId":"2ex0pgjh4jry2kf","timestamp":1662564270751,"id":"m5cnribmbxv6atk"}
