{"type":"operationStart","subtype":"profile","data":{"_id":"qUCXa4XA5zkfYFrO","timestamp":"2022-09-07T00:19:21.011Z","state":"queued","mode":"standard","creationDate":"2022-09-07T00:19:21.013Z","modificationDate":"2022-09-07T00:19:21.013Z","shortid":"zjj2m70","$entitySet":"profiles"},"doDiffs":false,"timestamp":1662509961012,"id":"8x0b4nw01cmkpgz","previousOperationId":null,"operationId":"kqtbg8taq592d1w"}
{"type":"log","level":"info","message":"Render request 25 queued for execution and waiting for available worker","previousOperationId":"kqtbg8taq592d1w","timestamp":1662509961012,"id":"q7u8wz179ckpzc1"}
{"type":"operationStart","subtype":"render","name":"salarySlipTemplate","previousOperationId":"kqtbg8taq592d1w","timestamp":1662509961020,"id":"a2yguogqbsyulkj","previousEventId":"8x0b4nw01cmkpgz","operationId":"6joirvpvmxg1pr4"}
{"type":"log","timestamp":1662509961020,"level":"info","message":"Starting rendering request 25 (user: null)","meta":{"rootId":"xmj0wzr6noe4vsm","id":"xmj0wzr6noe4vsm"},"id":"ffmunlb4ei7w0ye","previousOperationId":"6joirvpvmxg1pr4"}
{"type":"log","timestamp":1662509961020,"level":"info","message":"Rendering template { name: salarySlipTemplate, recipe: chrome-pdf, engine: handlebars, preview: false }","meta":{"rootId":"xmj0wzr6noe4vsm","id":"xmj0wzr6noe4vsm"},"id":"9mm24rz1jvgxefq","previousOperationId":"6joirvpvmxg1pr4"}
{"type":"log","timestamp":1662509961024,"level":"debug","message":"Inline data specified.","meta":{"rootId":"xmj0wzr6noe4vsm","id":"xmj0wzr6noe4vsm"},"id":"1jqeizpff7ijk48","previousOperationId":"6joirvpvmxg1pr4"}
{"type":"log","timestamp":1662509961025,"level":"debug","message":"Base url not specified, skipping its injection.","meta":{"rootId":"xmj0wzr6noe4vsm","id":"xmj0wzr6noe4vsm"},"id":"jdyxhocgmzna0wx","previousOperationId":"6joirvpvmxg1pr4"}
{"type":"operationStart","subtype":"engine","name":"handlebars","timestamp":1662509961026,"id":"ls1lklpqputbr0d","previousEventId":"a2yguogqbsyulkj","operationId":"93r5e8l0na4gclv","previousOperationId":"6joirvpvmxg1pr4"}
{"type":"log","timestamp":1662509961026,"level":"debug","message":"Rendering engine handlebars","meta":{"rootId":"xmj0wzr6noe4vsm","id":"xmj0wzr6noe4vsm"},"id":"siapu3jxj5jqegj","previousOperationId":"93r5e8l0na4gclv"}
{"type":"operationEnd","operationId":"93r5e8l0na4gclv","timestamp":1662509961039,"id":"s8pv7wab0s6krra","previousEventId":"ls1lklpqputbr0d","previousOperationId":"93r5e8l0na4gclv"}
{"type":"operationStart","subtype":"recipe","name":"chrome-pdf","timestamp":1662509961039,"id":"fxhp57fej5r04ft","previousEventId":"s8pv7wab0s6krra","operationId":"u8lmy9qva213ytr","previousOperationId":"93r5e8l0na4gclv"}
{"type":"log","timestamp":1662509961039,"level":"debug","message":"Executing recipe chrome-pdf","meta":{"rootId":"xmj0wzr6noe4vsm","id":"xmj0wzr6noe4vsm"},"id":"h3075bg22ujhwn2","previousOperationId":"u8lmy9qva213ytr"}
{"type":"log","timestamp":1662509961041,"level":"debug","message":"Converting with chrome HeadlessChrome/98.0.4758.0 using chrome-pool strategy","meta":{"rootId":"xmj0wzr6noe4vsm","id":"xmj0wzr6noe4vsm"},"id":"e51jgz1brdnx8u0","previousOperationId":"u8lmy9qva213ytr"}
{"type":"log","timestamp":1662509961135,"level":"debug","message":"Page request: GET (document) file:///C:/Users/aasem/AppData/Local/Temp/jsreport/autocleanup/705d021a-8ede-400d-88d1-8715b86052ac-chrome-pdf.html","meta":{"rootId":"xmj0wzr6noe4vsm","id":"xmj0wzr6noe4vsm"},"id":"ri4mvo1oc6ckzhl","previousOperationId":"u8lmy9qva213ytr"}
{"type":"log","timestamp":1662509961143,"level":"debug","message":"Page request finished: GET (document) file:///C:/Users/aasem/AppData/Local/Temp/jsreport/autocleanup/705d021a-8ede-400d-88d1-8715b86052ac-chrome-pdf.html","meta":{"rootId":"xmj0wzr6noe4vsm","id":"xmj0wzr6noe4vsm"},"id":"sits2zvegeplpbb","previousOperationId":"u8lmy9qva213ytr"}
{"type":"log","timestamp":1662509961168,"level":"debug","message":"Running chrome with params {\"printBackground\":true,\"timeout\":59971,\"margin\":{}}","meta":{"rootId":"xmj0wzr6noe4vsm","id":"xmj0wzr6noe4vsm"},"id":"ldszxx4hktztorr","previousOperationId":"u8lmy9qva213ytr"}
{"type":"operationEnd","operationId":"u8lmy9qva213ytr","timestamp":1662509961262,"id":"trbwz63ao5y66o7","previousEventId":"fxhp57fej5r04ft","previousOperationId":"u8lmy9qva213ytr"}
{"type":"operationStart","subtype":"reports","name":"persisting report","doDiffs":false,"timestamp":1662509961263,"id":"4svyja1yedj9v1i","previousEventId":"trbwz63ao5y66o7","operationId":"k3gxheiiyeml3cz","previousOperationId":"u8lmy9qva213ytr"}
{"type":"log","timestamp":1662509961279,"level":"debug","message":"Report stored as reports/salary/salarySlipTemplate/YNKSIpbLMzxk1hvv.pdf","meta":{"rootId":"xmj0wzr6noe4vsm","id":"xmj0wzr6noe4vsm"},"id":"nbms9k3ikvw8bc9","previousOperationId":"k3gxheiiyeml3cz"}
{"type":"operationEnd","operationId":"k3gxheiiyeml3cz","doDiffs":false,"timestamp":1662509961279,"id":"dxebsmp2egnkqyq","previousEventId":"4svyja1yedj9v1i","previousOperationId":"k3gxheiiyeml3cz"}
{"type":"log","timestamp":1662509961279,"level":"info","message":"Rendering request 25 finished in 268 ms","meta":{"rootId":"xmj0wzr6noe4vsm","id":"xmj0wzr6noe4vsm"},"id":"o99qk826mf4fs7p","previousOperationId":"k3gxheiiyeml3cz"}
{"type":"operationEnd","subtype":"render","operationId":"6joirvpvmxg1pr4","timestamp":1662509961279,"id":"ksllypbj605puc7","previousEventId":"dxebsmp2egnkqyq","previousOperationId":"k3gxheiiyeml3cz"}
{"type":"operationEnd","doDiffs":false,"previousEventId":"8x0b4nw01cmkpgz","previousOperationId":"kqtbg8taq592d1w","operationId":"kqtbg8taq592d1w","timestamp":1662509961284,"id":"tqp9v7fofg8gx5e"}
