{"type":"operationStart","subtype":"profile","data":{"_id":"kpva3ogSq5sUPUpE","timestamp":"2022-09-06T17:56:09.382Z","state":"queued","mode":"standard","creationDate":"2022-09-06T17:56:09.384Z","modificationDate":"2022-09-06T17:56:09.384Z","shortid":"GDZ1Lal","$entitySet":"profiles"},"doDiffs":false,"timestamp":1662486969383,"id":"hvqnxcnfue3keun","previousOperationId":null,"operationId":"3udrg2r8gid9jan"}
{"type":"log","level":"info","message":"Render request 5 queued for execution and waiting for available worker","previousOperationId":"3udrg2r8gid9jan","timestamp":1662486969383,"id":"zuxnre3mp3snntl"}
{"type":"operationStart","subtype":"render","name":"salarySlipTemplate","previousOperationId":"3udrg2r8gid9jan","timestamp":1662486969391,"id":"hioqmvgr4dffx4g","previousEventId":"hvqnxcnfue3keun","operationId":"wxbghuu21clry9j"}
{"type":"log","timestamp":1662486969391,"level":"info","message":"Starting rendering request 5 (user: null)","meta":{"rootId":"xtq0k3ep0sym0zm","id":"xtq0k3ep0sym0zm"},"id":"l6sx7yqc29f6jw0","previousOperationId":"wxbghuu21clry9j"}
{"type":"log","timestamp":1662486969391,"level":"info","message":"Rendering template { name: salarySlipTemplate, recipe: chrome-pdf, engine: handlebars, preview: false }","meta":{"rootId":"xtq0k3ep0sym0zm","id":"xtq0k3ep0sym0zm"},"id":"hylqy3z70ipde5x","previousOperationId":"wxbghuu21clry9j"}
{"type":"log","timestamp":1662486969391,"level":"debug","message":"Inline data specified.","meta":{"rootId":"xtq0k3ep0sym0zm","id":"xtq0k3ep0sym0zm"},"id":"4ddf9h0ldvor7ib","previousOperationId":"wxbghuu21clry9j"}
{"type":"log","timestamp":1662486969395,"level":"debug","message":"Base url not specified, skipping its injection.","meta":{"rootId":"xtq0k3ep0sym0zm","id":"xtq0k3ep0sym0zm"},"id":"eqqjr59rm1nc5t8","previousOperationId":"wxbghuu21clry9j"}
{"type":"operationStart","subtype":"engine","name":"handlebars","timestamp":1662486969395,"id":"264weukxtjfrpae","previousEventId":"hioqmvgr4dffx4g","operationId":"plg0lytppoclaof","previousOperationId":"wxbghuu21clry9j"}
{"type":"log","timestamp":1662486969395,"level":"debug","message":"Rendering engine handlebars","meta":{"rootId":"xtq0k3ep0sym0zm","id":"xtq0k3ep0sym0zm"},"id":"fa6lpcvd3iktik0","previousOperationId":"plg0lytppoclaof"}
{"type":"operationEnd","operationId":"plg0lytppoclaof","timestamp":1662486969409,"id":"gw0zplfpyw6c43y","previousEventId":"264weukxtjfrpae","previousOperationId":"plg0lytppoclaof"}
{"type":"operationStart","subtype":"recipe","name":"chrome-pdf","timestamp":1662486969410,"id":"7zoga5rkoe8z673","previousEventId":"gw0zplfpyw6c43y","operationId":"ttbi0j4naympi3w","previousOperationId":"plg0lytppoclaof"}
{"type":"log","timestamp":1662486969410,"level":"debug","message":"Executing recipe chrome-pdf","meta":{"rootId":"xtq0k3ep0sym0zm","id":"xtq0k3ep0sym0zm"},"id":"6o6mnkz4s3t5j16","previousOperationId":"ttbi0j4naympi3w"}
{"type":"log","timestamp":1662486969412,"level":"debug","message":"Converting with chrome HeadlessChrome/98.0.4758.0 using chrome-pool strategy","meta":{"rootId":"xtq0k3ep0sym0zm","id":"xtq0k3ep0sym0zm"},"id":"ntw1i065kj1jcdu","previousOperationId":"ttbi0j4naympi3w"}
{"type":"log","timestamp":1662486970610,"level":"debug","message":"Page request: GET (document) file:///C:/Users/aasem/AppData/Local/Temp/jsreport/autocleanup/eb95d461-773b-4e17-8a75-018151abe7ea-chrome-pdf.html","meta":{"rootId":"xtq0k3ep0sym0zm","id":"xtq0k3ep0sym0zm"},"id":"zc63d0c4by5xyug","previousOperationId":"ttbi0j4naympi3w"}
{"type":"log","timestamp":1662486970619,"level":"debug","message":"Page request finished: GET (document) file:///C:/Users/aasem/AppData/Local/Temp/jsreport/autocleanup/eb95d461-773b-4e17-8a75-018151abe7ea-chrome-pdf.html","meta":{"rootId":"xtq0k3ep0sym0zm","id":"xtq0k3ep0sym0zm"},"id":"6ciwo9ujsolrxps","previousOperationId":"ttbi0j4naympi3w"}
{"type":"log","timestamp":1662486970648,"level":"debug","message":"Running chrome with params {\"printBackground\":true,\"timeout\":59971,\"margin\":{}}","meta":{"rootId":"xtq0k3ep0sym0zm","id":"xtq0k3ep0sym0zm"},"id":"3pb4aabmrm1k10j","previousOperationId":"ttbi0j4naympi3w"}
{"type":"operationEnd","operationId":"ttbi0j4naympi3w","timestamp":1662486970790,"id":"1cyu6fpkqa4aggr","previousEventId":"7zoga5rkoe8z673","previousOperationId":"ttbi0j4naympi3w"}
{"type":"operationStart","subtype":"reports","name":"persisting report","doDiffs":false,"timestamp":1662486970790,"id":"usu9tcn9hek4wtj","previousEventId":"1cyu6fpkqa4aggr","operationId":"v6egm2cbtyc1er1","previousOperationId":"ttbi0j4naympi3w"}
{"type":"log","timestamp":1662486970811,"level":"debug","message":"Report stored as reports/salary/salarySlipTemplate/ByVErdFVKvCjTFj9.pdf","meta":{"rootId":"xtq0k3ep0sym0zm","id":"xtq0k3ep0sym0zm"},"id":"7kfbj95qwkufpf3","previousOperationId":"v6egm2cbtyc1er1"}
{"type":"operationEnd","operationId":"v6egm2cbtyc1er1","doDiffs":false,"timestamp":1662486970811,"id":"dfr9toypkd26qo2","previousEventId":"usu9tcn9hek4wtj","previousOperationId":"v6egm2cbtyc1er1"}
{"type":"log","timestamp":1662486970811,"level":"info","message":"Rendering request 5 finished in 1429 ms","meta":{"rootId":"xtq0k3ep0sym0zm","id":"xtq0k3ep0sym0zm"},"id":"5hoaosdopybo4lw","previousOperationId":"v6egm2cbtyc1er1"}
{"type":"operationEnd","subtype":"render","operationId":"wxbghuu21clry9j","timestamp":1662486970811,"id":"lz0khadr4c69z4a","previousEventId":"dfr9toypkd26qo2","previousOperationId":"v6egm2cbtyc1er1"}
{"type":"operationEnd","doDiffs":false,"previousEventId":"hvqnxcnfue3keun","previousOperationId":"3udrg2r8gid9jan","operationId":"3udrg2r8gid9jan","timestamp":1662486970817,"id":"kcoceu1lha0ooad"}
