{"type":"operationStart","subtype":"profile","data":{"_id":"NNf7DSyXJuqHUnkz","timestamp":"2022-09-07T00:06:52.646Z","state":"queued","mode":"standard","creationDate":"2022-09-07T00:06:52.648Z","modificationDate":"2022-09-07T00:06:52.648Z","shortid":"lSLKYqo","$entitySet":"profiles"},"doDiffs":false,"timestamp":1662509212647,"id":"i1c8pxm9526n0e6","previousOperationId":null,"operationId":"uyh018090od6sz7"}
{"type":"log","level":"info","message":"Render request 8 queued for execution and waiting for available worker","previousOperationId":"uyh018090od6sz7","timestamp":1662509212647,"id":"w2v9mj5yont4rmj"}
{"type":"operationStart","subtype":"render","name":"salarySlipTemplate","previousOperationId":"uyh018090od6sz7","timestamp":1662509212660,"id":"z47btaaxuvcepvf","previousEventId":"i1c8pxm9526n0e6","operationId":"diftgneif3ve7sj"}
{"type":"log","timestamp":1662509212660,"level":"info","message":"Starting rendering request 8 (user: null)","meta":{"rootId":"xxy9xkgxfzi0qx8","id":"xxy9xkgxfzi0qx8"},"id":"u0re6x8l4p9ee8p","previousOperationId":"diftgneif3ve7sj"}
{"type":"log","timestamp":1662509212662,"level":"info","message":"Rendering template { name: salarySlipTemplate, recipe: chrome-pdf, engine: handlebars, preview: false }","meta":{"rootId":"xxy9xkgxfzi0qx8","id":"xxy9xkgxfzi0qx8"},"id":"o1hqo3hcdoutsc9","previousOperationId":"diftgneif3ve7sj"}
{"type":"log","timestamp":1662509212664,"level":"debug","message":"Inline data specified.","meta":{"rootId":"xxy9xkgxfzi0qx8","id":"xxy9xkgxfzi0qx8"},"id":"daiyo66wg07f3fl","previousOperationId":"diftgneif3ve7sj"}
{"type":"log","timestamp":1662509212667,"level":"debug","message":"Base url not specified, skipping its injection.","meta":{"rootId":"xxy9xkgxfzi0qx8","id":"xxy9xkgxfzi0qx8"},"id":"1f4c9hq3rbjooyg","previousOperationId":"diftgneif3ve7sj"}
{"type":"operationStart","subtype":"engine","name":"handlebars","timestamp":1662509212667,"id":"n18csxppoqgrfod","previousEventId":"z47btaaxuvcepvf","operationId":"yaa22bjj1hki3h8","previousOperationId":"diftgneif3ve7sj"}
{"type":"log","timestamp":1662509212667,"level":"debug","message":"Rendering engine handlebars","meta":{"rootId":"xxy9xkgxfzi0qx8","id":"xxy9xkgxfzi0qx8"},"id":"wfzwz2caeyiw1ot","previousOperationId":"yaa22bjj1hki3h8"}
{"type":"operationEnd","operationId":"yaa22bjj1hki3h8","timestamp":1662509212685,"id":"5we3u1ilbdpeweb","previousEventId":"n18csxppoqgrfod","previousOperationId":"yaa22bjj1hki3h8"}
{"type":"operationStart","subtype":"recipe","name":"chrome-pdf","timestamp":1662509212685,"id":"6410u2uv08kjfxh","previousEventId":"5we3u1ilbdpeweb","operationId":"i17eszddzduycxy","previousOperationId":"yaa22bjj1hki3h8"}
{"type":"log","timestamp":1662509212686,"level":"debug","message":"Executing recipe chrome-pdf","meta":{"rootId":"xxy9xkgxfzi0qx8","id":"xxy9xkgxfzi0qx8"},"id":"kdo6z3sc1l8nb5m","previousOperationId":"i17eszddzduycxy"}
{"type":"log","timestamp":1662509212688,"level":"debug","message":"Converting with chrome HeadlessChrome/98.0.4758.0 using chrome-pool strategy","meta":{"rootId":"xxy9xkgxfzi0qx8","id":"xxy9xkgxfzi0qx8"},"id":"2y3onjsmby2jbs0","previousOperationId":"i17eszddzduycxy"}
{"type":"log","timestamp":1662509212790,"level":"debug","message":"Page request: GET (document) file:///C:/Users/aasem/AppData/Local/Temp/jsreport/autocleanup/9310f8df-1ecd-4cfd-a464-7e7bce28683b-chrome-pdf.html","meta":{"rootId":"xxy9xkgxfzi0qx8","id":"xxy9xkgxfzi0qx8"},"id":"jpuzvvgy1gamyj1","previousOperationId":"i17eszddzduycxy"}
{"type":"log","timestamp":1662509212799,"level":"debug","message":"Page request finished: GET (document) file:///C:/Users/aasem/AppData/Local/Temp/jsreport/autocleanup/9310f8df-1ecd-4cfd-a464-7e7bce28683b-chrome-pdf.html","meta":{"rootId":"xxy9xkgxfzi0qx8","id":"xxy9xkgxfzi0qx8"},"id":"ln7xl0rxws3nv40","previousOperationId":"i17eszddzduycxy"}
{"type":"log","timestamp":1662509212825,"level":"debug","message":"Running chrome with params {\"printBackground\":true,\"timeout\":59959,\"margin\":{}}","meta":{"rootId":"xxy9xkgxfzi0qx8","id":"xxy9xkgxfzi0qx8"},"id":"b1xszhp1chm6i07","previousOperationId":"i17eszddzduycxy"}
{"type":"operationEnd","operationId":"i17eszddzduycxy","timestamp":1662509212921,"id":"9s6cv8zj12rnrgt","previousEventId":"6410u2uv08kjfxh","previousOperationId":"i17eszddzduycxy"}
{"type":"operationStart","subtype":"reports","name":"persisting report","doDiffs":false,"timestamp":1662509212921,"id":"23g7t8bnp3p819h","previousEventId":"9s6cv8zj12rnrgt","operationId":"d7xab78jy0898db","previousOperationId":"i17eszddzduycxy"}
{"type":"log","timestamp":1662509212937,"level":"debug","message":"Report stored as reports/salary/salarySlipTemplate/wdnlpz3e5Zz2nCnM.pdf","meta":{"rootId":"xxy9xkgxfzi0qx8","id":"xxy9xkgxfzi0qx8"},"id":"1wmifpt71f8n31z","previousOperationId":"d7xab78jy0898db"}
{"type":"operationEnd","operationId":"d7xab78jy0898db","doDiffs":false,"timestamp":1662509212937,"id":"wzike5ppjz1eidi","previousEventId":"23g7t8bnp3p819h","previousOperationId":"d7xab78jy0898db"}
{"type":"log","timestamp":1662509212937,"level":"info","message":"Rendering request 8 finished in 291 ms","meta":{"rootId":"xxy9xkgxfzi0qx8","id":"xxy9xkgxfzi0qx8"},"id":"565nq7qzvgx7hyi","previousOperationId":"d7xab78jy0898db"}
{"type":"operationEnd","subtype":"render","operationId":"diftgneif3ve7sj","timestamp":1662509212937,"id":"ksz47h3nud4tvpb","previousEventId":"wzike5ppjz1eidi","previousOperationId":"d7xab78jy0898db"}
{"type":"operationEnd","doDiffs":false,"previousEventId":"i1c8pxm9526n0e6","previousOperationId":"uyh018090od6sz7","operationId":"uyh018090od6sz7","timestamp":1662509212940,"id":"kie1ailre2f0vhb"}
