{"type":"operationStart","subtype":"profile","data":{"_id":"PMRr3c3hIr3ZGbYo","timestamp":"2022-09-06T16:50:53.295Z","state":"queued","mode":"standard","creationDate":"2022-09-06T16:50:53.297Z","modificationDate":"2022-09-06T16:50:53.297Z","shortid":"U7Y-b4L","$entitySet":"profiles"},"doDiffs":false,"timestamp":1662483053296,"id":"50qgu77d3fescn7","previousOperationId":null,"operationId":"5cmsuednq57dnh2"}
{"type":"log","level":"info","message":"Render request 32 queued for execution and waiting for available worker","previousOperationId":"5cmsuednq57dnh2","timestamp":1662483053296,"id":"qcyhqq4jyjdi7pt"}
{"type":"operationStart","subtype":"render","name":"salarySlipTemplate","previousOperationId":"5cmsuednq57dnh2","timestamp":1662483053306,"id":"z7sjn8665ln219u","previousEventId":"50qgu77d3fescn7","operationId":"5gh23r2h9henn1a"}
{"type":"log","timestamp":1662483053306,"level":"info","message":"Starting rendering request 32 (user: null)","meta":{"rootId":"xzg10swlpzw7157","id":"xzg10swlpzw7157"},"id":"3hl2rj9t5tlyyhj","previousOperationId":"5gh23r2h9henn1a"}
{"type":"log","timestamp":1662483053307,"level":"info","message":"Rendering template { name: salarySlipTemplate, recipe: chrome-pdf, engine: handlebars, preview: false }","meta":{"rootId":"xzg10swlpzw7157","id":"xzg10swlpzw7157"},"id":"q0lghengzol7rl4","previousOperationId":"5gh23r2h9henn1a"}
{"type":"log","timestamp":1662483053308,"level":"debug","message":"Inline data specified.","meta":{"rootId":"xzg10swlpzw7157","id":"xzg10swlpzw7157"},"id":"r7q3w89mkfewvgr","previousOperationId":"5gh23r2h9henn1a"}
{"type":"log","timestamp":1662483053310,"level":"debug","message":"Base url not specified, skipping its injection.","meta":{"rootId":"xzg10swlpzw7157","id":"xzg10swlpzw7157"},"id":"7bla4il0aidq9dc","previousOperationId":"5gh23r2h9henn1a"}
{"type":"operationStart","subtype":"engine","name":"handlebars","timestamp":1662483053310,"id":"nq0gys7j2udvzlz","previousEventId":"z7sjn8665ln219u","operationId":"2l1yslf2ywcyptp","previousOperationId":"5gh23r2h9henn1a"}
{"type":"log","timestamp":1662483053311,"level":"debug","message":"Rendering engine handlebars","meta":{"rootId":"xzg10swlpzw7157","id":"xzg10swlpzw7157"},"id":"jm0u0xg8elwvnxu","previousOperationId":"2l1yslf2ywcyptp"}
{"type":"operationEnd","operationId":"2l1yslf2ywcyptp","timestamp":1662483053324,"id":"8elcd10ctf2zwt0","previousEventId":"nq0gys7j2udvzlz","previousOperationId":"2l1yslf2ywcyptp"}
{"type":"operationStart","subtype":"recipe","name":"chrome-pdf","timestamp":1662483053324,"id":"ws95iv69e6y4j76","previousEventId":"8elcd10ctf2zwt0","operationId":"v0xfo6u46d0bd7j","previousOperationId":"2l1yslf2ywcyptp"}
{"type":"log","timestamp":1662483053324,"level":"debug","message":"Executing recipe chrome-pdf","meta":{"rootId":"xzg10swlpzw7157","id":"xzg10swlpzw7157"},"id":"q4ibah2cu9w8y11","previousOperationId":"v0xfo6u46d0bd7j"}
{"type":"log","timestamp":1662483053326,"level":"debug","message":"Converting with chrome HeadlessChrome/98.0.4758.0 using chrome-pool strategy","meta":{"rootId":"xzg10swlpzw7157","id":"xzg10swlpzw7157"},"id":"y81fjz68sy2171w","previousOperationId":"v0xfo6u46d0bd7j"}
{"type":"log","timestamp":1662483053440,"level":"debug","message":"Page request: GET (document) file:///C:/Users/aasem/AppData/Local/Temp/jsreport/autocleanup/212ff82a-973d-4852-963d-699d42939bcc-chrome-pdf.html","meta":{"rootId":"xzg10swlpzw7157","id":"xzg10swlpzw7157"},"id":"6pv40vnw48n0oxx","previousOperationId":"v0xfo6u46d0bd7j"}
{"type":"log","timestamp":1662483053451,"level":"debug","message":"Page request finished: GET (document) file:///C:/Users/aasem/AppData/Local/Temp/jsreport/autocleanup/212ff82a-973d-4852-963d-699d42939bcc-chrome-pdf.html","meta":{"rootId":"xzg10swlpzw7157","id":"xzg10swlpzw7157"},"id":"iwsp3d8khcanyiq","previousOperationId":"v0xfo6u46d0bd7j"}
{"type":"log","timestamp":1662483053480,"level":"debug","message":"Running chrome with params {\"printBackground\":true,\"timeout\":59970,\"margin\":{}}","meta":{"rootId":"xzg10swlpzw7157","id":"xzg10swlpzw7157"},"id":"em6zc35ze3xskqr","previousOperationId":"v0xfo6u46d0bd7j"}
{"type":"operationEnd","operationId":"v0xfo6u46d0bd7j","timestamp":1662483053583,"id":"2bl1f8a91gemi88","previousEventId":"ws95iv69e6y4j76","previousOperationId":"v0xfo6u46d0bd7j"}
{"type":"operationStart","subtype":"reports","name":"persisting report","doDiffs":false,"timestamp":1662483053583,"id":"oaq6me446xsioim","previousEventId":"2bl1f8a91gemi88","operationId":"4oicbo1p1j2n0ea","previousOperationId":"v0xfo6u46d0bd7j"}
{"type":"log","timestamp":1662483053600,"level":"debug","message":"Report stored as reports/salary/salarySlipTemplate/v5KOdYU8UNF6qdQa.pdf","meta":{"rootId":"xzg10swlpzw7157","id":"xzg10swlpzw7157"},"id":"vohovhq1nrynnfp","previousOperationId":"4oicbo1p1j2n0ea"}
{"type":"operationEnd","operationId":"4oicbo1p1j2n0ea","doDiffs":false,"timestamp":1662483053600,"id":"dwrt85954tkc607","previousEventId":"oaq6me446xsioim","previousOperationId":"4oicbo1p1j2n0ea"}
{"type":"log","timestamp":1662483053601,"level":"info","message":"Rendering request 32 finished in 306 ms","meta":{"rootId":"xzg10swlpzw7157","id":"xzg10swlpzw7157"},"id":"ow7tl9kg4hl17ag","previousOperationId":"4oicbo1p1j2n0ea"}
{"type":"operationEnd","subtype":"render","operationId":"5gh23r2h9henn1a","timestamp":1662483053601,"id":"prankwllled9bun","previousEventId":"dwrt85954tkc607","previousOperationId":"4oicbo1p1j2n0ea"}
{"type":"operationEnd","doDiffs":false,"previousEventId":"50qgu77d3fescn7","previousOperationId":"5cmsuednq57dnh2","operationId":"5cmsuednq57dnh2","timestamp":1662483053604,"id":"1hxs5zdyumu3xfr"}
