{"type":"operationStart","subtype":"profile","data":{"_id":"4yj6zrr89hx2uudT","timestamp":"2022-09-11T15:49:36.241Z","state":"queued","mode":"standard","creationDate":"2022-09-11T15:49:36.243Z","modificationDate":"2022-09-11T15:49:36.243Z","shortid":"nooe8Q5","$entitySet":"profiles"},"doDiffs":false,"timestamp":1662911376242,"id":"od9gi19a563iht9","previousOperationId":null,"operationId":"xl09c5b98synnwl"}
{"type":"log","level":"info","message":"Render request 9 queued for execution and waiting for available worker","previousOperationId":"xl09c5b98synnwl","timestamp":1662911376242,"id":"j06gh7kvpytqorl"}
{"type":"operationStart","subtype":"render","name":"salarySlipTemplate","previousOperationId":"xl09c5b98synnwl","timestamp":1662911376256,"id":"gzeb8joaxxbfl8f","previousEventId":"od9gi19a563iht9","operationId":"rqoeh7y6b88d609"}
{"type":"log","timestamp":1662911376257,"level":"info","message":"Starting rendering request 9 (user: null)","meta":{"rootId":"y2g06fk1goosa2n","id":"y2g06fk1goosa2n"},"id":"zt30751fv5yz79s","previousOperationId":"rqoeh7y6b88d609"}
{"type":"log","timestamp":1662911376257,"level":"info","message":"Rendering template { name: salarySlipTemplate, recipe: chrome-pdf, engine: handlebars, preview: false }","meta":{"rootId":"y2g06fk1goosa2n","id":"y2g06fk1goosa2n"},"id":"g28g8bc2vry0yol","previousOperationId":"rqoeh7y6b88d609"}
{"type":"log","timestamp":1662911376259,"level":"debug","message":"Inline data specified.","meta":{"rootId":"y2g06fk1goosa2n","id":"y2g06fk1goosa2n"},"id":"ktlybzp7nyabage","previousOperationId":"rqoeh7y6b88d609"}
{"type":"log","timestamp":1662911376264,"level":"debug","message":"Base url not specified, skipping its injection.","meta":{"rootId":"y2g06fk1goosa2n","id":"y2g06fk1goosa2n"},"id":"7aquhntujjxrgel","previousOperationId":"rqoeh7y6b88d609"}
{"type":"operationStart","subtype":"engine","name":"handlebars","timestamp":1662911376264,"id":"dkcorzazrl2k10m","previousEventId":"gzeb8joaxxbfl8f","operationId":"yu4e9htinc7jncw","previousOperationId":"rqoeh7y6b88d609"}
{"type":"log","timestamp":1662911376264,"level":"debug","message":"Rendering engine handlebars","meta":{"rootId":"y2g06fk1goosa2n","id":"y2g06fk1goosa2n"},"id":"e52ije60v41lmhu","previousOperationId":"yu4e9htinc7jncw"}
{"type":"operationEnd","operationId":"yu4e9htinc7jncw","timestamp":1662911376286,"id":"jsvleawajw2rkhs","previousEventId":"dkcorzazrl2k10m","previousOperationId":"yu4e9htinc7jncw"}
{"type":"operationStart","subtype":"recipe","name":"chrome-pdf","timestamp":1662911376287,"id":"gt1pxmb6j289qsc","previousEventId":"jsvleawajw2rkhs","operationId":"4xtau1yas7wfvz9","previousOperationId":"yu4e9htinc7jncw"}
{"type":"log","timestamp":1662911376287,"level":"debug","message":"Executing recipe chrome-pdf","meta":{"rootId":"y2g06fk1goosa2n","id":"y2g06fk1goosa2n"},"id":"ido3d5l3gvg5y8x","previousOperationId":"4xtau1yas7wfvz9"}
{"type":"log","timestamp":1662911376290,"level":"debug","message":"Converting with chrome HeadlessChrome/98.0.4758.0 using chrome-pool strategy","meta":{"rootId":"y2g06fk1goosa2n","id":"y2g06fk1goosa2n"},"id":"ybgmmqsz8r2zpx3","previousOperationId":"4xtau1yas7wfvz9"}
{"type":"log","timestamp":1662911376441,"level":"debug","message":"Page request: GET (document) file:///C:/Users/aasem/AppData/Local/Temp/jsreport/autocleanup/0cc61116-a20a-48ee-be41-92b1e6edbcfe-chrome-pdf.html","meta":{"rootId":"y2g06fk1goosa2n","id":"y2g06fk1goosa2n"},"id":"lwaob1a1g67aleo","previousOperationId":"4xtau1yas7wfvz9"}
{"type":"log","timestamp":1662911376451,"level":"debug","message":"Page request finished: GET (document) file:///C:/Users/aasem/AppData/Local/Temp/jsreport/autocleanup/0cc61116-a20a-48ee-be41-92b1e6edbcfe-chrome-pdf.html","meta":{"rootId":"y2g06fk1goosa2n","id":"y2g06fk1goosa2n"},"id":"av3myx8ui4f0aqu","previousOperationId":"4xtau1yas7wfvz9"}
{"type":"log","timestamp":1662911376479,"level":"debug","message":"Running chrome with params {\"printBackground\":true,\"timeout\":59951,\"margin\":{}}","meta":{"rootId":"y2g06fk1goosa2n","id":"y2g06fk1goosa2n"},"id":"36g4h5lsfuytmec","previousOperationId":"4xtau1yas7wfvz9"}
{"type":"operationEnd","operationId":"4xtau1yas7wfvz9","timestamp":1662911376580,"id":"kmuk52gzw21hh21","previousEventId":"gt1pxmb6j289qsc","previousOperationId":"4xtau1yas7wfvz9"}
{"type":"log","timestamp":1662911376580,"level":"debug","message":"Skipping storing report.","meta":{"rootId":"y2g06fk1goosa2n","id":"y2g06fk1goosa2n"},"id":"qfyd3vq4i0nopzl","previousOperationId":"4xtau1yas7wfvz9"}
{"type":"log","timestamp":1662911376580,"level":"info","message":"Rendering request 9 finished in 340 ms","meta":{"rootId":"y2g06fk1goosa2n","id":"y2g06fk1goosa2n"},"id":"v6xg0yvwq1p4zem","previousOperationId":"4xtau1yas7wfvz9"}
{"type":"operationEnd","subtype":"render","operationId":"rqoeh7y6b88d609","timestamp":1662911376580,"id":"2bksl7ptynqf31x","previousEventId":"kmuk52gzw21hh21","previousOperationId":"4xtau1yas7wfvz9"}
{"type":"operationEnd","doDiffs":false,"previousEventId":"od9gi19a563iht9","previousOperationId":"xl09c5b98synnwl","operationId":"xl09c5b98synnwl","timestamp":1662911376583,"id":"3bz77dt6h13gmt8"}
