{"type":"operationStart","subtype":"profile","data":{"_id":"S0LlrEnX2xCF5CmL","timestamp":"2022-09-10T21:57:25.555Z","state":"queued","mode":"standard","creationDate":"2022-09-10T21:57:25.558Z","modificationDate":"2022-09-10T21:57:25.558Z","shortid":"GxELDY3","$entitySet":"profiles"},"doDiffs":false,"timestamp":1662847045557,"id":"ds9kfpj21ws1vhg","previousOperationId":null,"operationId":"ovj72zexvp35qdi"}
{"type":"log","level":"info","message":"Render request 7 queued for execution and waiting for available worker","previousOperationId":"ovj72zexvp35qdi","timestamp":1662847045557,"id":"kgxnpcpaxw80pem"}
{"type":"operationStart","subtype":"render","name":"salarySlipTemplate","previousOperationId":"ovj72zexvp35qdi","timestamp":1662847045584,"id":"9t8kvs7ufuixeh5","previousEventId":"ds9kfpj21ws1vhg","operationId":"rayehpobv2lv6ru"}
{"type":"log","timestamp":1662847045584,"level":"info","message":"Starting rendering request 7 (user: null)","meta":{"rootId":"y6eneew2dznelwx","id":"y6eneew2dznelwx"},"id":"o7vrbwfcywvauq9","previousOperationId":"rayehpobv2lv6ru"}
{"type":"log","timestamp":1662847045584,"level":"info","message":"Rendering template { name: salarySlipTemplate, recipe: chrome-pdf, engine: handlebars, preview: false }","meta":{"rootId":"y6eneew2dznelwx","id":"y6eneew2dznelwx"},"id":"t3pr9ic8ka5n3cl","previousOperationId":"rayehpobv2lv6ru"}
{"type":"log","timestamp":1662847045585,"level":"debug","message":"Inline data specified.","meta":{"rootId":"y6eneew2dznelwx","id":"y6eneew2dznelwx"},"id":"y07wnjc7vp8ogio","previousOperationId":"rayehpobv2lv6ru"}
{"type":"log","timestamp":1662847045587,"level":"debug","message":"Base url not specified, skipping its injection.","meta":{"rootId":"y6eneew2dznelwx","id":"y6eneew2dznelwx"},"id":"6if3bzm0t177ngv","previousOperationId":"rayehpobv2lv6ru"}
{"type":"operationStart","subtype":"engine","name":"handlebars","timestamp":1662847045587,"id":"gbjxq9h9dor4edu","previousEventId":"9t8kvs7ufuixeh5","operationId":"vvtlwzsws4e7ugx","previousOperationId":"rayehpobv2lv6ru"}
{"type":"log","timestamp":1662847045587,"level":"debug","message":"Rendering engine handlebars","meta":{"rootId":"y6eneew2dznelwx","id":"y6eneew2dznelwx"},"id":"u1ctqhldn3rw8f4","previousOperationId":"vvtlwzsws4e7ugx"}
{"type":"operationEnd","operationId":"vvtlwzsws4e7ugx","timestamp":1662847045602,"id":"8q63v38gsjxhqvy","previousEventId":"gbjxq9h9dor4edu","previousOperationId":"vvtlwzsws4e7ugx"}
{"type":"operationStart","subtype":"recipe","name":"chrome-pdf","timestamp":1662847045602,"id":"5af9kkcc7v0wk0o","previousEventId":"8q63v38gsjxhqvy","operationId":"duh9k5iarz6pktl","previousOperationId":"vvtlwzsws4e7ugx"}
{"type":"log","timestamp":1662847045602,"level":"debug","message":"Executing recipe chrome-pdf","meta":{"rootId":"y6eneew2dznelwx","id":"y6eneew2dznelwx"},"id":"jsjbndlfx5mk6cq","previousOperationId":"duh9k5iarz6pktl"}
{"type":"log","timestamp":1662847045605,"level":"debug","message":"Converting with chrome HeadlessChrome/98.0.4758.0 using chrome-pool strategy","meta":{"rootId":"y6eneew2dznelwx","id":"y6eneew2dznelwx"},"id":"hycagxd9zkki2ui","previousOperationId":"duh9k5iarz6pktl"}
{"type":"log","timestamp":1662847045701,"level":"debug","message":"Page request: GET (document) file:///C:/Users/aasem/AppData/Local/Temp/jsreport/autocleanup/0d6ebf99-efd9-4f0c-aa2b-2d78557a97f0-chrome-pdf.html","meta":{"rootId":"y6eneew2dznelwx","id":"y6eneew2dznelwx"},"id":"ffi6ifen97v0wxx","previousOperationId":"duh9k5iarz6pktl"}
{"type":"log","timestamp":1662847045715,"level":"debug","message":"Page request finished: GET (document) file:///C:/Users/aasem/AppData/Local/Temp/jsreport/autocleanup/0d6ebf99-efd9-4f0c-aa2b-2d78557a97f0-chrome-pdf.html","meta":{"rootId":"y6eneew2dznelwx","id":"y6eneew2dznelwx"},"id":"y64xboyuyr5preq","previousOperationId":"duh9k5iarz6pktl"}
{"type":"log","timestamp":1662847045743,"level":"debug","message":"Running chrome with params {\"printBackground\":true,\"timeout\":59950,\"margin\":{}}","meta":{"rootId":"y6eneew2dznelwx","id":"y6eneew2dznelwx"},"id":"6j1ks6fhx48aytv","previousOperationId":"duh9k5iarz6pktl"}
{"type":"operationEnd","operationId":"duh9k5iarz6pktl","timestamp":1662847045848,"id":"ow84egfdxl1dusf","previousEventId":"5af9kkcc7v0wk0o","previousOperationId":"duh9k5iarz6pktl"}
{"type":"log","timestamp":1662847045848,"level":"debug","message":"Skipping storing report.","meta":{"rootId":"y6eneew2dznelwx","id":"y6eneew2dznelwx"},"id":"3tyqs24vycov88n","previousOperationId":"duh9k5iarz6pktl"}
{"type":"log","timestamp":1662847045848,"level":"info","message":"Rendering request 7 finished in 294 ms","meta":{"rootId":"y6eneew2dznelwx","id":"y6eneew2dznelwx"},"id":"mx08rxammqdpjlz","previousOperationId":"duh9k5iarz6pktl"}
{"type":"operationEnd","subtype":"render","operationId":"rayehpobv2lv6ru","timestamp":1662847045848,"id":"ifcabgf800ueub0","previousEventId":"ow84egfdxl1dusf","previousOperationId":"duh9k5iarz6pktl"}
{"type":"operationEnd","doDiffs":false,"previousEventId":"ds9kfpj21ws1vhg","previousOperationId":"ovj72zexvp35qdi","operationId":"ovj72zexvp35qdi","timestamp":1662847045850,"id":"fqbxj4o7dmen68z"}
