{"type":"operationStart","subtype":"profile","data":{"_id":"5PTqF3n5UHlpARcN","timestamp":"2022-09-07T15:08:40.879Z","state":"queued","mode":"standard","creationDate":"2022-09-07T15:08:40.881Z","modificationDate":"2022-09-07T15:08:40.881Z","shortid":"UJKIy6Z","$entitySet":"profiles"},"doDiffs":false,"timestamp":1662563320880,"id":"ghzgwjr5oovqdyb","previousOperationId":null,"operationId":"llk1fzom6hw020o"}
{"type":"log","level":"info","message":"Render request 6 queued for execution and waiting for available worker","previousOperationId":"llk1fzom6hw020o","timestamp":1662563320880,"id":"w7wnpczc4hs0f0p"}
{"type":"operationStart","subtype":"render","name":"salarySlipTemplate","previousOperationId":"llk1fzom6hw020o","timestamp":1662563320891,"id":"g3609xb5kb69b0i","previousEventId":"ghzgwjr5oovqdyb","operationId":"6i2m77vg365r8lb"}
{"type":"log","timestamp":1662563320891,"level":"info","message":"Starting rendering request 6 (user: null)","meta":{"rootId":"yc4eg64lhaa8aft","id":"yc4eg64lhaa8aft"},"id":"tz0fj3cc9egnah2","previousOperationId":"6i2m77vg365r8lb"}
{"type":"log","timestamp":1662563320891,"level":"info","message":"Rendering template { name: salarySlipTemplate, recipe: chrome-pdf, engine: handlebars, preview: false }","meta":{"rootId":"yc4eg64lhaa8aft","id":"yc4eg64lhaa8aft"},"id":"6l3nq0uwpiviioa","previousOperationId":"6i2m77vg365r8lb"}
{"type":"log","timestamp":1662563320893,"level":"debug","message":"Inline data specified.","meta":{"rootId":"yc4eg64lhaa8aft","id":"yc4eg64lhaa8aft"},"id":"p93wnfbfalu2kqw","previousOperationId":"6i2m77vg365r8lb"}
{"type":"log","timestamp":1662563320898,"level":"debug","message":"Base url not specified, skipping its injection.","meta":{"rootId":"yc4eg64lhaa8aft","id":"yc4eg64lhaa8aft"},"id":"kgndggsud3kuouh","previousOperationId":"6i2m77vg365r8lb"}
{"type":"operationStart","subtype":"engine","name":"handlebars","timestamp":1662563320898,"id":"dmx0ybc0epd2m12","previousEventId":"g3609xb5kb69b0i","operationId":"j2xqsrkh11y7qds","previousOperationId":"6i2m77vg365r8lb"}
{"type":"log","timestamp":1662563320898,"level":"debug","message":"Rendering engine handlebars","meta":{"rootId":"yc4eg64lhaa8aft","id":"yc4eg64lhaa8aft"},"id":"1apd902w2assfl3","previousOperationId":"j2xqsrkh11y7qds"}
{"type":"operationEnd","operationId":"j2xqsrkh11y7qds","timestamp":1662563320913,"id":"at6u3b3tjswr16c","previousEventId":"dmx0ybc0epd2m12","previousOperationId":"j2xqsrkh11y7qds"}
{"type":"operationStart","subtype":"recipe","name":"chrome-pdf","timestamp":1662563320913,"id":"pbr7yiho9x8mvpa","previousEventId":"at6u3b3tjswr16c","operationId":"u1uush34ofya2r0","previousOperationId":"j2xqsrkh11y7qds"}
{"type":"log","timestamp":1662563320913,"level":"debug","message":"Executing recipe chrome-pdf","meta":{"rootId":"yc4eg64lhaa8aft","id":"yc4eg64lhaa8aft"},"id":"7meovb1tyyz7oru","previousOperationId":"u1uush34ofya2r0"}
{"type":"log","timestamp":1662563320915,"level":"debug","message":"Converting with chrome HeadlessChrome/98.0.4758.0 using chrome-pool strategy","meta":{"rootId":"yc4eg64lhaa8aft","id":"yc4eg64lhaa8aft"},"id":"ggh9ce5pny2z6el","previousOperationId":"u1uush34ofya2r0"}
{"type":"log","timestamp":1662563322068,"level":"debug","message":"Page request: GET (document) file:///C:/Users/aasem/AppData/Local/Temp/jsreport/autocleanup/fad639ba-a5c7-46e6-936a-feb41425ae45-chrome-pdf.html","meta":{"rootId":"yc4eg64lhaa8aft","id":"yc4eg64lhaa8aft"},"id":"kwh0whqtne8uuvf","previousOperationId":"u1uush34ofya2r0"}
{"type":"log","timestamp":1662563322083,"level":"debug","message":"Page request finished: GET (document) file:///C:/Users/aasem/AppData/Local/Temp/jsreport/autocleanup/fad639ba-a5c7-46e6-936a-feb41425ae45-chrome-pdf.html","meta":{"rootId":"yc4eg64lhaa8aft","id":"yc4eg64lhaa8aft"},"id":"wlnb8lhf6hp8s6y","previousOperationId":"u1uush34ofya2r0"}
{"type":"log","timestamp":1662563322109,"level":"debug","message":"Running chrome with params {\"printBackground\":true,\"timeout\":59964,\"margin\":{}}","meta":{"rootId":"yc4eg64lhaa8aft","id":"yc4eg64lhaa8aft"},"id":"axeqzuq46884a8d","previousOperationId":"u1uush34ofya2r0"}
{"type":"operationEnd","operationId":"u1uush34ofya2r0","timestamp":1662563322198,"id":"40at3tj8fiflxba","previousEventId":"pbr7yiho9x8mvpa","previousOperationId":"u1uush34ofya2r0"}
{"type":"operationStart","subtype":"reports","name":"persisting report","doDiffs":false,"timestamp":1662563322198,"id":"ea7ez1s4mdvmmt5","previousEventId":"40at3tj8fiflxba","operationId":"ftnqafaq91sul97","previousOperationId":"u1uush34ofya2r0"}
{"type":"log","timestamp":1662563322217,"level":"debug","message":"Report stored as reports/salary/salarySlipTemplate/UZFyUGLIbJmhUs1O.pdf","meta":{"rootId":"yc4eg64lhaa8aft","id":"yc4eg64lhaa8aft"},"id":"wo0yzo7dfdw6j96","previousOperationId":"ftnqafaq91sul97"}
{"type":"operationEnd","operationId":"ftnqafaq91sul97","doDiffs":false,"timestamp":1662563322217,"id":"ze82p0jjxzpd0zo","previousEventId":"ea7ez1s4mdvmmt5","previousOperationId":"ftnqafaq91sul97"}
{"type":"log","timestamp":1662563322217,"level":"info","message":"Rendering request 6 finished in 1338 ms","meta":{"rootId":"yc4eg64lhaa8aft","id":"yc4eg64lhaa8aft"},"id":"97i8sheqycjnwym","previousOperationId":"ftnqafaq91sul97"}
{"type":"operationEnd","subtype":"render","operationId":"6i2m77vg365r8lb","timestamp":1662563322217,"id":"1tyvr26u9qcltb8","previousEventId":"ze82p0jjxzpd0zo","previousOperationId":"ftnqafaq91sul97"}
{"type":"operationEnd","doDiffs":false,"previousEventId":"ghzgwjr5oovqdyb","previousOperationId":"llk1fzom6hw020o","operationId":"llk1fzom6hw020o","timestamp":1662563322222,"id":"6jvuuneqsfm6qof"}
