{"type":"operationStart","subtype":"profile","data":{"_id":"wRmPesTRL7Pi16Gg","timestamp":"2022-09-06T16:46:56.518Z","state":"queued","mode":"standard","creationDate":"2022-09-06T16:46:56.519Z","modificationDate":"2022-09-06T16:46:56.519Z","shortid":"A1oNio2","$entitySet":"profiles"},"doDiffs":false,"timestamp":1662482816519,"id":"17cfxsy1a4r8i4b","previousOperationId":null,"operationId":"bib10z3abkci1rw"}
{"type":"log","level":"info","message":"Render request 20 queued for execution and waiting for available worker","previousOperationId":"bib10z3abkci1rw","timestamp":1662482816519,"id":"359ynfubt2e9xc6"}
{"type":"operationStart","subtype":"render","name":"salarySlipTemplate","previousOperationId":"bib10z3abkci1rw","timestamp":1662482816526,"id":"elvepg5yqc05wyr","previousEventId":"17cfxsy1a4r8i4b","operationId":"7u4daafrngnnp50"}
{"type":"log","timestamp":1662482816526,"level":"info","message":"Starting rendering request 20 (user: null)","meta":{"rootId":"yclzs1l2g2sj8mi","id":"yclzs1l2g2sj8mi"},"id":"ug7attawdwa4rj4","previousOperationId":"7u4daafrngnnp50"}
{"type":"log","timestamp":1662482816526,"level":"info","message":"Rendering template { name: salarySlipTemplate, recipe: chrome-pdf, engine: handlebars, preview: false }","meta":{"rootId":"yclzs1l2g2sj8mi","id":"yclzs1l2g2sj8mi"},"id":"8py00zq97m1nwa1","previousOperationId":"7u4daafrngnnp50"}
{"type":"log","timestamp":1662482816529,"level":"debug","message":"Inline data specified.","meta":{"rootId":"yclzs1l2g2sj8mi","id":"yclzs1l2g2sj8mi"},"id":"q5otrdkemsksyy9","previousOperationId":"7u4daafrngnnp50"}
{"type":"log","timestamp":1662482816533,"level":"debug","message":"Base url not specified, skipping its injection.","meta":{"rootId":"yclzs1l2g2sj8mi","id":"yclzs1l2g2sj8mi"},"id":"3n2ky2bx7qc2ol0","previousOperationId":"7u4daafrngnnp50"}
{"type":"operationStart","subtype":"engine","name":"handlebars","timestamp":1662482816533,"id":"rx89hfa4uus56l7","previousEventId":"elvepg5yqc05wyr","operationId":"g4wpnf5iz8lagfy","previousOperationId":"7u4daafrngnnp50"}
{"type":"log","timestamp":1662482816533,"level":"debug","message":"Rendering engine handlebars","meta":{"rootId":"yclzs1l2g2sj8mi","id":"yclzs1l2g2sj8mi"},"id":"pyyd967yieb19lu","previousOperationId":"g4wpnf5iz8lagfy"}
{"type":"operationEnd","operationId":"g4wpnf5iz8lagfy","timestamp":1662482816546,"id":"tx0o5mytck3hqlv","previousEventId":"rx89hfa4uus56l7","previousOperationId":"g4wpnf5iz8lagfy"}
{"type":"operationStart","subtype":"recipe","name":"chrome-pdf","timestamp":1662482816546,"id":"fmfdbij30g3w4zq","previousEventId":"tx0o5mytck3hqlv","operationId":"4c78isre82ksv9w","previousOperationId":"g4wpnf5iz8lagfy"}
{"type":"log","timestamp":1662482816546,"level":"debug","message":"Executing recipe chrome-pdf","meta":{"rootId":"yclzs1l2g2sj8mi","id":"yclzs1l2g2sj8mi"},"id":"qmt3e72tbvd4gbs","previousOperationId":"4c78isre82ksv9w"}
{"type":"log","timestamp":1662482816548,"level":"debug","message":"Converting with chrome HeadlessChrome/98.0.4758.0 using chrome-pool strategy","meta":{"rootId":"yclzs1l2g2sj8mi","id":"yclzs1l2g2sj8mi"},"id":"g6nizmxcc00b0dj","previousOperationId":"4c78isre82ksv9w"}
{"type":"log","timestamp":1662482816645,"level":"debug","message":"Page request: GET (document) file:///C:/Users/aasem/AppData/Local/Temp/jsreport/autocleanup/0dbd6d6e-14d6-4e77-907c-cc6497ac22bf-chrome-pdf.html","meta":{"rootId":"yclzs1l2g2sj8mi","id":"yclzs1l2g2sj8mi"},"id":"j9xzpfhwaxxxnom","previousOperationId":"4c78isre82ksv9w"}
{"type":"log","timestamp":1662482816658,"level":"debug","message":"Page request finished: GET (document) file:///C:/Users/aasem/AppData/Local/Temp/jsreport/autocleanup/0dbd6d6e-14d6-4e77-907c-cc6497ac22bf-chrome-pdf.html","meta":{"rootId":"yclzs1l2g2sj8mi","id":"yclzs1l2g2sj8mi"},"id":"kuzo6bdjmm3ban0","previousOperationId":"4c78isre82ksv9w"}
{"type":"log","timestamp":1662482816688,"level":"debug","message":"Running chrome with params {\"printBackground\":true,\"timeout\":59970,\"margin\":{}}","meta":{"rootId":"yclzs1l2g2sj8mi","id":"yclzs1l2g2sj8mi"},"id":"y8oienln8p4c33t","previousOperationId":"4c78isre82ksv9w"}
{"type":"operationEnd","operationId":"4c78isre82ksv9w","timestamp":1662482816787,"id":"2t8aiggx8muoko8","previousEventId":"fmfdbij30g3w4zq","previousOperationId":"4c78isre82ksv9w"}
{"type":"operationStart","subtype":"reports","name":"persisting report","doDiffs":false,"timestamp":1662482816787,"id":"tvtymqly2hg28p0","previousEventId":"2t8aiggx8muoko8","operationId":"waicn60uzdldclf","previousOperationId":"4c78isre82ksv9w"}
{"type":"log","timestamp":1662482816804,"level":"debug","message":"Report stored as reports/salary/salarySlipTemplate/keyzmPnGJiLasGA7.pdf","meta":{"rootId":"yclzs1l2g2sj8mi","id":"yclzs1l2g2sj8mi"},"id":"q12pr7jyg4tdd5m","previousOperationId":"waicn60uzdldclf"}
{"type":"operationEnd","operationId":"waicn60uzdldclf","doDiffs":false,"timestamp":1662482816804,"id":"o27frrgs10blnjg","previousEventId":"tvtymqly2hg28p0","previousOperationId":"waicn60uzdldclf"}
{"type":"log","timestamp":1662482816804,"level":"info","message":"Rendering request 20 finished in 286 ms","meta":{"rootId":"yclzs1l2g2sj8mi","id":"yclzs1l2g2sj8mi"},"id":"bi41wk8nonmyvvf","previousOperationId":"waicn60uzdldclf"}
{"type":"operationEnd","subtype":"render","operationId":"7u4daafrngnnp50","timestamp":1662482816804,"id":"4e182u76dgzwxhu","previousEventId":"o27frrgs10blnjg","previousOperationId":"waicn60uzdldclf"}
{"type":"operationEnd","doDiffs":false,"previousEventId":"17cfxsy1a4r8i4b","previousOperationId":"bib10z3abkci1rw","operationId":"bib10z3abkci1rw","timestamp":1662482816807,"id":"30ghmp9qdhxaklp"}
