{"type":"operationStart","subtype":"profile","data":{"_id":"YfR29okL1iYv1HxW","timestamp":"2022-09-06T16:21:24.689Z","state":"queued","mode":"standard","creationDate":"2022-09-06T16:21:24.691Z","modificationDate":"2022-09-06T16:21:24.691Z","shortid":"VFTklFJ","$entitySet":"profiles"},"doDiffs":false,"timestamp":1662481284690,"id":"eosgynu6lxhjnyd","previousOperationId":null,"operationId":"62znw614xz8u0y7"}
{"type":"log","level":"info","message":"Render request 4 queued for execution and waiting for available worker","previousOperationId":"62znw614xz8u0y7","timestamp":1662481284690,"id":"3z98fgm8wg6g8td"}
{"type":"operationStart","subtype":"render","name":"salarySlipTemplate","previousOperationId":"62znw614xz8u0y7","timestamp":1662481284698,"id":"jrrll57y8a3cuju","previousEventId":"eosgynu6lxhjnyd","operationId":"66dmp9pq38fn731"}
{"type":"log","timestamp":1662481284698,"level":"info","message":"Starting rendering request 4 (user: null)","meta":{"rootId":"yj2p4x0j1iwezpy","id":"yj2p4x0j1iwezpy"},"id":"8af2scsg9wzxsgl","previousOperationId":"66dmp9pq38fn731"}
{"type":"log","timestamp":1662481284698,"level":"info","message":"Rendering template { name: salarySlipTemplate, recipe: chrome-pdf, engine: handlebars, preview: false }","meta":{"rootId":"yj2p4x0j1iwezpy","id":"yj2p4x0j1iwezpy"},"id":"fbgzkdr4tr6enm0","previousOperationId":"66dmp9pq38fn731"}
{"type":"log","timestamp":1662481284699,"level":"debug","message":"Inline data specified.","meta":{"rootId":"yj2p4x0j1iwezpy","id":"yj2p4x0j1iwezpy"},"id":"84nupcj1zvwsq7o","previousOperationId":"66dmp9pq38fn731"}
{"type":"log","timestamp":1662481284701,"level":"debug","message":"Base url not specified, skipping its injection.","meta":{"rootId":"yj2p4x0j1iwezpy","id":"yj2p4x0j1iwezpy"},"id":"2m35sxykuhzt1tw","previousOperationId":"66dmp9pq38fn731"}
{"type":"operationStart","subtype":"engine","name":"handlebars","timestamp":1662481284702,"id":"ryd5urrsf79ecpm","previousEventId":"jrrll57y8a3cuju","operationId":"x5yx0p8zvkt15d8","previousOperationId":"66dmp9pq38fn731"}
{"type":"log","timestamp":1662481284702,"level":"debug","message":"Rendering engine handlebars","meta":{"rootId":"yj2p4x0j1iwezpy","id":"yj2p4x0j1iwezpy"},"id":"xvo8ucmveur6fog","previousOperationId":"x5yx0p8zvkt15d8"}
{"type":"operationEnd","operationId":"x5yx0p8zvkt15d8","timestamp":1662481284722,"id":"v97c502u2l0ygax","previousEventId":"ryd5urrsf79ecpm","previousOperationId":"x5yx0p8zvkt15d8"}
{"type":"operationStart","subtype":"recipe","name":"chrome-pdf","timestamp":1662481284722,"id":"vxvoq7o84byvrt7","previousEventId":"v97c502u2l0ygax","operationId":"sw1emp79n7wmyy8","previousOperationId":"x5yx0p8zvkt15d8"}
{"type":"log","timestamp":1662481284722,"level":"debug","message":"Executing recipe chrome-pdf","meta":{"rootId":"yj2p4x0j1iwezpy","id":"yj2p4x0j1iwezpy"},"id":"8x502drkow6gudv","previousOperationId":"sw1emp79n7wmyy8"}
{"type":"log","timestamp":1662481284724,"level":"debug","message":"Converting with chrome HeadlessChrome/98.0.4758.0 using chrome-pool strategy","meta":{"rootId":"yj2p4x0j1iwezpy","id":"yj2p4x0j1iwezpy"},"id":"4hbdz480kwbq62f","previousOperationId":"sw1emp79n7wmyy8"}
{"type":"log","timestamp":1662481285006,"level":"debug","message":"Page request: GET (document) file:///C:/Users/aasem/AppData/Local/Temp/jsreport/autocleanup/28d55ba1-8714-4691-af7f-0d496a4f73a9-chrome-pdf.html","meta":{"rootId":"yj2p4x0j1iwezpy","id":"yj2p4x0j1iwezpy"},"id":"878zo789blbhrij","previousOperationId":"sw1emp79n7wmyy8"}
{"type":"log","timestamp":1662481285015,"level":"debug","message":"Page request finished: GET (document) file:///C:/Users/aasem/AppData/Local/Temp/jsreport/autocleanup/28d55ba1-8714-4691-af7f-0d496a4f73a9-chrome-pdf.html","meta":{"rootId":"yj2p4x0j1iwezpy","id":"yj2p4x0j1iwezpy"},"id":"6jftan8zq0snve4","previousOperationId":"sw1emp79n7wmyy8"}
{"type":"log","timestamp":1662481285026,"level":"debug","message":"Running chrome with params {\"printBackground\":true,\"timeout\":59966,\"margin\":{}}","meta":{"rootId":"yj2p4x0j1iwezpy","id":"yj2p4x0j1iwezpy"},"id":"hiwornuo4b42uv8","previousOperationId":"sw1emp79n7wmyy8"}
{"type":"operationEnd","operationId":"sw1emp79n7wmyy8","timestamp":1662481285134,"id":"52rz9ob6beveawh","previousEventId":"vxvoq7o84byvrt7","previousOperationId":"sw1emp79n7wmyy8"}
{"type":"operationStart","subtype":"reports","name":"persisting report","doDiffs":false,"timestamp":1662481285134,"id":"ss8k3y2zgfv01ha","previousEventId":"52rz9ob6beveawh","operationId":"08zpqw5j2jqpd6h","previousOperationId":"sw1emp79n7wmyy8"}
{"type":"log","timestamp":1662481285165,"level":"debug","message":"Report stored as reports/salary/salarySlipTemplate/YJSLtswG4rT0klp6.pdf","meta":{"rootId":"yj2p4x0j1iwezpy","id":"yj2p4x0j1iwezpy"},"id":"q2o0mqzudk9ybkv","previousOperationId":"08zpqw5j2jqpd6h"}
{"type":"operationEnd","operationId":"08zpqw5j2jqpd6h","doDiffs":false,"timestamp":1662481285165,"id":"f0q8b7v8hem4duc","previousEventId":"ss8k3y2zgfv01ha","previousOperationId":"08zpqw5j2jqpd6h"}
{"type":"log","timestamp":1662481285165,"level":"info","message":"Rendering request 4 finished in 476 ms","meta":{"rootId":"yj2p4x0j1iwezpy","id":"yj2p4x0j1iwezpy"},"id":"hj6sgc96689lmp4","previousOperationId":"08zpqw5j2jqpd6h"}
{"type":"operationEnd","subtype":"render","operationId":"66dmp9pq38fn731","timestamp":1662481285165,"id":"i8ktgmcrbcvy9y8","previousEventId":"f0q8b7v8hem4duc","previousOperationId":"08zpqw5j2jqpd6h"}
{"type":"operationEnd","doDiffs":false,"previousEventId":"eosgynu6lxhjnyd","previousOperationId":"62znw614xz8u0y7","operationId":"62znw614xz8u0y7","timestamp":1662481285169,"id":"o7ab0algyn0pnuz"}
