{"type":"operationStart","subtype":"profile","data":{"_id":"CLaswyYKSmGQsgkK","timestamp":"2022-09-11T15:50:49.298Z","state":"queued","mode":"standard","creationDate":"2022-09-11T15:50:49.301Z","modificationDate":"2022-09-11T15:50:49.301Z","shortid":"N7RMyNV","$entitySet":"profiles"},"doDiffs":false,"timestamp":1662911449300,"id":"8x7fjyf6abcnkbd","previousOperationId":null,"operationId":"di2sdcaucorkv7y"}
{"type":"log","level":"info","message":"Render request 10 queued for execution and waiting for available worker","previousOperationId":"di2sdcaucorkv7y","timestamp":1662911449300,"id":"7hohrxoztzap26z"}
{"type":"operationStart","subtype":"render","name":"salarySlipTemplate","previousOperationId":"di2sdcaucorkv7y","timestamp":1662911449319,"id":"h3r207i6clq7hto","previousEventId":"8x7fjyf6abcnkbd","operationId":"f5kjsh6ihs5jchl"}
{"type":"log","timestamp":1662911449319,"level":"info","message":"Starting rendering request 10 (user: null)","meta":{"rootId":"ytxt7zfru3bnuj5","id":"ytxt7zfru3bnuj5"},"id":"0d36qq4hqwoxzzs","previousOperationId":"f5kjsh6ihs5jchl"}
{"type":"log","timestamp":1662911449319,"level":"info","message":"Rendering template { name: salarySlipTemplate, recipe: chrome-pdf, engine: handlebars, preview: false }","meta":{"rootId":"ytxt7zfru3bnuj5","id":"ytxt7zfru3bnuj5"},"id":"nm7h168kqhy55r9","previousOperationId":"f5kjsh6ihs5jchl"}
{"type":"log","timestamp":1662911449320,"level":"debug","message":"Inline data specified.","meta":{"rootId":"ytxt7zfru3bnuj5","id":"ytxt7zfru3bnuj5"},"id":"galh5lroax9b11a","previousOperationId":"f5kjsh6ihs5jchl"}
{"type":"log","timestamp":1662911449322,"level":"debug","message":"Base url not specified, skipping its injection.","meta":{"rootId":"ytxt7zfru3bnuj5","id":"ytxt7zfru3bnuj5"},"id":"b5ccljr7bce57tv","previousOperationId":"f5kjsh6ihs5jchl"}
{"type":"operationStart","subtype":"engine","name":"handlebars","timestamp":1662911449322,"id":"1kztj51hdzrh8b7","previousEventId":"h3r207i6clq7hto","operationId":"zhosj6gxjqt7qvt","previousOperationId":"f5kjsh6ihs5jchl"}
{"type":"log","timestamp":1662911449322,"level":"debug","message":"Rendering engine handlebars","meta":{"rootId":"ytxt7zfru3bnuj5","id":"ytxt7zfru3bnuj5"},"id":"rk6x5dtmoj1a6hz","previousOperationId":"zhosj6gxjqt7qvt"}
{"type":"operationEnd","operationId":"zhosj6gxjqt7qvt","timestamp":1662911449337,"id":"phf5dgmrxg2perb","previousEventId":"1kztj51hdzrh8b7","previousOperationId":"zhosj6gxjqt7qvt"}
{"type":"operationStart","subtype":"recipe","name":"chrome-pdf","timestamp":1662911449337,"id":"46q7wpla1810w3s","previousEventId":"phf5dgmrxg2perb","operationId":"liwfjqmr2xkxqc7","previousOperationId":"zhosj6gxjqt7qvt"}
{"type":"log","timestamp":1662911449337,"level":"debug","message":"Executing recipe chrome-pdf","meta":{"rootId":"ytxt7zfru3bnuj5","id":"ytxt7zfru3bnuj5"},"id":"0za0wg2a4utm93t","previousOperationId":"liwfjqmr2xkxqc7"}
{"type":"log","timestamp":1662911449340,"level":"debug","message":"Converting with chrome HeadlessChrome/98.0.4758.0 using chrome-pool strategy","meta":{"rootId":"ytxt7zfru3bnuj5","id":"ytxt7zfru3bnuj5"},"id":"e8sk87alhylfrba","previousOperationId":"liwfjqmr2xkxqc7"}
{"type":"log","timestamp":1662911449430,"level":"debug","message":"Page request: GET (document) file:///C:/Users/aasem/AppData/Local/Temp/jsreport/autocleanup/00a1508b-44a2-4097-9759-5fbf52f87817-chrome-pdf.html","meta":{"rootId":"ytxt7zfru3bnuj5","id":"ytxt7zfru3bnuj5"},"id":"e31segcja1nl8kw","previousOperationId":"liwfjqmr2xkxqc7"}
{"type":"log","timestamp":1662911449438,"level":"debug","message":"Page request finished: GET (document) file:///C:/Users/aasem/AppData/Local/Temp/jsreport/autocleanup/00a1508b-44a2-4097-9759-5fbf52f87817-chrome-pdf.html","meta":{"rootId":"ytxt7zfru3bnuj5","id":"ytxt7zfru3bnuj5"},"id":"d7fzmj1jbc50e8k","previousOperationId":"liwfjqmr2xkxqc7"}
{"type":"log","timestamp":1662911449466,"level":"debug","message":"Running chrome with params {\"printBackground\":true,\"timeout\":59959,\"margin\":{}}","meta":{"rootId":"ytxt7zfru3bnuj5","id":"ytxt7zfru3bnuj5"},"id":"xpufvywst7dongs","previousOperationId":"liwfjqmr2xkxqc7"}
{"type":"operationEnd","operationId":"liwfjqmr2xkxqc7","timestamp":1662911449577,"id":"6r4y9da8pd6m841","previousEventId":"46q7wpla1810w3s","previousOperationId":"liwfjqmr2xkxqc7"}
{"type":"log","timestamp":1662911449577,"level":"debug","message":"Skipping storing report.","meta":{"rootId":"ytxt7zfru3bnuj5","id":"ytxt7zfru3bnuj5"},"id":"2t53josnrh99z03","previousOperationId":"liwfjqmr2xkxqc7"}
{"type":"log","timestamp":1662911449577,"level":"info","message":"Rendering request 10 finished in 279 ms","meta":{"rootId":"ytxt7zfru3bnuj5","id":"ytxt7zfru3bnuj5"},"id":"ofx0v1yynz41da5","previousOperationId":"liwfjqmr2xkxqc7"}
{"type":"operationEnd","subtype":"render","operationId":"f5kjsh6ihs5jchl","timestamp":1662911449577,"id":"5tsh0h6hj1uau3i","previousEventId":"6r4y9da8pd6m841","previousOperationId":"liwfjqmr2xkxqc7"}
{"type":"operationEnd","doDiffs":false,"previousEventId":"8x7fjyf6abcnkbd","previousOperationId":"di2sdcaucorkv7y","operationId":"di2sdcaucorkv7y","timestamp":1662911449579,"id":"96ixn2iqpdb0585"}
