{"type":"operationStart","subtype":"profile","data":{"_id":"kLW8iscs6kOxAIkv","timestamp":"2022-09-07T00:13:31.373Z","state":"queued","mode":"standard","creationDate":"2022-09-07T00:13:31.375Z","modificationDate":"2022-09-07T00:13:31.375Z","shortid":"uspoSgA","$entitySet":"profiles"},"doDiffs":false,"timestamp":1662509611374,"id":"w2ygsf8j405y31j","previousOperationId":null,"operationId":"7hrxs9o00h48p1t"}
{"type":"log","level":"info","message":"Render request 14 queued for execution and waiting for available worker","previousOperationId":"7hrxs9o00h48p1t","timestamp":1662509611374,"id":"cjj2ae70r2910y5"}
{"type":"operationStart","subtype":"render","name":"salarySlipTemplate","previousOperationId":"7hrxs9o00h48p1t","timestamp":1662509611385,"id":"7hejw2wuikn4sio","previousEventId":"w2ygsf8j405y31j","operationId":"axcgrgofh3elv4n"}
{"type":"log","timestamp":1662509611385,"level":"info","message":"Starting rendering request 14 (user: null)","meta":{"rootId":"z6sxexzof7ff82c","id":"z6sxexzof7ff82c"},"id":"96s1kdo1no2u479","previousOperationId":"axcgrgofh3elv4n"}
{"type":"log","timestamp":1662509611386,"level":"info","message":"Rendering template { name: salarySlipTemplate, recipe: chrome-pdf, engine: handlebars, preview: false }","meta":{"rootId":"z6sxexzof7ff82c","id":"z6sxexzof7ff82c"},"id":"bzfnqrx6kg6n2kv","previousOperationId":"axcgrgofh3elv4n"}
{"type":"log","timestamp":1662509611386,"level":"debug","message":"Inline data specified.","meta":{"rootId":"z6sxexzof7ff82c","id":"z6sxexzof7ff82c"},"id":"bumdpslj42n7wv8","previousOperationId":"axcgrgofh3elv4n"}
{"type":"log","timestamp":1662509611388,"level":"debug","message":"Base url not specified, skipping its injection.","meta":{"rootId":"z6sxexzof7ff82c","id":"z6sxexzof7ff82c"},"id":"qafiz4hq9ax9piu","previousOperationId":"axcgrgofh3elv4n"}
{"type":"operationStart","subtype":"engine","name":"handlebars","timestamp":1662509611388,"id":"9r87npv68i6yjvt","previousEventId":"7hejw2wuikn4sio","operationId":"8dg03seru4x6xh0","previousOperationId":"axcgrgofh3elv4n"}
{"type":"log","timestamp":1662509611388,"level":"debug","message":"Rendering engine handlebars","meta":{"rootId":"z6sxexzof7ff82c","id":"z6sxexzof7ff82c"},"id":"qum1l076g7g3f05","previousOperationId":"8dg03seru4x6xh0"}
{"type":"operationEnd","operationId":"8dg03seru4x6xh0","timestamp":1662509611402,"id":"wr0mywb81825a1w","previousEventId":"9r87npv68i6yjvt","previousOperationId":"8dg03seru4x6xh0"}
{"type":"operationStart","subtype":"recipe","name":"chrome-pdf","timestamp":1662509611403,"id":"tbpnonfumbq87ui","previousEventId":"wr0mywb81825a1w","operationId":"g7xp86lx87jg21f","previousOperationId":"8dg03seru4x6xh0"}
{"type":"log","timestamp":1662509611403,"level":"debug","message":"Executing recipe chrome-pdf","meta":{"rootId":"z6sxexzof7ff82c","id":"z6sxexzof7ff82c"},"id":"7sa836gpbi4n898","previousOperationId":"g7xp86lx87jg21f"}
{"type":"log","timestamp":1662509611405,"level":"debug","message":"Converting with chrome HeadlessChrome/98.0.4758.0 using chrome-pool strategy","meta":{"rootId":"z6sxexzof7ff82c","id":"z6sxexzof7ff82c"},"id":"ubmy377sikt2qte","previousOperationId":"g7xp86lx87jg21f"}
{"type":"log","timestamp":1662509611498,"level":"debug","message":"Page request: GET (document) file:///C:/Users/aasem/AppData/Local/Temp/jsreport/autocleanup/2b5f0eed-f9bb-4351-b816-f19bb4a372d8-chrome-pdf.html","meta":{"rootId":"z6sxexzof7ff82c","id":"z6sxexzof7ff82c"},"id":"8jsjx2ym5y0gruo","previousOperationId":"g7xp86lx87jg21f"}
{"type":"log","timestamp":1662509611507,"level":"debug","message":"Page request finished: GET (document) file:///C:/Users/aasem/AppData/Local/Temp/jsreport/autocleanup/2b5f0eed-f9bb-4351-b816-f19bb4a372d8-chrome-pdf.html","meta":{"rootId":"z6sxexzof7ff82c","id":"z6sxexzof7ff82c"},"id":"9jp5wyb1lq7e0j0","previousOperationId":"g7xp86lx87jg21f"}
{"type":"log","timestamp":1662509611532,"level":"debug","message":"Running chrome with params {\"printBackground\":true,\"timeout\":59969,\"margin\":{}}","meta":{"rootId":"z6sxexzof7ff82c","id":"z6sxexzof7ff82c"},"id":"o6l514lygbf4cuf","previousOperationId":"g7xp86lx87jg21f"}
{"type":"operationEnd","operationId":"g7xp86lx87jg21f","timestamp":1662509611630,"id":"osgvk52rlgt72h0","previousEventId":"tbpnonfumbq87ui","previousOperationId":"g7xp86lx87jg21f"}
{"type":"operationStart","subtype":"reports","name":"persisting report","doDiffs":false,"timestamp":1662509611630,"id":"cpzchurykypo63k","previousEventId":"osgvk52rlgt72h0","operationId":"w8tzwhk7vcwxjjg","previousOperationId":"g7xp86lx87jg21f"}
{"type":"log","timestamp":1662509611645,"level":"debug","message":"Report stored as reports/salary/salarySlipTemplate/cX8q45qKGVOCKgdT.pdf","meta":{"rootId":"z6sxexzof7ff82c","id":"z6sxexzof7ff82c"},"id":"c2vdl5yq9zkua0l","previousOperationId":"w8tzwhk7vcwxjjg"}
{"type":"operationEnd","operationId":"w8tzwhk7vcwxjjg","doDiffs":false,"timestamp":1662509611645,"id":"h6hj42x6ddpdkhl","previousEventId":"cpzchurykypo63k","previousOperationId":"w8tzwhk7vcwxjjg"}
{"type":"log","timestamp":1662509611645,"level":"info","message":"Rendering request 14 finished in 272 ms","meta":{"rootId":"z6sxexzof7ff82c","id":"z6sxexzof7ff82c"},"id":"622xqj3pmdr4z1w","previousOperationId":"w8tzwhk7vcwxjjg"}
{"type":"operationEnd","subtype":"render","operationId":"axcgrgofh3elv4n","timestamp":1662509611645,"id":"mdhledfh5g8pj15","previousEventId":"h6hj42x6ddpdkhl","previousOperationId":"w8tzwhk7vcwxjjg"}
{"type":"operationEnd","doDiffs":false,"previousEventId":"w2ygsf8j405y31j","previousOperationId":"7hrxs9o00h48p1t","operationId":"7hrxs9o00h48p1t","timestamp":1662509611650,"id":"zwgvxzllf4j1e3v"}
