{"type":"operationStart","subtype":"profile","data":{"_id":"u3GnanfpKO00XdH7","timestamp":"2022-09-06T16:24:18.226Z","state":"queued","mode":"standard","creationDate":"2022-09-06T16:24:18.228Z","modificationDate":"2022-09-06T16:24:18.228Z","shortid":"O2Sv0hL","$entitySet":"profiles"},"doDiffs":false,"timestamp":1662481458227,"id":"2ek2h6bdmholl1q","previousOperationId":null,"operationId":"r62z0dpp1h6y9z1"}
{"type":"log","level":"info","message":"Render request 9 queued for execution and waiting for available worker","previousOperationId":"r62z0dpp1h6y9z1","timestamp":1662481458228,"id":"ucu2vqc9n6n8ja7"}
{"type":"operationStart","subtype":"render","name":"salarySlipTemplate","previousOperationId":"r62z0dpp1h6y9z1","timestamp":1662481458237,"id":"rls1y3gj3a2ep4t","previousEventId":"2ek2h6bdmholl1q","operationId":"v3nl53k5tecfa6w"}
{"type":"log","timestamp":1662481458238,"level":"info","message":"Starting rendering request 9 (user: null)","meta":{"rootId":"z877ehaxpsdtv1a","id":"z877ehaxpsdtv1a"},"id":"pbx58314xzv7b79","previousOperationId":"v3nl53k5tecfa6w"}
{"type":"log","timestamp":1662481458241,"level":"info","message":"Rendering template { name: salarySlipTemplate, recipe: chrome-pdf, engine: handlebars, preview: true }","meta":{"rootId":"z877ehaxpsdtv1a","id":"z877ehaxpsdtv1a"},"id":"5dsa0cks70isoz3","previousOperationId":"v3nl53k5tecfa6w"}
{"type":"log","timestamp":1662481458243,"level":"debug","message":"Adding sample data _nlyMv-1U","meta":{"rootId":"z877ehaxpsdtv1a","id":"z877ehaxpsdtv1a"},"id":"tahz5cyxkq07dg2","previousOperationId":"v3nl53k5tecfa6w"}
{"type":"log","timestamp":1662481458246,"level":"debug","message":"Base url not specified, skipping its injection.","meta":{"rootId":"z877ehaxpsdtv1a","id":"z877ehaxpsdtv1a"},"id":"b68urlxdqreclcx","previousOperationId":"v3nl53k5tecfa6w"}
{"type":"operationStart","subtype":"engine","name":"handlebars","timestamp":1662481458246,"id":"w221y80tyy0itu4","previousEventId":"rls1y3gj3a2ep4t","operationId":"a1k4raedhjx798g","previousOperationId":"v3nl53k5tecfa6w"}
{"type":"log","timestamp":1662481458246,"level":"debug","message":"Rendering engine handlebars","meta":{"rootId":"z877ehaxpsdtv1a","id":"z877ehaxpsdtv1a"},"id":"i63orizb8b84en3","previousOperationId":"a1k4raedhjx798g"}
{"type":"operationEnd","operationId":"a1k4raedhjx798g","timestamp":1662481458267,"id":"vgsz0012ncbst2b","previousEventId":"w221y80tyy0itu4","previousOperationId":"a1k4raedhjx798g"}
{"type":"operationStart","subtype":"recipe","name":"chrome-pdf","timestamp":1662481458267,"id":"ko8cbzo1at83hmh","previousEventId":"vgsz0012ncbst2b","operationId":"msgtw8nups3xfj7","previousOperationId":"a1k4raedhjx798g"}
{"type":"log","timestamp":1662481458267,"level":"debug","message":"Executing recipe chrome-pdf","meta":{"rootId":"z877ehaxpsdtv1a","id":"z877ehaxpsdtv1a"},"id":"qhi8o3ftqp03gqf","previousOperationId":"msgtw8nups3xfj7"}
{"type":"log","timestamp":1662481458271,"level":"debug","message":"Converting with chrome HeadlessChrome/98.0.4758.0 using chrome-pool strategy","meta":{"rootId":"z877ehaxpsdtv1a","id":"z877ehaxpsdtv1a"},"id":"5gwqn5yi8lntx2k","previousOperationId":"msgtw8nups3xfj7"}
{"type":"log","timestamp":1662481458433,"level":"debug","message":"Page request: GET (document) file:///C:/Users/aasem/AppData/Local/Temp/jsreport/autocleanup/650f68ef-1f80-47ef-9b30-7689a9a8dca2-chrome-pdf.html","meta":{"rootId":"z877ehaxpsdtv1a","id":"z877ehaxpsdtv1a"},"id":"bijj41h9i6ckjki","previousOperationId":"msgtw8nups3xfj7"}
{"type":"log","timestamp":1662481458475,"level":"debug","message":"Page request finished: GET (document) file:///C:/Users/aasem/AppData/Local/Temp/jsreport/autocleanup/650f68ef-1f80-47ef-9b30-7689a9a8dca2-chrome-pdf.html","meta":{"rootId":"z877ehaxpsdtv1a","id":"z877ehaxpsdtv1a"},"id":"tx1ljkbeb0h9fqq","previousOperationId":"msgtw8nups3xfj7"}
{"type":"log","timestamp":1662481458491,"level":"debug","message":"Running chrome with params {\"printBackground\":true,\"timeout\":59956,\"margin\":{}}","meta":{"rootId":"z877ehaxpsdtv1a","id":"z877ehaxpsdtv1a"},"id":"ltikdu9klwctkr4","previousOperationId":"msgtw8nups3xfj7"}
{"type":"operationEnd","operationId":"msgtw8nups3xfj7","timestamp":1662481458519,"id":"ubfm584almluhp3","previousEventId":"ko8cbzo1at83hmh","previousOperationId":"msgtw8nups3xfj7"}
{"type":"log","timestamp":1662481458519,"level":"debug","message":"Skipping storing report.","meta":{"rootId":"z877ehaxpsdtv1a","id":"z877ehaxpsdtv1a"},"id":"vhfgfmkxwu74ziz","previousOperationId":"msgtw8nups3xfj7"}
{"type":"log","timestamp":1662481458519,"level":"info","message":"Rendering request 9 finished in 293 ms","meta":{"rootId":"z877ehaxpsdtv1a","id":"z877ehaxpsdtv1a"},"id":"6rr1i8vpcjtupqq","previousOperationId":"msgtw8nups3xfj7"}
{"type":"operationEnd","subtype":"render","operationId":"v3nl53k5tecfa6w","timestamp":1662481458519,"id":"4q50aarfnnhebt0","previousEventId":"ubfm584almluhp3","previousOperationId":"msgtw8nups3xfj7"}
{"type":"operationEnd","doDiffs":false,"previousEventId":"2ek2h6bdmholl1q","previousOperationId":"r62z0dpp1h6y9z1","operationId":"r62z0dpp1h6y9z1","timestamp":1662481458526,"id":"cc3zqifcyzcz07a"}
