{"type":"operationStart","subtype":"profile","data":{"_id":"ZtaOtME6wfHrvuIt","timestamp":"2022-09-06T17:37:05.386Z","state":"queued","mode":"standard","creationDate":"2022-09-06T17:37:05.390Z","modificationDate":"2022-09-06T17:37:05.390Z","shortid":"1qI4thx","$entitySet":"profiles"},"doDiffs":false,"timestamp":1662485825388,"id":"bgiy46xqxyxjpbt","previousOperationId":null,"operationId":"z4ekpgp9ou0f8pr"}
{"type":"log","level":"info","message":"Render request 1 queued for execution and waiting for available worker","previousOperationId":"z4ekpgp9ou0f8pr","timestamp":1662485825388,"id":"16bny6clal556cm"}
{"type":"operationStart","subtype":"render","name":"salarySlipTemplate","previousOperationId":"z4ekpgp9ou0f8pr","timestamp":1662485825416,"id":"kit15z9ot6jxuaz","previousEventId":"bgiy46xqxyxjpbt","operationId":"6a4k5nm7vqqhvau"}
{"type":"log","timestamp":1662485825417,"level":"info","message":"Starting rendering request 1 (user: null)","meta":{"rootId":"zim39nrj26ux3j7","id":"zim39nrj26ux3j7"},"id":"11ljd984ehnjiuo","previousOperationId":"6a4k5nm7vqqhvau"}
{"type":"log","timestamp":1662485825418,"level":"info","message":"Rendering template { name: salarySlipTemplate, recipe: chrome-pdf, engine: handlebars, preview: false }","meta":{"rootId":"zim39nrj26ux3j7","id":"zim39nrj26ux3j7"},"id":"guhg35authxsod9","previousOperationId":"6a4k5nm7vqqhvau"}
{"type":"log","timestamp":1662485825420,"level":"debug","message":"Inline data specified.","meta":{"rootId":"zim39nrj26ux3j7","id":"zim39nrj26ux3j7"},"id":"1n143blq5z6fqjo","previousOperationId":"6a4k5nm7vqqhvau"}
{"type":"log","timestamp":1662485825423,"level":"debug","message":"Base url not specified, skipping its injection.","meta":{"rootId":"zim39nrj26ux3j7","id":"zim39nrj26ux3j7"},"id":"e35royfhk9mjoek","previousOperationId":"6a4k5nm7vqqhvau"}
{"type":"operationStart","subtype":"engine","name":"handlebars","timestamp":1662485825424,"id":"zzbgof42ijryc4w","previousEventId":"kit15z9ot6jxuaz","operationId":"637arib8a90zvag","previousOperationId":"6a4k5nm7vqqhvau"}
{"type":"log","timestamp":1662485825424,"level":"debug","message":"Rendering engine handlebars","meta":{"rootId":"zim39nrj26ux3j7","id":"zim39nrj26ux3j7"},"id":"yxyfh1lt3nrh10d","previousOperationId":"637arib8a90zvag"}
{"type":"operationEnd","operationId":"637arib8a90zvag","timestamp":1662485826072,"id":"6o8eyi4oc0v5d7q","previousEventId":"zzbgof42ijryc4w","previousOperationId":"637arib8a90zvag"}
{"type":"operationStart","subtype":"recipe","name":"chrome-pdf","timestamp":1662485826073,"id":"z071tbowl2paend","previousEventId":"6o8eyi4oc0v5d7q","operationId":"9ase3o1j7knvqwv","previousOperationId":"637arib8a90zvag"}
{"type":"log","timestamp":1662485826073,"level":"debug","message":"Executing recipe chrome-pdf","meta":{"rootId":"zim39nrj26ux3j7","id":"zim39nrj26ux3j7"},"id":"lxq4r159yjcryi8","previousOperationId":"9ase3o1j7knvqwv"}
{"type":"log","timestamp":1662485826611,"level":"debug","message":"Converting with chrome HeadlessChrome/98.0.4758.0 using chrome-pool strategy","meta":{"rootId":"zim39nrj26ux3j7","id":"zim39nrj26ux3j7"},"id":"s1aehma0hh7ax7a","previousOperationId":"9ase3o1j7knvqwv"}
{"type":"log","timestamp":1662485827325,"level":"debug","message":"Page request: GET (document) file:///C:/Users/aasem/AppData/Local/Temp/jsreport/autocleanup/8e525f5b-c0be-47cd-8f91-64fbe791c1e4-chrome-pdf.html","meta":{"rootId":"zim39nrj26ux3j7","id":"zim39nrj26ux3j7"},"id":"bx22jwiwb1ko4j7","previousOperationId":"9ase3o1j7knvqwv"}
{"type":"log","timestamp":1662485827335,"level":"debug","message":"Page request finished: GET (document) file:///C:/Users/aasem/AppData/Local/Temp/jsreport/autocleanup/8e525f5b-c0be-47cd-8f91-64fbe791c1e4-chrome-pdf.html","meta":{"rootId":"zim39nrj26ux3j7","id":"zim39nrj26ux3j7"},"id":"o0kgddifdv5v69u","previousOperationId":"9ase3o1j7knvqwv"}
{"type":"log","timestamp":1662485827368,"level":"debug","message":"Running chrome with params {\"printBackground\":true,\"timeout\":59185,\"margin\":{}}","meta":{"rootId":"zim39nrj26ux3j7","id":"zim39nrj26ux3j7"},"id":"759s00dc2jwmtc4","previousOperationId":"9ase3o1j7knvqwv"}
{"type":"operationEnd","operationId":"9ase3o1j7knvqwv","timestamp":1662485827467,"id":"3ff85cca8ijy5wd","previousEventId":"z071tbowl2paend","previousOperationId":"9ase3o1j7knvqwv"}
{"type":"operationStart","subtype":"reports","name":"persisting report","doDiffs":false,"timestamp":1662485827468,"id":"g01f0j8beq24ut4","previousEventId":"3ff85cca8ijy5wd","operationId":"675xnwcbzlc5l60","previousOperationId":"9ase3o1j7knvqwv"}
{"type":"log","timestamp":1662485827486,"level":"debug","message":"Report stored as reports/salary/salarySlipTemplate/lXNBpXABIDhRPCHJ.pdf","meta":{"rootId":"zim39nrj26ux3j7","id":"zim39nrj26ux3j7"},"id":"odmv9wjxb7k4qnx","previousOperationId":"675xnwcbzlc5l60"}
{"type":"operationEnd","operationId":"675xnwcbzlc5l60","doDiffs":false,"timestamp":1662485827487,"id":"fcy65zs2f9zp2dl","previousEventId":"g01f0j8beq24ut4","previousOperationId":"675xnwcbzlc5l60"}
{"type":"log","timestamp":1662485827487,"level":"info","message":"Rendering request 1 finished in 2102 ms","meta":{"rootId":"zim39nrj26ux3j7","id":"zim39nrj26ux3j7"},"id":"sgvvg3wrlwr8a0u","previousOperationId":"675xnwcbzlc5l60"}
{"type":"operationEnd","subtype":"render","operationId":"6a4k5nm7vqqhvau","timestamp":1662485827487,"id":"n7aqjd4f3f627kw","previousEventId":"fcy65zs2f9zp2dl","previousOperationId":"675xnwcbzlc5l60"}
{"type":"operationEnd","doDiffs":false,"previousEventId":"bgiy46xqxyxjpbt","previousOperationId":"z4ekpgp9ou0f8pr","operationId":"z4ekpgp9ou0f8pr","timestamp":1662485827490,"id":"hy2aabm3oaqt2bd"}
