{"type":"operationStart","subtype":"profile","data":{"_id":"9ZI0ZfhOh68RWVqJ","timestamp":"2022-09-10T21:16:44.441Z","state":"queued","mode":"standard","creationDate":"2022-09-10T21:16:44.443Z","modificationDate":"2022-09-10T21:16:44.443Z","shortid":"W42ILoD","$entitySet":"profiles"},"doDiffs":false,"timestamp":1662844604443,"id":"53vs0rwwztsl5d4","previousOperationId":null,"operationId":"mploa8jkkd7a15q"}
{"type":"log","level":"info","message":"Render request 2 queued for execution and waiting for available worker","previousOperationId":"mploa8jkkd7a15q","timestamp":1662844604443,"id":"ejsf6lhk683p6ie"}
{"type":"operationStart","subtype":"render","name":"salarySlipTemplate","previousOperationId":"mploa8jkkd7a15q","timestamp":1662844604457,"id":"umma8s1veo7br30","previousEventId":"53vs0rwwztsl5d4","operationId":"tbdsbqxts41c8bc"}
{"type":"log","timestamp":1662844604458,"level":"info","message":"Starting rendering request 2 (user: null)","meta":{"rootId":"zsli4c26fmtyjj3","id":"zsli4c26fmtyjj3"},"id":"5if961scf4hmcl9","previousOperationId":"tbdsbqxts41c8bc"}
{"type":"log","timestamp":1662844604459,"level":"info","message":"Rendering template { name: salarySlipTemplate, recipe: chrome-pdf, engine: handlebars, preview: false }","meta":{"rootId":"zsli4c26fmtyjj3","id":"zsli4c26fmtyjj3"},"id":"d0ca60ff1lbbr8z","previousOperationId":"tbdsbqxts41c8bc"}
{"type":"log","timestamp":1662844604461,"level":"debug","message":"Inline data specified.","meta":{"rootId":"zsli4c26fmtyjj3","id":"zsli4c26fmtyjj3"},"id":"0wjioouihqvf10f","previousOperationId":"tbdsbqxts41c8bc"}
{"type":"log","timestamp":1662844604464,"level":"debug","message":"Base url not specified, skipping its injection.","meta":{"rootId":"zsli4c26fmtyjj3","id":"zsli4c26fmtyjj3"},"id":"q97gow9g0dvj5i4","previousOperationId":"tbdsbqxts41c8bc"}
{"type":"operationStart","subtype":"engine","name":"handlebars","timestamp":1662844604465,"id":"28u38vw2ehhog4g","previousEventId":"umma8s1veo7br30","operationId":"791e3tzwbzo9voc","previousOperationId":"tbdsbqxts41c8bc"}
{"type":"log","timestamp":1662844604465,"level":"debug","message":"Rendering engine handlebars","meta":{"rootId":"zsli4c26fmtyjj3","id":"zsli4c26fmtyjj3"},"id":"pru6r4nkp1nntjt","previousOperationId":"791e3tzwbzo9voc"}
{"type":"operationEnd","operationId":"791e3tzwbzo9voc","timestamp":1662844605098,"id":"nxwt3fw1n36hvo1","previousEventId":"28u38vw2ehhog4g","previousOperationId":"791e3tzwbzo9voc"}
{"type":"operationStart","subtype":"recipe","name":"chrome-pdf","timestamp":1662844605098,"id":"pacvp4fyakxm731","previousEventId":"nxwt3fw1n36hvo1","operationId":"jtxmlfcbb6tmbef","previousOperationId":"791e3tzwbzo9voc"}
{"type":"log","timestamp":1662844605098,"level":"debug","message":"Executing recipe chrome-pdf","meta":{"rootId":"zsli4c26fmtyjj3","id":"zsli4c26fmtyjj3"},"id":"cjiiexfl3iuetb3","previousOperationId":"jtxmlfcbb6tmbef"}
{"type":"log","timestamp":1662844612147,"level":"debug","message":"Converting with chrome HeadlessChrome/98.0.4758.0 using chrome-pool strategy","meta":{"rootId":"zsli4c26fmtyjj3","id":"zsli4c26fmtyjj3"},"id":"27ca5vad0grsdmm","previousOperationId":"jtxmlfcbb6tmbef"}
{"type":"log","timestamp":1662844613131,"level":"debug","message":"Page request: GET (document) file:///C:/Users/aasem/AppData/Local/Temp/jsreport/autocleanup/45a22462-5249-4e75-a554-777c3df21c32-chrome-pdf.html","meta":{"rootId":"zsli4c26fmtyjj3","id":"zsli4c26fmtyjj3"},"id":"9yac3t8e274a6d3","previousOperationId":"jtxmlfcbb6tmbef"}
{"type":"log","timestamp":1662844613167,"level":"debug","message":"Page request finished: GET (document) file:///C:/Users/aasem/AppData/Local/Temp/jsreport/autocleanup/45a22462-5249-4e75-a554-777c3df21c32-chrome-pdf.html","meta":{"rootId":"zsli4c26fmtyjj3","id":"zsli4c26fmtyjj3"},"id":"0u7zyhmzk26ltv5","previousOperationId":"jtxmlfcbb6tmbef"}
{"type":"log","timestamp":1662844613311,"level":"debug","message":"Running chrome with params {\"printBackground\":true,\"timeout\":59225,\"margin\":{}}","meta":{"rootId":"zsli4c26fmtyjj3","id":"zsli4c26fmtyjj3"},"id":"98fcaqno5msduuw","previousOperationId":"jtxmlfcbb6tmbef"}
{"type":"operationEnd","operationId":"jtxmlfcbb6tmbef","timestamp":1662844613439,"id":"ehank6hezgvjr0s","previousEventId":"pacvp4fyakxm731","previousOperationId":"jtxmlfcbb6tmbef"}
{"type":"log","timestamp":1662844613440,"level":"debug","message":"Skipping storing report.","meta":{"rootId":"zsli4c26fmtyjj3","id":"zsli4c26fmtyjj3"},"id":"69r9o9jz6hfc8h8","previousOperationId":"jtxmlfcbb6tmbef"}
{"type":"log","timestamp":1662844613441,"level":"info","message":"Rendering request 2 finished in 8999 ms","meta":{"rootId":"zsli4c26fmtyjj3","id":"zsli4c26fmtyjj3"},"id":"8r1dq9cseywuesb","previousOperationId":"jtxmlfcbb6tmbef"}
{"type":"operationEnd","subtype":"render","operationId":"tbdsbqxts41c8bc","timestamp":1662844613441,"id":"yjls4nz3eodjqzr","previousEventId":"ehank6hezgvjr0s","previousOperationId":"jtxmlfcbb6tmbef"}
{"type":"operationEnd","doDiffs":false,"previousEventId":"53vs0rwwztsl5d4","previousOperationId":"mploa8jkkd7a15q","operationId":"mploa8jkkd7a15q","timestamp":1662844613444,"id":"x2a8i5zfxr2na8e"}
