{"type":"operationStart","subtype":"profile","data":{"_id":"5VSOhCxBxf67H6Cn","timestamp":"2022-09-06T16:29:36.977Z","state":"queued","mode":"standard","creationDate":"2022-09-06T16:29:36.979Z","modificationDate":"2022-09-06T16:29:36.979Z","shortid":"YDkdzeI","$entitySet":"profiles"},"doDiffs":false,"timestamp":1662481776978,"id":"wzt4x32we9b4owq","previousOperationId":null,"operationId":"94luxd8tat9sto4"}
{"type":"log","level":"info","message":"Render request 14 queued for execution and waiting for available worker","previousOperationId":"94luxd8tat9sto4","timestamp":1662481776978,"id":"cp87bv4k07kg2gg"}
{"type":"operationStart","subtype":"render","name":"salarySlipTemplate","previousOperationId":"94luxd8tat9sto4","timestamp":1662481776989,"id":"od6uvpp7s3to6cn","previousEventId":"wzt4x32we9b4owq","operationId":"f3cxdbvfxn4neiq"}
{"type":"log","timestamp":1662481776989,"level":"info","message":"Starting rendering request 14 (user: null)","meta":{"rootId":"zxh21yhftxqbw2z","id":"zxh21yhftxqbw2z"},"id":"4v3fan7v8dmmavv","previousOperationId":"f3cxdbvfxn4neiq"}
{"type":"log","timestamp":1662481776989,"level":"info","message":"Rendering template { name: salarySlipTemplate, recipe: chrome-pdf, engine: handlebars, preview: true }","meta":{"rootId":"zxh21yhftxqbw2z","id":"zxh21yhftxqbw2z"},"id":"de1hl2dbzb4pzjl","previousOperationId":"f3cxdbvfxn4neiq"}
{"type":"log","timestamp":1662481776991,"level":"debug","message":"Adding sample data _nlyMv-1U","meta":{"rootId":"zxh21yhftxqbw2z","id":"zxh21yhftxqbw2z"},"id":"hrsg0w7k7ru7530","previousOperationId":"f3cxdbvfxn4neiq"}
{"type":"log","timestamp":1662481776993,"level":"debug","message":"Base url not specified, skipping its injection.","meta":{"rootId":"zxh21yhftxqbw2z","id":"zxh21yhftxqbw2z"},"id":"ca8wvk9r17zuo90","previousOperationId":"f3cxdbvfxn4neiq"}
{"type":"operationStart","subtype":"engine","name":"handlebars","timestamp":1662481776994,"id":"9w7rnj6py5u47cl","previousEventId":"od6uvpp7s3to6cn","operationId":"4e5ku38p80ddisw","previousOperationId":"f3cxdbvfxn4neiq"}
{"type":"log","timestamp":1662481776994,"level":"debug","message":"Rendering engine handlebars","meta":{"rootId":"zxh21yhftxqbw2z","id":"zxh21yhftxqbw2z"},"id":"aj1t3sd76igppjc","previousOperationId":"4e5ku38p80ddisw"}
{"type":"operationEnd","operationId":"4e5ku38p80ddisw","timestamp":1662481777014,"id":"pfomptds740za6j","previousEventId":"9w7rnj6py5u47cl","previousOperationId":"4e5ku38p80ddisw"}
{"type":"operationStart","subtype":"recipe","name":"chrome-pdf","timestamp":1662481777014,"id":"j2z1hka3sy2ocz5","previousEventId":"pfomptds740za6j","operationId":"ob3h17ez47zhn8r","previousOperationId":"4e5ku38p80ddisw"}
{"type":"log","timestamp":1662481777014,"level":"debug","message":"Executing recipe chrome-pdf","meta":{"rootId":"zxh21yhftxqbw2z","id":"zxh21yhftxqbw2z"},"id":"6xpv65d6i0lwyy7","previousOperationId":"ob3h17ez47zhn8r"}
{"type":"log","timestamp":1662481777019,"level":"debug","message":"Converting with chrome HeadlessChrome/98.0.4758.0 using chrome-pool strategy","meta":{"rootId":"zxh21yhftxqbw2z","id":"zxh21yhftxqbw2z"},"id":"hjp77tdqpuw3lr1","previousOperationId":"ob3h17ez47zhn8r"}
{"type":"log","timestamp":1662481777117,"level":"debug","message":"Page request: GET (document) file:///C:/Users/aasem/AppData/Local/Temp/jsreport/autocleanup/aa28920b-fb6e-4181-87c5-c848be6c44ab-chrome-pdf.html","meta":{"rootId":"zxh21yhftxqbw2z","id":"zxh21yhftxqbw2z"},"id":"un5kvtjyiegkthc","previousOperationId":"ob3h17ez47zhn8r"}
{"type":"log","timestamp":1662481777139,"level":"debug","message":"Page request finished: GET (document) file:///C:/Users/aasem/AppData/Local/Temp/jsreport/autocleanup/aa28920b-fb6e-4181-87c5-c848be6c44ab-chrome-pdf.html","meta":{"rootId":"zxh21yhftxqbw2z","id":"zxh21yhftxqbw2z"},"id":"ewmznlsd4vc2gyy","previousOperationId":"ob3h17ez47zhn8r"}
{"type":"log","timestamp":1662481777159,"level":"debug","message":"Running chrome with params {\"printBackground\":true,\"timeout\":59959,\"margin\":{}}","meta":{"rootId":"zxh21yhftxqbw2z","id":"zxh21yhftxqbw2z"},"id":"qemlkkdlhkpvg8r","previousOperationId":"ob3h17ez47zhn8r"}
{"type":"operationEnd","operationId":"ob3h17ez47zhn8r","timestamp":1662481777228,"id":"wue8xm52sxbace5","previousEventId":"j2z1hka3sy2ocz5","previousOperationId":"ob3h17ez47zhn8r"}
{"type":"log","timestamp":1662481777228,"level":"debug","message":"Skipping storing report.","meta":{"rootId":"zxh21yhftxqbw2z","id":"zxh21yhftxqbw2z"},"id":"kukmu2457lpdfhi","previousOperationId":"ob3h17ez47zhn8r"}
{"type":"log","timestamp":1662481777228,"level":"info","message":"Rendering request 14 finished in 251 ms","meta":{"rootId":"zxh21yhftxqbw2z","id":"zxh21yhftxqbw2z"},"id":"rtuyoz9d8nl0y2q","previousOperationId":"ob3h17ez47zhn8r"}
{"type":"operationEnd","subtype":"render","operationId":"f3cxdbvfxn4neiq","timestamp":1662481777228,"id":"6nj48x6e7w3qnpv","previousEventId":"wue8xm52sxbace5","previousOperationId":"ob3h17ez47zhn8r"}
{"type":"operationEnd","doDiffs":false,"previousEventId":"wzt4x32we9b4owq","previousOperationId":"94luxd8tat9sto4","operationId":"94luxd8tat9sto4","timestamp":1662481777234,"id":"90n0nii4gnnyl3u"}
