{"type":"operationStart","subtype":"profile","data":{"_id":"v9dqfHICb0VmOOcu","timestamp":"2022-09-05T14:07:34.216Z","state":"queued","mode":"standard","creationDate":"2022-09-05T14:07:34.218Z","modificationDate":"2022-09-05T14:07:34.218Z","shortid":"SVhFYUs","$entitySet":"profiles"},"doDiffs":false,"timestamp":1662386854218,"id":"gqwsprknindjy4x","previousOperationId":null,"operationId":"vnj3ukm6151w6bf"}
{"type":"log","level":"info","message":"Render request 4 queued for execution and waiting for available worker","previousOperationId":"vnj3ukm6151w6bf","timestamp":1662386854218,"id":"ea60yrday3fpsim"}
{"type":"operationStart","subtype":"render","name":"anonymous","previousOperationId":"vnj3ukm6151w6bf","timestamp":1662386854224,"id":"3dyjid9a5r1tc2t","previousEventId":"gqwsprknindjy4x","operationId":"hs7a3i873f32u93"}
{"type":"log","timestamp":1662386854225,"level":"info","message":"Starting rendering request 4 (user: null)","meta":{"rootId":"2k99me9qemffn7j","id":"2k99me9qemffn7j"},"id":"60a8xlz0yapprtb","previousOperationId":"hs7a3i873f32u93"}
{"type":"log","timestamp":1662386854225,"level":"info","message":"Rendering anonymous template { recipe: chrome-pdf, engine: handlebars }","meta":{"rootId":"2k99me9qemffn7j","id":"2k99me9qemffn7j"},"id":"bzif8uey24nvtx3","previousOperationId":"hs7a3i873f32u93"}
{"type":"log","timestamp":1662386854225,"level":"debug","message":"Data item not defined for this template.","meta":{"rootId":"2k99me9qemffn7j","id":"2k99me9qemffn7j"},"id":"w5k39h6g7hqzi8d","previousOperationId":"hs7a3i873f32u93"}
{"type":"log","timestamp":1662386854226,"level":"debug","message":"Base url not specified, skipping its injection.","meta":{"rootId":"2k99me9qemffn7j","id":"2k99me9qemffn7j"},"id":"osunozygxbpp7bf","previousOperationId":"hs7a3i873f32u93"}
{"type":"operationStart","subtype":"engine","name":"handlebars","timestamp":1662386854228,"id":"ivyvv1282fknh98","previousEventId":"3dyjid9a5r1tc2t","operationId":"ufuu8rbmjgo4cfr","previousOperationId":"hs7a3i873f32u93"}
{"type":"log","timestamp":1662386854228,"level":"debug","message":"Rendering engine handlebars","meta":{"rootId":"2k99me9qemffn7j","id":"2k99me9qemffn7j"},"id":"q6haek3m8teg6m0","previousOperationId":"ufuu8rbmjgo4cfr"}
{"type":"operationEnd","operationId":"ufuu8rbmjgo4cfr","timestamp":1662386854247,"id":"z1q6wy0yn5jqv2l","previousEventId":"ivyvv1282fknh98","previousOperationId":"ufuu8rbmjgo4cfr"}
{"type":"operationStart","subtype":"recipe","name":"chrome-pdf","timestamp":1662386854247,"id":"7wncnqycnvw4ulw","previousEventId":"z1q6wy0yn5jqv2l","operationId":"whzhhkv0bypn09k","previousOperationId":"ufuu8rbmjgo4cfr"}
{"type":"log","timestamp":1662386854247,"level":"debug","message":"Executing recipe chrome-pdf","meta":{"rootId":"2k99me9qemffn7j","id":"2k99me9qemffn7j"},"id":"guiytbujhkz938a","previousOperationId":"whzhhkv0bypn09k"}
{"type":"log","timestamp":1662386854250,"level":"debug","message":"Converting with chrome HeadlessChrome/98.0.4758.0 using chrome-pool strategy","meta":{"rootId":"2k99me9qemffn7j","id":"2k99me9qemffn7j"},"id":"kjbsgr09rmlkzib","previousOperationId":"whzhhkv0bypn09k"}
{"type":"log","timestamp":1662386854367,"level":"debug","message":"Page request: GET (document) file:///C:/Users/aasem/AppData/Local/Temp/jsreport/autocleanup/51c6c10a-c2f3-44a6-a332-d3a67afcf545-chrome-pdf.html","meta":{"rootId":"2k99me9qemffn7j","id":"2k99me9qemffn7j"},"id":"xdu7e3xw328wg97","previousOperationId":"whzhhkv0bypn09k"}
{"type":"log","timestamp":1662386854375,"level":"debug","message":"Page request finished: GET (document) file:///C:/Users/aasem/AppData/Local/Temp/jsreport/autocleanup/51c6c10a-c2f3-44a6-a332-d3a67afcf545-chrome-pdf.html","meta":{"rootId":"2k99me9qemffn7j","id":"2k99me9qemffn7j"},"id":"9kfmapu4e4e25hq","previousOperationId":"whzhhkv0bypn09k"}
{"type":"log","timestamp":1662386854434,"level":"debug","message":"Running chrome with params {\"timeout\":59967,\"margin\":{},\"printBackground\":true}","meta":{"rootId":"2k99me9qemffn7j","id":"2k99me9qemffn7j"},"id":"chpawmja88mt794","previousOperationId":"whzhhkv0bypn09k"}
{"type":"operationEnd","operationId":"whzhhkv0bypn09k","timestamp":1662386854514,"id":"k984pgu5usxen68","previousEventId":"7wncnqycnvw4ulw","previousOperationId":"whzhhkv0bypn09k"}
{"type":"log","timestamp":1662386854514,"level":"debug","message":"Skipping storing report.","meta":{"rootId":"2k99me9qemffn7j","id":"2k99me9qemffn7j"},"id":"i7vfv3czi0bevz8","previousOperationId":"whzhhkv0bypn09k"}
{"type":"log","timestamp":1662386854514,"level":"info","message":"Rendering request 4 finished in 298 ms","meta":{"rootId":"2k99me9qemffn7j","id":"2k99me9qemffn7j"},"id":"ep9eng4xgg7p2v3","previousOperationId":"whzhhkv0bypn09k"}
{"type":"operationEnd","subtype":"render","operationId":"hs7a3i873f32u93","timestamp":1662386854515,"id":"m8dxqsx0eypbjbc","previousEventId":"k984pgu5usxen68","previousOperationId":"whzhhkv0bypn09k"}
{"type":"operationEnd","doDiffs":false,"previousEventId":"gqwsprknindjy4x","previousOperationId":"vnj3ukm6151w6bf","operationId":"vnj3ukm6151w6bf","timestamp":1662386854519,"id":"pek4gw72fqc9up8"}
