{"type":"operationStart","subtype":"profile","data":{"_id":"GNmUZAsIgL4INZWl","timestamp":"2022-09-06T16:19:09.147Z","state":"queued","mode":"standard","creationDate":"2022-09-06T16:19:09.154Z","modificationDate":"2022-09-06T16:19:09.154Z","shortid":"lYyc0_s","$entitySet":"profiles"},"doDiffs":false,"timestamp":1662481149149,"id":"hau56423q4xb8sf","previousOperationId":null,"operationId":"zkq0oqbf0rz771x"}
{"type":"log","level":"info","message":"Render request 1 queued for execution and waiting for available worker","previousOperationId":"zkq0oqbf0rz771x","timestamp":1662481149151,"id":"bxc9ecchatsy572"}
{"type":"operationStart","subtype":"render","name":"anonymous","previousOperationId":"zkq0oqbf0rz771x","timestamp":1662481149190,"id":"z9e4djbf33vy402","previousEventId":"hau56423q4xb8sf","operationId":"bfh48de07hljaur"}
{"type":"log","timestamp":1662481149191,"level":"info","message":"Starting rendering request 1 (user: null)","meta":{"rootId":"3e0uxxg4fanb4vv","id":"3e0uxxg4fanb4vv"},"id":"dr4on1f7h3pxk2d","previousOperationId":"bfh48de07hljaur"}
{"type":"log","timestamp":1662481149208,"level":"info","message":"Rendering template { name: salarySlipTemplate, recipe: chrome-pdf, engine: handlebars, preview: true }","meta":{"rootId":"3e0uxxg4fanb4vv","id":"3e0uxxg4fanb4vv"},"id":"kgb7nyineg2m2qh","previousOperationId":"bfh48de07hljaur"}
{"type":"log","timestamp":1662481149211,"level":"debug","message":"Data item not defined for this template.","meta":{"rootId":"3e0uxxg4fanb4vv","id":"3e0uxxg4fanb4vv"},"id":"lknqspupey73pyt","previousOperationId":"bfh48de07hljaur"}
{"type":"log","timestamp":1662481149213,"level":"debug","message":"Base url not specified, skipping its injection.","meta":{"rootId":"3e0uxxg4fanb4vv","id":"3e0uxxg4fanb4vv"},"id":"karufm0gamjkokc","previousOperationId":"bfh48de07hljaur"}
{"type":"operationStart","subtype":"engine","name":"handlebars","timestamp":1662481149214,"id":"q83uwt3nu15o6au","previousEventId":"z9e4djbf33vy402","operationId":"p5ezx1q5zkm8l55","previousOperationId":"bfh48de07hljaur"}
{"type":"log","timestamp":1662481149214,"level":"debug","message":"Rendering engine handlebars","meta":{"rootId":"3e0uxxg4fanb4vv","id":"3e0uxxg4fanb4vv"},"id":"5el01qdlmytavyk","previousOperationId":"p5ezx1q5zkm8l55"}
{"type":"operationEnd","operationId":"p5ezx1q5zkm8l55","timestamp":1662481154056,"id":"exxw09io9og5h8e","previousEventId":"q83uwt3nu15o6au","previousOperationId":"p5ezx1q5zkm8l55"}
{"type":"operationStart","subtype":"recipe","name":"chrome-pdf","timestamp":1662481154058,"id":"9jlv8tvcv47zx6m","previousEventId":"exxw09io9og5h8e","operationId":"20rkio5b467vx9a","previousOperationId":"p5ezx1q5zkm8l55"}
{"type":"log","timestamp":1662481154058,"level":"debug","message":"Executing recipe chrome-pdf","meta":{"rootId":"3e0uxxg4fanb4vv","id":"3e0uxxg4fanb4vv"},"id":"dhz281srodc2v39","previousOperationId":"20rkio5b467vx9a"}
{"type":"log","timestamp":1662481160784,"level":"debug","message":"Converting with chrome HeadlessChrome/98.0.4758.0 using chrome-pool strategy","meta":{"rootId":"3e0uxxg4fanb4vv","id":"3e0uxxg4fanb4vv"},"id":"6dhurteusloubho","previousOperationId":"20rkio5b467vx9a"}
{"type":"log","timestamp":1662481164087,"level":"debug","message":"Page request: GET (document) file:///C:/Users/aasem/AppData/Local/Temp/jsreport/autocleanup/8241c401-ce74-46d7-8283-09e3fc8ea710-chrome-pdf.html","meta":{"rootId":"3e0uxxg4fanb4vv","id":"3e0uxxg4fanb4vv"},"id":"6mkwvurlfyro0tf","previousOperationId":"20rkio5b467vx9a"}
{"type":"log","timestamp":1662481164108,"level":"debug","message":"Page request finished: GET (document) file:///C:/Users/aasem/AppData/Local/Temp/jsreport/autocleanup/8241c401-ce74-46d7-8283-09e3fc8ea710-chrome-pdf.html","meta":{"rootId":"3e0uxxg4fanb4vv","id":"3e0uxxg4fanb4vv"},"id":"nyfmhtopoqol07u","previousOperationId":"20rkio5b467vx9a"}
{"type":"log","timestamp":1662481164292,"level":"debug","message":"Running chrome with params {\"printBackground\":true,\"timeout\":52648,\"margin\":{}}","meta":{"rootId":"3e0uxxg4fanb4vv","id":"3e0uxxg4fanb4vv"},"id":"y993jw6thmuusic","previousOperationId":"20rkio5b467vx9a"}
{"type":"operationEnd","operationId":"20rkio5b467vx9a","timestamp":1662481164333,"id":"v8cz9xtg47himn1","previousEventId":"9jlv8tvcv47zx6m","previousOperationId":"20rkio5b467vx9a"}
{"type":"log","timestamp":1662481164334,"level":"debug","message":"Skipping storing report.","meta":{"rootId":"3e0uxxg4fanb4vv","id":"3e0uxxg4fanb4vv"},"id":"t2rcy47wxqipx7d","previousOperationId":"20rkio5b467vx9a"}
{"type":"log","timestamp":1662481164363,"level":"info","message":"Rendering request 1 finished in 15216 ms","meta":{"rootId":"3e0uxxg4fanb4vv","id":"3e0uxxg4fanb4vv"},"id":"pm29aqguc0fkhsi","previousOperationId":"20rkio5b467vx9a"}
{"type":"operationEnd","subtype":"render","operationId":"bfh48de07hljaur","timestamp":1662481164363,"id":"5r7xxcclw5qqe7u","previousEventId":"v8cz9xtg47himn1","previousOperationId":"20rkio5b467vx9a"}
{"type":"operationEnd","doDiffs":false,"previousEventId":"hau56423q4xb8sf","previousOperationId":"zkq0oqbf0rz771x","operationId":"zkq0oqbf0rz771x","timestamp":1662481164370,"id":"p4r4hysak8y5r43"}
