{"type":"operationStart","subtype":"profile","data":{"_id":"Wunlev4Ic6aDC8us","timestamp":"2022-09-06T16:19:39.992Z","state":"queued","mode":"standard","creationDate":"2022-09-06T16:19:39.995Z","modificationDate":"2022-09-06T16:19:39.995Z","shortid":"ej84bEa","$entitySet":"profiles"},"doDiffs":false,"timestamp":1662481179994,"id":"j8vdwms317g08d2","previousOperationId":null,"operationId":"7kg6t5rhnk1l38i"}
{"type":"log","level":"info","message":"Render request 2 queued for execution and waiting for available worker","previousOperationId":"7kg6t5rhnk1l38i","timestamp":1662481179994,"id":"zzpg690a9zm40rs"}
{"type":"operationStart","subtype":"render","name":"anonymous","previousOperationId":"7kg6t5rhnk1l38i","timestamp":1662481180009,"id":"yufaxwac51pj8st","previousEventId":"j8vdwms317g08d2","operationId":"6om8vbrhtocz1yv"}
{"type":"log","timestamp":1662481180009,"level":"info","message":"Starting rendering request 2 (user: null)","meta":{"rootId":"dei5u4riylpig39","id":"dei5u4riylpig39"},"id":"5g25c0xhsx7spub","previousOperationId":"6om8vbrhtocz1yv"}
{"type":"log","timestamp":1662481180010,"level":"info","message":"Rendering template { name: salarySlipTemplate, recipe: chrome-pdf, engine: handlebars, preview: true }","meta":{"rootId":"dei5u4riylpig39","id":"dei5u4riylpig39"},"id":"cat09iploqs1mvm","previousOperationId":"6om8vbrhtocz1yv"}
{"type":"log","timestamp":1662481180010,"level":"debug","message":"Data item not defined for this template.","meta":{"rootId":"dei5u4riylpig39","id":"dei5u4riylpig39"},"id":"0b0845fjsk3c9ef","previousOperationId":"6om8vbrhtocz1yv"}
{"type":"log","timestamp":1662481180012,"level":"debug","message":"Base url not specified, skipping its injection.","meta":{"rootId":"dei5u4riylpig39","id":"dei5u4riylpig39"},"id":"wxwdlga1k1zj9am","previousOperationId":"6om8vbrhtocz1yv"}
{"type":"operationStart","subtype":"engine","name":"handlebars","timestamp":1662481180012,"id":"ftv6cn8vap1hmqx","previousEventId":"yufaxwac51pj8st","operationId":"vnt8a0r01gct0ac","previousOperationId":"6om8vbrhtocz1yv"}
{"type":"log","timestamp":1662481180012,"level":"debug","message":"Rendering engine handlebars","meta":{"rootId":"dei5u4riylpig39","id":"dei5u4riylpig39"},"id":"x3uj6kymfvasop7","previousOperationId":"vnt8a0r01gct0ac"}
{"type":"operationEnd","operationId":"vnt8a0r01gct0ac","timestamp":1662481180039,"id":"07x632and6kibnu","previousEventId":"ftv6cn8vap1hmqx","previousOperationId":"vnt8a0r01gct0ac"}
{"type":"operationStart","subtype":"recipe","name":"chrome-pdf","timestamp":1662481180040,"id":"l2wf4moceo2mhxa","previousEventId":"07x632and6kibnu","operationId":"tj7afm8i2gje99s","previousOperationId":"vnt8a0r01gct0ac"}
{"type":"log","timestamp":1662481180040,"level":"debug","message":"Executing recipe chrome-pdf","meta":{"rootId":"dei5u4riylpig39","id":"dei5u4riylpig39"},"id":"e5boync1iio843l","previousOperationId":"tj7afm8i2gje99s"}
{"type":"log","timestamp":1662481180044,"level":"debug","message":"Converting with chrome HeadlessChrome/98.0.4758.0 using chrome-pool strategy","meta":{"rootId":"dei5u4riylpig39","id":"dei5u4riylpig39"},"id":"lgm4arucsdnd7gs","previousOperationId":"tj7afm8i2gje99s"}
{"type":"log","timestamp":1662481180312,"level":"debug","message":"Page request: GET (document) file:///C:/Users/aasem/AppData/Local/Temp/jsreport/autocleanup/91d46b1d-8d5f-45ca-a004-857ef38f02ca-chrome-pdf.html","meta":{"rootId":"dei5u4riylpig39","id":"dei5u4riylpig39"},"id":"pgycpfk6k66ikn9","previousOperationId":"tj7afm8i2gje99s"}
{"type":"log","timestamp":1662481180322,"level":"debug","message":"Page request finished: GET (document) file:///C:/Users/aasem/AppData/Local/Temp/jsreport/autocleanup/91d46b1d-8d5f-45ca-a004-857ef38f02ca-chrome-pdf.html","meta":{"rootId":"dei5u4riylpig39","id":"dei5u4riylpig39"},"id":"zin806ulhtefzmx","previousOperationId":"tj7afm8i2gje99s"}
{"type":"log","timestamp":1662481180376,"level":"debug","message":"Running chrome with params {\"printBackground\":true,\"timeout\":59950,\"margin\":{}}","meta":{"rootId":"dei5u4riylpig39","id":"dei5u4riylpig39"},"id":"g33xedzcgqixcol","previousOperationId":"tj7afm8i2gje99s"}
{"type":"operationEnd","operationId":"tj7afm8i2gje99s","timestamp":1662481180393,"id":"chrivh7r917ksty","previousEventId":"l2wf4moceo2mhxa","previousOperationId":"tj7afm8i2gje99s"}
{"type":"log","timestamp":1662481180393,"level":"debug","message":"Skipping storing report.","meta":{"rootId":"dei5u4riylpig39","id":"dei5u4riylpig39"},"id":"i69q1rd1dhjf5xt","previousOperationId":"tj7afm8i2gje99s"}
{"type":"log","timestamp":1662481180393,"level":"info","message":"Rendering request 2 finished in 401 ms","meta":{"rootId":"dei5u4riylpig39","id":"dei5u4riylpig39"},"id":"msxgoxkhx59uowd","previousOperationId":"tj7afm8i2gje99s"}
{"type":"operationEnd","subtype":"render","operationId":"6om8vbrhtocz1yv","timestamp":1662481180393,"id":"ay6fj3pf52indw3","previousEventId":"chrivh7r917ksty","previousOperationId":"tj7afm8i2gje99s"}
{"type":"operationEnd","doDiffs":false,"previousEventId":"j8vdwms317g08d2","previousOperationId":"7kg6t5rhnk1l38i","operationId":"7kg6t5rhnk1l38i","timestamp":1662481180404,"id":"50dejnqk26m8qi5"}
