{"type":"operationStart","subtype":"profile","data":{"_id":"jttVQ5iSrwb2TWid","timestamp":"2022-09-05T14:06:05.951Z","state":"queued","mode":"standard","creationDate":"2022-09-05T14:06:05.953Z","modificationDate":"2022-09-05T14:06:05.953Z","shortid":"AaEukMI","$entitySet":"profiles"},"doDiffs":false,"timestamp":1662386765952,"id":"t5cqwcitptj8sgu","previousOperationId":null,"operationId":"hh99n3c304rbibc"}
{"type":"log","level":"info","message":"Render request 3 queued for execution and waiting for available worker","previousOperationId":"hh99n3c304rbibc","timestamp":1662386765952,"id":"bewu6aj9e1p95gt"}
{"type":"operationStart","subtype":"render","name":"anonymous","previousOperationId":"hh99n3c304rbibc","timestamp":1662386765961,"id":"flidd0o5imyrzji","previousEventId":"t5cqwcitptj8sgu","operationId":"vt86hn2bzx9od2l"}
{"type":"log","timestamp":1662386765961,"level":"info","message":"Starting rendering request 3 (user: null)","meta":{"rootId":"verp4ds2b18pr7j","id":"verp4ds2b18pr7j"},"id":"5mf4bawfwgs0qha","previousOperationId":"vt86hn2bzx9od2l"}
{"type":"log","timestamp":1662386765961,"level":"info","message":"Rendering anonymous template { recipe: chrome-pdf, engine: none }","meta":{"rootId":"verp4ds2b18pr7j","id":"verp4ds2b18pr7j"},"id":"srhan90yonjcj5g","previousOperationId":"vt86hn2bzx9od2l"}
{"type":"log","timestamp":1662386765961,"level":"debug","message":"Data item not defined for this template.","meta":{"rootId":"verp4ds2b18pr7j","id":"verp4ds2b18pr7j"},"id":"vhn31kjpuuehlag","previousOperationId":"vt86hn2bzx9od2l"}
{"type":"log","timestamp":1662386765963,"level":"debug","message":"Base url not specified, skipping its injection.","meta":{"rootId":"verp4ds2b18pr7j","id":"verp4ds2b18pr7j"},"id":"uo3kxw41f2sel7a","previousOperationId":"vt86hn2bzx9od2l"}
{"type":"operationStart","subtype":"engine","name":"none","timestamp":1662386765963,"id":"66kvvahgjb3uek9","previousEventId":"flidd0o5imyrzji","operationId":"zf33zubecdyswd6","previousOperationId":"vt86hn2bzx9od2l"}
{"type":"log","timestamp":1662386765963,"level":"debug","message":"Rendering engine none","meta":{"rootId":"verp4ds2b18pr7j","id":"verp4ds2b18pr7j"},"id":"8xzqj9rdpnko2pe","previousOperationId":"zf33zubecdyswd6"}
{"type":"operationEnd","operationId":"zf33zubecdyswd6","timestamp":1662386765981,"id":"2t6j2rldl0l1fmx","previousEventId":"66kvvahgjb3uek9","previousOperationId":"zf33zubecdyswd6"}
{"type":"operationStart","subtype":"recipe","name":"chrome-pdf","timestamp":1662386765982,"id":"3sfpldk6aoqp80l","previousEventId":"2t6j2rldl0l1fmx","operationId":"fa7ljgtdknauhhs","previousOperationId":"zf33zubecdyswd6"}
{"type":"log","timestamp":1662386765982,"level":"debug","message":"Executing recipe chrome-pdf","meta":{"rootId":"verp4ds2b18pr7j","id":"verp4ds2b18pr7j"},"id":"5flq8xhumshwmb8","previousOperationId":"fa7ljgtdknauhhs"}
{"type":"log","timestamp":1662386768907,"level":"debug","message":"Converting with chrome HeadlessChrome/98.0.4758.0 using chrome-pool strategy","meta":{"rootId":"verp4ds2b18pr7j","id":"verp4ds2b18pr7j"},"id":"4ulzqtub5c0nurv","previousOperationId":"fa7ljgtdknauhhs"}
{"type":"log","timestamp":1662386772957,"level":"debug","message":"Page request: GET (document) file:///C:/Users/aasem/AppData/Local/Temp/jsreport/autocleanup/180c02c3-1e11-42ff-93ad-43942fb05d3c-chrome-pdf.html","meta":{"rootId":"verp4ds2b18pr7j","id":"verp4ds2b18pr7j"},"id":"9obv7uz7dbmt2fr","previousOperationId":"fa7ljgtdknauhhs"}
{"type":"log","timestamp":1662386772971,"level":"debug","message":"Page request finished: GET (document) file:///C:/Users/aasem/AppData/Local/Temp/jsreport/autocleanup/180c02c3-1e11-42ff-93ad-43942fb05d3c-chrome-pdf.html","meta":{"rootId":"verp4ds2b18pr7j","id":"verp4ds2b18pr7j"},"id":"6if1q7se8dqinnd","previousOperationId":"fa7ljgtdknauhhs"}
{"type":"log","timestamp":1662386773025,"level":"debug","message":"Running chrome with params {\"timeout\":59735,\"margin\":{},\"printBackground\":true}","meta":{"rootId":"verp4ds2b18pr7j","id":"verp4ds2b18pr7j"},"id":"tf3w1cctrlh42jj","previousOperationId":"fa7ljgtdknauhhs"}
{"type":"operationEnd","operationId":"fa7ljgtdknauhhs","timestamp":1662386773070,"id":"gwdokvzu813ssz3","previousEventId":"3sfpldk6aoqp80l","previousOperationId":"fa7ljgtdknauhhs"}
{"type":"log","timestamp":1662386773070,"level":"debug","message":"Skipping storing report.","meta":{"rootId":"verp4ds2b18pr7j","id":"verp4ds2b18pr7j"},"id":"yp6khgwi33fheqa","previousOperationId":"fa7ljgtdknauhhs"}
{"type":"log","timestamp":1662386773070,"level":"info","message":"Rendering request 3 finished in 7119 ms","meta":{"rootId":"verp4ds2b18pr7j","id":"verp4ds2b18pr7j"},"id":"gn86elhvmp27d6a","previousOperationId":"fa7ljgtdknauhhs"}
{"type":"operationEnd","subtype":"render","operationId":"vt86hn2bzx9od2l","timestamp":1662386773070,"id":"6o0anx31j4phni3","previousEventId":"gwdokvzu813ssz3","previousOperationId":"fa7ljgtdknauhhs"}
{"type":"operationEnd","doDiffs":false,"previousEventId":"t5cqwcitptj8sgu","previousOperationId":"hh99n3c304rbibc","operationId":"hh99n3c304rbibc","timestamp":1662386773073,"id":"kkx9ke0beov3u57"}
